#
# There is insufficient memory for the Java Runtime Environment to continue.
# Native memory allocation (malloc) failed to allocate 114736 bytes for Chunk::new
# Possible reasons:
#   The system is out of physical RAM or swap space
#   The process is running with CompressedOops enabled, and the Java Heap may be blocking the growth of the native heap
# Possible solutions:
#   Reduce memory load on the system
#   Increase physical memory or swap space
#   Check if swap backing store is full
#   Decrease Java heap size (-Xmx/-Xms)
#   Decrease number of Java threads
#   Decrease Java thread stack sizes (-Xss)
#   Set larger code cache with -XX:ReservedCodeCacheSize=
#   JVM is running with Unscaled Compressed Oops mode in which the Java heap is
#     placed in the first 4GB address space. The Java Heap base address is the
#     maximum limit for the native heap growth. Please use -XX:HeapBaseMinAddress
#     to set the Java Heap base and to place the Java Heap above 4GB virtual address.
# This output file may be truncated or incomplete.
#
#  Out of Memory Error (./src/hotspot/share/memory/arena.cpp:197), pid=18668, tid=19364
#
# JRE version: OpenJDK Runtime Environment Microsoft-7208460 (11.0.18+10) (build 11.0.18+10-LTS)
# Java VM: OpenJDK 64-Bit Server VM Microsoft-7208460 (11.0.18+10-LTS, mixed mode, tiered, compressed oops, g1 gc, windows-amd64)
# No core dump will be written. Minidumps are not enabled by default on client versions of Windows
#

---------------  S U M M A R Y ------------

Command Line: -XX:MaxMetaspaceSize=512m --add-opens=java.base/java.util=ALL-UNNAMED --add-opens=java.base/java.lang=ALL-UNNAMED --add-opens=java.base/java.lang.invoke=ALL-UNNAMED --add-opens=java.prefs/java.util.prefs=ALL-UNNAMED --add-opens=java.base/java.nio.charset=ALL-UNNAMED --add-opens=java.base/java.net=ALL-UNNAMED --add-opens=java.base/java.util.concurrent.atomic=ALL-UNNAMED -Xmx2048m -Dfile.encoding=windows-1252 -Duser.country=US -Duser.language=en -Duser.variant org.gradle.launcher.daemon.bootstrap.GradleDaemon 8.0.1

Host: Intel(R) Core(TM) i5-6300U CPU @ 2.40GHz, 4 cores, 7G,  Windows 10 , 64 bit Build 19041 (10.0.19041.3155)
Time: Tue Sep 26 03:46:07 2023 Pacific Daylight Time elapsed time: 209.468193 seconds (0d 0h 3m 29s)

---------------  T H R E A D  ---------------

Current thread (0x00000243fe333800):  JavaThread "C2 CompilerThread0" daemon [_thread_in_native, id=19364, stack(0x00000066ddc00000,0x00000066ddd00000)]


Current CompileTask:
C2: 209468 4031       4       org.gradle.internal.serialize.InputStreamBackedDecoder::readInt (8 bytes)

Stack: [0x00000066ddc00000,0x00000066ddd00000]
Native frames: (J=compiled Java code, j=interpreted, Vv=VM code, C=native code)
V  [jvm.dll+0x62bf8a]
V  [jvm.dll+0x7b8fb9]
V  [jvm.dll+0x7ba6a8]
V  [jvm.dll+0x7bad83]
V  [jvm.dll+0x250248]
V  [jvm.dll+0xc260c]
V  [jvm.dll+0xc2bcc]
V  [jvm.dll+0x35e1c7]
V  [jvm.dll+0x19ebe9]
V  [jvm.dll+0x209495]
V  [jvm.dll+0x20850d]
V  [jvm.dll+0x18a4b1]
V  [jvm.dll+0x217eec]
V  [jvm.dll+0x21612b]
V  [jvm.dll+0x77bac0]
V  [jvm.dll+0x7749f4]
V  [jvm.dll+0x62adf5]
C  [ucrtbase.dll+0x21bb2]
C  [KERNEL32.DLL+0x17614]
C  [ntdll.dll+0x526b1]


---------------  P R O C E S S  ---------------

Threads class SMR info:
_java_thread_list=0x000002439009b140, length=36, elements={
0x00000243ee17d800, 0x00000243fd9bc800, 0x00000243fd9bd800, 0x00000243fda21000,
0x00000243fda22000, 0x00000243fe330800, 0x00000243fe333800, 0x00000243fe334800,
0x00000243fe39a000, 0x00000243fe49b800, 0x00000243ffdf3800, 0x00000243ff4b6800,
0x00000243ffd26800, 0x00000243fecc7800, 0x00000243ffc30800, 0x00000243ff60d000,
0x00000243ffd39800, 0x00000243fe6c5000, 0x00000243ff437800, 0x00000243febd7800,
0x00000243febdb000, 0x00000243febdb800, 0x00000243febdc800, 0x00000243febd9000,
0x00000243febdd800, 0x00000243febde000, 0x00000243febd8800, 0x00000243febda000,
0x00000243ff15b800, 0x00000243ff15c800, 0x00000243ff15e000, 0x00000243ff15d000,
0x00000243ff158800, 0x00000243ff15f000, 0x00000243ff15a000, 0x00000243ff15a800
}

Java Threads: ( => current thread )
  0x00000243ee17d800 JavaThread "main" [_thread_blocked, id=18992, stack(0x00000066dd000000,0x00000066dd100000)]
  0x00000243fd9bc800 JavaThread "Reference Handler" daemon [_thread_blocked, id=19328, stack(0x00000066dd700000,0x00000066dd800000)]
  0x00000243fd9bd800 JavaThread "Finalizer" daemon [_thread_blocked, id=19332, stack(0x00000066dd800000,0x00000066dd900000)]
  0x00000243fda21000 JavaThread "Signal Dispatcher" daemon [_thread_blocked, id=19352, stack(0x00000066dd900000,0x00000066dda00000)]
  0x00000243fda22000 JavaThread "Attach Listener" daemon [_thread_blocked, id=19356, stack(0x00000066dda00000,0x00000066ddb00000)]
  0x00000243fe330800 JavaThread "Service Thread" daemon [_thread_blocked, id=19360, stack(0x00000066ddb00000,0x00000066ddc00000)]
=>0x00000243fe333800 JavaThread "C2 CompilerThread0" daemon [_thread_in_native, id=19364, stack(0x00000066ddc00000,0x00000066ddd00000)]
  0x00000243fe334800 JavaThread "C1 CompilerThread0" daemon [_thread_blocked, id=19380, stack(0x00000066ddd00000,0x00000066dde00000)]
  0x00000243fe39a000 JavaThread "Sweeper thread" daemon [_thread_blocked, id=19432, stack(0x00000066dde00000,0x00000066ddf00000)]
  0x00000243fe49b800 JavaThread "Common-Cleaner" daemon [_thread_blocked, id=14956, stack(0x00000066ddf00000,0x00000066de000000)]
  0x00000243ffdf3800 JavaThread "Daemon health stats" [_thread_blocked, id=11672, stack(0x00000066dce00000,0x00000066dcf00000)]
  0x00000243ff4b6800 JavaThread "Incoming local TCP Connector on port 57240" [_thread_in_native, id=13732, stack(0x00000066de400000,0x00000066de500000)]
  0x00000243ffd26800 JavaThread "Daemon periodic checks" [_thread_blocked, id=17836, stack(0x00000066de500000,0x00000066de600000)]
  0x00000243fecc7800 JavaThread "Daemon" [_thread_blocked, id=12520, stack(0x00000066de600000,0x00000066de700000)]
  0x00000243ffc30800 JavaThread "Handler for socket connection from /127.0.0.1:57240 to /127.0.0.1:57242" [_thread_in_native, id=6584, stack(0x00000066de700000,0x00000066de800000)]
  0x00000243ff60d000 JavaThread "Cancel handler" [_thread_blocked, id=1916, stack(0x00000066de800000,0x00000066de900000)]
  0x00000243ffd39800 JavaThread "Daemon worker" [_thread_in_native, id=12524, stack(0x00000066de900000,0x00000066dea00000)]
  0x00000243fe6c5000 JavaThread "Asynchronous log dispatcher for DefaultDaemonConnection: socket connection from /127.0.0.1:57240 to /127.0.0.1:57242" [_thread_blocked, id=5044, stack(0x00000066dea00000,0x00000066deb00000)]
  0x00000243ff437800 JavaThread "Daemon client event forwarder" [_thread_blocked, id=14104, stack(0x00000066dec00000,0x00000066ded00000)]
  0x00000243febd7800 JavaThread "Cache worker for journal cache (C:\Users\MS\.gradle\caches\journal-1)" [_thread_blocked, id=8744, stack(0x00000066dee00000,0x00000066def00000)]
  0x00000243febdb000 JavaThread "File lock request listener" [_thread_in_native, id=9692, stack(0x00000066def00000,0x00000066df000000)]
  0x00000243febdb800 JavaThread "File lock release action executor" [_thread_blocked, id=4596, stack(0x00000066df000000,0x00000066df100000)]
  0x00000243febdc800 JavaThread "Cache worker for file hash cache (C:\Users\MS\.gradle\caches\8.0.1\fileHashes)" [_thread_blocked, id=19296, stack(0x00000066df100000,0x00000066df200000)]
  0x00000243febd9000 JavaThread "File watcher server" daemon [_thread_in_native, id=20216, stack(0x00000066df400000,0x00000066df500000)]
  0x00000243febdd800 JavaThread "File watcher consumer" daemon [_thread_blocked, id=2984, stack(0x00000066df500000,0x00000066df600000)]
  0x00000243febde000 JavaThread "Cache worker for checksums cache (D:\React Native\App\android\.gradle\8.0.1\checksums)" [_thread_blocked, id=10768, stack(0x00000066df600000,0x00000066df700000)]
  0x00000243febd8800 JavaThread "Cache worker for cache directory md-rule (C:\Users\MS\.gradle\caches\8.0.1\md-rule)" [_thread_blocked, id=1332, stack(0x00000066df700000,0x00000066df800000)]
  0x00000243febda000 JavaThread "Cache worker for file content cache (C:\Users\MS\.gradle\caches\8.0.1\fileContent)" [_thread_blocked, id=11112, stack(0x00000066df800000,0x00000066df900000)]
  0x00000243ff15b800 JavaThread "Cache worker for file hash cache (D:\React Native\App\android\.gradle\8.0.1\fileHashes)" [_thread_blocked, id=18612, stack(0x00000066df900000,0x00000066dfa00000)]
  0x00000243ff15c800 JavaThread "Cache worker for cache directory md-supplier (C:\Users\MS\.gradle\caches\8.0.1\md-supplier)" [_thread_blocked, id=19568, stack(0x00000066dcf00000,0x00000066dd000000)]
  0x00000243ff15e000 JavaThread "Cache worker for execution history cache (C:\Users\MS\.gradle\caches\8.0.1\executionHistory)" [_thread_blocked, id=11072, stack(0x00000066de300000,0x00000066de400000)]
  0x00000243ff15d000 JavaThread "jar transforms" [_thread_blocked, id=16068, stack(0x00000066dfa00000,0x00000066dfb00000)]
  0x00000243ff158800 JavaThread "jar transforms Thread 2" [_thread_blocked, id=16428, stack(0x00000066deb00000,0x00000066dec00000)]
  0x00000243ff15f000 JavaThread "File lock release action executor Thread 2" [_thread_blocked, id=9620, stack(0x00000066dfb00000,0x00000066dfc00000)]
  0x00000243ff15a000 JavaThread "jar transforms Thread 3" [_thread_blocked, id=20356, stack(0x00000066dfc00000,0x00000066dfd00000)]
  0x00000243ff15a800 JavaThread "jar transforms Thread 4" [_thread_blocked, id=15636, stack(0x00000066dfd00000,0x00000066dfe00000)]

Other Threads:
  0x00000243fd9bb000 VMThread "VM Thread" [stack: 0x00000066dd600000,0x00000066dd700000] [id=19284]
  0x00000243fe4c6800 WatcherThread [stack: 0x00000066de000000,0x00000066de100000] [id=18548]
  0x00000243ee196800 GCTaskThread "GC Thread#0" [stack: 0x00000066dd100000,0x00000066dd200000] [id=19204]
  0x00000243feb9f000 GCTaskThread "GC Thread#1" [stack: 0x00000066de100000,0x00000066de200000] [id=21012]
  0x00000243fe77d800 GCTaskThread "GC Thread#2" [stack: 0x00000066de200000,0x00000066de300000] [id=21016]
  0x00000243ff901800 GCTaskThread "GC Thread#3" [stack: 0x00000066ded00000,0x00000066dee00000] [id=7528]
  0x00000243ee1c8800 ConcurrentGCThread "G1 Main Marker" [stack: 0x00000066dd200000,0x00000066dd300000] [id=19208]
  0x00000243ee1ca000 ConcurrentGCThread "G1 Conc#0" [stack: 0x00000066dd300000,0x00000066dd400000] [id=19212]
  0x00000243ee256000 ConcurrentGCThread "G1 Refine#0" [stack: 0x00000066dd400000,0x00000066dd500000] [id=19216]
  0x00000243ee257000 ConcurrentGCThread "G1 Young RemSet Sampling" [stack: 0x00000066dd500000,0x00000066dd600000] [id=19220]

Threads with active compile tasks:
C2 CompilerThread0   209513 4031       4       org.gradle.internal.serialize.InputStreamBackedDecoder::readInt (8 bytes)

VM state:not at safepoint (normal execution)

VM Mutex/Monitor currently owned by a thread: None

Heap address: 0x0000000080000000, size: 2048 MB, Compressed Oops mode: 32-bit
Narrow klass base: 0x0000000000000000, Narrow klass shift: 3
Compressed class space size: 528482304 Address: 0x0000000100000000

Heap:
 garbage-first heap   total 131072K, used 46552K [0x0000000080000000, 0x0000000100000000)
  region size 1024K, 25 young (25600K), 7 survivors (7168K)
 Metaspace       used 41314K, capacity 42450K, committed 42576K, reserved 555008K
  class space    used 5171K, capacity 5590K, committed 5632K, reserved 516096K
Heap Regions: E=young(eden), S=young(survivor), O=old, HS=humongous(starts), HC=humongous(continues), CS=collection set, F=free, A=archive, TAMS=top-at-mark-start (previous, next)
|   0|0x0000000080000000, 0x0000000080100000, 0x0000000080100000|100%| O|  |TAMS 0x0000000080100000, 0x0000000080000000| Untracked 
|   1|0x0000000080100000, 0x0000000080200000, 0x0000000080200000|100%| O|  |TAMS 0x0000000080200000, 0x0000000080100000| Untracked 
|   2|0x0000000080200000, 0x0000000080300000, 0x0000000080300000|100%| O|  |TAMS 0x0000000080300000, 0x0000000080200000| Untracked 
|   3|0x0000000080300000, 0x0000000080400000, 0x0000000080400000|100%|HS|  |TAMS 0x0000000080400000, 0x0000000080300000| Complete 
|   4|0x0000000080400000, 0x0000000080500000, 0x0000000080500000|100%|HC|  |TAMS 0x0000000080500000, 0x0000000080400000| Complete 
|   5|0x0000000080500000, 0x0000000080600000, 0x0000000080600000|100%|HC|  |TAMS 0x0000000080600000, 0x0000000080500000| Complete 
|   6|0x0000000080600000, 0x0000000080700000, 0x0000000080700000|100%|HC|  |TAMS 0x0000000080700000, 0x0000000080600000| Complete 
|   7|0x0000000080700000, 0x0000000080800000, 0x0000000080800000|100%| O|  |TAMS 0x0000000080800000, 0x0000000080700000| Untracked 
|   8|0x0000000080800000, 0x0000000080900000, 0x0000000080900000|100%| O|  |TAMS 0x0000000080900000, 0x0000000080800000| Untracked 
|   9|0x0000000080900000, 0x0000000080a00000, 0x0000000080a00000|100%| O|  |TAMS 0x0000000080a00000, 0x0000000080900000| Untracked 
|  10|0x0000000080a00000, 0x0000000080b00000, 0x0000000080b00000|100%| O|  |TAMS 0x0000000080b00000, 0x0000000080a00000| Untracked 
|  11|0x0000000080b00000, 0x0000000080c00000, 0x0000000080c00000|100%| O|  |TAMS 0x0000000080c00000, 0x0000000080b00000| Untracked 
|  12|0x0000000080c00000, 0x0000000080d00000, 0x0000000080d00000|100%| O|  |TAMS 0x0000000080d00000, 0x0000000080c00000| Untracked 
|  13|0x0000000080d00000, 0x0000000080e00000, 0x0000000080e00000|100%| O|  |TAMS 0x0000000080e00000, 0x0000000080d00000| Untracked 
|  14|0x0000000080e00000, 0x0000000080f00000, 0x0000000080f00000|100%| O|  |TAMS 0x0000000080f00000, 0x0000000080e00000| Untracked 
|  15|0x0000000080f00000, 0x0000000081000000, 0x0000000081000000|100%| O|  |TAMS 0x0000000081000000, 0x0000000080f00000| Untracked 
|  16|0x0000000081000000, 0x0000000081100000, 0x0000000081100000|100%| O|  |TAMS 0x0000000081100000, 0x0000000081000000| Untracked 
|  17|0x0000000081100000, 0x0000000081200000, 0x0000000081200000|100%| O|  |TAMS 0x0000000081200000, 0x0000000081100000| Untracked 
|  18|0x0000000081200000, 0x0000000081300000, 0x0000000081300000|100%| O|  |TAMS 0x0000000081300000, 0x0000000081200000| Untracked 
|  19|0x0000000081300000, 0x0000000081400000, 0x0000000081400000|100%| O|  |TAMS 0x0000000081400000, 0x0000000081300000| Untracked 
|  20|0x0000000081400000, 0x0000000081500000, 0x0000000081500000|100%| O|  |TAMS 0x0000000081500000, 0x0000000081400000| Untracked 
|  21|0x0000000081500000, 0x0000000081500000, 0x0000000081600000|  0%| F|  |TAMS 0x0000000081500000, 0x0000000081500000| Untracked 
|  22|0x0000000081600000, 0x0000000081600000, 0x0000000081700000|  0%| F|  |TAMS 0x0000000081600000, 0x0000000081600000| Untracked 
|  23|0x0000000081700000, 0x0000000081700000, 0x0000000081800000|  0%| F|  |TAMS 0x0000000081700000, 0x0000000081700000| Untracked 
|  24|0x0000000081800000, 0x0000000081876000, 0x0000000081900000| 46%| O|  |TAMS 0x0000000081876000, 0x0000000081800000| Untracked 
|  25|0x0000000081900000, 0x0000000081900000, 0x0000000081a00000|  0%| F|  |TAMS 0x0000000081900000, 0x0000000081900000| Untracked 
|  26|0x0000000081a00000, 0x0000000081a00000, 0x0000000081b00000|  0%| F|  |TAMS 0x0000000081a00000, 0x0000000081a00000| Untracked 
|  27|0x0000000081b00000, 0x0000000081b00000, 0x0000000081c00000|  0%| F|  |TAMS 0x0000000081b00000, 0x0000000081b00000| Untracked 
|  28|0x0000000081c00000, 0x0000000081c00000, 0x0000000081d00000|  0%| F|  |TAMS 0x0000000081c00000, 0x0000000081c00000| Untracked 
|  29|0x0000000081d00000, 0x0000000081d00000, 0x0000000081e00000|  0%| F|  |TAMS 0x0000000081d00000, 0x0000000081d00000| Untracked 
|  30|0x0000000081e00000, 0x0000000081e00000, 0x0000000081f00000|  0%| F|  |TAMS 0x0000000081e00000, 0x0000000081e00000| Untracked 
|  31|0x0000000081f00000, 0x0000000081f00000, 0x0000000082000000|  0%| F|  |TAMS 0x0000000081f00000, 0x0000000081f00000| Untracked 
|  32|0x0000000082000000, 0x0000000082000000, 0x0000000082100000|  0%| F|  |TAMS 0x0000000082000000, 0x0000000082000000| Untracked 
|  33|0x0000000082100000, 0x0000000082100000, 0x0000000082200000|  0%| F|  |TAMS 0x0000000082100000, 0x0000000082100000| Untracked 
|  34|0x0000000082200000, 0x0000000082200000, 0x0000000082300000|  0%| F|  |TAMS 0x0000000082200000, 0x0000000082200000| Untracked 
|  35|0x0000000082300000, 0x0000000082300000, 0x0000000082400000|  0%| F|  |TAMS 0x0000000082300000, 0x0000000082300000| Untracked 
|  36|0x0000000082400000, 0x0000000082400000, 0x0000000082500000|  0%| F|  |TAMS 0x0000000082400000, 0x0000000082400000| Untracked 
|  37|0x0000000082500000, 0x0000000082500000, 0x0000000082600000|  0%| F|  |TAMS 0x0000000082500000, 0x0000000082500000| Untracked 
|  38|0x0000000082600000, 0x0000000082600000, 0x0000000082700000|  0%| F|  |TAMS 0x0000000082600000, 0x0000000082600000| Untracked 
|  39|0x0000000082700000, 0x0000000082700000, 0x0000000082800000|  0%| F|  |TAMS 0x0000000082700000, 0x0000000082700000| Untracked 
|  40|0x0000000082800000, 0x0000000082800000, 0x0000000082900000|  0%| F|  |TAMS 0x0000000082800000, 0x0000000082800000| Untracked 
|  41|0x0000000082900000, 0x0000000082900000, 0x0000000082a00000|  0%| F|  |TAMS 0x0000000082900000, 0x0000000082900000| Untracked 
|  42|0x0000000082a00000, 0x0000000082a00000, 0x0000000082b00000|  0%| F|  |TAMS 0x0000000082a00000, 0x0000000082a00000| Untracked 
|  43|0x0000000082b00000, 0x0000000082b00000, 0x0000000082c00000|  0%| F|  |TAMS 0x0000000082b00000, 0x0000000082b00000| Untracked 
|  44|0x0000000082c00000, 0x0000000082c00000, 0x0000000082d00000|  0%| F|  |TAMS 0x0000000082c00000, 0x0000000082c00000| Untracked 
|  45|0x0000000082d00000, 0x0000000082d00000, 0x0000000082e00000|  0%| F|  |TAMS 0x0000000082d00000, 0x0000000082d00000| Untracked 
|  46|0x0000000082e00000, 0x0000000082e00000, 0x0000000082f00000|  0%| F|  |TAMS 0x0000000082e00000, 0x0000000082e00000| Untracked 
|  47|0x0000000082f00000, 0x0000000082f00000, 0x0000000083000000|  0%| F|  |TAMS 0x0000000082f00000, 0x0000000082f00000| Untracked 
|  48|0x0000000083000000, 0x0000000083000000, 0x0000000083100000|  0%| F|  |TAMS 0x0000000083000000, 0x0000000083000000| Untracked 
|  49|0x0000000083100000, 0x0000000083100000, 0x0000000083200000|  0%| F|  |TAMS 0x0000000083100000, 0x0000000083100000| Untracked 
|  50|0x0000000083200000, 0x0000000083200000, 0x0000000083300000|  0%| F|  |TAMS 0x0000000083200000, 0x0000000083200000| Untracked 
|  51|0x0000000083300000, 0x0000000083300000, 0x0000000083400000|  0%| F|  |TAMS 0x0000000083300000, 0x0000000083300000| Untracked 
|  52|0x0000000083400000, 0x0000000083400000, 0x0000000083500000|  0%| F|  |TAMS 0x0000000083400000, 0x0000000083400000| Untracked 
|  53|0x0000000083500000, 0x0000000083500000, 0x0000000083600000|  0%| F|  |TAMS 0x0000000083500000, 0x0000000083500000| Untracked 
|  54|0x0000000083600000, 0x0000000083600000, 0x0000000083700000|  0%| F|  |TAMS 0x0000000083600000, 0x0000000083600000| Untracked 
|  55|0x0000000083700000, 0x0000000083700000, 0x0000000083800000|  0%| F|  |TAMS 0x0000000083700000, 0x0000000083700000| Untracked 
|  56|0x0000000083800000, 0x0000000083800000, 0x0000000083900000|  0%| F|  |TAMS 0x0000000083800000, 0x0000000083800000| Untracked 
|  57|0x0000000083900000, 0x0000000083900000, 0x0000000083a00000|  0%| F|  |TAMS 0x0000000083900000, 0x0000000083900000| Untracked 
|  58|0x0000000083a00000, 0x0000000083a00000, 0x0000000083b00000|  0%| F|  |TAMS 0x0000000083a00000, 0x0000000083a00000| Untracked 
|  59|0x0000000083b00000, 0x0000000083b00000, 0x0000000083c00000|  0%| F|  |TAMS 0x0000000083b00000, 0x0000000083b00000| Untracked 
|  60|0x0000000083c00000, 0x0000000083c00000, 0x0000000083d00000|  0%| F|  |TAMS 0x0000000083c00000, 0x0000000083c00000| Untracked 
|  61|0x0000000083d00000, 0x0000000083d00000, 0x0000000083e00000|  0%| F|  |TAMS 0x0000000083d00000, 0x0000000083d00000| Untracked 
|  62|0x0000000083e00000, 0x0000000083e00000, 0x0000000083f00000|  0%| F|  |TAMS 0x0000000083e00000, 0x0000000083e00000| Untracked 
|  63|0x0000000083f00000, 0x0000000083f00000, 0x0000000084000000|  0%| F|  |TAMS 0x0000000083f00000, 0x0000000083f00000| Untracked 
|  64|0x0000000084000000, 0x0000000084000000, 0x0000000084100000|  0%| F|  |TAMS 0x0000000084000000, 0x0000000084000000| Untracked 
|  65|0x0000000084100000, 0x0000000084100000, 0x0000000084200000|  0%| F|  |TAMS 0x0000000084100000, 0x0000000084100000| Untracked 
|  66|0x0000000084200000, 0x0000000084300000, 0x0000000084300000|100%| S|CS|TAMS 0x0000000084200000, 0x0000000084200000| Complete 
|  67|0x0000000084300000, 0x0000000084400000, 0x0000000084400000|100%| S|CS|TAMS 0x0000000084300000, 0x0000000084300000| Complete 
|  68|0x0000000084400000, 0x0000000084500000, 0x0000000084500000|100%| S|CS|TAMS 0x0000000084400000, 0x0000000084400000| Complete 
|  69|0x0000000084500000, 0x0000000084600000, 0x0000000084600000|100%| S|CS|TAMS 0x0000000084500000, 0x0000000084500000| Complete 
|  70|0x0000000084600000, 0x0000000084700000, 0x0000000084700000|100%| S|CS|TAMS 0x0000000084600000, 0x0000000084600000| Complete 
|  71|0x0000000084700000, 0x0000000084800000, 0x0000000084800000|100%| S|CS|TAMS 0x0000000084700000, 0x0000000084700000| Complete 
|  72|0x0000000084800000, 0x0000000084900000, 0x0000000084900000|100%| S|CS|TAMS 0x0000000084800000, 0x0000000084800000| Complete 
|  73|0x0000000084900000, 0x0000000084900000, 0x0000000084a00000|  0%| F|  |TAMS 0x0000000084900000, 0x0000000084900000| Untracked 
|  74|0x0000000084a00000, 0x0000000084a00000, 0x0000000084b00000|  0%| F|  |TAMS 0x0000000084a00000, 0x0000000084a00000| Untracked 
|  75|0x0000000084b00000, 0x0000000084b00000, 0x0000000084c00000|  0%| F|  |TAMS 0x0000000084b00000, 0x0000000084b00000| Untracked 
|  76|0x0000000084c00000, 0x0000000084c00000, 0x0000000084d00000|  0%| F|  |TAMS 0x0000000084c00000, 0x0000000084c00000| Untracked 
|  77|0x0000000084d00000, 0x0000000084d00000, 0x0000000084e00000|  0%| F|  |TAMS 0x0000000084d00000, 0x0000000084d00000| Untracked 
|  78|0x0000000084e00000, 0x0000000084e00000, 0x0000000084f00000|  0%| F|  |TAMS 0x0000000084e00000, 0x0000000084e00000| Untracked 
|  79|0x0000000084f00000, 0x0000000084f00000, 0x0000000085000000|  0%| F|  |TAMS 0x0000000084f00000, 0x0000000084f00000| Untracked 
|  80|0x0000000085000000, 0x0000000085000000, 0x0000000085100000|  0%| F|  |TAMS 0x0000000085000000, 0x0000000085000000| Untracked 
|  81|0x0000000085100000, 0x0000000085100000, 0x0000000085200000|  0%| F|  |TAMS 0x0000000085100000, 0x0000000085100000| Untracked 
|  82|0x0000000085200000, 0x0000000085200000, 0x0000000085300000|  0%| F|  |TAMS 0x0000000085200000, 0x0000000085200000| Untracked 
|  83|0x0000000085300000, 0x0000000085300000, 0x0000000085400000|  0%| F|  |TAMS 0x0000000085300000, 0x0000000085300000| Untracked 
|  84|0x0000000085400000, 0x0000000085400000, 0x0000000085500000|  0%| F|  |TAMS 0x0000000085400000, 0x0000000085400000| Untracked 
|  85|0x0000000085500000, 0x0000000085500000, 0x0000000085600000|  0%| F|  |TAMS 0x0000000085500000, 0x0000000085500000| Untracked 
|  86|0x0000000085600000, 0x0000000085600000, 0x0000000085700000|  0%| F|  |TAMS 0x0000000085600000, 0x0000000085600000| Untracked 
|  87|0x0000000085700000, 0x0000000085700000, 0x0000000085800000|  0%| F|  |TAMS 0x0000000085700000, 0x0000000085700000| Untracked 
|  88|0x0000000085800000, 0x0000000085800000, 0x0000000085900000|  0%| F|  |TAMS 0x0000000085800000, 0x0000000085800000| Untracked 
|  89|0x0000000085900000, 0x0000000085900000, 0x0000000085a00000|  0%| F|  |TAMS 0x0000000085900000, 0x0000000085900000| Untracked 
|  90|0x0000000085a00000, 0x0000000085a00000, 0x0000000085b00000|  0%| F|  |TAMS 0x0000000085a00000, 0x0000000085a00000| Untracked 
|  91|0x0000000085b00000, 0x0000000085b00000, 0x0000000085c00000|  0%| F|  |TAMS 0x0000000085b00000, 0x0000000085b00000| Untracked 
|  92|0x0000000085c00000, 0x0000000085c00000, 0x0000000085d00000|  0%| F|  |TAMS 0x0000000085c00000, 0x0000000085c00000| Untracked 
|  93|0x0000000085d00000, 0x0000000085d00000, 0x0000000085e00000|  0%| F|  |TAMS 0x0000000085d00000, 0x0000000085d00000| Untracked 
|  94|0x0000000085e00000, 0x0000000085e00000, 0x0000000085f00000|  0%| F|  |TAMS 0x0000000085e00000, 0x0000000085e00000| Untracked 
|  95|0x0000000085f00000, 0x0000000085f00000, 0x0000000086000000|  0%| F|  |TAMS 0x0000000085f00000, 0x0000000085f00000| Untracked 
|  96|0x0000000086000000, 0x0000000086000000, 0x0000000086100000|  0%| F|  |TAMS 0x0000000086000000, 0x0000000086000000| Untracked 
|  97|0x0000000086100000, 0x0000000086100000, 0x0000000086200000|  0%| F|  |TAMS 0x0000000086100000, 0x0000000086100000| Untracked 
|  98|0x0000000086200000, 0x0000000086200000, 0x0000000086300000|  0%| F|  |TAMS 0x0000000086200000, 0x0000000086200000| Untracked 
|  99|0x0000000086300000, 0x0000000086300000, 0x0000000086400000|  0%| F|  |TAMS 0x0000000086300000, 0x0000000086300000| Untracked 
| 100|0x0000000086400000, 0x0000000086400000, 0x0000000086500000|  0%| F|  |TAMS 0x0000000086400000, 0x0000000086400000| Untracked 
| 101|0x0000000086500000, 0x0000000086500000, 0x0000000086600000|  0%| F|  |TAMS 0x0000000086500000, 0x0000000086500000| Untracked 
| 102|0x0000000086600000, 0x0000000086600000, 0x0000000086700000|  0%| F|  |TAMS 0x0000000086600000, 0x0000000086600000| Untracked 
| 103|0x0000000086700000, 0x0000000086700000, 0x0000000086800000|  0%| F|  |TAMS 0x0000000086700000, 0x0000000086700000| Untracked 
| 104|0x0000000086800000, 0x0000000086800000, 0x0000000086900000|  0%| F|  |TAMS 0x0000000086800000, 0x0000000086800000| Untracked 
| 105|0x0000000086900000, 0x0000000086900000, 0x0000000086a00000|  0%| F|  |TAMS 0x0000000086900000, 0x0000000086900000| Untracked 
| 106|0x0000000086a00000, 0x0000000086a00000, 0x0000000086b00000|  0%| F|  |TAMS 0x0000000086a00000, 0x0000000086a00000| Untracked 
| 107|0x0000000086b00000, 0x0000000086b00000, 0x0000000086c00000|  0%| F|  |TAMS 0x0000000086b00000, 0x0000000086b00000| Untracked 
| 108|0x0000000086c00000, 0x0000000086c00000, 0x0000000086d00000|  0%| F|  |TAMS 0x0000000086c00000, 0x0000000086c00000| Untracked 
| 109|0x0000000086d00000, 0x0000000086d00000, 0x0000000086e00000|  0%| F|  |TAMS 0x0000000086d00000, 0x0000000086d00000| Untracked 
| 110|0x0000000086e00000, 0x0000000086ece860, 0x0000000086f00000| 80%| E|  |TAMS 0x0000000086e00000, 0x0000000086e00000| Complete 
| 111|0x0000000086f00000, 0x0000000087000000, 0x0000000087000000|100%| E|CS|TAMS 0x0000000086f00000, 0x0000000086f00000| Complete 
| 112|0x0000000087000000, 0x0000000087100000, 0x0000000087100000|100%| E|CS|TAMS 0x0000000087000000, 0x0000000087000000| Complete 
| 113|0x0000000087100000, 0x0000000087200000, 0x0000000087200000|100%| E|CS|TAMS 0x0000000087100000, 0x0000000087100000| Complete 
| 114|0x0000000087200000, 0x0000000087300000, 0x0000000087300000|100%| E|CS|TAMS 0x0000000087200000, 0x0000000087200000| Complete 
| 115|0x0000000087300000, 0x0000000087400000, 0x0000000087400000|100%| E|CS|TAMS 0x0000000087300000, 0x0000000087300000| Complete 
| 116|0x0000000087400000, 0x0000000087500000, 0x0000000087500000|100%| E|CS|TAMS 0x0000000087400000, 0x0000000087400000| Complete 
| 117|0x0000000087500000, 0x0000000087600000, 0x0000000087600000|100%| E|CS|TAMS 0x0000000087500000, 0x0000000087500000| Complete 
| 118|0x0000000087600000, 0x0000000087700000, 0x0000000087700000|100%| E|CS|TAMS 0x0000000087600000, 0x0000000087600000| Complete 
| 119|0x0000000087700000, 0x0000000087800000, 0x0000000087800000|100%| E|CS|TAMS 0x0000000087700000, 0x0000000087700000| Complete 
| 120|0x0000000087800000, 0x0000000087900000, 0x0000000087900000|100%| E|CS|TAMS 0x0000000087800000, 0x0000000087800000| Complete 
| 121|0x0000000087900000, 0x0000000087a00000, 0x0000000087a00000|100%| E|CS|TAMS 0x0000000087900000, 0x0000000087900000| Complete 
| 122|0x0000000087a00000, 0x0000000087b00000, 0x0000000087b00000|100%| E|CS|TAMS 0x0000000087a00000, 0x0000000087a00000| Complete 
| 123|0x0000000087b00000, 0x0000000087c00000, 0x0000000087c00000|100%| E|CS|TAMS 0x0000000087b00000, 0x0000000087b00000| Complete 
| 124|0x0000000087c00000, 0x0000000087d00000, 0x0000000087d00000|100%| E|CS|TAMS 0x0000000087c00000, 0x0000000087c00000| Complete 
| 125|0x0000000087d00000, 0x0000000087e00000, 0x0000000087e00000|100%| E|CS|TAMS 0x0000000087d00000, 0x0000000087d00000| Complete 
| 126|0x0000000087e00000, 0x0000000087f00000, 0x0000000087f00000|100%| E|CS|TAMS 0x0000000087e00000, 0x0000000087e00000| Complete 
| 127|0x0000000087f00000, 0x0000000088000000, 0x0000000088000000|100%| E|CS|TAMS 0x0000000087f00000, 0x0000000087f00000| Complete 

Card table byte_map: [0x00000243f6d00000,0x00000243f7100000] _byte_map_base: 0x00000243f6900000

Marking Bits (Prev, Next): (CMBitMap*) 0x00000243ee1bfdf0, (CMBitMap*) 0x00000243ee1bfdb8
 Prev Bits: [0x00000243f9500000, 0x00000243fb500000)
 Next Bits: [0x00000243f7500000, 0x00000243f9500000)

Polling page: 0x00000243ec110000

Metaspace:

Usage:
  Non-class:     36.00 MB capacity,    35.30 MB ( 98%) used,   610.20 KB (  2%) free+waste,   107.56 KB ( <1%) overhead. 
      Class:      5.46 MB capacity,     5.05 MB ( 93%) used,   365.98 KB (  7%) free+waste,    52.13 KB ( <1%) overhead. 
       Both:     41.46 MB capacity,    40.35 MB ( 97%) used,   976.19 KB (  2%) free+waste,   159.69 KB ( <1%) overhead. 

Virtual space:
  Non-class space:       38.00 MB reserved,      36.08 MB ( 95%) committed 
      Class space:      504.00 MB reserved,       5.50 MB (  1%) committed 
             Both:      542.00 MB reserved,      41.58 MB (  8%) committed 

Chunk freelists:
   Non-Class:  20.00 KB
       Class:  10.00 KB
        Both:  30.00 KB

MaxMetaspaceSize: 512.00 MB
CompressedClassSpaceSize: 504.00 MB
Initial GC threshold: 20.80 MB
Current GC threshold: 68.26 MB
CDS: off

CodeHeap 'non-profiled nmethods': size=120064Kb used=2463Kb max_used=2463Kb free=117600Kb
 bounds [0x0000024387ac0000, 0x0000024387d30000, 0x000002438f000000]
CodeHeap 'profiled nmethods': size=120000Kb used=8385Kb max_used=8385Kb free=111614Kb
 bounds [0x0000024380590000, 0x0000024380dd0000, 0x0000024387ac0000]
CodeHeap 'non-nmethods': size=5696Kb used=2276Kb max_used=2317Kb free=3419Kb
 bounds [0x0000024380000000, 0x0000024380270000, 0x0000024380590000]
 total_blobs=4772 nmethods=4001 adapters=683
 compilation: enabled
              stopped_count=0, restarted_count=0
 full_count=0

Compilation events (20 events):
Event: 200.442 Thread 0x00000243fe334800 4023       3       java.beans.Introspector::makeQualifiedMethodName (50 bytes)
Event: 200.443 Thread 0x00000243fe334800 nmethod 4023 0x0000024380dbb190 code [0x0000024380dbb420, 0x0000024380dbbe88]
Event: 200.443 Thread 0x00000243fe334800 4024       3       java.beans.FeatureDescriptor::<init> (137 bytes)
Event: 200.445 Thread 0x00000243fe334800 nmethod 4024 0x0000024380dbc310 code [0x0000024380dbc5c0, 0x0000024380dbd3b8]
Event: 200.445 Thread 0x00000243fe334800 4026       3       com.sun.beans.util.Cache::getEntryValue (33 bytes)
Event: 200.445 Thread 0x00000243fe334800 nmethod 4026 0x0000024380dbd710 code [0x0000024380dbd900, 0x0000024380dbddc8]
Event: 200.445 Thread 0x00000243fe334800 4027       3       groovyjarjarasm.asm.SymbolTable::put (150 bytes)
Event: 200.446 Thread 0x00000243fe334800 nmethod 4027 0x0000024380dbdf90 code [0x0000024380dbe1a0, 0x0000024380dbe9f8]
Event: 200.621 Thread 0x00000243fe333800 nmethod 4021 0x0000024387d22f90 code [0x0000024387d23200, 0x0000024387d25e58]
Event: 200.622 Thread 0x00000243fe333800 4020       4       java.util.StringJoiner::<init> (56 bytes)
Event: 200.629 Thread 0x00000243fe333800 nmethod 4020 0x0000024387d27410 code [0x0000024387d275c0, 0x0000024387d27998]
Event: 200.629 Thread 0x00000243fe333800 4025       4       java.util.Collections$UnmodifiableCollection$1::hasNext (10 bytes)
Event: 200.630 Thread 0x00000243fe333800 nmethod 4025 0x0000024387d27b90 code [0x0000024387d27d20, 0x0000024387d27db8]
Event: 203.692 Thread 0x00000243fe334800 4028   !   3       java.util.concurrent.LinkedBlockingDeque::offerLast (53 bytes)
Event: 203.694 Thread 0x00000243fe334800 nmethod 4028 0x0000024380dbed10 code [0x0000024380dbef80, 0x0000024380dbf9f8]
Event: 204.652 Thread 0x00000243fe334800 4029       3       java.util.concurrent.ScheduledThreadPoolExecutor$ScheduledFutureTask::getDelay (16 bytes)
Event: 204.652 Thread 0x00000243fe334800 nmethod 4029 0x0000024380dbfe10 code [0x0000024380dbffe0, 0x0000024380dc0168]
Event: 209.356 Thread 0x00000243fe334800 4030       3       java.util.concurrent.LinkedBlockingDeque$AbstractItr::hasNext (13 bytes)
Event: 209.356 Thread 0x00000243fe334800 nmethod 4030 0x0000024380dc0210 code [0x0000024380dc03c0, 0x0000024380dc0518]
Event: 209.448 Thread 0x00000243fe333800 4031       4       org.gradle.internal.serialize.InputStreamBackedDecoder::readInt (8 bytes)

GC Heap History (18 events):
Event: 22.421 GC heap before
{Heap before GC invocations=0 (full 0):
 garbage-first heap   total 131072K, used 13312K [0x0000000080000000, 0x0000000100000000)
  region size 1024K, 14 young (14336K), 0 survivors (0K)
 Metaspace       used 6781K, capacity 6989K, committed 7168K, reserved 524288K
  class space    used 573K, capacity 650K, committed 768K, reserved 516096K
}
Event: 22.806 GC heap after
{Heap after GC invocations=1 (full 0):
 garbage-first heap   total 131072K, used 4403K [0x0000000080000000, 0x0000000100000000)
  region size 1024K, 2 young (2048K), 2 survivors (2048K)
 Metaspace       used 6781K, capacity 6989K, committed 7168K, reserved 524288K
  class space    used 573K, capacity 650K, committed 768K, reserved 516096K
}
Event: 29.180 GC heap before
{Heap before GC invocations=1 (full 0):
 garbage-first heap   total 131072K, used 20787K [0x0000000080000000, 0x0000000100000000)
  region size 1024K, 14 young (14336K), 2 survivors (2048K)
 Metaspace       used 9986K, capacity 10182K, committed 10368K, reserved 526336K
  class space    used 1013K, capacity 1102K, committed 1152K, reserved 516096K
}
Event: 29.185 GC heap after
{Heap after GC invocations=2 (full 0):
 garbage-first heap   total 131072K, used 10793K [0x0000000080000000, 0x0000000100000000)
  region size 1024K, 2 young (2048K), 2 survivors (2048K)
 Metaspace       used 9986K, capacity 10182K, committed 10368K, reserved 526336K
  class space    used 1013K, capacity 1102K, committed 1152K, reserved 516096K
}
Event: 59.122 GC heap before
{Heap before GC invocations=2 (full 0):
 garbage-first heap   total 131072K, used 41513K [0x0000000080000000, 0x0000000100000000)
  region size 1024K, 31 young (31744K), 2 survivors (2048K)
 Metaspace       used 10989K, capacity 11263K, committed 11520K, reserved 526336K
  class space    used 1116K, capacity 1206K, committed 1280K, reserved 516096K
}
Event: 59.129 GC heap after
{Heap after GC invocations=3 (full 0):
 garbage-first heap   total 131072K, used 15460K [0x0000000080000000, 0x0000000100000000)
  region size 1024K, 4 young (4096K), 4 survivors (4096K)
 Metaspace       used 10989K, capacity 11263K, committed 11520K, reserved 526336K
  class space    used 1116K, capacity 1206K, committed 1280K, reserved 516096K
}
Event: 92.169 GC heap before
{Heap before GC invocations=3 (full 0):
 garbage-first heap   total 131072K, used 58468K [0x0000000080000000, 0x0000000100000000)
  region size 1024K, 46 young (47104K), 4 survivors (4096K)
 Metaspace       used 19149K, capacity 19479K, committed 19584K, reserved 534528K
  class space    used 2211K, capacity 2347K, committed 2432K, reserved 516096K
}
Event: 92.369 GC heap after
{Heap after GC invocations=4 (full 0):
 garbage-first heap   total 131072K, used 18257K [0x0000000080000000, 0x0000000100000000)
  region size 1024K, 6 young (6144K), 6 survivors (6144K)
 Metaspace       used 19149K, capacity 19479K, committed 19584K, reserved 534528K
  class space    used 2211K, capacity 2347K, committed 2432K, reserved 516096K
}
Event: 95.291 GC heap before
{Heap before GC invocations=4 (full 0):
 garbage-first heap   total 131072K, used 33617K [0x0000000080000000, 0x0000000100000000)
  region size 1024K, 22 young (22528K), 6 survivors (6144K)
 Metaspace       used 20817K, capacity 21196K, committed 21296K, reserved 536576K
  class space    used 2487K, capacity 2652K, committed 2688K, reserved 516096K
}
Event: 95.298 GC heap after
{Heap after GC invocations=5 (full 0):
 garbage-first heap   total 131072K, used 18934K [0x0000000080000000, 0x0000000100000000)
  region size 1024K, 4 young (4096K), 4 survivors (4096K)
 Metaspace       used 20817K, capacity 21196K, committed 21296K, reserved 536576K
  class space    used 2487K, capacity 2652K, committed 2688K, reserved 516096K
}
Event: 106.476 GC heap before
{Heap before GC invocations=6 (full 0):
 garbage-first heap   total 131072K, used 77302K [0x0000000080000000, 0x0000000100000000)
  region size 1024K, 61 young (62464K), 4 survivors (4096K)
 Metaspace       used 26539K, capacity 27119K, committed 27440K, reserved 540672K
  class space    used 3412K, capacity 3628K, committed 3712K, reserved 516096K
}
Event: 106.489 GC heap after
{Heap after GC invocations=7 (full 0):
 garbage-first heap   total 131072K, used 21025K [0x0000000080000000, 0x0000000100000000)
  region size 1024K, 6 young (6144K), 6 survivors (6144K)
 Metaspace       used 26539K, capacity 27119K, committed 27440K, reserved 540672K
  class space    used 3412K, capacity 3628K, committed 3712K, reserved 516096K
}
Event: 137.619 GC heap before
{Heap before GC invocations=7 (full 0):
 garbage-first heap   total 131072K, used 85537K [0x0000000080000000, 0x0000000100000000)
  region size 1024K, 69 young (70656K), 6 survivors (6144K)
 Metaspace       used 34343K, capacity 35174K, committed 35504K, reserved 546816K
  class space    used 4411K, capacity 4743K, committed 4864K, reserved 516096K
}
Event: 137.644 GC heap after
{Heap after GC invocations=8 (full 0):
 garbage-first heap   total 131072K, used 24147K [0x0000000080000000, 0x0000000100000000)
  region size 1024K, 6 young (6144K), 6 survivors (6144K)
 Metaspace       used 34343K, capacity 35174K, committed 35504K, reserved 546816K
  class space    used 4411K, capacity 4743K, committed 4864K, reserved 516096K
}
Event: 138.413 GC heap before
{Heap before GC invocations=8 (full 0):
 garbage-first heap   total 131072K, used 25171K [0x0000000080000000, 0x0000000100000000)
  region size 1024K, 8 young (8192K), 6 survivors (6144K)
 Metaspace       used 34998K, capacity 35828K, committed 35920K, reserved 548864K
  class space    used 4463K, capacity 4813K, committed 4864K, reserved 516096K
}
Event: 138.432 GC heap after
{Heap after GC invocations=9 (full 0):
 garbage-first heap   total 131072K, used 24671K [0x0000000080000000, 0x0000000100000000)
  region size 1024K, 4 young (4096K), 4 survivors (4096K)
 Metaspace       used 34998K, capacity 35828K, committed 35920K, reserved 548864K
  class space    used 4463K, capacity 4813K, committed 4864K, reserved 516096K
}
Event: 196.682 GC heap before
{Heap before GC invocations=10 (full 0):
 garbage-first heap   total 131072K, used 78943K [0x0000000080000000, 0x0000000100000000)
  region size 1024K, 55 young (56320K), 4 survivors (4096K)
 Metaspace       used 40913K, capacity 41923K, committed 41936K, reserved 552960K
  class space    used 5125K, capacity 5498K, committed 5504K, reserved 516096K
}
Event: 196.707 GC heap after
{Heap after GC invocations=11 (full 0):
 garbage-first heap   total 131072K, used 29144K [0x0000000080000000, 0x0000000100000000)
  region size 1024K, 7 young (7168K), 7 survivors (7168K)
 Metaspace       used 40913K, capacity 41923K, committed 41936K, reserved 552960K
  class space    used 5125K, capacity 5498K, committed 5504K, reserved 516096K
}

Deoptimization events (20 events):
Event: 178.783 Thread 0x00000243ffd39800 DEOPT PACKING pc=0x0000024387ce6b9c sp=0x00000066de9f70d0
Event: 178.783 Thread 0x00000243ffd39800 DEOPT UNPACKING pc=0x000002438004a1af sp=0x00000066de9f70a0 mode 2
Event: 180.708 Thread 0x00000243ffd39800 Uncommon trap: trap_request=0xffffffde fr.pc=0x0000024387ca5460 relative=0x0000000000000440
Event: 180.708 Thread 0x00000243ffd39800 Uncommon trap: reason=class_check action=maybe_recompile pc=0x0000024387ca5460 method=java.util.regex.Pattern$Start.match(Ljava/util/regex/Matcher;ILjava/lang/CharSequence;)Z @ 44 c2
Event: 180.708 Thread 0x00000243ffd39800 DEOPT PACKING pc=0x0000024387ca5460 sp=0x00000066de9f7b60
Event: 180.709 Thread 0x00000243ffd39800 DEOPT UNPACKING pc=0x000002438004a1af sp=0x00000066de9f7a28 mode 2
Event: 181.305 Thread 0x00000243ffd39800 Uncommon trap: trap_request=0xffffff4d fr.pc=0x0000024387afa284 relative=0x00000000000001e4
Event: 181.305 Thread 0x00000243ffd39800 Uncommon trap: reason=unstable_if action=reinterpret pc=0x0000024387afa284 method=java.lang.StringCoding.encodeUTF8(B[BZ)[B @ 2 c2
Event: 181.305 Thread 0x00000243ffd39800 DEOPT PACKING pc=0x0000024387afa284 sp=0x00000066de9f9410
Event: 181.305 Thread 0x00000243ffd39800 DEOPT UNPACKING pc=0x000002438004a1af sp=0x00000066de9f93b8 mode 2
Event: 199.423 Thread 0x00000243ffd39800 Uncommon trap: trap_request=0xffffff4d fr.pc=0x0000024387b7af94 relative=0x00000000000013d4
Event: 199.423 Thread 0x00000243ffd39800 Uncommon trap: reason=unstable_if action=reinterpret pc=0x0000024387b7af94 method=java.util.concurrent.ConcurrentHashMap.putVal(Ljava/lang/Object;Ljava/lang/Object;Z)Ljava/lang/Object; @ 231 c2
Event: 199.423 Thread 0x00000243ffd39800 DEOPT PACKING pc=0x0000024387b7af94 sp=0x00000066de9f7110
Event: 199.423 Thread 0x00000243ffd39800 DEOPT UNPACKING pc=0x000002438004a1af sp=0x00000066de9f7090 mode 2
Event: 199.431 Thread 0x00000243ffd39800 Uncommon trap: trap_request=0xffffff4d fr.pc=0x0000024387cf7cb0 relative=0x0000000000000d90
Event: 199.431 Thread 0x00000243ffd39800 Uncommon trap: reason=unstable_if action=reinterpret pc=0x0000024387cf7cb0 method=java.lang.ClassLoader.loadClass(Ljava/lang/String;Z)Ljava/lang/Class; @ 29 c2
Event: 199.431 Thread 0x00000243ffd39800 DEOPT PACKING pc=0x0000024387cf7cb0 sp=0x00000066de9f5a60
Event: 199.431 Thread 0x00000243ffd39800 DEOPT UNPACKING pc=0x000002438004a1af sp=0x00000066de9f5a28 mode 2
Event: 199.653 Thread 0x00000243ffd39800 DEOPT PACKING pc=0x0000024380bebe79 sp=0x00000066de9f4090
Event: 199.653 Thread 0x00000243ffd39800 DEOPT UNPACKING pc=0x000002438004a95e sp=0x00000066de9f35d8 mode 0

Classes redefined (0 events):
No events

Internal exceptions (20 events):
Event: 199.428 Thread 0x00000243ffd39800 Exception <a 'java/lang/ClassNotFoundException'{0x00000000872aa628}: java/lang/RuntimeCustomizer> (0x00000000872aa628) thrown at [./src/hotspot/share/classfile/systemDictionary.cpp, line 230]
Event: 199.645 Thread 0x00000243ffd39800 Exception <a 'java/lang/NoSuchMethodError'{0x00000000872d2e70}: 'void java.lang.invoke.DirectMethodHandle$Holder.invokeStatic(java.lang.Object, long)'> (0x00000000872d2e70) thrown at [./src/hotspot/share/interpreter/linkResolver.cpp, line 773]
Event: 199.646 Thread 0x00000243ffd39800 Exception <a 'java/lang/NoSuchMethodError'{0x00000000872d8f38}: 'java.lang.Object java.lang.invoke.DirectMethodHandle$Holder.invokeStatic(java.lang.Object, long)'> (0x00000000872d8f38) thrown at [./src/hotspot/share/interpreter/linkResolver.cpp, line 773]
Event: 199.647 Thread 0x00000243ffd39800 Exception <a 'java/lang/NoSuchMethodError'{0x00000000872dd250}: 'java.lang.Object java.lang.invoke.DirectMethodHandle$Holder.invokeSpecial(java.lang.Object, java.lang.Object, long)'> (0x00000000872dd250) thrown at [./src/hotspot/share/interpreter/linkResolver.cpp, line 773]
Event: 199.652 Thread 0x00000243ffd39800 Exception <a 'java/lang/NoSuchMethodError'{0x00000000872e5d78}: 'java.lang.Object java.lang.invoke.DirectMethodHandle$Holder.invokeStatic(java.lang.Object, java.lang.Object, long, java.lang.Object)'> (0x00000000872e5d78) thrown at [./src/hotspot/share/interpreter/linkResolver.cpp, line 773]
Event: 199.653 Thread 0x00000243ffd39800 Exception <a 'java/lang/NoSuchMethodError'{0x00000000872e9e50}: 'java.lang.Object java.lang.invoke.DirectMethodHandle$Holder.invokeStaticInit(java.lang.Object, java.lang.Object, long, java.lang.Object)'> (0x00000000872e9e50) thrown at [./src/hotspot/share/interpreter/linkResolver.cpp, line 773]
Event: 199.657 Thread 0x00000243ffd39800 Exception <a 'java/lang/ClassNotFoundException'{0x00000000871257e8}: java/lang/ProcessImplBeanInfo> (0x00000000871257e8) thrown at [./src/hotspot/share/classfile/systemDictionary.cpp, line 230]
Event: 199.657 Thread 0x00000243ffd39800 Exception <a 'java/lang/ClassNotFoundException'{0x000000008712b1d8}: java/lang/ProcessBeanInfo> (0x000000008712b1d8) thrown at [./src/hotspot/share/classfile/systemDictionary.cpp, line 230]
Event: 199.657 Thread 0x00000243ffd39800 Exception <a 'java/lang/ClassNotFoundException'{0x0000000087130b90}: java/lang/ProcessCustomizer> (0x0000000087130b90) thrown at [./src/hotspot/share/classfile/systemDictionary.cpp, line 230]
Event: 199.659 Thread 0x00000243ffd39800 Exception <a 'java/lang/ClassNotFoundException'{0x00000000871411d8}: java/lang/ProcessImplCustomizer> (0x00000000871411d8) thrown at [./src/hotspot/share/classfile/systemDictionary.cpp, line 230]
Event: 199.712 Thread 0x00000243ffd39800 Exception <a 'java/lang/ClassNotFoundException'{0x0000000087192610}: java/io/InputStreamReaderBeanInfo> (0x0000000087192610) thrown at [./src/hotspot/share/classfile/systemDictionary.cpp, line 230]
Event: 199.712 Thread 0x00000243ffd39800 Exception <a 'java/lang/ClassNotFoundException'{0x0000000087198260}: java/io/ReaderBeanInfo> (0x0000000087198260) thrown at [./src/hotspot/share/classfile/systemDictionary.cpp, line 230]
Event: 199.712 Thread 0x00000243ffd39800 Exception <a 'java/lang/ClassNotFoundException'{0x000000008719dbe0}: java/io/ReaderCustomizer> (0x000000008719dbe0) thrown at [./src/hotspot/share/classfile/systemDictionary.cpp, line 230]
Event: 199.713 Thread 0x00000243ffd39800 Exception <a 'java/lang/ClassNotFoundException'{0x00000000871a8998}: java/io/InputStreamReaderCustomizer> (0x00000000871a8998) thrown at [./src/hotspot/share/classfile/systemDictionary.cpp, line 230]
Event: 199.716 Thread 0x00000243ffd39800 Exception <a 'java/lang/ClassNotFoundException'{0x00000000871cc1d0}: java/io/BufferedReaderBeanInfo> (0x00000000871cc1d0) thrown at [./src/hotspot/share/classfile/systemDictionary.cpp, line 230]
Event: 199.717 Thread 0x00000243ffd39800 Exception <a 'java/lang/ClassNotFoundException'{0x00000000871d1b90}: java/io/BufferedReaderCustomizer> (0x00000000871d1b90) thrown at [./src/hotspot/share/classfile/systemDictionary.cpp, line 230]
Event: 200.386 Thread 0x00000243ffd39800 Exception <a 'java/lang/ClassNotFoundException'{0x0000000086f08c10}: java/lang/StringBufferBeanInfo> (0x0000000086f08c10) thrown at [./src/hotspot/share/classfile/systemDictionary.cpp, line 230]
Event: 200.387 Thread 0x00000243ffd39800 Exception <a 'java/lang/ClassNotFoundException'{0x0000000086f0e648}: java/lang/AbstractStringBuilderBeanInfo> (0x0000000086f0e648) thrown at [./src/hotspot/share/classfile/systemDictionary.cpp, line 230]
Event: 200.387 Thread 0x00000243ffd39800 Exception <a 'java/lang/ClassNotFoundException'{0x0000000086f14098}: java/lang/AbstractStringBuilderCustomizer> (0x0000000086f14098) thrown at [./src/hotspot/share/classfile/systemDictionary.cpp, line 230]
Event: 200.441 Thread 0x00000243ffd39800 Exception <a 'java/lang/ClassNotFoundException'{0x0000000086ff75a8}: java/lang/StringBufferCustomizer> (0x0000000086ff75a8) thrown at [./src/hotspot/share/classfile/systemDictionary.cpp, line 230]

Events (20 events):
Event: 200.387 loading class java/lang/AbstractStringBuilderBeanInfo
Event: 200.387 loading class java/lang/AbstractStringBuilderBeanInfo done
Event: 200.387 loading class java/lang/AbstractStringBuilderCustomizer
Event: 200.387 loading class java/lang/AbstractStringBuilderCustomizer done
Event: 200.387 loading class java/lang/AbstractStringBuilderCustomizer
Event: 200.387 loading class java/lang/AbstractStringBuilderCustomizer done
Event: 200.440 loading class java/lang/StringBufferCustomizer
Event: 200.440 loading class java/lang/StringBufferCustomizer done
Event: 200.441 loading class java/lang/StringBufferCustomizer
Event: 200.441 loading class java/lang/StringBufferCustomizer done
Event: 200.446 loading class groovy/lang/GroovyRuntimeException
Event: 200.446 loading class groovy/lang/GroovyRuntimeException done
Event: 201.702 Executing VM operation: RevokeBias
Event: 201.702 Executing VM operation: RevokeBias done
Event: 201.703 Executing VM operation: RevokeBias
Event: 201.704 Executing VM operation: RevokeBias done
Event: 201.704 Executing VM operation: RevokeBias
Event: 201.705 Executing VM operation: RevokeBias done
Event: 201.705 Executing VM operation: BulkRevokeBias
Event: 201.706 Executing VM operation: BulkRevokeBias done


Dynamic libraries:
0x00007ff63ec50000 - 0x00007ff63ec5d000 	C:\Program Files\Microsoft\jdk-11.0.18.10-hotspot\bin\java.exe
0x00007ffcb5670000 - 0x00007ffcb5868000 	C:\Windows\SYSTEM32\ntdll.dll
0x00007ffcb3c80000 - 0x00007ffcb3d3f000 	C:\Windows\System32\KERNEL32.DLL
0x00007ffcb2e80000 - 0x00007ffcb3176000 	C:\Windows\System32\KERNELBASE.dll
0x00007ffcb3530000 - 0x00007ffcb3630000 	C:\Windows\System32\ucrtbase.dll
0x00007ffc8a080000 - 0x00007ffc8a097000 	C:\Program Files\Microsoft\jdk-11.0.18.10-hotspot\bin\jli.dll
0x00007ffcb5490000 - 0x00007ffcb562d000 	C:\Windows\System32\USER32.dll
0x00007ffcb3450000 - 0x00007ffcb3472000 	C:\Windows\System32\win32u.dll
0x00007ffcb4ab0000 - 0x00007ffcb4adc000 	C:\Windows\System32\GDI32.dll
0x00007ffcb3180000 - 0x00007ffcb3295000 	C:\Windows\System32\gdi32full.dll
0x00007ffcb2d50000 - 0x00007ffcb2ded000 	C:\Windows\System32\msvcp_win.dll
0x00007ffc806e0000 - 0x00007ffc806f5000 	C:\Program Files\Microsoft\jdk-11.0.18.10-hotspot\bin\VCRUNTIME140.dll
0x00007ffc98cc0000 - 0x00007ffc98f5a000 	C:\Windows\WinSxS\amd64_microsoft.windows.common-controls_6595b64144ccf1df_6.0.19041.1110_none_60b5254171f9507e\COMCTL32.dll
0x00007ffcb3780000 - 0x00007ffcb381e000 	C:\Windows\System32\msvcrt.dll
0x00007ffcb3f10000 - 0x00007ffcb3f40000 	C:\Windows\System32\IMM32.DLL
0x00007ffc78960000 - 0x00007ffc789fb000 	C:\Program Files\Microsoft\jdk-11.0.18.10-hotspot\bin\msvcp140.dll
0x00007ffc48110000 - 0x00007ffc48ca2000 	C:\Program Files\Microsoft\jdk-11.0.18.10-hotspot\bin\server\jvm.dll
0x00007ffcb36d0000 - 0x00007ffcb377f000 	C:\Windows\System32\ADVAPI32.dll
0x00007ffcb39a0000 - 0x00007ffcb3a3c000 	C:\Windows\System32\sechost.dll
0x00007ffcb3d40000 - 0x00007ffcb3e66000 	C:\Windows\System32\RPCRT4.dll
0x00007ffcb3c70000 - 0x00007ffcb3c78000 	C:\Windows\System32\PSAPI.DLL
0x00007ffcafc80000 - 0x00007ffcafc89000 	C:\Windows\SYSTEM32\WSOCK32.dll
0x00007ffcb4700000 - 0x00007ffcb476b000 	C:\Windows\System32\WS2_32.dll
0x00007ffca8690000 - 0x00007ffca86b7000 	C:\Windows\SYSTEM32\WINMM.dll
0x00007ffca8ab0000 - 0x00007ffca8aba000 	C:\Windows\SYSTEM32\VERSION.dll
0x00007ffcb1590000 - 0x00007ffcb15a2000 	C:\Windows\SYSTEM32\kernel.appcore.dll
0x00007ffc98f90000 - 0x00007ffc98fa0000 	C:\Program Files\Microsoft\jdk-11.0.18.10-hotspot\bin\verify.dll
0x00007ffcafd90000 - 0x00007ffcaff74000 	C:\Windows\SYSTEM32\DBGHELP.DLL
0x00007ffc99b10000 - 0x00007ffc99b44000 	C:\Windows\SYSTEM32\dbgcore.DLL
0x00007ffcb2df0000 - 0x00007ffcb2e72000 	C:\Windows\System32\bcryptPrimitives.dll
0x00007ffc806b0000 - 0x00007ffc806d8000 	C:\Program Files\Microsoft\jdk-11.0.18.10-hotspot\bin\java.dll
0x00007ffc95220000 - 0x00007ffc9522a000 	C:\Program Files\Microsoft\jdk-11.0.18.10-hotspot\bin\jimage.dll
0x00007ffc80640000 - 0x00007ffc80658000 	C:\Program Files\Microsoft\jdk-11.0.18.10-hotspot\bin\zip.dll
0x00007ffcb3f40000 - 0x00007ffcb4684000 	C:\Windows\System32\SHELL32.dll
0x00007ffcb0d90000 - 0x00007ffcb1524000 	C:\Windows\SYSTEM32\windows.storage.dll
0x00007ffcb4ae0000 - 0x00007ffcb4e34000 	C:\Windows\System32\combase.dll
0x00007ffcb26c0000 - 0x00007ffcb26ee000 	C:\Windows\SYSTEM32\Wldp.dll
0x00007ffcb53e0000 - 0x00007ffcb548d000 	C:\Windows\System32\SHCORE.dll
0x00007ffcb3bb0000 - 0x00007ffcb3c05000 	C:\Windows\System32\shlwapi.dll
0x00007ffcb2c80000 - 0x00007ffcb2ca5000 	C:\Windows\SYSTEM32\profapi.dll
0x00007ffc805e0000 - 0x00007ffc805f9000 	C:\Program Files\Microsoft\jdk-11.0.18.10-hotspot\bin\net.dll
0x00007ffca1400000 - 0x00007ffca150a000 	C:\Windows\SYSTEM32\WINHTTP.dll
0x00007ffcb2420000 - 0x00007ffcb248a000 	C:\Windows\system32\mswsock.dll
0x00007ffc802f0000 - 0x00007ffc80303000 	C:\Program Files\Microsoft\jdk-11.0.18.10-hotspot\bin\nio.dll
0x00007ffcb0640000 - 0x00007ffcb0667000 	C:\Users\MS\.gradle\native\68d5fa5c4cc2d200863cafc0d521ce42e7d3e7ee720ec0a83991735586a16f82\windows-amd64\native-platform.dll
0x00007ffc8ee90000 - 0x00007ffc8efd4000 	C:\Users\MS\.gradle\native\e376f236ea51e6404a007f0833ffe2c6e607c4080706a723a18a27aeea778392\windows-amd64\native-platform-file-events.dll
0x00007ffc8c0b0000 - 0x00007ffc8c0b9000 	C:\Program Files\Microsoft\jdk-11.0.18.10-hotspot\bin\management.dll
0x00007ffc89db0000 - 0x00007ffc89dbb000 	C:\Program Files\Microsoft\jdk-11.0.18.10-hotspot\bin\management_ext.dll
0x00007ffcb2610000 - 0x00007ffcb2628000 	C:\Windows\SYSTEM32\CRYPTSP.dll
0x00007ffcb1d40000 - 0x00007ffcb1d74000 	C:\Windows\system32\rsaenh.dll
0x00007ffcb3630000 - 0x00007ffcb3657000 	C:\Windows\System32\bcrypt.dll
0x00007ffcb2c00000 - 0x00007ffcb2c2e000 	C:\Windows\SYSTEM32\USERENV.dll
0x00007ffcb2630000 - 0x00007ffcb263c000 	C:\Windows\SYSTEM32\CRYPTBASE.dll
0x00007ffcb2110000 - 0x00007ffcb214c000 	C:\Windows\SYSTEM32\IPHLPAPI.DLL
0x00007ffcb4770000 - 0x00007ffcb4778000 	C:\Windows\System32\NSI.dll
0x00007ffca1640000 - 0x00007ffca1657000 	C:\Windows\SYSTEM32\dhcpcsvc6.DLL
0x00007ffca4590000 - 0x00007ffca45ad000 	C:\Windows\SYSTEM32\dhcpcsvc.DLL
0x00007ffcb2150000 - 0x00007ffcb221a000 	C:\Windows\SYSTEM32\DNSAPI.dll

dbghelp: loaded successfully - version: 4.0.5 - missing functions: none
symbol engine: initialized successfully - sym options: 0x614 - pdb path: .;C:\Program Files\Microsoft\jdk-11.0.18.10-hotspot\bin;C:\Windows\SYSTEM32;C:\Windows\WinSxS\amd64_microsoft.windows.common-controls_6595b64144ccf1df_6.0.19041.1110_none_60b5254171f9507e;C:\Program Files\Microsoft\jdk-11.0.18.10-hotspot\bin\server;C:\Users\MS\.gradle\native\68d5fa5c4cc2d200863cafc0d521ce42e7d3e7ee720ec0a83991735586a16f82\windows-amd64;C:\Users\MS\.gradle\native\e376f236ea51e6404a007f0833ffe2c6e607c4080706a723a18a27aeea778392\windows-amd64

VM Arguments:
jvm_args: -XX:MaxMetaspaceSize=512m --add-opens=java.base/java.util=ALL-UNNAMED --add-opens=java.base/java.lang=ALL-UNNAMED --add-opens=java.base/java.lang.invoke=ALL-UNNAMED --add-opens=java.prefs/java.util.prefs=ALL-UNNAMED --add-opens=java.base/java.nio.charset=ALL-UNNAMED --add-opens=java.base/java.net=ALL-UNNAMED --add-opens=java.base/java.util.concurrent.atomic=ALL-UNNAMED -Xmx2048m -Dfile.encoding=windows-1252 -Duser.country=US -Duser.language=en -Duser.variant 
java_command: org.gradle.launcher.daemon.bootstrap.GradleDaemon 8.0.1
java_class_path (initial): C:\Users\MS\.gradle\wrapper\dists\gradle-8.0.1-all\aro4hu1c3oeioove7l0i4i14o\gradle-8.0.1\lib\gradle-launcher-8.0.1.jar
Launcher Type: SUN_STANDARD

[Global flags]
     intx CICompilerCount                          = 3                                         {product} {ergonomic}
   size_t CompressedClassSpaceSize                 = 528482304                                 {product} {ergonomic}
     uint ConcGCThreads                            = 1                                         {product} {ergonomic}
     uint G1ConcRefinementThreads                  = 4                                         {product} {ergonomic}
   size_t G1HeapRegionSize                         = 1048576                                   {product} {ergonomic}
    uintx GCDrainStackTargetSize                   = 64                                        {product} {ergonomic}
   size_t InitialHeapSize                          = 134217728                                 {product} {ergonomic}
   size_t MarkStackSize                            = 4194304                                   {product} {ergonomic}
   size_t MaxHeapSize                              = 2147483648                                {product} {command line}
   size_t MaxMetaspaceSize                         = 536870912                                 {product} {command line}
   size_t MaxNewSize                               = 1287651328                                {product} {ergonomic}
   size_t MinHeapDeltaBytes                        = 1048576                                   {product} {ergonomic}
    uintx NonNMethodCodeHeapSize                   = 5830732                                {pd product} {ergonomic}
    uintx NonProfiledCodeHeapSize                  = 122913754                              {pd product} {ergonomic}
    uintx ProfiledCodeHeapSize                     = 122913754                              {pd product} {ergonomic}
    uintx ReservedCodeCacheSize                    = 251658240                              {pd product} {ergonomic}
     bool SegmentedCodeCache                       = true                                      {product} {ergonomic}
     bool UseCompressedClassPointers               = true                                 {lp64_product} {ergonomic}
     bool UseCompressedOops                        = true                                 {lp64_product} {ergonomic}
     bool UseG1GC                                  = true                                      {product} {ergonomic}
     bool UseLargePagesIndividualAllocation        = false                                  {pd product} {ergonomic}

Logging:
Log output configuration:
 #0: stdout all=warning uptime,level,tags
 #1: stderr all=off uptime,level,tags

Environment Variables:
JAVA_HOME=C:\Program Files\Microsoft\jdk-11.0.18.10-hotspot\
CLASSPATH=D:\React Native\App\android\\gradle\wrapper\gradle-wrapper.jar
PATH=D:\React Native\App\node_modules\.bin;D:\React Native\App\node_modules\.bin;D:\React Native\node_modules\.bin;D:\node_modules\.bin;C:\Users\MS\AppData\Roaming\npm\node_modules\npm\node_modules\@npmcli\run-script\lib\node-gyp-bin;D:\React Native\App\node_modules\.bin;D:\React Native\node_modules\.bin;D:\node_modules\.bin;C:\Users\MS\AppData\Roaming\npm\node_modules\npm\node_modules\@npmcli\run-script\lib\node-gyp-bin;C:\Program Files\Microsoft\jdk-11.0.18.10-hotspot\bin;C:\Windows\system32;C:\Windows;C:\Windows\System32\Wbem;C:\Windows\System32\WindowsPowerShell\v1.0\;C:\Windows\System32\OpenSSH\;C:\ProgramData\chocolatey\bin;C:\Program Files\nodejs\;C:\platform-tools;C:\Users\MS\AppData\Local\Microsoft\WindowsApps;C:\Users\MS\AppData\Roaming\npm;C:\Users\MS\AppData\Local\Programs\Microsoft VS Code\bin
USERNAME=MS
OS=Windows_NT
PROCESSOR_IDENTIFIER=Intel64 Family 6 Model 78 Stepping 3, GenuineIntel
TMP=C:\Users\MS\AppData\Local\Temp
TEMP=C:\Users\MS\AppData\Local\Temp



---------------  S Y S T E M  ---------------

OS: Windows 10 , 64 bit Build 19041 (10.0.19041.3155)
OS uptime: 1 days 16:14 hours

CPU:total 4 (initial active 4) (2 cores per cpu, 2 threads per core) family 6 model 78 stepping 3 microcode 0xcc, cmov, cx8, fxsr, mmx, sse, sse2, sse3, ssse3, sse4.1, sse4.2, popcnt, avx, avx2, aes, clmul, erms, rtm, 3dnowpref, lzcnt, ht, tsc, tscinvbit, bmi1, bmi2, adx, fma

Memory: 4k page, system-wide physical 8072M (39M free)
TotalPageFile size 19592M (AvailPageFile size 1M)
current process WorkingSet (physical memory assigned to process): 199M, peak: 222M
current process commit charge ("private bytes"): 275M, peak: 300M

vm_info: OpenJDK 64-Bit Server VM (11.0.18+10-LTS) for windows-amd64 JRE (11.0.18+10-LTS), built on Jan 18 2023 15:56:47 by "MicrosoftCorporation" with MS VC++ 15.9 (VS2017)

END.
