#
# There is insufficient memory for the Java Runtime Environment to continue.
# Native memory allocation (malloc) failed to allocate 32784 bytes for Chunk::new
# Possible reasons:
#   The system is out of physical RAM or swap space
#   The process is running with CompressedOops enabled, and the Java Heap may be blocking the growth of the native heap
# Possible solutions:
#   Reduce memory load on the system
#   Increase physical memory or swap space
#   Check if swap backing store is full
#   Decrease Java heap size (-Xmx/-Xms)
#   Decrease number of Java threads
#   Decrease Java thread stack sizes (-Xss)
#   Set larger code cache with -XX:ReservedCodeCacheSize=
#   JVM is running with Unscaled Compressed Oops mode in which the Java heap is
#     placed in the first 4GB address space. The Java Heap base address is the
#     maximum limit for the native heap growth. Please use -XX:HeapBaseMinAddress
#     to set the Java Heap base and to place the Java Heap above 4GB virtual address.
# This output file may be truncated or incomplete.
#
#  Out of Memory Error (./src/hotspot/share/memory/arena.cpp:197), pid=6296, tid=14140
#
# JRE version: OpenJDK Runtime Environment Microsoft-7208460 (11.0.18+10) (build 11.0.18+10-LTS)
# Java VM: OpenJDK 64-Bit Server VM Microsoft-7208460 (11.0.18+10-LTS, mixed mode, tiered, compressed oops, g1 gc, windows-amd64)
# No core dump will be written. Minidumps are not enabled by default on client versions of Windows
#

---------------  S U M M A R Y ------------

Command Line: -XX:MaxMetaspaceSize=512m --add-opens=java.base/java.util=ALL-UNNAMED --add-opens=java.base/java.lang=ALL-UNNAMED --add-opens=java.base/java.lang.invoke=ALL-UNNAMED --add-opens=java.prefs/java.util.prefs=ALL-UNNAMED --add-opens=java.base/java.nio.charset=ALL-UNNAMED --add-opens=java.base/java.net=ALL-UNNAMED --add-opens=java.base/java.util.concurrent.atomic=ALL-UNNAMED -Xmx2048m -Dfile.encoding=windows-1252 -Duser.country=US -Duser.language=en -Duser.variant org.gradle.launcher.daemon.bootstrap.GradleDaemon 8.0.1

Host: Intel(R) Core(TM) i5-6300U CPU @ 2.40GHz, 4 cores, 7G,  Windows 10 , 64 bit Build 19041 (10.0.19041.3155)
Time: Tue Sep 26 03:46:08 2023 Pacific Daylight Time elapsed time: 131.228806 seconds (0d 0h 2m 11s)

---------------  T H R E A D  ---------------

Current thread (0x0000029741f64000):  JavaThread "C2 CompilerThread0" daemon [_thread_in_native, id=14140, stack(0x000000a066e00000,0x000000a066f00000)]


Current CompileTask:
C2: 131228 2223       4       java.util.jar.JarFile::maybeInstantiateVerifier (112 bytes)

Stack: [0x000000a066e00000,0x000000a066f00000]
Native frames: (J=compiled Java code, j=interpreted, Vv=VM code, C=native code)
V  [jvm.dll+0x62bf8a]
V  [jvm.dll+0x7b8fb9]
V  [jvm.dll+0x7ba6a8]
V  [jvm.dll+0x7bad83]
V  [jvm.dll+0x250248]
V  [jvm.dll+0xc260c]
V  [jvm.dll+0xc2bcc]
V  [jvm.dll+0xc271b]
V  [jvm.dll+0x60978f]
V  [jvm.dll+0x53d68b]
V  [jvm.dll+0x52add8]
V  [jvm.dll+0x52e021]
V  [jvm.dll+0x52d791]
V  [jvm.dll+0x52d670]
V  [jvm.dll+0x5345ed]
V  [jvm.dll+0x21177b]
V  [jvm.dll+0x20b39a]
V  [jvm.dll+0x2083eb]
V  [jvm.dll+0x18a4b1]
V  [jvm.dll+0x217eec]
V  [jvm.dll+0x21612b]
V  [jvm.dll+0x77bac0]
V  [jvm.dll+0x7749f4]
V  [jvm.dll+0x62adf5]
C  [ucrtbase.dll+0x21bb2]
C  [KERNEL32.DLL+0x17614]
C  [ntdll.dll+0x526b1]


---------------  P R O C E S S  ---------------

Threads class SMR info:
_java_thread_list=0x00000297444ba9c0, length=23, elements={
0x00000297225ec800, 0x00000297415ef000, 0x00000297415dd800, 0x0000029741642000,
0x0000029741f60800, 0x0000029741f61000, 0x0000029741f64000, 0x0000029741f65800,
0x0000029741fca800, 0x00000297420cc800, 0x000002974428f000, 0x0000029743482000,
0x0000029742c0b800, 0x0000029742c0c000, 0x00000297431cc000, 0x0000029742dd2000,
0x0000029742afd000, 0x0000029743aff000, 0x00000297432f3800, 0x0000029742d44800,
0x00000297436cd800, 0x00000297436d0000, 0x00000297436ce000
}

Java Threads: ( => current thread )
  0x00000297225ec800 JavaThread "main" [_thread_blocked, id=17240, stack(0x000000a066100000,0x000000a066200000)]
  0x00000297415ef000 JavaThread "Reference Handler" daemon [_thread_blocked, id=17404, stack(0x000000a066900000,0x000000a066a00000)]
  0x00000297415dd800 JavaThread "Finalizer" daemon [_thread_blocked, id=9492, stack(0x000000a066a00000,0x000000a066b00000)]
  0x0000029741642000 JavaThread "Signal Dispatcher" daemon [_thread_blocked, id=21496, stack(0x000000a066b00000,0x000000a066c00000)]
  0x0000029741f60800 JavaThread "Attach Listener" daemon [_thread_blocked, id=11152, stack(0x000000a066c00000,0x000000a066d00000)]
  0x0000029741f61000 JavaThread "Service Thread" daemon [_thread_blocked, id=7948, stack(0x000000a066d00000,0x000000a066e00000)]
=>0x0000029741f64000 JavaThread "C2 CompilerThread0" daemon [_thread_in_native, id=14140, stack(0x000000a066e00000,0x000000a066f00000)]
  0x0000029741f65800 JavaThread "C1 CompilerThread0" daemon [_thread_blocked, id=7356, stack(0x000000a066f00000,0x000000a067000000)]
  0x0000029741fca800 JavaThread "Sweeper thread" daemon [_thread_blocked, id=17812, stack(0x000000a067000000,0x000000a067100000)]
  0x00000297420cc800 JavaThread "Common-Cleaner" daemon [_thread_blocked, id=17988, stack(0x000000a067100000,0x000000a067200000)]
  0x000002974428f000 JavaThread "Daemon health stats" [_thread_blocked, id=3484, stack(0x000000a067500000,0x000000a067600000)]
  0x0000029743482000 JavaThread "Incoming local TCP Connector on port 57355" [_thread_in_native, id=7808, stack(0x000000a066000000,0x000000a066100000)]
  0x0000029742c0b800 JavaThread "Daemon periodic checks" [_thread_blocked, id=15068, stack(0x000000a066200000,0x000000a066300000)]
  0x0000029742c0c000 JavaThread "Daemon" [_thread_blocked, id=20224, stack(0x000000a067800000,0x000000a067900000)]
  0x00000297431cc000 JavaThread "Handler for socket connection from /127.0.0.1:57355 to /127.0.0.1:57362" [_thread_in_native, id=21192, stack(0x000000a067900000,0x000000a067a00000)]
  0x0000029742dd2000 JavaThread "Cancel handler" [_thread_blocked, id=8288, stack(0x000000a067a00000,0x000000a067b00000)]
  0x0000029742afd000 JavaThread "Daemon worker" [_thread_blocked, id=8380, stack(0x000000a067b00000,0x000000a067c00000)]
  0x0000029743aff000 JavaThread "Asynchronous log dispatcher for DefaultDaemonConnection: socket connection from /127.0.0.1:57355 to /127.0.0.1:57362" [_thread_blocked, id=12376, stack(0x000000a067c00000,0x000000a067d00000)]
  0x00000297432f3800 JavaThread "Stdin handler" [_thread_blocked, id=20124, stack(0x000000a067d00000,0x000000a067e00000)]
  0x0000029742d44800 JavaThread "Daemon client event forwarder" [_thread_blocked, id=9836, stack(0x000000a067f00000,0x000000a068000000)]
  0x00000297436cd800 JavaThread "Cache worker for journal cache (C:\Users\MS\.gradle\caches\journal-1)" [_thread_blocked, id=20272, stack(0x000000a068000000,0x000000a068100000)]
  0x00000297436d0000 JavaThread "File lock request listener" [_thread_in_native, id=20500, stack(0x000000a068100000,0x000000a068200000)]
  0x00000297436ce000 JavaThread "File lock release action executor" [_thread_blocked, id=10200, stack(0x000000a068200000,0x000000a068300000)]

Other Threads:
  0x00000297415d9800 VMThread "VM Thread" [stack: 0x000000a066800000,0x000000a066900000] [id=14396]
  0x00000297420e3000 WatcherThread [stack: 0x000000a067200000,0x000000a067300000] [id=8280]
  0x0000029722607000 GCTaskThread "GC Thread#0" [stack: 0x000000a066300000,0x000000a066400000] [id=17344]
  0x000002974293e800 GCTaskThread "GC Thread#1" [stack: 0x000000a067300000,0x000000a067400000] [id=16324]
  0x0000029742619800 GCTaskThread "GC Thread#2" [stack: 0x000000a067400000,0x000000a067500000] [id=14952]
  0x0000029743d76800 GCTaskThread "GC Thread#3" [stack: 0x000000a067e00000,0x000000a067f00000] [id=20308]
  0x0000029722638800 ConcurrentGCThread "G1 Main Marker" [stack: 0x000000a066400000,0x000000a066500000] [id=17284]
  0x0000029722639800 ConcurrentGCThread "G1 Conc#0" [stack: 0x000000a066500000,0x000000a066600000] [id=17348]
  0x00000297226c7000 ConcurrentGCThread "G1 Refine#0" [stack: 0x000000a066600000,0x000000a066700000] [id=12340]
  0x00000297226c8000 ConcurrentGCThread "G1 Young RemSet Sampling" [stack: 0x000000a066700000,0x000000a066800000] [id=4244]

Threads with active compile tasks:
C2 CompilerThread0   131281 2223       4       java.util.jar.JarFile::maybeInstantiateVerifier (112 bytes)

VM state:at safepoint (normal execution)

VM Mutex/Monitor currently owned by a thread:  ([mutex/lock_event])
[0x00000297225e99d0] Threads_lock - owner thread: 0x00000297415d9800
[0x00000297225e94c0] Heap_lock - owner thread: 0x0000029742afd000

Heap address: 0x0000000080000000, size: 2048 MB, Compressed Oops mode: 32-bit
Narrow klass base: 0x0000000000000000, Narrow klass shift: 3
Compressed class space size: 528482304 Address: 0x0000000100000000

Heap:
 garbage-first heap   total 131072K, used 18122K [0x0000000080000000, 0x0000000100000000)
  region size 1024K, 2 young (2048K), 2 survivors (2048K)
 Metaspace       used 21617K, capacity 22056K, committed 22192K, reserved 544768K
  class space    used 2602K, capacity 2789K, committed 2816K, reserved 516096K
Heap Regions: E=young(eden), S=young(survivor), O=old, HS=humongous(starts), HC=humongous(continues), CS=collection set, F=free, A=archive, TAMS=top-at-mark-start (previous, next)
|   0|0x0000000080000000, 0x0000000080100000, 0x0000000080100000|100%| O|  |TAMS 0x0000000080100000, 0x0000000080100000| Untracked 
|   1|0x0000000080100000, 0x0000000080200000, 0x0000000080200000|100%| O|  |TAMS 0x0000000080200000, 0x0000000080200000| Untracked 
|   2|0x0000000080200000, 0x0000000080300000, 0x0000000080300000|100%| O|  |TAMS 0x0000000080300000, 0x0000000080300000| Untracked 
|   3|0x0000000080300000, 0x0000000080400000, 0x0000000080400000|100%|HS|  |TAMS 0x0000000080400000, 0x0000000080400000| Complete 
|   4|0x0000000080400000, 0x0000000080500000, 0x0000000080500000|100%|HC|  |TAMS 0x0000000080500000, 0x0000000080500000| Complete 
|   5|0x0000000080500000, 0x0000000080600000, 0x0000000080600000|100%|HC|  |TAMS 0x0000000080600000, 0x0000000080600000| Complete 
|   6|0x0000000080600000, 0x0000000080700000, 0x0000000080700000|100%|HC|  |TAMS 0x0000000080700000, 0x0000000080700000| Complete 
|   7|0x0000000080700000, 0x0000000080800000, 0x0000000080800000|100%| O|  |TAMS 0x0000000080800000, 0x0000000080800000| Untracked 
|   8|0x0000000080800000, 0x0000000080900000, 0x0000000080900000|100%| O|  |TAMS 0x0000000080900000, 0x0000000080900000| Untracked 
|   9|0x0000000080900000, 0x0000000080a00000, 0x0000000080a00000|100%| O|  |TAMS 0x0000000080a00000, 0x0000000080a00000| Untracked 
|  10|0x0000000080a00000, 0x0000000080b00000, 0x0000000080b00000|100%| O|  |TAMS 0x0000000080b00000, 0x0000000080b00000| Untracked 
|  11|0x0000000080b00000, 0x0000000080c00000, 0x0000000080c00000|100%| O|  |TAMS 0x0000000080c00000, 0x0000000080c00000| Untracked 
|  12|0x0000000080c00000, 0x0000000080d00000, 0x0000000080d00000|100%| O|  |TAMS 0x0000000080d00000, 0x0000000080d00000| Untracked 
|  13|0x0000000080d00000, 0x0000000080e00000, 0x0000000080e00000|100%| O|  |TAMS 0x0000000080e00000, 0x0000000080e00000| Untracked 
|  14|0x0000000080e00000, 0x0000000080f00000, 0x0000000080f00000|100%| O|  |TAMS 0x0000000080f00000, 0x0000000080f00000| Untracked 
|  15|0x0000000080f00000, 0x0000000081000000, 0x0000000081000000|100%| O|  |TAMS 0x0000000081000000, 0x0000000081000000| Untracked 
|  16|0x0000000081000000, 0x0000000081035600, 0x0000000081100000| 20%| O|  |TAMS 0x0000000081035600, 0x0000000081035600| Untracked 
|  17|0x0000000081100000, 0x0000000081100000, 0x0000000081200000|  0%| F|  |TAMS 0x0000000081100000, 0x0000000081100000| Untracked 
|  18|0x0000000081200000, 0x0000000081200000, 0x0000000081300000|  0%| F|  |TAMS 0x0000000081200000, 0x0000000081200000| Untracked 
|  19|0x0000000081300000, 0x0000000081300000, 0x0000000081400000|  0%| F|  |TAMS 0x0000000081300000, 0x0000000081300000| Untracked 
|  20|0x0000000081400000, 0x0000000081400000, 0x0000000081500000|  0%| F|  |TAMS 0x0000000081400000, 0x0000000081400000| Untracked 
|  21|0x0000000081500000, 0x0000000081500000, 0x0000000081600000|  0%| F|  |TAMS 0x0000000081500000, 0x0000000081500000| Untracked 
|  22|0x0000000081600000, 0x0000000081600000, 0x0000000081700000|  0%| F|  |TAMS 0x0000000081600000, 0x0000000081600000| Untracked 
|  23|0x0000000081700000, 0x0000000081700000, 0x0000000081800000|  0%| F|  |TAMS 0x0000000081700000, 0x0000000081700000| Untracked 
|  24|0x0000000081800000, 0x0000000081800000, 0x0000000081900000|  0%| F|  |TAMS 0x0000000081800000, 0x0000000081800000| Untracked 
|  25|0x0000000081900000, 0x0000000081900000, 0x0000000081a00000|  0%| F|  |TAMS 0x0000000081900000, 0x0000000081900000| Untracked 
|  26|0x0000000081a00000, 0x0000000081a00000, 0x0000000081b00000|  0%| F|  |TAMS 0x0000000081a00000, 0x0000000081a00000| Untracked 
|  27|0x0000000081b00000, 0x0000000081b00000, 0x0000000081c00000|  0%| F|  |TAMS 0x0000000081b00000, 0x0000000081b00000| Untracked 
|  28|0x0000000081c00000, 0x0000000081c00000, 0x0000000081d00000|  0%| F|  |TAMS 0x0000000081c00000, 0x0000000081c00000| Untracked 
|  29|0x0000000081d00000, 0x0000000081d00000, 0x0000000081e00000|  0%| F|  |TAMS 0x0000000081d00000, 0x0000000081d00000| Untracked 
|  30|0x0000000081e00000, 0x0000000081e00000, 0x0000000081f00000|  0%| F|  |TAMS 0x0000000081e00000, 0x0000000081e00000| Untracked 
|  31|0x0000000081f00000, 0x0000000081f00000, 0x0000000082000000|  0%| F|  |TAMS 0x0000000081f00000, 0x0000000081f00000| Untracked 
|  32|0x0000000082000000, 0x0000000082000000, 0x0000000082100000|  0%| F|  |TAMS 0x0000000082000000, 0x0000000082000000| Untracked 
|  33|0x0000000082100000, 0x0000000082100000, 0x0000000082200000|  0%| F|  |TAMS 0x0000000082100000, 0x0000000082100000| Untracked 
|  34|0x0000000082200000, 0x0000000082200000, 0x0000000082300000|  0%| F|  |TAMS 0x0000000082200000, 0x0000000082200000| Untracked 
|  35|0x0000000082300000, 0x0000000082300000, 0x0000000082400000|  0%| F|  |TAMS 0x0000000082300000, 0x0000000082300000| Untracked 
|  36|0x0000000082400000, 0x0000000082400000, 0x0000000082500000|  0%| F|  |TAMS 0x0000000082400000, 0x0000000082400000| Untracked 
|  37|0x0000000082500000, 0x0000000082500000, 0x0000000082600000|  0%| F|  |TAMS 0x0000000082500000, 0x0000000082500000| Untracked 
|  38|0x0000000082600000, 0x0000000082600000, 0x0000000082700000|  0%| F|  |TAMS 0x0000000082600000, 0x0000000082600000| Untracked 
|  39|0x0000000082700000, 0x0000000082700000, 0x0000000082800000|  0%| F|  |TAMS 0x0000000082700000, 0x0000000082700000| Untracked 
|  40|0x0000000082800000, 0x0000000082800000, 0x0000000082900000|  0%| F|  |TAMS 0x0000000082800000, 0x0000000082800000| Untracked 
|  41|0x0000000082900000, 0x0000000082900000, 0x0000000082a00000|  0%| F|  |TAMS 0x0000000082900000, 0x0000000082900000| Untracked 
|  42|0x0000000082a00000, 0x0000000082a00000, 0x0000000082b00000|  0%| F|  |TAMS 0x0000000082a00000, 0x0000000082a00000| Untracked 
|  43|0x0000000082b00000, 0x0000000082b00000, 0x0000000082c00000|  0%| F|  |TAMS 0x0000000082b00000, 0x0000000082b00000| Untracked 
|  44|0x0000000082c00000, 0x0000000082c00000, 0x0000000082d00000|  0%| F|  |TAMS 0x0000000082c00000, 0x0000000082c00000| Untracked 
|  45|0x0000000082d00000, 0x0000000082d00000, 0x0000000082e00000|  0%| F|  |TAMS 0x0000000082d00000, 0x0000000082d00000| Untracked 
|  46|0x0000000082e00000, 0x0000000082e00000, 0x0000000082f00000|  0%| F|  |TAMS 0x0000000082e00000, 0x0000000082e00000| Untracked 
|  47|0x0000000082f00000, 0x0000000082f00000, 0x0000000083000000|  0%| F|  |TAMS 0x0000000082f00000, 0x0000000082f00000| Untracked 
|  48|0x0000000083000000, 0x0000000083000000, 0x0000000083100000|  0%| F|  |TAMS 0x0000000083000000, 0x0000000083000000| Untracked 
|  49|0x0000000083100000, 0x0000000083100000, 0x0000000083200000|  0%| F|  |TAMS 0x0000000083100000, 0x0000000083100000| Untracked 
|  50|0x0000000083200000, 0x0000000083200000, 0x0000000083300000|  0%| F|  |TAMS 0x0000000083200000, 0x0000000083200000| Untracked 
|  51|0x0000000083300000, 0x0000000083300000, 0x0000000083400000|  0%| F|  |TAMS 0x0000000083300000, 0x0000000083300000| Untracked 
|  52|0x0000000083400000, 0x0000000083400000, 0x0000000083500000|  0%| F|  |TAMS 0x0000000083400000, 0x0000000083400000| Untracked 
|  53|0x0000000083500000, 0x0000000083500000, 0x0000000083600000|  0%| F|  |TAMS 0x0000000083500000, 0x0000000083500000| Untracked 
|  54|0x0000000083600000, 0x0000000083600000, 0x0000000083700000|  0%| F|  |TAMS 0x0000000083600000, 0x0000000083600000| Untracked 
|  55|0x0000000083700000, 0x0000000083700000, 0x0000000083800000|  0%| F|  |TAMS 0x0000000083700000, 0x0000000083700000| Untracked 
|  56|0x0000000083800000, 0x0000000083800000, 0x0000000083900000|  0%| F|  |TAMS 0x0000000083800000, 0x0000000083800000| Untracked 
|  57|0x0000000083900000, 0x0000000083900000, 0x0000000083a00000|  0%| F|  |TAMS 0x0000000083900000, 0x0000000083900000| Untracked 
|  58|0x0000000083a00000, 0x0000000083a00000, 0x0000000083b00000|  0%| F|  |TAMS 0x0000000083a00000, 0x0000000083a00000| Untracked 
|  59|0x0000000083b00000, 0x0000000083b00000, 0x0000000083c00000|  0%| F|  |TAMS 0x0000000083b00000, 0x0000000083b00000| Untracked 
|  60|0x0000000083c00000, 0x0000000083c00000, 0x0000000083d00000|  0%| F|  |TAMS 0x0000000083c00000, 0x0000000083c00000| Untracked 
|  61|0x0000000083d00000, 0x0000000083d00000, 0x0000000083e00000|  0%| F|  |TAMS 0x0000000083d00000, 0x0000000083d00000| Untracked 
|  62|0x0000000083e00000, 0x0000000083e00000, 0x0000000083f00000|  0%| F|  |TAMS 0x0000000083e00000, 0x0000000083e00000| Untracked 
|  63|0x0000000083f00000, 0x0000000083f00000, 0x0000000084000000|  0%| F|  |TAMS 0x0000000083f00000, 0x0000000083f00000| Untracked 
|  64|0x0000000084000000, 0x0000000084000000, 0x0000000084100000|  0%| F|  |TAMS 0x0000000084000000, 0x0000000084000000| Untracked 
|  65|0x0000000084100000, 0x0000000084100000, 0x0000000084200000|  0%| F|  |TAMS 0x0000000084100000, 0x0000000084100000| Untracked 
|  66|0x0000000084200000, 0x0000000084200000, 0x0000000084300000|  0%| F|  |TAMS 0x0000000084200000, 0x0000000084200000| Untracked 
|  67|0x0000000084300000, 0x0000000084300000, 0x0000000084400000|  0%| F|  |TAMS 0x0000000084300000, 0x0000000084300000| Untracked 
|  68|0x0000000084400000, 0x0000000084400000, 0x0000000084500000|  0%| F|  |TAMS 0x0000000084400000, 0x0000000084400000| Untracked 
|  69|0x0000000084500000, 0x0000000084500000, 0x0000000084600000|  0%| F|  |TAMS 0x0000000084500000, 0x0000000084500000| Untracked 
|  70|0x0000000084600000, 0x0000000084600000, 0x0000000084700000|  0%| F|  |TAMS 0x0000000084600000, 0x0000000084600000| Untracked 
|  71|0x0000000084700000, 0x0000000084700000, 0x0000000084800000|  0%| F|  |TAMS 0x0000000084700000, 0x0000000084700000| Untracked 
|  72|0x0000000084800000, 0x0000000084800000, 0x0000000084900000|  0%| F|  |TAMS 0x0000000084800000, 0x0000000084800000| Untracked 
|  73|0x0000000084900000, 0x0000000084900000, 0x0000000084a00000|  0%| F|  |TAMS 0x0000000084900000, 0x0000000084900000| Untracked 
|  74|0x0000000084a00000, 0x0000000084a00000, 0x0000000084b00000|  0%| F|  |TAMS 0x0000000084a00000, 0x0000000084a00000| Untracked 
|  75|0x0000000084b00000, 0x0000000084b00000, 0x0000000084c00000|  0%| F|  |TAMS 0x0000000084b00000, 0x0000000084b00000| Untracked 
|  76|0x0000000084c00000, 0x0000000084c00000, 0x0000000084d00000|  0%| F|  |TAMS 0x0000000084c00000, 0x0000000084c00000| Untracked 
|  77|0x0000000084d00000, 0x0000000084d00000, 0x0000000084e00000|  0%| F|  |TAMS 0x0000000084d00000, 0x0000000084d00000| Untracked 
|  78|0x0000000084e00000, 0x0000000084e00000, 0x0000000084f00000|  0%| F|  |TAMS 0x0000000084e00000, 0x0000000084e00000| Untracked 
|  79|0x0000000084f00000, 0x0000000084f00000, 0x0000000085000000|  0%| F|  |TAMS 0x0000000084f00000, 0x0000000084f00000| Untracked 
|  80|0x0000000085000000, 0x0000000085000000, 0x0000000085100000|  0%| F|  |TAMS 0x0000000085000000, 0x0000000085000000| Untracked 
|  81|0x0000000085100000, 0x0000000085100000, 0x0000000085200000|  0%| F|  |TAMS 0x0000000085100000, 0x0000000085100000| Untracked 
|  82|0x0000000085200000, 0x0000000085200000, 0x0000000085300000|  0%| F|  |TAMS 0x0000000085200000, 0x0000000085200000| Untracked 
|  83|0x0000000085300000, 0x0000000085300000, 0x0000000085400000|  0%| F|  |TAMS 0x0000000085300000, 0x0000000085300000| Untracked 
|  84|0x0000000085400000, 0x0000000085400000, 0x0000000085500000|  0%| F|  |TAMS 0x0000000085400000, 0x0000000085400000| Untracked 
|  85|0x0000000085500000, 0x0000000085500000, 0x0000000085600000|  0%| F|  |TAMS 0x0000000085500000, 0x0000000085500000| Untracked 
|  86|0x0000000085600000, 0x0000000085600000, 0x0000000085700000|  0%| F|  |TAMS 0x0000000085600000, 0x0000000085600000| Untracked 
|  87|0x0000000085700000, 0x0000000085700000, 0x0000000085800000|  0%| F|  |TAMS 0x0000000085700000, 0x0000000085700000| Untracked 
|  88|0x0000000085800000, 0x0000000085800000, 0x0000000085900000|  0%| F|  |TAMS 0x0000000085800000, 0x0000000085800000| Untracked 
|  89|0x0000000085900000, 0x0000000085900000, 0x0000000085a00000|  0%| F|  |TAMS 0x0000000085900000, 0x0000000085900000| Untracked 
|  90|0x0000000085a00000, 0x0000000085a00000, 0x0000000085b00000|  0%| F|  |TAMS 0x0000000085a00000, 0x0000000085a00000| Untracked 
|  91|0x0000000085b00000, 0x0000000085b00000, 0x0000000085c00000|  0%| F|  |TAMS 0x0000000085b00000, 0x0000000085b00000| Untracked 
|  92|0x0000000085c00000, 0x0000000085c00000, 0x0000000085d00000|  0%| F|  |TAMS 0x0000000085c00000, 0x0000000085c00000| Untracked 
|  93|0x0000000085d00000, 0x0000000085d00000, 0x0000000085e00000|  0%| F|  |TAMS 0x0000000085d00000, 0x0000000085d00000| Untracked 
|  94|0x0000000085e00000, 0x0000000085e00000, 0x0000000085f00000|  0%| F|  |TAMS 0x0000000085e00000, 0x0000000085e00000| Untracked 
|  95|0x0000000085f00000, 0x0000000085f00000, 0x0000000086000000|  0%| F|  |TAMS 0x0000000085f00000, 0x0000000085f00000| Untracked 
|  96|0x0000000086000000, 0x0000000086000000, 0x0000000086100000|  0%| F|  |TAMS 0x0000000086000000, 0x0000000086000000| Untracked 
|  97|0x0000000086100000, 0x0000000086100000, 0x0000000086200000|  0%| F|  |TAMS 0x0000000086100000, 0x0000000086100000| Untracked 
|  98|0x0000000086200000, 0x0000000086200000, 0x0000000086300000|  0%| F|  |TAMS 0x0000000086200000, 0x0000000086200000| Untracked 
|  99|0x0000000086300000, 0x0000000086300000, 0x0000000086400000|  0%| F|  |TAMS 0x0000000086300000, 0x0000000086300000| Untracked 
| 100|0x0000000086400000, 0x0000000086400000, 0x0000000086500000|  0%| F|  |TAMS 0x0000000086400000, 0x0000000086400000| Untracked 
| 101|0x0000000086500000, 0x0000000086500000, 0x0000000086600000|  0%| F|  |TAMS 0x0000000086500000, 0x0000000086500000| Untracked 
| 102|0x0000000086600000, 0x0000000086600000, 0x0000000086700000|  0%| F|  |TAMS 0x0000000086600000, 0x0000000086600000| Untracked 
| 103|0x0000000086700000, 0x0000000086700000, 0x0000000086800000|  0%| F|  |TAMS 0x0000000086700000, 0x0000000086700000| Untracked 
| 104|0x0000000086800000, 0x0000000086800000, 0x0000000086900000|  0%| F|  |TAMS 0x0000000086800000, 0x0000000086800000| Untracked 
| 105|0x0000000086900000, 0x0000000086900000, 0x0000000086a00000|  0%| F|  |TAMS 0x0000000086900000, 0x0000000086900000| Untracked 
| 106|0x0000000086a00000, 0x0000000086a00000, 0x0000000086b00000|  0%| F|  |TAMS 0x0000000086a00000, 0x0000000086a00000| Untracked 
| 107|0x0000000086b00000, 0x0000000086b00000, 0x0000000086c00000|  0%| F|  |TAMS 0x0000000086b00000, 0x0000000086b00000| Untracked 
| 108|0x0000000086c00000, 0x0000000086c00000, 0x0000000086d00000|  0%| F|  |TAMS 0x0000000086c00000, 0x0000000086c00000| Untracked 
| 109|0x0000000086d00000, 0x0000000086d00000, 0x0000000086e00000|  0%| F|  |TAMS 0x0000000086d00000, 0x0000000086d00000| Untracked 
| 110|0x0000000086e00000, 0x0000000086e00000, 0x0000000086f00000|  0%| F|  |TAMS 0x0000000086e00000, 0x0000000086e00000| Untracked 
| 111|0x0000000086f00000, 0x0000000086f00000, 0x0000000087000000|  0%| F|  |TAMS 0x0000000086f00000, 0x0000000086f00000| Untracked 
| 112|0x0000000087000000, 0x0000000087000000, 0x0000000087100000|  0%| F|  |TAMS 0x0000000087000000, 0x0000000087000000| Untracked 
| 113|0x0000000087100000, 0x0000000087100000, 0x0000000087200000|  0%| F|  |TAMS 0x0000000087100000, 0x0000000087100000| Untracked 
| 114|0x0000000087200000, 0x0000000087200000, 0x0000000087300000|  0%| F|  |TAMS 0x0000000087200000, 0x0000000087200000| Untracked 
| 115|0x0000000087300000, 0x0000000087300000, 0x0000000087400000|  0%| F|  |TAMS 0x0000000087300000, 0x0000000087300000| Untracked 
| 116|0x0000000087400000, 0x0000000087400000, 0x0000000087500000|  0%| F|  |TAMS 0x0000000087400000, 0x0000000087400000| Untracked 
| 117|0x0000000087500000, 0x0000000087500000, 0x0000000087600000|  0%| F|  |TAMS 0x0000000087500000, 0x0000000087500000| Untracked 
| 118|0x0000000087600000, 0x0000000087600000, 0x0000000087700000|  0%| F|  |TAMS 0x0000000087600000, 0x0000000087600000| Untracked 
| 119|0x0000000087700000, 0x000000008777d430, 0x0000000087800000| 48%| S|CS|TAMS 0x0000000087700000, 0x0000000087700000| Complete 
| 120|0x0000000087800000, 0x0000000087900000, 0x0000000087900000|100%| S|CS|TAMS 0x0000000087800000, 0x0000000087800000| Complete 
| 121|0x0000000087900000, 0x0000000087900000, 0x0000000087a00000|  0%| F|  |TAMS 0x0000000087900000, 0x0000000087900000| Untracked 
| 122|0x0000000087a00000, 0x0000000087a00000, 0x0000000087b00000|  0%| F|  |TAMS 0x0000000087a00000, 0x0000000087a00000| Untracked 
| 123|0x0000000087b00000, 0x0000000087b00000, 0x0000000087c00000|  0%| F|  |TAMS 0x0000000087b00000, 0x0000000087b00000| Untracked 
| 124|0x0000000087c00000, 0x0000000087c00000, 0x0000000087d00000|  0%| F|  |TAMS 0x0000000087c00000, 0x0000000087c00000| Untracked 
| 125|0x0000000087d00000, 0x0000000087d00000, 0x0000000087e00000|  0%| F|  |TAMS 0x0000000087d00000, 0x0000000087d00000| Untracked 
| 126|0x0000000087e00000, 0x0000000087e00000, 0x0000000087f00000|  0%| F|  |TAMS 0x0000000087e00000, 0x0000000087e00000| Untracked 
| 127|0x0000000087f00000, 0x0000000087f00000, 0x0000000088000000|  0%| F|  |TAMS 0x0000000087f00000, 0x0000000087f00000| Untracked 

Card table byte_map: [0x000002973a7c0000,0x000002973abc0000] _byte_map_base: 0x000002973a3c0000

Marking Bits (Prev, Next): (CMBitMap*) 0x000002972262f910, (CMBitMap*) 0x000002972262f8d8
 Prev Bits: [0x000002973cfc0000, 0x000002973efc0000)
 Next Bits: [0x000002973afc0000, 0x000002973cfc0000)

Polling page: 0x000002972ad70000

Metaspace:

Usage:
  Non-class:     18.82 MB capacity,    18.57 MB ( 99%) used,   208.59 KB (  1%) free+waste,    43.38 KB ( <1%) overhead. 
      Class:      2.72 MB capacity,     2.54 MB ( 93%) used,   164.73 KB (  6%) free+waste,    21.44 KB ( <1%) overhead. 
       Both:     21.54 MB capacity,    21.11 MB ( 98%) used,   373.32 KB (  2%) free+waste,    64.81 KB ( <1%) overhead. 

Virtual space:
  Non-class space:       28.00 MB reserved,      18.92 MB ( 68%) committed 
      Class space:      504.00 MB reserved,       2.75 MB ( <1%) committed 
             Both:      532.00 MB reserved,      21.67 MB (  4%) committed 

Chunk freelists:
   Non-Class:  109.00 KB
       Class:  27.00 KB
        Both:  136.00 KB

MaxMetaspaceSize: 512.00 MB
CompressedClassSpaceSize: 504.00 MB
Initial GC threshold: 20.80 MB
Current GC threshold: 35.40 MB
CDS: off

CodeHeap 'non-profiled nmethods': size=120064Kb used=1101Kb max_used=1101Kb free=118962Kb
 bounds [0x0000029732850000, 0x0000029732ac0000, 0x0000029739d90000]
CodeHeap 'profiled nmethods': size=120000Kb used=4664Kb max_used=4664Kb free=115335Kb
 bounds [0x000002972b320000, 0x000002972b7b0000, 0x0000029732850000]
CodeHeap 'non-nmethods': size=5696Kb used=1215Kb max_used=1234Kb free=4480Kb
 bounds [0x000002972ad90000, 0x000002972b000000, 0x000002972b320000]
 total_blobs=2706 nmethods=2218 adapters=400
 compilation: enabled
              stopped_count=0, restarted_count=0
 full_count=0

Compilation events (20 events):
Event: 130.582 Thread 0x0000029741f65800 nmethod 2216 0x000002972b7a7f90 code [0x000002972b7a8160, 0x000002972b7a82e8]
Event: 130.582 Thread 0x0000029741f65800 2217       3       org.gradle.internal.file.FilePathUtil::sizeOfCommonPrefix (10 bytes)
Event: 130.582 Thread 0x0000029741f65800 nmethod 2217 0x000002972b7a8410 code [0x000002972b7a85c0, 0x000002972b7a86c8]
Event: 130.598 Thread 0x0000029741f65800 2218       3       sun.security.provider.ByteArrayAccess::b2iBig64 (614 bytes)
Event: 130.600 Thread 0x0000029741f65800 nmethod 2218 0x000002972b7a8790 code [0x000002972b7a8a00, 0x000002972b7a9788]
Event: 131.079 Thread 0x0000029741f64000 2219       4       java.lang.String::concat (115 bytes)
Event: 131.087 Thread 0x0000029741f64000 nmethod 2219 0x0000029732962b90 code [0x0000029732962d40, 0x0000029732963198]
Event: 131.089 Thread 0x0000029741f65800 2220       3       java.lang.ThreadLocal::get (38 bytes)
Event: 131.089 Thread 0x0000029741f65800 nmethod 2220 0x000002972b7a9c90 code [0x000002972b7a9e80, 0x000002972b7aa148]
Event: 131.089 Thread 0x0000029741f65800 2221       3       java.lang.ThreadLocal$ThreadLocalMap::getEntry (42 bytes)
Event: 131.090 Thread 0x0000029741f65800 nmethod 2221 0x000002972b7aa290 code [0x000002972b7aa460, 0x000002972b7aa708]
Event: 131.090 Thread 0x0000029741f65800 2222       3       java.util.concurrent.ConcurrentHashMap::<init> (73 bytes)
Event: 131.090 Thread 0x0000029741f65800 nmethod 2222 0x000002972b7aa810 code [0x000002972b7aaa40, 0x000002972b7aafb8]
Event: 131.155 Thread 0x0000029741f64000 2223       4       java.util.jar.JarFile::maybeInstantiateVerifier (112 bytes)
Event: 131.163 Thread 0x0000029741f65800 2226       3       jdk.internal.org.objectweb.asm.ClassWriter::<init> (117 bytes)
Event: 131.164 Thread 0x0000029741f65800 nmethod 2226 0x000002972b7ab190 code [0x000002972b7ab420, 0x000002972b7ac048]
Event: 131.164 Thread 0x0000029741f65800 2228       3       jdk.internal.org.objectweb.asm.ClassWriter::visit (121 bytes)
Event: 131.165 Thread 0x0000029741f65800 nmethod 2228 0x000002972b7ac310 code [0x000002972b7ac540, 0x000002972b7acc98]
Event: 131.165 Thread 0x0000029741f65800 2227       3       jdk.internal.org.objectweb.asm.ClassVisitor::<init> (35 bytes)
Event: 131.165 Thread 0x0000029741f65800 nmethod 2227 0x000002972b7ad010 code [0x000002972b7ad1e0, 0x000002972b7ad4c8]

GC Heap History (6 events):
Event: 8.421 GC heap before
{Heap before GC invocations=0 (full 0):
 garbage-first heap   total 131072K, used 13312K [0x0000000080000000, 0x0000000100000000)
  region size 1024K, 14 young (14336K), 0 survivors (0K)
 Metaspace       used 6777K, capacity 6985K, committed 7168K, reserved 524288K
  class space    used 573K, capacity 650K, committed 768K, reserved 516096K
}
Event: 8.867 GC heap after
{Heap after GC invocations=1 (full 0):
 garbage-first heap   total 131072K, used 4402K [0x0000000080000000, 0x0000000100000000)
  region size 1024K, 2 young (2048K), 2 survivors (2048K)
 Metaspace       used 6777K, capacity 6985K, committed 7168K, reserved 524288K
  class space    used 573K, capacity 650K, committed 768K, reserved 516096K
}
Event: 123.506 GC heap before
{Heap before GC invocations=1 (full 0):
 garbage-first heap   total 131072K, used 85298K [0x0000000080000000, 0x0000000100000000)
  region size 1024K, 76 young (77824K), 2 survivors (2048K)
 Metaspace       used 17185K, capacity 17539K, committed 17664K, reserved 532480K
  class space    used 1936K, capacity 2040K, committed 2048K, reserved 516096K
}
Event: 123.916 GC heap after
{Heap after GC invocations=2 (full 0):
 garbage-first heap   total 131072K, used 17059K [0x0000000080000000, 0x0000000100000000)
  region size 1024K, 10 young (10240K), 10 survivors (10240K)
 Metaspace       used 17185K, capacity 17539K, committed 17664K, reserved 532480K
  class space    used 1936K, capacity 2040K, committed 2048K, reserved 516096K
}
Event: 127.958 GC heap before
{Heap before GC invocations=2 (full 0):
 garbage-first heap   total 131072K, used 42659K [0x0000000080000000, 0x0000000100000000)
  region size 1024K, 36 young (36864K), 10 survivors (10240K)
 Metaspace       used 20800K, capacity 21191K, committed 21296K, reserved 536576K
  class space    used 2478K, capacity 2650K, committed 2688K, reserved 516096K
}
Event: 127.975 GC heap after
{Heap after GC invocations=3 (full 0):
 garbage-first heap   total 131072K, used 18132K [0x0000000080000000, 0x0000000100000000)
  region size 1024K, 2 young (2048K), 2 survivors (2048K)
 Metaspace       used 20800K, capacity 21191K, committed 21296K, reserved 536576K
  class space    used 2478K, capacity 2650K, committed 2688K, reserved 516096K
}

Deoptimization events (20 events):
Event: 130.584 Thread 0x0000029742afd000 Uncommon trap: trap_request=0xffffff4d fr.pc=0x000002973286ce30 relative=0x0000000000000a10
Event: 130.584 Thread 0x0000029742afd000 Uncommon trap: reason=unstable_if action=reinterpret pc=0x000002973286ce30 method=java.io.WinNTFileSystem.resolve(Ljava/lang/String;Ljava/lang/String;)Ljava/lang/String; @ 19 c2
Event: 130.584 Thread 0x0000029742afd000 DEOPT PACKING pc=0x000002973286ce30 sp=0x000000a067bfccd0
Event: 130.584 Thread 0x0000029742afd000 DEOPT UNPACKING pc=0x000002972adda1af sp=0x000000a067bfcc68 mode 2
Event: 130.586 Thread 0x0000029742afd000 Uncommon trap: trap_request=0xffffffc6 fr.pc=0x00000297328d2224 relative=0x0000000000000084
Event: 130.586 Thread 0x0000029742afd000 Uncommon trap: reason=bimorphic_or_optimized_type_check action=maybe_recompile pc=0x00000297328d2224 method=java.util.AbstractList$Itr.hasNext()Z @ 8 c2
Event: 130.586 Thread 0x0000029742afd000 DEOPT PACKING pc=0x00000297328d2224 sp=0x000000a067bfc230
Event: 130.586 Thread 0x0000029742afd000 DEOPT UNPACKING pc=0x000002972adda1af sp=0x000000a067bfc1c8 mode 2
Event: 130.586 Thread 0x0000029742afd000 Uncommon trap: trap_request=0xffffffc6 fr.pc=0x00000297328d3254 relative=0x0000000000000114
Event: 130.586 Thread 0x0000029742afd000 Uncommon trap: reason=bimorphic_or_optimized_type_check action=maybe_recompile pc=0x00000297328d3254 method=java.util.AbstractList$Itr.next()Ljava/lang/Object; @ 14 c2
Event: 130.586 Thread 0x0000029742afd000 DEOPT PACKING pc=0x00000297328d3254 sp=0x000000a067bfc220
Event: 130.586 Thread 0x0000029742afd000 DEOPT UNPACKING pc=0x000002972adda1af sp=0x000000a067bfc1b8 mode 2
Event: 130.601 Thread 0x0000029742afd000 Uncommon trap: trap_request=0xffffff4d fr.pc=0x00000297328ce85c relative=0x000000000000051c
Event: 130.601 Thread 0x0000029742afd000 Uncommon trap: reason=unstable_if action=reinterpret pc=0x00000297328ce85c method=java.io.File.getName()Ljava/lang/String; @ 16 c2
Event: 130.601 Thread 0x0000029742afd000 DEOPT PACKING pc=0x00000297328ce85c sp=0x000000a067bfcc60
Event: 130.601 Thread 0x0000029742afd000 DEOPT UNPACKING pc=0x000002972adda1af sp=0x000000a067bfcc30 mode 2
Event: 130.601 Thread 0x0000029742afd000 Uncommon trap: trap_request=0xffffff4d fr.pc=0x00000297328c9d34 relative=0x0000000000000474
Event: 130.601 Thread 0x0000029742afd000 Uncommon trap: reason=unstable_if action=reinterpret pc=0x00000297328c9d34 method=java.lang.String.substring(I)Ljava/lang/String; @ 34 c2
Event: 130.601 Thread 0x0000029742afd000 DEOPT PACKING pc=0x00000297328c9d34 sp=0x000000a067bfcbe0
Event: 130.601 Thread 0x0000029742afd000 DEOPT UNPACKING pc=0x000002972adda1af sp=0x000000a067bfcbb8 mode 2

Classes redefined (0 events):
No events

Internal exceptions (20 events):
Event: 57.458 Thread 0x00000297225ec800 Exception <a 'java/lang/NoSuchMethodError'{0x0000000083bc2e78}: 'java.lang.Object java.lang.invoke.DirectMethodHandle$Holder.invokeStaticInit(java.lang.Object, int, int, int, int)'> (0x0000000083bc2e78) thrown at [./src/hotspot/share/interpreter/linkResolver.cpp, line 773]
Event: 78.026 Thread 0x00000297225ec800 Exception <a 'java/lang/NoSuchMethodError'{0x0000000083a564a0}: 'java.lang.Object java.lang.invoke.DirectMethodHandle$Holder.invokeStaticInit(java.lang.Object, java.lang.Object, int, int, int, int)'> (0x0000000083a564a0) thrown at [./src/hotspot/share/interpreter/linkResolver.cpp, line 773]
Event: 115.455 Thread 0x00000297225ec800 Exception <a 'java/lang/NoSuchMethodError'{0x00000000838a7438}: 'void java.lang.invoke.DirectMethodHandle$Holder.invokeSpecial(java.lang.Object, java.lang.Object)'> (0x00000000838a7438) thrown at [./src/hotspot/share/interpreter/linkResolver.cpp, line 773]
Event: 115.465 Thread 0x00000297225ec800 Exception <a 'java/io/IOException'{0x00000000838c08c0}> (0x00000000838c08c0) thrown at [./src/hotspot/share/prims/jni.cpp, line 617]
Event: 124.174 Thread 0x0000029742afd000 Exception <a 'java/lang/NoSuchMethodError'{0x0000000087d4dc68}: 'long java.lang.invoke.DirectMethodHandle$Holder.invokeInterface(java.lang.Object, java.lang.Object)'> (0x0000000087d4dc68) thrown at [./src/hotspot/share/interpreter/linkResolver.cpp, line 773]
Event: 124.255 Thread 0x0000029742afd000 Exception <a 'java/lang/NoSuchMethodError'{0x0000000087ddd860}: 'java.lang.Object java.lang.invoke.DirectMethodHandle$Holder.invokeVirtual(java.lang.Object, java.lang.Object, java.lang.Object)'> (0x0000000087ddd860) thrown at [./src/hotspot/share/interpreter/linkResolver.cpp, line 773]
Event: 126.252 Thread 0x0000029742afd000 Exception <a 'java/lang/NoSuchMethodError'{0x000000008739bea8}: 'java.lang.Object java.lang.invoke.Invokers$Holder.linkToTargetMethod(java.lang.Object, java.lang.Object, java.lang.Object, java.lang.Object, java.lang.Object, java.lang.Object)'> (0x000000008739bea8) thrown at [./src/hotspot/share/interpreter/linkResolver.cpp, line 773]
Event: 126.256 Thread 0x0000029742afd000 Exception <a 'java/lang/NoSuchMethodError'{0x00000000873c9c58}: 'void java.lang.invoke.DirectMethodHandle$Holder.invokeSpecial(java.lang.Object, java.lang.Object, java.lang.Object, java.lang.Object, java.lang.Object, java.lang.Object)'> (0x00000000873c9c58) thrown at [./src/hotspot/share/interpreter/linkResolver.cpp, line 773]
Event: 126.312 Thread 0x0000029742afd000 Exception <a 'java/lang/NoSuchMethodError'{0x00000000873f7d18}: 'java.lang.Object java.lang.invoke.DirectMethodHandle$Holder.invokeSpecial(java.lang.Object, java.lang.Object, java.lang.Object, java.lang.Object, java.lang.Object, java.lang.Object, java.lang.Object, java.lang.Object, int, int)'> (0x00000000873f7d18) thrown at [./src/hotspot/share/interpreter/linkResolver.cpp, line 773]
Event: 126.418 Thread 0x0000029742afd000 Exception <a 'java/lang/NoSuchMethodError'{0x000000008711e550}: 'java.lang.Object java.lang.invoke.DirectMethodHandle$Holder.invokeStatic(java.lang.Object, java.lang.Object, java.lang.Object, int, java.lang.Object, java.lang.Object)'> (0x000000008711e550) thrown at [./src/hotspot/share/interpreter/linkResolver.cpp, line 773]
Event: 126.419 Thread 0x0000029742afd000 Exception <a 'java/lang/NoSuchMethodError'{0x00000000871259b8}: 'java.lang.Object java.lang.invoke.Invokers$Holder.linkToTargetMethod(java.lang.Object, java.lang.Object, int, java.lang.Object, java.lang.Object, java.lang.Object)'> (0x00000000871259b8) thrown at [./src/hotspot/share/interpreter/linkResolver.cpp, line 773]
Event: 126.690 Thread 0x0000029742afd000 Exception <a 'java/lang/NoSuchMethodError'{0x0000000086f6bfa8}: 'void java.lang.invoke.DelegatingMethodHandle$Holder.reinvoke_L(java.lang.Object, java.lang.Object, java.lang.Object, java.lang.Object, java.lang.Object, java.lang.Object, java.lang.Object, java.lang.Object, java.lang.Object, java.lang.Object, java.lang.Object)'> (0x0000000086f6bfa8) thrown at [./src/hotspot/share/interpreter/linkResolver.cpp, line 773]
Event: 126.690 Thread 0x0000029742afd000 Exception <a 'java/lang/NoSuchMethodError'{0x0000000086f74298}: 'java.lang.Object java.lang.invoke.DirectMethodHandle$Holder.invokeSpecial(java.lang.Object, java.lang.Object, java.lang.Object, java.lang.Object, java.lang.Object, java.lang.Object, java.lang.Object, java.lang.Object, java.lang.Object, java.lang.Object, java.lang.Object)'> (0x0000000086f74298) thrown at [./src/hotspot/share/interpreter/linkResolver.cpp, line 773]
Event: 126.691 Thread 0x0000029742afd000 Exception <a 'java/lang/NoSuchMethodError'{0x0000000086f78a08}: 'java.lang.Object java.lang.invoke.Invokers$Holder.invoker(java.lang.Object, java.lang.Object, java.lang.Object, java.lang.Object, java.lang.Object, java.lang.Object, java.lang.Object, java.lang.Object, java.lang.Object, java.lang.Object, java.lang.Object)'> (0x0000000086f78a08) thrown at [./src/hotspot/share/interpreter/linkResolver.cpp, line 773]
Event: 126.692 Thread 0x0000029742afd000 Exception <a 'java/lang/NoSuchMethodError'{0x0000000086f7da80}: 'java.lang.Object java.lang.invoke.DirectMethodHandle$Holder.invokeSpecial(java.lang.Object, java.lang.Object, java.lang.Object, java.lang.Object, java.lang.Object, java.lang.Object, java.lang.Object, java.lang.Object, java.lang.Object, java.lang.Object, java.lang.Object, java.lang.Object)'> (0x0000000086f7da80) thrown at [./src/hotspot/share/interpreter/linkResolver.cpp, line 773]
Event: 126.856 Thread 0x0000029742afd000 Exception <a 'java/lang/NoSuchMethodError'{0x0000000086edb3e8}: 'java.lang.Object java.lang.invoke.DirectMethodHandle$Holder.invokeSpecial(java.lang.Object, java.lang.Object, java.lang.Object, java.lang.Object, java.lang.Object, java.lang.Object, java.lang.Object, java.lang.Object, java.lang.Object)'> (0x0000000086edb3e8) thrown at [./src/hotspot/share/interpreter/linkResolver.cpp, line 773]
Event: 127.558 Thread 0x0000029742afd000 Exception <a 'java/lang/NoSuchMethodError'{0x00000000867fe8c0}: 'void java.lang.invoke.DirectMethodHandle$Holder.invokeStaticInit(java.lang.Object)'> (0x00000000867fe8c0) thrown at [./src/hotspot/share/interpreter/linkResolver.cpp, line 773]
Event: 127.870 Thread 0x0000029742afd000 Exception <a 'java/lang/NoSuchMethodError'{0x00000000866a1ca8}: 'java.lang.Object java.lang.invoke.DirectMethodHandle$Holder.invokeStatic(java.lang.Object, java.lang.Object, java.lang.Object, int)'> (0x00000000866a1ca8) thrown at [./src/hotspot/share/interpreter/linkResolver.cpp, line 773]
Event: 127.874 Thread 0x0000029742afd000 Exception <a 'java/lang/NoSuchMethodError'{0x00000000866a5e70}: 'java.lang.Object java.lang.invoke.DirectMethodHandle$Holder.invokeSpecial(java.lang.Object, java.lang.Object, java.lang.Object, java.lang.Object, int)'> (0x00000000866a5e70) thrown at [./src/hotspot/share/interpreter/linkResolver.cpp, line 773]
Event: 127.875 Thread 0x0000029742afd000 Exception <a 'java/lang/NoSuchMethodError'{0x00000000866a9858}: 'java.lang.Object java.lang.invoke.Invokers$Holder.linkToTargetMethod(java.lang.Object, java.lang.Object, int, java.lang.Object)'> (0x00000000866a9858) thrown at [./src/hotspot/share/interpreter/linkResolver.cpp, line 773]

Events (20 events):
Event: 131.162 loading class org/gradle/internal/build/BuildState
Event: 131.162 loading class org/gradle/internal/build/BuildState done
Event: 131.162 loading class org/gradle/internal/watch/vfs/BuildLifecycleAwareVirtualFileSystem
Event: 131.162 loading class org/gradle/internal/watch/vfs/BuildLifecycleAwareVirtualFileSystem done
Event: 131.162 loading class org/gradle/internal/watch/vfs/BuildLifecycleAwareVirtualFileSystem
Event: 131.162 loading class org/gradle/internal/watch/vfs/BuildLifecycleAwareVirtualFileSystem done
Event: 131.162 loading class org/gradle/internal/build/BuildAddedListener
Event: 131.162 loading class org/gradle/internal/build/BuildAddedListener done
Event: 131.164 loading class org/gradle/tooling/internal/provider/SubscribableBuildActionExecutor
Event: 131.164 loading class org/gradle/tooling/internal/provider/SubscribableBuildActionExecutor done
Event: 131.164 loading class org/gradle/tooling/internal/provider/continuous/ContinuousBuildActionExecutor
Event: 131.164 loading class org/gradle/tooling/internal/provider/continuous/ContinuousBuildActionExecutor done
Event: 131.166 loading class org/gradle/util/internal/DisconnectableInputStream
Event: 131.166 loading class org/gradle/util/internal/DisconnectableInputStream done
Event: 131.166 loading class org/gradle/util/internal/BulkReadInputStream
Event: 131.166 loading class org/gradle/util/internal/BulkReadInputStream done
Event: 131.167 loading class org/gradle/execution/CancellableOperationManager
Event: 131.167 loading class org/gradle/execution/CancellableOperationManager done
Event: 131.168 loading class org/gradle/launcher/exec/RunAsWorkerThreadBuildActionExecutor
Event: 131.168 loading class org/gradle/launcher/exec/RunAsWorkerThreadBuildActionExecutor done


Dynamic libraries:
0x00007ff63ec50000 - 0x00007ff63ec5d000 	C:\Program Files\Microsoft\jdk-11.0.18.10-hotspot\bin\java.exe
0x00007ffcb5670000 - 0x00007ffcb5868000 	C:\Windows\SYSTEM32\ntdll.dll
0x00007ffcb3c80000 - 0x00007ffcb3d3f000 	C:\Windows\System32\KERNEL32.DLL
0x00007ffcb2e80000 - 0x00007ffcb3176000 	C:\Windows\System32\KERNELBASE.dll
0x00007ffcb3530000 - 0x00007ffcb3630000 	C:\Windows\System32\ucrtbase.dll
0x00007ffc8a080000 - 0x00007ffc8a097000 	C:\Program Files\Microsoft\jdk-11.0.18.10-hotspot\bin\jli.dll
0x00007ffcb5490000 - 0x00007ffcb562d000 	C:\Windows\System32\USER32.dll
0x00007ffcb3450000 - 0x00007ffcb3472000 	C:\Windows\System32\win32u.dll
0x00007ffcb4ab0000 - 0x00007ffcb4adc000 	C:\Windows\System32\GDI32.dll
0x00007ffcb3180000 - 0x00007ffcb3295000 	C:\Windows\System32\gdi32full.dll
0x00007ffcb2d50000 - 0x00007ffcb2ded000 	C:\Windows\System32\msvcp_win.dll
0x00007ffc806e0000 - 0x00007ffc806f5000 	C:\Program Files\Microsoft\jdk-11.0.18.10-hotspot\bin\VCRUNTIME140.dll
0x00007ffc98cc0000 - 0x00007ffc98f5a000 	C:\Windows\WinSxS\amd64_microsoft.windows.common-controls_6595b64144ccf1df_6.0.19041.1110_none_60b5254171f9507e\COMCTL32.dll
0x00007ffcb3780000 - 0x00007ffcb381e000 	C:\Windows\System32\msvcrt.dll
0x00007ffcb3f10000 - 0x00007ffcb3f40000 	C:\Windows\System32\IMM32.DLL
0x00007ffc78960000 - 0x00007ffc789fb000 	C:\Program Files\Microsoft\jdk-11.0.18.10-hotspot\bin\msvcp140.dll
0x00007ffc48110000 - 0x00007ffc48ca2000 	C:\Program Files\Microsoft\jdk-11.0.18.10-hotspot\bin\server\jvm.dll
0x00007ffcb36d0000 - 0x00007ffcb377f000 	C:\Windows\System32\ADVAPI32.dll
0x00007ffcb39a0000 - 0x00007ffcb3a3c000 	C:\Windows\System32\sechost.dll
0x00007ffcb3d40000 - 0x00007ffcb3e66000 	C:\Windows\System32\RPCRT4.dll
0x00007ffcb3c70000 - 0x00007ffcb3c78000 	C:\Windows\System32\PSAPI.DLL
0x00007ffcafc80000 - 0x00007ffcafc89000 	C:\Windows\SYSTEM32\WSOCK32.dll
0x00007ffcb4700000 - 0x00007ffcb476b000 	C:\Windows\System32\WS2_32.dll
0x00007ffca8690000 - 0x00007ffca86b7000 	C:\Windows\SYSTEM32\WINMM.dll
0x00007ffca8ab0000 - 0x00007ffca8aba000 	C:\Windows\SYSTEM32\VERSION.dll
0x00007ffcb1590000 - 0x00007ffcb15a2000 	C:\Windows\SYSTEM32\kernel.appcore.dll
0x00007ffc98f90000 - 0x00007ffc98fa0000 	C:\Program Files\Microsoft\jdk-11.0.18.10-hotspot\bin\verify.dll
0x00007ffcafd90000 - 0x00007ffcaff74000 	C:\Windows\SYSTEM32\DBGHELP.DLL
0x00007ffc99b10000 - 0x00007ffc99b44000 	C:\Windows\SYSTEM32\dbgcore.DLL
0x00007ffcb2df0000 - 0x00007ffcb2e72000 	C:\Windows\System32\bcryptPrimitives.dll
0x00007ffc806b0000 - 0x00007ffc806d8000 	C:\Program Files\Microsoft\jdk-11.0.18.10-hotspot\bin\java.dll
0x00007ffc95220000 - 0x00007ffc9522a000 	C:\Program Files\Microsoft\jdk-11.0.18.10-hotspot\bin\jimage.dll
0x00007ffc80640000 - 0x00007ffc80658000 	C:\Program Files\Microsoft\jdk-11.0.18.10-hotspot\bin\zip.dll
0x00007ffcb3f40000 - 0x00007ffcb4684000 	C:\Windows\System32\SHELL32.dll
0x00007ffcb0d90000 - 0x00007ffcb1524000 	C:\Windows\SYSTEM32\windows.storage.dll
0x00007ffcb4ae0000 - 0x00007ffcb4e34000 	C:\Windows\System32\combase.dll
0x00007ffcb26c0000 - 0x00007ffcb26ee000 	C:\Windows\SYSTEM32\Wldp.dll
0x00007ffcb53e0000 - 0x00007ffcb548d000 	C:\Windows\System32\SHCORE.dll
0x00007ffcb3bb0000 - 0x00007ffcb3c05000 	C:\Windows\System32\shlwapi.dll
0x00007ffcb2c80000 - 0x00007ffcb2ca5000 	C:\Windows\SYSTEM32\profapi.dll
0x00007ffc805e0000 - 0x00007ffc805f9000 	C:\Program Files\Microsoft\jdk-11.0.18.10-hotspot\bin\net.dll
0x00007ffca1400000 - 0x00007ffca150a000 	C:\Windows\SYSTEM32\WINHTTP.dll
0x00007ffcb2420000 - 0x00007ffcb248a000 	C:\Windows\system32\mswsock.dll
0x00007ffc802f0000 - 0x00007ffc80303000 	C:\Program Files\Microsoft\jdk-11.0.18.10-hotspot\bin\nio.dll
0x00007ffcb0640000 - 0x00007ffcb0667000 	C:\Users\MS\.gradle\native\68d5fa5c4cc2d200863cafc0d521ce42e7d3e7ee720ec0a83991735586a16f82\windows-amd64\native-platform.dll
0x00007ffc8ee90000 - 0x00007ffc8efd4000 	C:\Users\MS\.gradle\native\e376f236ea51e6404a007f0833ffe2c6e607c4080706a723a18a27aeea778392\windows-amd64\native-platform-file-events.dll
0x00007ffc8c0b0000 - 0x00007ffc8c0b9000 	C:\Program Files\Microsoft\jdk-11.0.18.10-hotspot\bin\management.dll
0x00007ffc89db0000 - 0x00007ffc89dbb000 	C:\Program Files\Microsoft\jdk-11.0.18.10-hotspot\bin\management_ext.dll
0x00007ffcb2610000 - 0x00007ffcb2628000 	C:\Windows\SYSTEM32\CRYPTSP.dll
0x00007ffcb1d40000 - 0x00007ffcb1d74000 	C:\Windows\system32\rsaenh.dll
0x00007ffcb3630000 - 0x00007ffcb3657000 	C:\Windows\System32\bcrypt.dll
0x00007ffcb2c00000 - 0x00007ffcb2c2e000 	C:\Windows\SYSTEM32\USERENV.dll
0x00007ffcb2630000 - 0x00007ffcb263c000 	C:\Windows\SYSTEM32\CRYPTBASE.dll
0x00007ffcb2110000 - 0x00007ffcb214c000 	C:\Windows\SYSTEM32\IPHLPAPI.DLL
0x00007ffcb4770000 - 0x00007ffcb4778000 	C:\Windows\System32\NSI.dll
0x00007ffca1640000 - 0x00007ffca1657000 	C:\Windows\SYSTEM32\dhcpcsvc6.DLL
0x00007ffca4590000 - 0x00007ffca45ad000 	C:\Windows\SYSTEM32\dhcpcsvc.DLL
0x00007ffcb2150000 - 0x00007ffcb221a000 	C:\Windows\SYSTEM32\DNSAPI.dll

dbghelp: loaded successfully - version: 4.0.5 - missing functions: none
symbol engine: initialized successfully - sym options: 0x614 - pdb path: .;C:\Program Files\Microsoft\jdk-11.0.18.10-hotspot\bin;C:\Windows\SYSTEM32;C:\Windows\WinSxS\amd64_microsoft.windows.common-controls_6595b64144ccf1df_6.0.19041.1110_none_60b5254171f9507e;C:\Program Files\Microsoft\jdk-11.0.18.10-hotspot\bin\server;C:\Users\MS\.gradle\native\68d5fa5c4cc2d200863cafc0d521ce42e7d3e7ee720ec0a83991735586a16f82\windows-amd64;C:\Users\MS\.gradle\native\e376f236ea51e6404a007f0833ffe2c6e607c4080706a723a18a27aeea778392\windows-amd64

VM Arguments:
jvm_args: -XX:MaxMetaspaceSize=512m --add-opens=java.base/java.util=ALL-UNNAMED --add-opens=java.base/java.lang=ALL-UNNAMED --add-opens=java.base/java.lang.invoke=ALL-UNNAMED --add-opens=java.prefs/java.util.prefs=ALL-UNNAMED --add-opens=java.base/java.nio.charset=ALL-UNNAMED --add-opens=java.base/java.net=ALL-UNNAMED --add-opens=java.base/java.util.concurrent.atomic=ALL-UNNAMED -Xmx2048m -Dfile.encoding=windows-1252 -Duser.country=US -Duser.language=en -Duser.variant 
java_command: org.gradle.launcher.daemon.bootstrap.GradleDaemon 8.0.1
java_class_path (initial): C:\Users\MS\.gradle\wrapper\dists\gradle-8.0.1-all\aro4hu1c3oeioove7l0i4i14o\gradle-8.0.1\lib\gradle-launcher-8.0.1.jar
Launcher Type: SUN_STANDARD

[Global flags]
     intx CICompilerCount                          = 3                                         {product} {ergonomic}
   size_t CompressedClassSpaceSize                 = 528482304                                 {product} {ergonomic}
     uint ConcGCThreads                            = 1                                         {product} {ergonomic}
     uint G1ConcRefinementThreads                  = 4                                         {product} {ergonomic}
   size_t G1HeapRegionSize                         = 1048576                                   {product} {ergonomic}
    uintx GCDrainStackTargetSize                   = 64                                        {product} {ergonomic}
   size_t InitialHeapSize                          = 134217728                                 {product} {ergonomic}
   size_t MarkStackSize                            = 4194304                                   {product} {ergonomic}
   size_t MaxHeapSize                              = 2147483648                                {product} {command line}
   size_t MaxMetaspaceSize                         = 536870912                                 {product} {command line}
   size_t MaxNewSize                               = 1287651328                                {product} {ergonomic}
   size_t MinHeapDeltaBytes                        = 1048576                                   {product} {ergonomic}
    uintx NonNMethodCodeHeapSize                   = 5830732                                {pd product} {ergonomic}
    uintx NonProfiledCodeHeapSize                  = 122913754                              {pd product} {ergonomic}
    uintx ProfiledCodeHeapSize                     = 122913754                              {pd product} {ergonomic}
    uintx ReservedCodeCacheSize                    = 251658240                              {pd product} {ergonomic}
     bool SegmentedCodeCache                       = true                                      {product} {ergonomic}
     bool UseCompressedClassPointers               = true                                 {lp64_product} {ergonomic}
     bool UseCompressedOops                        = true                                 {lp64_product} {ergonomic}
     bool UseG1GC                                  = true                                      {product} {ergonomic}
     bool UseLargePagesIndividualAllocation        = false                                  {pd product} {ergonomic}

Logging:
Log output configuration:
 #0: stdout all=warning uptime,level,tags
 #1: stderr all=off uptime,level,tags

Environment Variables:
JAVA_HOME=C:\Program Files\Microsoft\jdk-11.0.18.10-hotspot\
CLASSPATH=D:\React Native\App\android\\gradle\wrapper\gradle-wrapper.jar
PATH=D:\React Native\App\node_modules\.bin;D:\React Native\App\node_modules\.bin;D:\React Native\node_modules\.bin;D:\node_modules\.bin;C:\Users\MS\AppData\Roaming\npm\node_modules\npm\node_modules\@npmcli\run-script\lib\node-gyp-bin;D:\React Native\App\node_modules\.bin;D:\React Native\node_modules\.bin;D:\node_modules\.bin;C:\Users\MS\AppData\Roaming\npm\node_modules\npm\node_modules\@npmcli\run-script\lib\node-gyp-bin;C:\Program Files\Microsoft\jdk-11.0.18.10-hotspot\bin;C:\Windows\system32;C:\Windows;C:\Windows\System32\Wbem;C:\Windows\System32\WindowsPowerShell\v1.0\;C:\Windows\System32\OpenSSH\;C:\ProgramData\chocolatey\bin;C:\Program Files\nodejs\;C:\platform-tools;C:\Users\MS\AppData\Local\Microsoft\WindowsApps;C:\Users\MS\AppData\Roaming\npm;C:\Users\MS\AppData\Local\Programs\Microsoft VS Code\bin
USERNAME=MS
OS=Windows_NT
PROCESSOR_IDENTIFIER=Intel64 Family 6 Model 78 Stepping 3, GenuineIntel
TMP=C:\Users\MS\AppData\Local\Temp
TEMP=C:\Users\MS\AppData\Local\Temp



---------------  S Y S T E M  ---------------

OS: Windows 10 , 64 bit Build 19041 (10.0.19041.3155)
OS uptime: 1 days 16:14 hours

CPU:total 4 (initial active 4) (2 cores per cpu, 2 threads per core) family 6 model 78 stepping 3 microcode 0xcc, cmov, cx8, fxsr, mmx, sse, sse2, sse3, ssse3, sse4.1, sse4.2, popcnt, avx, avx2, aes, clmul, erms, rtm, 3dnowpref, lzcnt, ht, tsc, tscinvbit, bmi1, bmi2, adx, fma

Memory: 4k page, system-wide physical 8072M (105M free)
TotalPageFile size 19592M (AvailPageFile size 3M)
current process WorkingSet (physical memory assigned to process): 157M, peak: 166M
current process commit charge ("private bytes"): 241M, peak: 243M

vm_info: OpenJDK 64-Bit Server VM (11.0.18+10-LTS) for windows-amd64 JRE (11.0.18+10-LTS), built on Jan 18 2023 15:56:47 by "MicrosoftCorporation" with MS VC++ 15.9 (VS2017)

END.
