#
# There is insufficient memory for the Java Runtime Environment to continue.
# Native memory allocation (malloc) failed to allocate 313776 bytes for Chunk::new
# Possible reasons:
#   The system is out of physical RAM or swap space
#   The process is running with CompressedOops enabled, and the Java Heap may be blocking the growth of the native heap
# Possible solutions:
#   Reduce memory load on the system
#   Increase physical memory or swap space
#   Check if swap backing store is full
#   Decrease Java heap size (-Xmx/-Xms)
#   Decrease number of Java threads
#   Decrease Java thread stack sizes (-Xss)
#   Set larger code cache with -XX:ReservedCodeCacheSize=
#   JVM is running with Unscaled Compressed Oops mode in which the Java heap is
#     placed in the first 4GB address space. The Java Heap base address is the
#     maximum limit for the native heap growth. Please use -XX:HeapBaseMinAddress
#     to set the Java Heap base and to place the Java Heap above 4GB virtual address.
# This output file may be truncated or incomplete.
#
#  Out of Memory Error (./src/hotspot/share/memory/arena.cpp:197), pid=17020, tid=18300
#
# JRE version: OpenJDK Runtime Environment Microsoft-7208460 (11.0.18+10) (build 11.0.18+10-LTS)
# Java VM: OpenJDK 64-Bit Server VM Microsoft-7208460 (11.0.18+10-LTS, mixed mode, tiered, compressed oops, g1 gc, windows-amd64)
# No core dump will be written. Minidumps are not enabled by default on client versions of Windows
#

---------------  S U M M A R Y ------------

Command Line: -XX:MaxMetaspaceSize=512m --add-opens=java.base/java.util=ALL-UNNAMED --add-opens=java.base/java.lang=ALL-UNNAMED --add-opens=java.base/java.lang.invoke=ALL-UNNAMED --add-opens=java.prefs/java.util.prefs=ALL-UNNAMED --add-opens=java.base/java.nio.charset=ALL-UNNAMED --add-opens=java.base/java.net=ALL-UNNAMED --add-opens=java.base/java.util.concurrent.atomic=ALL-UNNAMED -Xmx2048m -Dfile.encoding=windows-1252 -Duser.country=US -Duser.language=en -Duser.variant org.gradle.launcher.daemon.bootstrap.GradleDaemon 8.0.1

Host: Intel(R) Core(TM) i5-6300U CPU @ 2.40GHz, 4 cores, 7G,  Windows 10 , 64 bit Build 19041 (10.0.19041.3155)
Time: Tue Sep 26 03:46:07 2023 Pacific Daylight Time elapsed time: 172.616716 seconds (0d 0h 2m 52s)

---------------  T H R E A D  ---------------

Current thread (0x0000026667433800):  JavaThread "C2 CompilerThread0" daemon [_thread_in_native, id=18300, stack(0x000000fd1ce00000,0x000000fd1cf00000)]


Current CompileTask:
C2: 172616 3177       4       java.lang.invoke.MethodType::makeImpl (108 bytes)

Stack: [0x000000fd1ce00000,0x000000fd1cf00000]
Native frames: (J=compiled Java code, j=interpreted, Vv=VM code, C=native code)
V  [jvm.dll+0x62bf8a]
V  [jvm.dll+0x7b8fb9]
V  [jvm.dll+0x7ba6a8]
V  [jvm.dll+0x7bad83]
V  [jvm.dll+0x250248]
V  [jvm.dll+0xc260c]
V  [jvm.dll+0xc2bcc]
V  [jvm.dll+0x5190fb]
V  [jvm.dll+0x32a3a2]
V  [jvm.dll+0x3296aa]
V  [jvm.dll+0x2093b3]
V  [jvm.dll+0x20850d]
V  [jvm.dll+0x18a4b1]
V  [jvm.dll+0x217eec]
V  [jvm.dll+0x21612b]
V  [jvm.dll+0x77bac0]
V  [jvm.dll+0x7749f4]
V  [jvm.dll+0x62adf5]
C  [ucrtbase.dll+0x21bb2]
C  [KERNEL32.DLL+0x17614]
C  [ntdll.dll+0x526b1]


---------------  P R O C E S S  ---------------

Threads class SMR info:
_java_thread_list=0x0000026669a1d280, length=32, elements={
0x000002664825d800, 0x0000026666abc800, 0x0000026666abd800, 0x0000026666b21000,
0x0000026666b22000, 0x0000026667430800, 0x0000026667433800, 0x0000026667434800,
0x000002666749a000, 0x000002666758c800, 0x000002666898f800, 0x000002666a3f0800,
0x00000266682d0800, 0x000002666897b000, 0x000002666a918800, 0x0000026668132000,
0x0000026669d5b800, 0x000002666a764000, 0x0000026668c8d000, 0x00000266688fe000,
0x0000026668a82800, 0x0000026668a88000, 0x0000026668a85000, 0x0000026668a86800,
0x0000026668a87800, 0x0000026668a89000, 0x0000026668a83800, 0x0000026668a84000,
0x0000026668a86000, 0x000002666990c000, 0x000002666990b000, 0x000002666990d800
}

Java Threads: ( => current thread )
  0x000002664825d800 JavaThread "main" [_thread_blocked, id=17916, stack(0x000000fd1c200000,0x000000fd1c300000)]
  0x0000026666abc800 JavaThread "Reference Handler" daemon [_thread_blocked, id=18204, stack(0x000000fd1c900000,0x000000fd1ca00000)]
  0x0000026666abd800 JavaThread "Finalizer" daemon [_thread_blocked, id=13632, stack(0x000000fd1ca00000,0x000000fd1cb00000)]
  0x0000026666b21000 JavaThread "Signal Dispatcher" daemon [_thread_blocked, id=18220, stack(0x000000fd1cb00000,0x000000fd1cc00000)]
  0x0000026666b22000 JavaThread "Attach Listener" daemon [_thread_blocked, id=18240, stack(0x000000fd1cc00000,0x000000fd1cd00000)]
  0x0000026667430800 JavaThread "Service Thread" daemon [_thread_blocked, id=20900, stack(0x000000fd1cd00000,0x000000fd1ce00000)]
=>0x0000026667433800 JavaThread "C2 CompilerThread0" daemon [_thread_in_native, id=18300, stack(0x000000fd1ce00000,0x000000fd1cf00000)]
  0x0000026667434800 JavaThread "C1 CompilerThread0" daemon [_thread_blocked, id=18324, stack(0x000000fd1cf00000,0x000000fd1d000000)]
  0x000002666749a000 JavaThread "Sweeper thread" daemon [_thread_blocked, id=20872, stack(0x000000fd1d000000,0x000000fd1d100000)]
  0x000002666758c800 JavaThread "Common-Cleaner" daemon [_thread_blocked, id=20768, stack(0x000000fd1d100000,0x000000fd1d200000)]
  0x000002666898f800 JavaThread "Daemon health stats" [_thread_blocked, id=16076, stack(0x000000fd1d500000,0x000000fd1d600000)]
  0x000002666a3f0800 JavaThread "Incoming local TCP Connector on port 57333" [_thread_in_native, id=13672, stack(0x000000fd1d800000,0x000000fd1d900000)]
  0x00000266682d0800 JavaThread "Daemon periodic checks" [_thread_blocked, id=18912, stack(0x000000fd1c000000,0x000000fd1c100000)]
  0x000002666897b000 JavaThread "Daemon" [_thread_blocked, id=10348, stack(0x000000fd1c100000,0x000000fd1c200000)]
  0x000002666a918800 JavaThread "Handler for socket connection from /127.0.0.1:57333 to /127.0.0.1:57345" [_thread_in_native, id=15872, stack(0x000000fd1d900000,0x000000fd1da00000)]
  0x0000026668132000 JavaThread "Cancel handler" [_thread_blocked, id=12584, stack(0x000000fd1da00000,0x000000fd1db00000)]
  0x0000026669d5b800 JavaThread "Daemon worker" [_thread_in_native, id=14076, stack(0x000000fd1db00000,0x000000fd1dc00000)]
  0x000002666a764000 JavaThread "Asynchronous log dispatcher for DefaultDaemonConnection: socket connection from /127.0.0.1:57333 to /127.0.0.1:57345" [_thread_blocked, id=16380, stack(0x000000fd1dc00000,0x000000fd1dd00000)]
  0x0000026668c8d000 JavaThread "Stdin handler" [_thread_blocked, id=16180, stack(0x000000fd1dd00000,0x000000fd1de00000)]
  0x00000266688fe000 JavaThread "Daemon client event forwarder" [_thread_blocked, id=1572, stack(0x000000fd1de00000,0x000000fd1df00000)]
  0x0000026668a82800 JavaThread "Cache worker for journal cache (C:\Users\MS\.gradle\caches\journal-1)" [_thread_blocked, id=8916, stack(0x000000fd1e000000,0x000000fd1e100000)]
  0x0000026668a88000 JavaThread "File lock request listener" [_thread_in_native, id=15508, stack(0x000000fd1e100000,0x000000fd1e200000)]
  0x0000026668a85000 JavaThread "File lock release action executor" [_thread_blocked, id=8228, stack(0x000000fd1e200000,0x000000fd1e300000)]
  0x0000026668a86800 JavaThread "Cache worker for file hash cache (C:\Users\MS\.gradle\caches\8.0.1\fileHashes)" [_thread_blocked, id=16096, stack(0x000000fd1e300000,0x000000fd1e400000)]
  0x0000026668a87800 JavaThread "File watcher server" daemon [_thread_in_native, id=18372, stack(0x000000fd1e400000,0x000000fd1e500000)]
  0x0000026668a89000 JavaThread "File watcher consumer" daemon [_thread_blocked, id=19452, stack(0x000000fd1e500000,0x000000fd1e600000)]
  0x0000026668a83800 JavaThread "Cache worker for checksums cache (D:\React Native\App\android\.gradle\8.0.1\checksums)" [_thread_blocked, id=18692, stack(0x000000fd1e600000,0x000000fd1e700000)]
  0x0000026668a84000 JavaThread "Cache worker for cache directory md-rule (C:\Users\MS\.gradle\caches\8.0.1\md-rule)" [_thread_blocked, id=2748, stack(0x000000fd1e700000,0x000000fd1e800000)]
  0x0000026668a86000 JavaThread "Cache worker for file content cache (C:\Users\MS\.gradle\caches\8.0.1\fileContent)" [_thread_blocked, id=15744, stack(0x000000fd1e800000,0x000000fd1e900000)]
  0x000002666990c000 JavaThread "Cache worker for file hash cache (D:\React Native\App\android\.gradle\8.0.1\fileHashes)" [_thread_blocked, id=4040, stack(0x000000fd1e900000,0x000000fd1ea00000)]
  0x000002666990b000 JavaThread "Cache worker for cache directory md-supplier (C:\Users\MS\.gradle\caches\8.0.1\md-supplier)" [_thread_blocked, id=20672, stack(0x000000fd1ea00000,0x000000fd1eb00000)]
  0x000002666990d800 JavaThread "Cache worker for execution history cache (C:\Users\MS\.gradle\caches\8.0.1\executionHistory)" [_thread_blocked, id=20204, stack(0x000000fd1eb00000,0x000000fd1ec00000)]

Other Threads:
  0x0000026666abb000 VMThread "VM Thread" [stack: 0x000000fd1c800000,0x000000fd1c900000] [id=10976]
  0x00000266675c2000 WatcherThread [stack: 0x000000fd1d200000,0x000000fd1d300000] [id=20932]
  0x0000026648276800 GCTaskThread "GC Thread#0" [stack: 0x000000fd1c300000,0x000000fd1c400000] [id=18012]
  0x0000026667915800 GCTaskThread "GC Thread#1" [stack: 0x000000fd1d300000,0x000000fd1d400000] [id=14088]
  0x0000026667916000 GCTaskThread "GC Thread#2" [stack: 0x000000fd1d400000,0x000000fd1d500000] [id=236]
  0x000002666767d800 GCTaskThread "GC Thread#3" [stack: 0x000000fd1df00000,0x000000fd1e000000] [id=16192]
  0x00000266482a8800 ConcurrentGCThread "G1 Main Marker" [stack: 0x000000fd1c400000,0x000000fd1c500000] [id=17992]
  0x00000266482aa000 ConcurrentGCThread "G1 Conc#0" [stack: 0x000000fd1c500000,0x000000fd1c600000] [id=20744]
  0x0000026648336000 ConcurrentGCThread "G1 Refine#0" [stack: 0x000000fd1c600000,0x000000fd1c700000] [id=18116]
  0x0000026648337000 ConcurrentGCThread "G1 Young RemSet Sampling" [stack: 0x000000fd1c700000,0x000000fd1c800000] [id=18144]

Threads with active compile tasks:
C2 CompilerThread0   172679 3177       4       java.lang.invoke.MethodType::makeImpl (108 bytes)

VM state:not at safepoint (normal execution)

VM Mutex/Monitor currently owned by a thread: None

Heap address: 0x0000000080000000, size: 2048 MB, Compressed Oops mode: 32-bit
Narrow klass base: 0x0000000000000000, Narrow klass shift: 3
Compressed class space size: 528482304 Address: 0x0000000100000000

Heap:
 garbage-first heap   total 131072K, used 25876K [0x0000000080000000, 0x0000000100000000)
  region size 1024K, 10 young (10240K), 7 survivors (7168K)
 Metaspace       used 36111K, capacity 37002K, committed 37328K, reserved 548864K
  class space    used 4607K, capacity 4949K, committed 4992K, reserved 516096K
Heap Regions: E=young(eden), S=young(survivor), O=old, HS=humongous(starts), HC=humongous(continues), CS=collection set, F=free, A=archive, TAMS=top-at-mark-start (previous, next)
|   0|0x0000000080000000, 0x0000000080100000, 0x0000000080100000|100%| O|  |TAMS 0x0000000080100000, 0x0000000080000000| Untracked 
|   1|0x0000000080100000, 0x0000000080200000, 0x0000000080200000|100%| O|  |TAMS 0x0000000080200000, 0x0000000080100000| Untracked 
|   2|0x0000000080200000, 0x0000000080300000, 0x0000000080300000|100%| O|  |TAMS 0x0000000080300000, 0x0000000080200000| Untracked 
|   3|0x0000000080300000, 0x0000000080400000, 0x0000000080400000|100%|HS|  |TAMS 0x0000000080400000, 0x0000000080300000| Complete 
|   4|0x0000000080400000, 0x0000000080500000, 0x0000000080500000|100%|HC|  |TAMS 0x0000000080500000, 0x0000000080400000| Complete 
|   5|0x0000000080500000, 0x0000000080600000, 0x0000000080600000|100%|HC|  |TAMS 0x0000000080600000, 0x0000000080500000| Complete 
|   6|0x0000000080600000, 0x0000000080700000, 0x0000000080700000|100%|HC|  |TAMS 0x0000000080700000, 0x0000000080600000| Complete 
|   7|0x0000000080700000, 0x0000000080800000, 0x0000000080800000|100%| O|  |TAMS 0x0000000080800000, 0x0000000080700000| Untracked 
|   8|0x0000000080800000, 0x0000000080900000, 0x0000000080900000|100%| O|  |TAMS 0x0000000080900000, 0x0000000080800000| Untracked 
|   9|0x0000000080900000, 0x0000000080a00000, 0x0000000080a00000|100%| O|  |TAMS 0x0000000080a00000, 0x0000000080900000| Untracked 
|  10|0x0000000080a00000, 0x0000000080b00000, 0x0000000080b00000|100%| O|  |TAMS 0x0000000080b00000, 0x0000000080a00000| Untracked 
|  11|0x0000000080b00000, 0x0000000080c00000, 0x0000000080c00000|100%| O|  |TAMS 0x0000000080c00000, 0x0000000080b00000| Untracked 
|  12|0x0000000080c00000, 0x0000000080d00000, 0x0000000080d00000|100%| O|  |TAMS 0x0000000080d00000, 0x0000000080c00000| Untracked 
|  13|0x0000000080d00000, 0x0000000080e00000, 0x0000000080e00000|100%| O|  |TAMS 0x0000000080e00000, 0x0000000080d00000| Untracked 
|  14|0x0000000080e00000, 0x0000000080f00000, 0x0000000080f00000|100%| O|  |TAMS 0x0000000080f00000, 0x0000000080e00000| Untracked 
|  15|0x0000000080f00000, 0x0000000081000000, 0x0000000081000000|100%| O|  |TAMS 0x0000000081000000, 0x0000000080f00000| Untracked 
|  16|0x0000000081000000, 0x0000000081100000, 0x0000000081100000|100%| O|  |TAMS 0x0000000081100000, 0x0000000081000000| Untracked 
|  17|0x0000000081100000, 0x0000000081117600, 0x0000000081200000|  9%| O|  |TAMS 0x0000000081117600, 0x0000000081100000| Untracked 
|  18|0x0000000081200000, 0x0000000081200000, 0x0000000081300000|  0%| F|  |TAMS 0x0000000081200000, 0x0000000081200000| Untracked 
|  19|0x0000000081300000, 0x0000000081300000, 0x0000000081400000|  0%| F|  |TAMS 0x0000000081300000, 0x0000000081300000| Untracked 
|  20|0x0000000081400000, 0x0000000081400000, 0x0000000081500000|  0%| F|  |TAMS 0x0000000081400000, 0x0000000081400000| Untracked 
|  21|0x0000000081500000, 0x0000000081500000, 0x0000000081600000|  0%| F|  |TAMS 0x0000000081500000, 0x0000000081500000| Untracked 
|  22|0x0000000081600000, 0x0000000081600000, 0x0000000081700000|  0%| F|  |TAMS 0x0000000081600000, 0x0000000081600000| Untracked 
|  23|0x0000000081700000, 0x0000000081700000, 0x0000000081800000|  0%| F|  |TAMS 0x0000000081700000, 0x0000000081700000| Untracked 
|  24|0x0000000081800000, 0x0000000081800000, 0x0000000081900000|  0%| F|  |TAMS 0x0000000081800000, 0x0000000081800000| Untracked 
|  25|0x0000000081900000, 0x0000000081900000, 0x0000000081a00000|  0%| F|  |TAMS 0x0000000081900000, 0x0000000081900000| Untracked 
|  26|0x0000000081a00000, 0x0000000081a00000, 0x0000000081b00000|  0%| F|  |TAMS 0x0000000081a00000, 0x0000000081a00000| Untracked 
|  27|0x0000000081b00000, 0x0000000081b00000, 0x0000000081c00000|  0%| F|  |TAMS 0x0000000081b00000, 0x0000000081b00000| Untracked 
|  28|0x0000000081c00000, 0x0000000081c00000, 0x0000000081d00000|  0%| F|  |TAMS 0x0000000081c00000, 0x0000000081c00000| Untracked 
|  29|0x0000000081d00000, 0x0000000081d00000, 0x0000000081e00000|  0%| F|  |TAMS 0x0000000081d00000, 0x0000000081d00000| Untracked 
|  30|0x0000000081e00000, 0x0000000081e00000, 0x0000000081f00000|  0%| F|  |TAMS 0x0000000081e00000, 0x0000000081e00000| Untracked 
|  31|0x0000000081f00000, 0x0000000081f00000, 0x0000000082000000|  0%| F|  |TAMS 0x0000000081f00000, 0x0000000081f00000| Untracked 
|  32|0x0000000082000000, 0x0000000082000000, 0x0000000082100000|  0%| F|  |TAMS 0x0000000082000000, 0x0000000082000000| Untracked 
|  33|0x0000000082100000, 0x0000000082100000, 0x0000000082200000|  0%| F|  |TAMS 0x0000000082100000, 0x0000000082100000| Untracked 
|  34|0x0000000082200000, 0x0000000082200000, 0x0000000082300000|  0%| F|  |TAMS 0x0000000082200000, 0x0000000082200000| Untracked 
|  35|0x0000000082300000, 0x0000000082300000, 0x0000000082400000|  0%| F|  |TAMS 0x0000000082300000, 0x0000000082300000| Untracked 
|  36|0x0000000082400000, 0x0000000082400000, 0x0000000082500000|  0%| F|  |TAMS 0x0000000082400000, 0x0000000082400000| Untracked 
|  37|0x0000000082500000, 0x0000000082500000, 0x0000000082600000|  0%| F|  |TAMS 0x0000000082500000, 0x0000000082500000| Untracked 
|  38|0x0000000082600000, 0x0000000082600000, 0x0000000082700000|  0%| F|  |TAMS 0x0000000082600000, 0x0000000082600000| Untracked 
|  39|0x0000000082700000, 0x0000000082700000, 0x0000000082800000|  0%| F|  |TAMS 0x0000000082700000, 0x0000000082700000| Untracked 
|  40|0x0000000082800000, 0x0000000082800000, 0x0000000082900000|  0%| F|  |TAMS 0x0000000082800000, 0x0000000082800000| Untracked 
|  41|0x0000000082900000, 0x0000000082900000, 0x0000000082a00000|  0%| F|  |TAMS 0x0000000082900000, 0x0000000082900000| Untracked 
|  42|0x0000000082a00000, 0x0000000082a00000, 0x0000000082b00000|  0%| F|  |TAMS 0x0000000082a00000, 0x0000000082a00000| Untracked 
|  43|0x0000000082b00000, 0x0000000082b00000, 0x0000000082c00000|  0%| F|  |TAMS 0x0000000082b00000, 0x0000000082b00000| Untracked 
|  44|0x0000000082c00000, 0x0000000082c00000, 0x0000000082d00000|  0%| F|  |TAMS 0x0000000082c00000, 0x0000000082c00000| Untracked 
|  45|0x0000000082d00000, 0x0000000082d00000, 0x0000000082e00000|  0%| F|  |TAMS 0x0000000082d00000, 0x0000000082d00000| Untracked 
|  46|0x0000000082e00000, 0x0000000082e00000, 0x0000000082f00000|  0%| F|  |TAMS 0x0000000082e00000, 0x0000000082e00000| Untracked 
|  47|0x0000000082f00000, 0x0000000082f00000, 0x0000000083000000|  0%| F|  |TAMS 0x0000000082f00000, 0x0000000082f00000| Untracked 
|  48|0x0000000083000000, 0x0000000083000000, 0x0000000083100000|  0%| F|  |TAMS 0x0000000083000000, 0x0000000083000000| Untracked 
|  49|0x0000000083100000, 0x0000000083100000, 0x0000000083200000|  0%| F|  |TAMS 0x0000000083100000, 0x0000000083100000| Untracked 
|  50|0x0000000083200000, 0x0000000083200000, 0x0000000083300000|  0%| F|  |TAMS 0x0000000083200000, 0x0000000083200000| Untracked 
|  51|0x0000000083300000, 0x0000000083300000, 0x0000000083400000|  0%| F|  |TAMS 0x0000000083300000, 0x0000000083300000| Untracked 
|  52|0x0000000083400000, 0x0000000083400000, 0x0000000083500000|  0%| F|  |TAMS 0x0000000083400000, 0x0000000083400000| Untracked 
|  53|0x0000000083500000, 0x0000000083500000, 0x0000000083600000|  0%| F|  |TAMS 0x0000000083500000, 0x0000000083500000| Untracked 
|  54|0x0000000083600000, 0x0000000083600000, 0x0000000083700000|  0%| F|  |TAMS 0x0000000083600000, 0x0000000083600000| Untracked 
|  55|0x0000000083700000, 0x0000000083700000, 0x0000000083800000|  0%| F|  |TAMS 0x0000000083700000, 0x0000000083700000| Untracked 
|  56|0x0000000083800000, 0x0000000083800000, 0x0000000083900000|  0%| F|  |TAMS 0x0000000083800000, 0x0000000083800000| Untracked 
|  57|0x0000000083900000, 0x0000000083900000, 0x0000000083a00000|  0%| F|  |TAMS 0x0000000083900000, 0x0000000083900000| Untracked 
|  58|0x0000000083a00000, 0x0000000083a00000, 0x0000000083b00000|  0%| F|  |TAMS 0x0000000083a00000, 0x0000000083a00000| Untracked 
|  59|0x0000000083b00000, 0x0000000083b00000, 0x0000000083c00000|  0%| F|  |TAMS 0x0000000083b00000, 0x0000000083b00000| Untracked 
|  60|0x0000000083c00000, 0x0000000083c00000, 0x0000000083d00000|  0%| F|  |TAMS 0x0000000083c00000, 0x0000000083c00000| Untracked 
|  61|0x0000000083d00000, 0x0000000083d00000, 0x0000000083e00000|  0%| F|  |TAMS 0x0000000083d00000, 0x0000000083d00000| Untracked 
|  62|0x0000000083e00000, 0x0000000083e00000, 0x0000000083f00000|  0%| F|  |TAMS 0x0000000083e00000, 0x0000000083e00000| Untracked 
|  63|0x0000000083f00000, 0x0000000083f00000, 0x0000000084000000|  0%| F|  |TAMS 0x0000000083f00000, 0x0000000083f00000| Untracked 
|  64|0x0000000084000000, 0x0000000084000000, 0x0000000084100000|  0%| F|  |TAMS 0x0000000084000000, 0x0000000084000000| Untracked 
|  65|0x0000000084100000, 0x0000000084100000, 0x0000000084200000|  0%| F|  |TAMS 0x0000000084100000, 0x0000000084100000| Untracked 
|  66|0x0000000084200000, 0x0000000084200000, 0x0000000084300000|  0%| F|  |TAMS 0x0000000084200000, 0x0000000084200000| Untracked 
|  67|0x0000000084300000, 0x0000000084300000, 0x0000000084400000|  0%| F|  |TAMS 0x0000000084300000, 0x0000000084300000| Untracked 
|  68|0x0000000084400000, 0x0000000084400000, 0x0000000084500000|  0%| F|  |TAMS 0x0000000084400000, 0x0000000084400000| Untracked 
|  69|0x0000000084500000, 0x0000000084500000, 0x0000000084600000|  0%| F|  |TAMS 0x0000000084500000, 0x0000000084500000| Untracked 
|  70|0x0000000084600000, 0x0000000084600000, 0x0000000084700000|  0%| F|  |TAMS 0x0000000084600000, 0x0000000084600000| Untracked 
|  71|0x0000000084700000, 0x0000000084700000, 0x0000000084800000|  0%| F|  |TAMS 0x0000000084700000, 0x0000000084700000| Untracked 
|  72|0x0000000084800000, 0x0000000084800000, 0x0000000084900000|  0%| F|  |TAMS 0x0000000084800000, 0x0000000084800000| Untracked 
|  73|0x0000000084900000, 0x0000000084900000, 0x0000000084a00000|  0%| F|  |TAMS 0x0000000084900000, 0x0000000084900000| Untracked 
|  74|0x0000000084a00000, 0x0000000084a00000, 0x0000000084b00000|  0%| F|  |TAMS 0x0000000084a00000, 0x0000000084a00000| Untracked 
|  75|0x0000000084b00000, 0x0000000084b00000, 0x0000000084c00000|  0%| F|  |TAMS 0x0000000084b00000, 0x0000000084b00000| Untracked 
|  76|0x0000000084c00000, 0x0000000084c00000, 0x0000000084d00000|  0%| F|  |TAMS 0x0000000084c00000, 0x0000000084c00000| Untracked 
|  77|0x0000000084d00000, 0x0000000084d00000, 0x0000000084e00000|  0%| F|  |TAMS 0x0000000084d00000, 0x0000000084d00000| Untracked 
|  78|0x0000000084e00000, 0x0000000084e00000, 0x0000000084f00000|  0%| F|  |TAMS 0x0000000084e00000, 0x0000000084e00000| Untracked 
|  79|0x0000000084f00000, 0x0000000084f00000, 0x0000000085000000|  0%| F|  |TAMS 0x0000000084f00000, 0x0000000084f00000| Untracked 
|  80|0x0000000085000000, 0x0000000085000000, 0x0000000085100000|  0%| F|  |TAMS 0x0000000085000000, 0x0000000085000000| Untracked 
|  81|0x0000000085100000, 0x0000000085100000, 0x0000000085200000|  0%| F|  |TAMS 0x0000000085100000, 0x0000000085100000| Untracked 
|  82|0x0000000085200000, 0x0000000085200000, 0x0000000085300000|  0%| F|  |TAMS 0x0000000085200000, 0x0000000085200000| Untracked 
|  83|0x0000000085300000, 0x0000000085300000, 0x0000000085400000|  0%| F|  |TAMS 0x0000000085300000, 0x0000000085300000| Untracked 
|  84|0x0000000085400000, 0x0000000085400000, 0x0000000085500000|  0%| F|  |TAMS 0x0000000085400000, 0x0000000085400000| Untracked 
|  85|0x0000000085500000, 0x0000000085500000, 0x0000000085600000|  0%| F|  |TAMS 0x0000000085500000, 0x0000000085500000| Untracked 
|  86|0x0000000085600000, 0x0000000085600000, 0x0000000085700000|  0%| F|  |TAMS 0x0000000085600000, 0x0000000085600000| Untracked 
|  87|0x0000000085700000, 0x0000000085700000, 0x0000000085800000|  0%| F|  |TAMS 0x0000000085700000, 0x0000000085700000| Untracked 
|  88|0x0000000085800000, 0x0000000085800000, 0x0000000085900000|  0%| F|  |TAMS 0x0000000085800000, 0x0000000085800000| Untracked 
|  89|0x0000000085900000, 0x0000000085900000, 0x0000000085a00000|  0%| F|  |TAMS 0x0000000085900000, 0x0000000085900000| Untracked 
|  90|0x0000000085a00000, 0x0000000085a00000, 0x0000000085b00000|  0%| F|  |TAMS 0x0000000085a00000, 0x0000000085a00000| Untracked 
|  91|0x0000000085b00000, 0x0000000085b00000, 0x0000000085c00000|  0%| F|  |TAMS 0x0000000085b00000, 0x0000000085b00000| Untracked 
|  92|0x0000000085c00000, 0x0000000085c00000, 0x0000000085d00000|  0%| F|  |TAMS 0x0000000085c00000, 0x0000000085c00000| Untracked 
|  93|0x0000000085d00000, 0x0000000085d00000, 0x0000000085e00000|  0%| F|  |TAMS 0x0000000085d00000, 0x0000000085d00000| Untracked 
|  94|0x0000000085e00000, 0x0000000085e00000, 0x0000000085f00000|  0%| F|  |TAMS 0x0000000085e00000, 0x0000000085e00000| Untracked 
|  95|0x0000000085f00000, 0x0000000085f00000, 0x0000000086000000|  0%| F|  |TAMS 0x0000000085f00000, 0x0000000085f00000| Untracked 
|  96|0x0000000086000000, 0x000000008602dd18, 0x0000000086100000| 17%| S|CS|TAMS 0x0000000086000000, 0x0000000086000000| Complete 
|  97|0x0000000086100000, 0x0000000086200000, 0x0000000086200000|100%| S|CS|TAMS 0x0000000086100000, 0x0000000086100000| Complete 
|  98|0x0000000086200000, 0x0000000086300000, 0x0000000086300000|100%| S|CS|TAMS 0x0000000086200000, 0x0000000086200000| Complete 
|  99|0x0000000086300000, 0x0000000086400000, 0x0000000086400000|100%| S|CS|TAMS 0x0000000086300000, 0x0000000086300000| Complete 
| 100|0x0000000086400000, 0x0000000086500000, 0x0000000086500000|100%| S|CS|TAMS 0x0000000086400000, 0x0000000086400000| Complete 
| 101|0x0000000086500000, 0x0000000086600000, 0x0000000086600000|100%| S|CS|TAMS 0x0000000086500000, 0x0000000086500000| Complete 
| 102|0x0000000086600000, 0x0000000086700000, 0x0000000086700000|100%| S|CS|TAMS 0x0000000086600000, 0x0000000086600000| Complete 
| 103|0x0000000086700000, 0x0000000086700000, 0x0000000086800000|  0%| F|  |TAMS 0x0000000086700000, 0x0000000086700000| Untracked 
| 104|0x0000000086800000, 0x0000000086800000, 0x0000000086900000|  0%| F|  |TAMS 0x0000000086800000, 0x0000000086800000| Untracked 
| 105|0x0000000086900000, 0x0000000086900000, 0x0000000086a00000|  0%| F|  |TAMS 0x0000000086900000, 0x0000000086900000| Untracked 
| 106|0x0000000086a00000, 0x0000000086a00000, 0x0000000086b00000|  0%| F|  |TAMS 0x0000000086a00000, 0x0000000086a00000| Untracked 
| 107|0x0000000086b00000, 0x0000000086b00000, 0x0000000086c00000|  0%| F|  |TAMS 0x0000000086b00000, 0x0000000086b00000| Untracked 
| 108|0x0000000086c00000, 0x0000000086c00000, 0x0000000086d00000|  0%| F|  |TAMS 0x0000000086c00000, 0x0000000086c00000| Untracked 
| 109|0x0000000086d00000, 0x0000000086d00000, 0x0000000086e00000|  0%| F|  |TAMS 0x0000000086d00000, 0x0000000086d00000| Untracked 
| 110|0x0000000086e00000, 0x0000000086e00000, 0x0000000086f00000|  0%| F|  |TAMS 0x0000000086e00000, 0x0000000086e00000| Untracked 
| 111|0x0000000086f00000, 0x0000000086f00000, 0x0000000087000000|  0%| F|  |TAMS 0x0000000086f00000, 0x0000000086f00000| Untracked 
| 112|0x0000000087000000, 0x0000000087000000, 0x0000000087100000|  0%| F|  |TAMS 0x0000000087000000, 0x0000000087000000| Untracked 
| 113|0x0000000087100000, 0x0000000087100000, 0x0000000087200000|  0%| F|  |TAMS 0x0000000087100000, 0x0000000087100000| Untracked 
| 114|0x0000000087200000, 0x0000000087200000, 0x0000000087300000|  0%| F|  |TAMS 0x0000000087200000, 0x0000000087200000| Untracked 
| 115|0x0000000087300000, 0x0000000087300000, 0x0000000087400000|  0%| F|  |TAMS 0x0000000087300000, 0x0000000087300000| Untracked 
| 116|0x0000000087400000, 0x0000000087400000, 0x0000000087500000|  0%| F|  |TAMS 0x0000000087400000, 0x0000000087400000| Untracked 
| 117|0x0000000087500000, 0x0000000087500000, 0x0000000087600000|  0%| F|  |TAMS 0x0000000087500000, 0x0000000087500000| Untracked 
| 118|0x0000000087600000, 0x0000000087600000, 0x0000000087700000|  0%| F|  |TAMS 0x0000000087600000, 0x0000000087600000| Untracked 
| 119|0x0000000087700000, 0x0000000087700000, 0x0000000087800000|  0%| F|  |TAMS 0x0000000087700000, 0x0000000087700000| Untracked 
| 120|0x0000000087800000, 0x0000000087800000, 0x0000000087900000|  0%| F|  |TAMS 0x0000000087800000, 0x0000000087800000| Untracked 
| 121|0x0000000087900000, 0x0000000087900000, 0x0000000087a00000|  0%| F|  |TAMS 0x0000000087900000, 0x0000000087900000| Untracked 
| 122|0x0000000087a00000, 0x0000000087a00000, 0x0000000087b00000|  0%| F|  |TAMS 0x0000000087a00000, 0x0000000087a00000| Untracked 
| 123|0x0000000087b00000, 0x0000000087b00000, 0x0000000087c00000|  0%| F|  |TAMS 0x0000000087b00000, 0x0000000087b00000| Untracked 
| 124|0x0000000087c00000, 0x0000000087c00000, 0x0000000087d00000|  0%| F|  |TAMS 0x0000000087c00000, 0x0000000087c00000| Untracked 
| 125|0x0000000087d00000, 0x0000000087da43a0, 0x0000000087e00000| 64%| E|  |TAMS 0x0000000087d00000, 0x0000000087d00000| Complete 
| 126|0x0000000087e00000, 0x0000000087f00000, 0x0000000087f00000|100%| E|CS|TAMS 0x0000000087e00000, 0x0000000087e00000| Complete 
| 127|0x0000000087f00000, 0x0000000088000000, 0x0000000088000000|100%| E|CS|TAMS 0x0000000087f00000, 0x0000000087f00000| Complete 

Card table byte_map: [0x000002665fde0000,0x00000266601e0000] _byte_map_base: 0x000002665f9e0000

Marking Bits (Prev, Next): (CMBitMap*) 0x000002664829fdb8, (CMBitMap*) 0x000002664829fdf0
 Prev Bits: [0x00000266605e0000, 0x00000266625e0000)
 Next Bits: [0x00000266625e0000, 0x00000266645e0000)

Polling page: 0x0000026646260000

Metaspace:

Usage:
  Non-class:     31.30 MB capacity,    30.77 MB ( 98%) used,   464.15 KB (  1%) free+waste,    84.81 KB ( <1%) overhead. 
      Class:      4.83 MB capacity,     4.50 MB ( 93%) used,   299.42 KB (  6%) free+waste,    41.69 KB ( <1%) overhead. 
       Both:     36.13 MB capacity,    35.27 MB ( 98%) used,   763.57 KB (  2%) free+waste,   126.50 KB ( <1%) overhead. 

Virtual space:
  Non-class space:       32.00 MB reserved,      31.58 MB ( 99%) committed 
      Class space:      504.00 MB reserved,       4.88 MB ( <1%) committed 
             Both:      536.00 MB reserved,      36.45 MB (  7%) committed 

Chunk freelists:
   Non-Class:  59.00 KB
       Class:  11.00 KB
        Both:  70.00 KB

MaxMetaspaceSize: 512.00 MB
CompressedClassSpaceSize: 504.00 MB
Initial GC threshold: 20.80 MB
Current GC threshold: 59.51 MB
CDS: off

CodeHeap 'non-profiled nmethods': size=120064Kb used=1633Kb max_used=1633Kb free=118430Kb
 bounds [0x00000266584a0000, 0x0000026658710000, 0x000002665f9e0000]
CodeHeap 'profiled nmethods': size=120000Kb used=6794Kb max_used=6794Kb free=113205Kb
 bounds [0x0000026650f70000, 0x0000026651620000, 0x00000266584a0000]
CodeHeap 'non-nmethods': size=5696Kb used=1242Kb max_used=1271Kb free=4453Kb
 bounds [0x00000266509e0000, 0x0000026650c50000, 0x0000026650f70000]
 total_blobs=3719 nmethods=3195 adapters=436
 compilation: enabled
              stopped_count=0, restarted_count=0
 full_count=0

Compilation events (20 events):
Event: 172.457 Thread 0x0000026667434800 3196       1       org.codehaus.groovy.reflection.CachedClass::isInterface (5 bytes)
Event: 172.457 Thread 0x0000026667434800 nmethod 3196 0x0000026658637390 code [0x0000026658637540, 0x00000266586375f8]
Event: 172.457 Thread 0x0000026667434800 3198       1       org.codehaus.groovy.reflection.GeneratedMetaMethod::getModifiers (2 bytes)
Event: 172.457 Thread 0x0000026667434800 nmethod 3198 0x0000026658637690 code [0x0000026658637840, 0x00000266586378f8]
Event: 172.459 Thread 0x0000026667434800 3199   !   3       java.lang.ClassValue::initializeMap (46 bytes)
Event: 172.460 Thread 0x0000026667434800 nmethod 3199 0x000002665160fa10 code [0x000002665160fc20, 0x0000026651610138]
Event: 172.460 Thread 0x0000026667434800 3200       3       java.lang.ClassValue$ClassValueMap::<init> (11 bytes)
Event: 172.460 Thread 0x0000026667434800 nmethod 3200 0x0000026651610390 code [0x0000026651610580, 0x0000026651610758]
Event: 172.461 Thread 0x0000026667434800 3201       1       org.codehaus.groovy.reflection.CachedMethod::getDeclaringClass (5 bytes)
Event: 172.461 Thread 0x0000026667434800 nmethod 3201 0x0000026658637990 code [0x0000026658637b40, 0x0000026658637bf8]
Event: 172.462 Thread 0x0000026667434800 3203       3       org.codehaus.groovy.runtime.metaclass.MetaMethodIndex::getOrPutMethods (184 bytes)
Event: 172.463 Thread 0x0000026667434800 nmethod 3203 0x0000026651610890 code [0x0000026651610ae0, 0x00000266516115d8]
Event: 172.463 Thread 0x0000026667434800 3206       3       org.codehaus.groovy.runtime.metaclass.MetaMethodIndex::isMatchingMethod (61 bytes)
Event: 172.463 Thread 0x0000026667434800 nmethod 3206 0x0000026651611990 code [0x0000026651611b80, 0x00000266516120f8]
Event: 172.463 Thread 0x0000026667434800 3202       3       groovy.lang.MetaClassImpl::addToAllMethodsIfPublic (22 bytes)
Event: 172.464 Thread 0x0000026667434800 nmethod 3202 0x0000026651612310 code [0x00000266516124e0, 0x0000026651612858]
Event: 172.464 Thread 0x0000026667434800 3204       1       org.codehaus.groovy.util.FastArray::size (5 bytes)
Event: 172.464 Thread 0x0000026667434800 nmethod 3204 0x0000026658637c90 code [0x0000026658637e40, 0x0000026658637ef8]
Event: 172.464 Thread 0x0000026667434800 3205       1       org.codehaus.groovy.util.FastArray::getArray (5 bytes)
Event: 172.464 Thread 0x0000026667434800 nmethod 3205 0x0000026658637f90 code [0x0000026658638140, 0x00000266586381f8]

GC Heap History (16 events):
Event: 24.141 GC heap before
{Heap before GC invocations=0 (full 0):
 garbage-first heap   total 131072K, used 13312K [0x0000000080000000, 0x0000000100000000)
  region size 1024K, 14 young (14336K), 0 survivors (0K)
 Metaspace       used 6785K, capacity 6989K, committed 7168K, reserved 524288K
  class space    used 573K, capacity 650K, committed 768K, reserved 516096K
}
Event: 24.802 GC heap after
{Heap after GC invocations=1 (full 0):
 garbage-first heap   total 131072K, used 4404K [0x0000000080000000, 0x0000000100000000)
  region size 1024K, 2 young (2048K), 2 survivors (2048K)
 Metaspace       used 6785K, capacity 6989K, committed 7168K, reserved 524288K
  class space    used 573K, capacity 650K, committed 768K, reserved 516096K
}
Event: 35.190 GC heap before
{Heap before GC invocations=1 (full 0):
 garbage-first heap   total 131072K, used 20788K [0x0000000080000000, 0x0000000100000000)
  region size 1024K, 14 young (14336K), 2 survivors (2048K)
 Metaspace       used 9976K, capacity 10182K, committed 10368K, reserved 526336K
  class space    used 1013K, capacity 1102K, committed 1152K, reserved 516096K
}
Event: 35.196 GC heap after
{Heap after GC invocations=2 (full 0):
 garbage-first heap   total 131072K, used 10555K [0x0000000080000000, 0x0000000100000000)
  region size 1024K, 2 young (2048K), 2 survivors (2048K)
 Metaspace       used 9976K, capacity 10182K, committed 10368K, reserved 526336K
  class space    used 1013K, capacity 1102K, committed 1152K, reserved 516096K
}
Event: 48.657 GC heap before
{Heap before GC invocations=2 (full 0):
 garbage-first heap   total 131072K, used 40251K [0x0000000080000000, 0x0000000100000000)
  region size 1024K, 30 young (30720K), 2 survivors (2048K)
 Metaspace       used 10990K, capacity 11263K, committed 11520K, reserved 526336K
  class space    used 1115K, capacity 1206K, committed 1280K, reserved 516096K
}
Event: 48.663 GC heap after
{Heap after GC invocations=3 (full 0):
 garbage-first heap   total 131072K, used 13828K [0x0000000080000000, 0x0000000100000000)
  region size 1024K, 4 young (4096K), 4 survivors (4096K)
 Metaspace       used 10990K, capacity 11263K, committed 11520K, reserved 526336K
  class space    used 1115K, capacity 1206K, committed 1280K, reserved 516096K
}
Event: 128.709 GC heap before
{Heap before GC invocations=3 (full 0):
 garbage-first heap   total 131072K, used 55812K [0x0000000080000000, 0x0000000100000000)
  region size 1024K, 45 young (46080K), 4 survivors (4096K)
 Metaspace       used 18489K, capacity 18887K, committed 18944K, reserved 534528K
  class space    used 2128K, capacity 2276K, committed 2304K, reserved 516096K
}
Event: 128.948 GC heap after
{Heap after GC invocations=4 (full 0):
 garbage-first heap   total 131072K, used 17274K [0x0000000080000000, 0x0000000100000000)
  region size 1024K, 6 young (6144K), 6 survivors (6144K)
 Metaspace       used 18489K, capacity 18887K, committed 18944K, reserved 534528K
  class space    used 2128K, capacity 2276K, committed 2304K, reserved 516096K
}
Event: 136.143 GC heap before
{Heap before GC invocations=4 (full 0):
 garbage-first heap   total 131072K, used 35706K [0x0000000080000000, 0x0000000100000000)
  region size 1024K, 25 young (25600K), 6 survivors (6144K)
 Metaspace       used 20782K, capacity 21163K, committed 21296K, reserved 536576K
  class space    used 2471K, capacity 2618K, committed 2688K, reserved 516096K
}
Event: 136.158 GC heap after
{Heap after GC invocations=5 (full 0):
 garbage-first heap   total 131072K, used 18484K [0x0000000080000000, 0x0000000100000000)
  region size 1024K, 5 young (5120K), 5 survivors (5120K)
 Metaspace       used 20782K, capacity 21163K, committed 21296K, reserved 536576K
  class space    used 2471K, capacity 2618K, committed 2688K, reserved 516096K
}
Event: 150.946 GC heap before
{Heap before GC invocations=6 (full 0):
 garbage-first heap   total 131072K, used 65588K [0x0000000080000000, 0x0000000100000000)
  region size 1024K, 52 young (53248K), 5 survivors (5120K)
 Metaspace       used 24937K, capacity 25464K, committed 25648K, reserved 538624K
  class space    used 3139K, capacity 3351K, committed 3456K, reserved 516096K
}
Event: 150.961 GC heap after
{Heap after GC invocations=7 (full 0):
 garbage-first heap   total 131072K, used 19941K [0x0000000080000000, 0x0000000100000000)
  region size 1024K, 3 young (3072K), 3 survivors (3072K)
 Metaspace       used 24937K, capacity 25464K, committed 25648K, reserved 538624K
  class space    used 3139K, capacity 3351K, committed 3456K, reserved 516096K
}
Event: 165.459 GC heap before
{Heap before GC invocations=7 (full 0):
 garbage-first heap   total 131072K, used 75237K [0x0000000080000000, 0x0000000100000000)
  region size 1024K, 57 young (58368K), 3 survivors (3072K)
 Metaspace       used 30357K, capacity 31163K, committed 31408K, reserved 544768K
  class space    used 3968K, capacity 4278K, committed 4352K, reserved 516096K
}
Event: 165.472 GC heap after
{Heap after GC invocations=8 (full 0):
 garbage-first heap   total 131072K, used 21983K [0x0000000080000000, 0x0000000100000000)
  region size 1024K, 5 young (5120K), 5 survivors (5120K)
 Metaspace       used 30357K, capacity 31163K, committed 31408K, reserved 544768K
  class space    used 3968K, capacity 4278K, committed 4352K, reserved 516096K
}
Event: 171.811 GC heap before
{Heap before GC invocations=8 (full 0):
 garbage-first heap   total 131072K, used 46559K [0x0000000080000000, 0x0000000100000000)
  region size 1024K, 30 young (30720K), 5 survivors (5120K)
 Metaspace       used 34987K, capacity 35796K, committed 35920K, reserved 548864K
  class space    used 4441K, capacity 4781K, committed 4864K, reserved 516096K
}
Event: 171.829 GC heap after
{Heap after GC invocations=9 (full 0):
 garbage-first heap   total 131072K, used 23828K [0x0000000080000000, 0x0000000100000000)
  region size 1024K, 7 young (7168K), 7 survivors (7168K)
 Metaspace       used 34987K, capacity 35796K, committed 35920K, reserved 548864K
  class space    used 4441K, capacity 4781K, committed 4864K, reserved 516096K
}

Deoptimization events (20 events):
Event: 168.256 Thread 0x0000026669d5b800 Uncommon trap: trap_request=0xffffff4d fr.pc=0x000002665858d1d0 relative=0x00000000000001f0
Event: 168.256 Thread 0x0000026669d5b800 Uncommon trap: reason=unstable_if action=reinterpret pc=0x000002665858d1d0 method=java.util.HashMap.putVal(ILjava/lang/Object;Ljava/lang/Object;ZZ)Ljava/lang/Object; @ 162 c2
Event: 168.256 Thread 0x0000026669d5b800 DEOPT PACKING pc=0x000002665858d1d0 sp=0x000000fd1dbfa270
Event: 168.256 Thread 0x0000026669d5b800 DEOPT UNPACKING pc=0x0000026650a2a1af sp=0x000000fd1dbfa1f0 mode 2
Event: 168.861 Thread 0x0000026669d5b800 Uncommon trap: trap_request=0xffffffde fr.pc=0x000002665857f844 relative=0x00000000000012e4
Event: 168.861 Thread 0x0000026669d5b800 Uncommon trap: reason=class_check action=maybe_recompile pc=0x000002665857f844 method=java.io.BufferedInputStream.read([BII)I @ 101 c2
Event: 168.861 Thread 0x0000026669d5b800 DEOPT PACKING pc=0x000002665857f844 sp=0x000000fd1dbf9030
Event: 168.861 Thread 0x0000026669d5b800 DEOPT UNPACKING pc=0x0000026650a2a1af sp=0x000000fd1dbf8ef0 mode 2
Event: 168.861 Thread 0x0000026669d5b800 Uncommon trap: trap_request=0xffffffde fr.pc=0x000002665857f844 relative=0x00000000000012e4
Event: 168.862 Thread 0x0000026669d5b800 Uncommon trap: reason=class_check action=maybe_recompile pc=0x000002665857f844 method=java.io.BufferedInputStream.read([BII)I @ 101 c2
Event: 168.862 Thread 0x0000026669d5b800 DEOPT PACKING pc=0x000002665857f844 sp=0x000000fd1dbf9030
Event: 168.862 Thread 0x0000026669d5b800 DEOPT UNPACKING pc=0x0000026650a2a1af sp=0x000000fd1dbf8ef0 mode 2
Event: 168.862 Thread 0x0000026669d5b800 Uncommon trap: trap_request=0xffffffde fr.pc=0x000002665857f844 relative=0x00000000000012e4
Event: 168.862 Thread 0x0000026669d5b800 Uncommon trap: reason=class_check action=maybe_recompile pc=0x000002665857f844 method=java.io.BufferedInputStream.read([BII)I @ 101 c2
Event: 168.862 Thread 0x0000026669d5b800 DEOPT PACKING pc=0x000002665857f844 sp=0x000000fd1dbf9030
Event: 168.862 Thread 0x0000026669d5b800 DEOPT UNPACKING pc=0x0000026650a2a1af sp=0x000000fd1dbf8ef0 mode 2
Event: 168.863 Thread 0x0000026669d5b800 Uncommon trap: trap_request=0xffffffde fr.pc=0x000002665857f844 relative=0x00000000000012e4
Event: 168.863 Thread 0x0000026669d5b800 Uncommon trap: reason=class_check action=maybe_recompile pc=0x000002665857f844 method=java.io.BufferedInputStream.read([BII)I @ 101 c2
Event: 168.863 Thread 0x0000026669d5b800 DEOPT PACKING pc=0x000002665857f844 sp=0x000000fd1dbf9030
Event: 168.863 Thread 0x0000026669d5b800 DEOPT UNPACKING pc=0x0000026650a2a1af sp=0x000000fd1dbf8ef0 mode 2

Classes redefined (0 events):
No events

Internal exceptions (20 events):
Event: 155.569 Thread 0x0000026669d5b800 Exception <a 'java/lang/NoSuchMethodError'{0x0000000087136218}: 'void java.lang.invoke.DirectMethodHandle$Holder.invokeStatic(java.lang.Object, java.lang.Object, java.lang.Object, java.lang.Object)'> (0x0000000087136218) thrown at [./src/hotspot/share/interpreter/linkResolver.cpp, line 773]
Event: 155.574 Thread 0x0000026669d5b800 Exception <a 'java/lang/NoSuchMethodError'{0x0000000087155320}: 'int java.lang.invoke.DirectMethodHandle$Holder.invokeVirtual(java.lang.Object, java.lang.Object)'> (0x0000000087155320) thrown at [./src/hotspot/share/interpreter/linkResolver.cpp, line 773]
Event: 155.664 Thread 0x0000026669d5b800 Exception <a 'java/lang/NoSuchMethodError'{0x00000000871ba808}: 'int java.lang.invoke.DirectMethodHandle$Holder.invokeVirtual(java.lang.Object, java.lang.Object, java.lang.Object)'> (0x00000000871ba808) thrown at [./src/hotspot/share/interpreter/linkResolver.cpp, line 773]
Event: 158.731 Thread 0x0000026669d5b800 Exception <a 'java/lang/NoSuchMethodError'{0x00000000861ef040}: 'java.lang.Object java.lang.invoke.DirectMethodHandle$Holder.invokeSpecialIFC(java.lang.Object, java.lang.Object, java.lang.Object, java.lang.Object)'> (0x00000000861ef040) thrown at [./src/hotspot/share/interpreter/linkResolver.cpp, line 773]
Event: 162.421 Thread 0x0000026669d5b800 Implicit null exception at 0x000002665857aaf5 to 0x000002665857acbc
Event: 162.421 Thread 0x0000026669d5b800 Implicit null exception at 0x000002665855cd2f to 0x000002665855cd9d
Event: 163.882 Thread 0x0000026669d5b800 Exception <a 'java/lang/NoSuchMethodError'{0x00000000856cc4c0}: 'java.lang.Object java.lang.invoke.DirectMethodHandle$Holder.invokeSpecial(java.lang.Object, java.lang.Object, java.lang.Object, java.lang.Object, java.lang.Object, java.lang.Object, java.lang.Object, java.lang.Object, java.lang.Object, java.lang.Object, java.lang.Object, java.lang.Object, java.lang.Object)'> (0x00000000856cc4c0) thrown at [./src/hotspot/share/interpreter/linkResolver.cpp, line 773]
Event: 163.884 Thread 0x0000026669d5b800 Exception <a 'java/lang/NoSuchMethodError'{0x00000000856dcdb0}: 'java.lang.Object java.lang.invoke.Invokers$Holder.linkToTargetMethod(java.lang.Object, java.lang.Object, java.lang.Object, java.lang.Object, java.lang.Object, java.lang.Object, java.lang.Object, java.lang.Object, java.lang.Object, java.lang.Object, java.lang.Object)'> (0x00000000856dcdb0) thrown at [./src/hotspot/share/interpreter/linkResolver.cpp, line 773]
Event: 163.897 Thread 0x0000026669d5b800 Exception <a 'java/lang/NoSuchMethodError'{0x0000000085574958}: 'java.lang.Object java.lang.invoke.DirectMethodHandle$Holder.invokeSpecial(java.lang.Object, java.lang.Object, java.lang.Object, java.lang.Object, java.lang.Object, java.lang.Object, java.lang.Object, java.lang.Object, java.lang.Object, java.lang.Object, java.lang.Object, java.lang.Object, java.lang.Object, java.lang.Object)'> (0x0000000085574958) thrown at [./src/hotspot/share/interpreter/linkResolver.cpp, line 773]
Event: 164.008 Thread 0x0000026669d5b800 Exception <a 'java/lang/NoSuchMethodError'{0x0000000085586af8}: 'java.lang.Object java.lang.invoke.Invokers$Holder.linkToTargetMethod(java.lang.Object, java.lang.Object, java.lang.Object, java.lang.Object, java.lang.Object, java.lang.Object, java.lang.Object, java.lang.Object, java.lang.Object, java.lang.Object, java.lang.Object, java.lang.Object)'> (0x0000000085586af8) thrown at [./src/hotspot/share/interpreter/linkResolver.cpp, line 773]
Event: 164.473 Thread 0x0000026669d5b800 Exception <a 'java/lang/NoSuchMethodError'{0x0000000085477060}: 'java.lang.Object java.lang.invoke.DirectMethodHandle$Holder.invokeStaticInit(java.lang.Object, java.lang.Object, java.lang.Object, java.lang.Object)'> (0x0000000085477060) thrown at [./src/hotspot/share/interpreter/linkResolver.cpp, line 773]
Event: 167.080 Thread 0x0000026669d5b800 Exception <a 'java/lang/NoSuchMethodError'{0x0000000087bd4450}: 'java.lang.Object java.lang.invoke.Invokers$Holder.linkToTargetMethod(java.lang.Object, java.lang.Object, java.lang.Object, java.lang.Object, java.lang.Object, java.lang.Object, java.lang.Object, java.lang.Object)'> (0x0000000087bd4450) thrown at [./src/hotspot/share/interpreter/linkResolver.cpp, line 773]
Event: 167.369 Thread 0x0000026669d5b800 Exception <a 'java/lang/IncompatibleClassChangeError'{0x0000000087a56430}: Found class java.lang.Object, but interface was expected> (0x0000000087a56430) thrown at [./src/hotspot/share/interpreter/linkResolver.cpp, line 839]
Event: 168.318 Thread 0x0000026669d5b800 Exception <a 'java/lang/NoSuchMethodError'{0x0000000087375f70}: 'java.lang.Object java.lang.invoke.Invokers$Holder.linkToTargetMethod(java.lang.Object, int, int, java.lang.Object)'> (0x0000000087375f70) thrown at [./src/hotspot/share/interpreter/linkResolver.cpp, line 773]
Event: 168.320 Thread 0x0000026669d5b800 Exception <a 'java/lang/NoSuchMethodError'{0x000000008738ca18}: 'java.lang.Object java.lang.invoke.DirectMethodHandle$Holder.invokeStatic(java.lang.Object, java.lang.Object, int, int, java.lang.Object, java.lang.Object)'> (0x000000008738ca18) thrown at [./src/hotspot/share/interpreter/linkResolver.cpp, line 773]
Event: 169.538 Thread 0x0000026669d5b800 Exception <a 'java/lang/NoSuchMethodError'{0x0000000086da9c10}: 'void java.lang.invoke.DirectMethodHandle$Holder.invokeStaticInit(java.lang.Object, java.lang.Object, java.lang.Object)'> (0x0000000086da9c10) thrown at [./src/hotspot/share/interpreter/linkResolver.cpp, line 773]
Event: 169.539 Thread 0x0000026669d5b800 Exception <a 'java/lang/NoSuchMethodError'{0x0000000086db0e28}: 'void java.lang.invoke.DirectMethodHandle$Holder.invokeStaticInit(java.lang.Object, java.lang.Object, java.lang.Object, java.lang.Object)'> (0x0000000086db0e28) thrown at [./src/hotspot/share/interpreter/linkResolver.cpp, line 773]
Event: 169.545 Thread 0x0000026669d5b800 Exception <a 'java/lang/NoSuchMethodError'{0x0000000086dd3690}: 'void java.lang.invoke.DirectMethodHandle$Holder.invokeStaticInit(java.lang.Object, java.lang.Object, java.lang.Object, java.lang.Object, java.lang.Object)'> (0x0000000086dd3690) thrown at [./src/hotspot/share/interpreter/linkResolver.cpp, line 773]
Event: 169.546 Thread 0x0000026669d5b800 Exception <a 'java/lang/NoSuchMethodError'{0x0000000086ddb028}: 'int java.lang.invoke.DirectMethodHandle$Holder.invokeStaticInit(java.lang.Object, java.lang.Object, java.lang.Object)'> (0x0000000086ddb028) thrown at [./src/hotspot/share/interpreter/linkResolver.cpp, line 773]
Event: 170.007 Thread 0x0000026669d5b800 Exception <a 'java/lang/NoSuchMethodError'{0x0000000086c388a8}: 'int java.lang.invoke.DirectMethodHandle$Holder.invokeStaticInit(java.lang.Object, java.lang.Object, java.lang.Object, java.lang.Object)'> (0x0000000086c388a8) thrown at [./src/hotspot/share/interpreter/linkResolver.cpp, line 773]

Events (20 events):
Event: 172.446 loading class org/codehaus/groovy/runtime/metaclass/ClosureMetaMethod
Event: 172.446 loading class org/codehaus/groovy/runtime/metaclass/ClosureMetaMethod done
Event: 172.446 loading class org/codehaus/groovy/runtime/MetaClassHelper
Event: 172.446 loading class org/codehaus/groovy/runtime/MetaClassHelper done
Event: 172.452 loading class org/codehaus/groovy/runtime/metaclass/ClosureMetaMethod$AnonymousMetaMethod
Event: 172.452 loading class org/codehaus/groovy/runtime/metaclass/ClosureMetaMethod$AnonymousMetaMethod done
Event: 172.453 loading class java/lang/reflect/AnnotatedType
Event: 172.454 loading class java/lang/reflect/AnnotatedType done
Event: 172.456 loading class org/codehaus/groovy/reflection/MixinInMetaClass
Event: 172.456 loading class org/codehaus/groovy/reflection/MixinInMetaClass done
Event: 172.457 loading class org/codehaus/groovy/util/ManagedConcurrentMap
Event: 172.457 loading class org/codehaus/groovy/util/ManagedConcurrentMap done
Event: 172.457 loading class org/codehaus/groovy/util/AbstractConcurrentMap
Event: 172.457 loading class org/codehaus/groovy/util/AbstractConcurrentMap done
Event: 172.458 loading class org/codehaus/groovy/util/AbstractConcurrentMapBase
Event: 172.458 loading class org/codehaus/groovy/util/AbstractConcurrentMapBase done
Event: 172.460 loading class org/codehaus/groovy/runtime/callsite/CallSiteArray
Event: 172.460 loading class org/codehaus/groovy/runtime/callsite/CallSiteArray done
Event: 172.463 loading class groovy/lang/MetaClassImpl$1MOPIter
Event: 172.463 loading class groovy/lang/MetaClassImpl$1MOPIter done


Dynamic libraries:
0x00007ff63ec50000 - 0x00007ff63ec5d000 	C:\Program Files\Microsoft\jdk-11.0.18.10-hotspot\bin\java.exe
0x00007ffcb5670000 - 0x00007ffcb5868000 	C:\Windows\SYSTEM32\ntdll.dll
0x00007ffcb3c80000 - 0x00007ffcb3d3f000 	C:\Windows\System32\KERNEL32.DLL
0x00007ffcb2e80000 - 0x00007ffcb3176000 	C:\Windows\System32\KERNELBASE.dll
0x00007ffcb3530000 - 0x00007ffcb3630000 	C:\Windows\System32\ucrtbase.dll
0x00007ffc8a080000 - 0x00007ffc8a097000 	C:\Program Files\Microsoft\jdk-11.0.18.10-hotspot\bin\jli.dll
0x00007ffcb5490000 - 0x00007ffcb562d000 	C:\Windows\System32\USER32.dll
0x00007ffcb3450000 - 0x00007ffcb3472000 	C:\Windows\System32\win32u.dll
0x00007ffcb4ab0000 - 0x00007ffcb4adc000 	C:\Windows\System32\GDI32.dll
0x00007ffcb3180000 - 0x00007ffcb3295000 	C:\Windows\System32\gdi32full.dll
0x00007ffcb2d50000 - 0x00007ffcb2ded000 	C:\Windows\System32\msvcp_win.dll
0x00007ffc806e0000 - 0x00007ffc806f5000 	C:\Program Files\Microsoft\jdk-11.0.18.10-hotspot\bin\VCRUNTIME140.dll
0x00007ffc98cc0000 - 0x00007ffc98f5a000 	C:\Windows\WinSxS\amd64_microsoft.windows.common-controls_6595b64144ccf1df_6.0.19041.1110_none_60b5254171f9507e\COMCTL32.dll
0x00007ffcb3780000 - 0x00007ffcb381e000 	C:\Windows\System32\msvcrt.dll
0x00007ffcb3f10000 - 0x00007ffcb3f40000 	C:\Windows\System32\IMM32.DLL
0x00007ffc78960000 - 0x00007ffc789fb000 	C:\Program Files\Microsoft\jdk-11.0.18.10-hotspot\bin\msvcp140.dll
0x00007ffc48110000 - 0x00007ffc48ca2000 	C:\Program Files\Microsoft\jdk-11.0.18.10-hotspot\bin\server\jvm.dll
0x00007ffcb36d0000 - 0x00007ffcb377f000 	C:\Windows\System32\ADVAPI32.dll
0x00007ffcb39a0000 - 0x00007ffcb3a3c000 	C:\Windows\System32\sechost.dll
0x00007ffcb3d40000 - 0x00007ffcb3e66000 	C:\Windows\System32\RPCRT4.dll
0x00007ffcb3c70000 - 0x00007ffcb3c78000 	C:\Windows\System32\PSAPI.DLL
0x00007ffcafc80000 - 0x00007ffcafc89000 	C:\Windows\SYSTEM32\WSOCK32.dll
0x00007ffcb4700000 - 0x00007ffcb476b000 	C:\Windows\System32\WS2_32.dll
0x00007ffca8690000 - 0x00007ffca86b7000 	C:\Windows\SYSTEM32\WINMM.dll
0x00007ffca8ab0000 - 0x00007ffca8aba000 	C:\Windows\SYSTEM32\VERSION.dll
0x00007ffcb1590000 - 0x00007ffcb15a2000 	C:\Windows\SYSTEM32\kernel.appcore.dll
0x00007ffc98f90000 - 0x00007ffc98fa0000 	C:\Program Files\Microsoft\jdk-11.0.18.10-hotspot\bin\verify.dll
0x00007ffcafd90000 - 0x00007ffcaff74000 	C:\Windows\SYSTEM32\DBGHELP.DLL
0x00007ffc99b10000 - 0x00007ffc99b44000 	C:\Windows\SYSTEM32\dbgcore.DLL
0x00007ffcb2df0000 - 0x00007ffcb2e72000 	C:\Windows\System32\bcryptPrimitives.dll
0x00007ffc806b0000 - 0x00007ffc806d8000 	C:\Program Files\Microsoft\jdk-11.0.18.10-hotspot\bin\java.dll
0x00007ffc95220000 - 0x00007ffc9522a000 	C:\Program Files\Microsoft\jdk-11.0.18.10-hotspot\bin\jimage.dll
0x00007ffc80640000 - 0x00007ffc80658000 	C:\Program Files\Microsoft\jdk-11.0.18.10-hotspot\bin\zip.dll
0x00007ffcb3f40000 - 0x00007ffcb4684000 	C:\Windows\System32\SHELL32.dll
0x00007ffcb0d90000 - 0x00007ffcb1524000 	C:\Windows\SYSTEM32\windows.storage.dll
0x00007ffcb4ae0000 - 0x00007ffcb4e34000 	C:\Windows\System32\combase.dll
0x00007ffcb26c0000 - 0x00007ffcb26ee000 	C:\Windows\SYSTEM32\Wldp.dll
0x00007ffcb53e0000 - 0x00007ffcb548d000 	C:\Windows\System32\SHCORE.dll
0x00007ffcb3bb0000 - 0x00007ffcb3c05000 	C:\Windows\System32\shlwapi.dll
0x00007ffcb2c80000 - 0x00007ffcb2ca5000 	C:\Windows\SYSTEM32\profapi.dll
0x00007ffc805e0000 - 0x00007ffc805f9000 	C:\Program Files\Microsoft\jdk-11.0.18.10-hotspot\bin\net.dll
0x00007ffca1400000 - 0x00007ffca150a000 	C:\Windows\SYSTEM32\WINHTTP.dll
0x00007ffcb2420000 - 0x00007ffcb248a000 	C:\Windows\system32\mswsock.dll
0x00007ffc802f0000 - 0x00007ffc80303000 	C:\Program Files\Microsoft\jdk-11.0.18.10-hotspot\bin\nio.dll
0x00007ffcb0640000 - 0x00007ffcb0667000 	C:\Users\MS\.gradle\native\68d5fa5c4cc2d200863cafc0d521ce42e7d3e7ee720ec0a83991735586a16f82\windows-amd64\native-platform.dll
0x00007ffc8ee90000 - 0x00007ffc8efd4000 	C:\Users\MS\.gradle\native\e376f236ea51e6404a007f0833ffe2c6e607c4080706a723a18a27aeea778392\windows-amd64\native-platform-file-events.dll
0x00007ffc8c0b0000 - 0x00007ffc8c0b9000 	C:\Program Files\Microsoft\jdk-11.0.18.10-hotspot\bin\management.dll
0x00007ffc89db0000 - 0x00007ffc89dbb000 	C:\Program Files\Microsoft\jdk-11.0.18.10-hotspot\bin\management_ext.dll
0x00007ffcb2610000 - 0x00007ffcb2628000 	C:\Windows\SYSTEM32\CRYPTSP.dll
0x00007ffcb1d40000 - 0x00007ffcb1d74000 	C:\Windows\system32\rsaenh.dll
0x00007ffcb3630000 - 0x00007ffcb3657000 	C:\Windows\System32\bcrypt.dll
0x00007ffcb2c00000 - 0x00007ffcb2c2e000 	C:\Windows\SYSTEM32\USERENV.dll
0x00007ffcb2630000 - 0x00007ffcb263c000 	C:\Windows\SYSTEM32\CRYPTBASE.dll
0x00007ffcb2110000 - 0x00007ffcb214c000 	C:\Windows\SYSTEM32\IPHLPAPI.DLL
0x00007ffcb4770000 - 0x00007ffcb4778000 	C:\Windows\System32\NSI.dll
0x00007ffca1640000 - 0x00007ffca1657000 	C:\Windows\SYSTEM32\dhcpcsvc6.DLL
0x00007ffca4590000 - 0x00007ffca45ad000 	C:\Windows\SYSTEM32\dhcpcsvc.DLL
0x00007ffcb2150000 - 0x00007ffcb221a000 	C:\Windows\SYSTEM32\DNSAPI.dll

dbghelp: loaded successfully - version: 4.0.5 - missing functions: none
symbol engine: initialized successfully - sym options: 0x614 - pdb path: .;C:\Program Files\Microsoft\jdk-11.0.18.10-hotspot\bin;C:\Windows\SYSTEM32;C:\Windows\WinSxS\amd64_microsoft.windows.common-controls_6595b64144ccf1df_6.0.19041.1110_none_60b5254171f9507e;C:\Program Files\Microsoft\jdk-11.0.18.10-hotspot\bin\server;C:\Users\MS\.gradle\native\68d5fa5c4cc2d200863cafc0d521ce42e7d3e7ee720ec0a83991735586a16f82\windows-amd64;C:\Users\MS\.gradle\native\e376f236ea51e6404a007f0833ffe2c6e607c4080706a723a18a27aeea778392\windows-amd64

VM Arguments:
jvm_args: -XX:MaxMetaspaceSize=512m --add-opens=java.base/java.util=ALL-UNNAMED --add-opens=java.base/java.lang=ALL-UNNAMED --add-opens=java.base/java.lang.invoke=ALL-UNNAMED --add-opens=java.prefs/java.util.prefs=ALL-UNNAMED --add-opens=java.base/java.nio.charset=ALL-UNNAMED --add-opens=java.base/java.net=ALL-UNNAMED --add-opens=java.base/java.util.concurrent.atomic=ALL-UNNAMED -Xmx2048m -Dfile.encoding=windows-1252 -Duser.country=US -Duser.language=en -Duser.variant 
java_command: org.gradle.launcher.daemon.bootstrap.GradleDaemon 8.0.1
java_class_path (initial): C:\Users\MS\.gradle\wrapper\dists\gradle-8.0.1-all\aro4hu1c3oeioove7l0i4i14o\gradle-8.0.1\lib\gradle-launcher-8.0.1.jar
Launcher Type: SUN_STANDARD

[Global flags]
     intx CICompilerCount                          = 3                                         {product} {ergonomic}
   size_t CompressedClassSpaceSize                 = 528482304                                 {product} {ergonomic}
     uint ConcGCThreads                            = 1                                         {product} {ergonomic}
     uint G1ConcRefinementThreads                  = 4                                         {product} {ergonomic}
   size_t G1HeapRegionSize                         = 1048576                                   {product} {ergonomic}
    uintx GCDrainStackTargetSize                   = 64                                        {product} {ergonomic}
   size_t InitialHeapSize                          = 134217728                                 {product} {ergonomic}
   size_t MarkStackSize                            = 4194304                                   {product} {ergonomic}
   size_t MaxHeapSize                              = 2147483648                                {product} {command line}
   size_t MaxMetaspaceSize                         = 536870912                                 {product} {command line}
   size_t MaxNewSize                               = 1287651328                                {product} {ergonomic}
   size_t MinHeapDeltaBytes                        = 1048576                                   {product} {ergonomic}
    uintx NonNMethodCodeHeapSize                   = 5830732                                {pd product} {ergonomic}
    uintx NonProfiledCodeHeapSize                  = 122913754                              {pd product} {ergonomic}
    uintx ProfiledCodeHeapSize                     = 122913754                              {pd product} {ergonomic}
    uintx ReservedCodeCacheSize                    = 251658240                              {pd product} {ergonomic}
     bool SegmentedCodeCache                       = true                                      {product} {ergonomic}
     bool UseCompressedClassPointers               = true                                 {lp64_product} {ergonomic}
     bool UseCompressedOops                        = true                                 {lp64_product} {ergonomic}
     bool UseG1GC                                  = true                                      {product} {ergonomic}
     bool UseLargePagesIndividualAllocation        = false                                  {pd product} {ergonomic}

Logging:
Log output configuration:
 #0: stdout all=warning uptime,level,tags
 #1: stderr all=off uptime,level,tags

Environment Variables:
JAVA_HOME=C:\Program Files\Microsoft\jdk-11.0.18.10-hotspot\
CLASSPATH=D:\React Native\App\android\\gradle\wrapper\gradle-wrapper.jar
PATH=D:\React Native\App\node_modules\.bin;D:\React Native\App\node_modules\.bin;D:\React Native\node_modules\.bin;D:\node_modules\.bin;C:\Users\MS\AppData\Roaming\npm\node_modules\npm\node_modules\@npmcli\run-script\lib\node-gyp-bin;D:\React Native\App\node_modules\.bin;D:\React Native\node_modules\.bin;D:\node_modules\.bin;C:\Users\MS\AppData\Roaming\npm\node_modules\npm\node_modules\@npmcli\run-script\lib\node-gyp-bin;C:\Program Files\Microsoft\jdk-11.0.18.10-hotspot\bin;C:\Windows\system32;C:\Windows;C:\Windows\System32\Wbem;C:\Windows\System32\WindowsPowerShell\v1.0\;C:\Windows\System32\OpenSSH\;C:\ProgramData\chocolatey\bin;C:\Program Files\nodejs\;C:\platform-tools;C:\Users\MS\AppData\Local\Microsoft\WindowsApps;C:\Users\MS\AppData\Roaming\npm;C:\Users\MS\AppData\Local\Programs\Microsoft VS Code\bin
USERNAME=MS
OS=Windows_NT
PROCESSOR_IDENTIFIER=Intel64 Family 6 Model 78 Stepping 3, GenuineIntel
TMP=C:\Users\MS\AppData\Local\Temp
TEMP=C:\Users\MS\AppData\Local\Temp



---------------  S Y S T E M  ---------------

OS: Windows 10 , 64 bit Build 19041 (10.0.19041.3155)
OS uptime: 1 days 16:14 hours

CPU:total 4 (initial active 4) (2 cores per cpu, 2 threads per core) family 6 model 78 stepping 3 microcode 0xcc, cmov, cx8, fxsr, mmx, sse, sse2, sse3, ssse3, sse4.1, sse4.2, popcnt, avx, avx2, aes, clmul, erms, rtm, 3dnowpref, lzcnt, ht, tsc, tscinvbit, bmi1, bmi2, adx, fma

Memory: 4k page, system-wide physical 8072M (39M free)
TotalPageFile size 19592M (AvailPageFile size 1M)
current process WorkingSet (physical memory assigned to process): 192M, peak: 192M
current process commit charge ("private bytes"): 282M, peak: 283M

vm_info: OpenJDK 64-Bit Server VM (11.0.18+10-LTS) for windows-amd64 JRE (11.0.18+10-LTS), built on Jan 18 2023 15:56:47 by "MicrosoftCorporation" with MS VC++ 15.9 (VS2017)

END.
