#
# There is insufficient memory for the Java Runtime Environment to continue.
# Native memory allocation (malloc) failed to allocate 649456 bytes for Chunk::new
# Possible reasons:
#   The system is out of physical RAM or swap space
#   The process is running with CompressedOops enabled, and the Java Heap may be blocking the growth of the native heap
# Possible solutions:
#   Reduce memory load on the system
#   Increase physical memory or swap space
#   Check if swap backing store is full
#   Decrease Java heap size (-Xmx/-Xms)
#   Decrease number of Java threads
#   Decrease Java thread stack sizes (-Xss)
#   Set larger code cache with -XX:ReservedCodeCacheSize=
#   JVM is running with Unscaled Compressed Oops mode in which the Java heap is
#     placed in the first 4GB address space. The Java Heap base address is the
#     maximum limit for the native heap growth. Please use -XX:HeapBaseMinAddress
#     to set the Java Heap base and to place the Java Heap above 4GB virtual address.
# This output file may be truncated or incomplete.
#
#  Out of Memory Error (./src/hotspot/share/memory/arena.cpp:197), pid=10228, tid=20328
#
# JRE version: OpenJDK Runtime Environment Microsoft-7208460 (11.0.18+10) (build 11.0.18+10-LTS)
# Java VM: OpenJDK 64-Bit Server VM Microsoft-7208460 (11.0.18+10-LTS, mixed mode, tiered, compressed oops, g1 gc, windows-amd64)
# No core dump will be written. Minidumps are not enabled by default on client versions of Windows
#

---------------  S U M M A R Y ------------

Command Line: -XX:MaxMetaspaceSize=512m --add-opens=java.base/java.util=ALL-UNNAMED --add-opens=java.base/java.lang=ALL-UNNAMED --add-opens=java.base/java.lang.invoke=ALL-UNNAMED --add-opens=java.prefs/java.util.prefs=ALL-UNNAMED --add-opens=java.base/java.nio.charset=ALL-UNNAMED --add-opens=java.base/java.net=ALL-UNNAMED --add-opens=java.base/java.util.concurrent.atomic=ALL-UNNAMED -Xmx2048m -Dfile.encoding=windows-1252 -Duser.country=US -Duser.language=en -Duser.variant org.gradle.launcher.daemon.bootstrap.GradleDaemon 8.0.1

Host: Intel(R) Core(TM) i5-6300U CPU @ 2.40GHz, 4 cores, 7G,  Windows 10 , 64 bit Build 19041 (10.0.19041.3155)
Time: Tue Sep 26 03:46:08 2023 Pacific Daylight Time elapsed time: 172.322606 seconds (0d 0h 2m 52s)

---------------  T H R E A D  ---------------

Current thread (0x0000023479514000):  JavaThread "C2 CompilerThread0" daemon [_thread_in_native, id=20328, stack(0x000000a456700000,0x000000a456800000)]


Current CompileTask:
C2: 172322 2561       4       java.io.WinNTFileSystem::normalize (143 bytes)

Stack: [0x000000a456700000,0x000000a456800000]
Native frames: (J=compiled Java code, j=interpreted, Vv=VM code, C=native code)
V  [jvm.dll+0x62bf8a]
V  [jvm.dll+0x7b8fb9]
V  [jvm.dll+0x7ba6a8]
V  [jvm.dll+0x7bad83]
V  [jvm.dll+0x250248]
V  [jvm.dll+0xc260c]
V  [jvm.dll+0xc2bcc]
V  [jvm.dll+0x35e182]
V  [jvm.dll+0x32a373]
V  [jvm.dll+0x3296aa]
V  [jvm.dll+0x2093b3]
V  [jvm.dll+0x20850d]
V  [jvm.dll+0x18a4b1]
V  [jvm.dll+0x217eec]
V  [jvm.dll+0x21612b]
V  [jvm.dll+0x77bac0]
V  [jvm.dll+0x7749f4]
V  [jvm.dll+0x62adf5]
C  [ucrtbase.dll+0x21bb2]
C  [KERNEL32.DLL+0x17614]
C  [ntdll.dll+0x526b1]


---------------  P R O C E S S  ---------------

Threads class SMR info:
_java_thread_list=0x000002347bdcf010, length=24, elements={
0x0000023468b9c800, 0x0000023478b9f000, 0x0000023478b8d800, 0x0000023478bf2000,
0x0000023479510800, 0x0000023479511000, 0x0000023479514000, 0x0000023479515800,
0x000002347957a800, 0x000002347966d800, 0x000002347b0d5800, 0x000002347a4fb800,
0x0000023479ea6800, 0x0000023479e21800, 0x000002347ab46000, 0x000002347aa0e000,
0x000002347bb5c800, 0x000002347b7e0800, 0x000002347bd4f000, 0x000002347af24800,
0x000002347be7a000, 0x000002347be7b800, 0x000002347be7a800, 0x000002347be7c800
}

Java Threads: ( => current thread )
  0x0000023468b9c800 JavaThread "main" [_thread_blocked, id=17980, stack(0x000000a455a00000,0x000000a455b00000)]
  0x0000023478b9f000 JavaThread "Reference Handler" daemon [_thread_blocked, id=20800, stack(0x000000a456200000,0x000000a456300000)]
  0x0000023478b8d800 JavaThread "Finalizer" daemon [_thread_blocked, id=20928, stack(0x000000a456300000,0x000000a456400000)]
  0x0000023478bf2000 JavaThread "Signal Dispatcher" daemon [_thread_blocked, id=20936, stack(0x000000a456400000,0x000000a456500000)]
  0x0000023479510800 JavaThread "Attach Listener" daemon [_thread_blocked, id=17320, stack(0x000000a456500000,0x000000a456600000)]
  0x0000023479511000 JavaThread "Service Thread" daemon [_thread_blocked, id=20228, stack(0x000000a456600000,0x000000a456700000)]
=>0x0000023479514000 JavaThread "C2 CompilerThread0" daemon [_thread_in_native, id=20328, stack(0x000000a456700000,0x000000a456800000)]
  0x0000023479515800 JavaThread "C1 CompilerThread0" daemon [_thread_blocked, id=20716, stack(0x000000a456800000,0x000000a456900000)]
  0x000002347957a800 JavaThread "Sweeper thread" daemon [_thread_blocked, id=20584, stack(0x000000a456900000,0x000000a456a00000)]
  0x000002347966d800 JavaThread "Common-Cleaner" daemon [_thread_blocked, id=17024, stack(0x000000a456a00000,0x000000a456b00000)]
  0x000002347b0d5800 JavaThread "Daemon health stats" [_thread_blocked, id=324, stack(0x000000a456f00000,0x000000a457000000)]
  0x000002347a4fb800 JavaThread "Incoming local TCP Connector on port 57334" [_thread_in_native, id=21436, stack(0x000000a457200000,0x000000a457300000)]
  0x0000023479ea6800 JavaThread "Daemon periodic checks" [_thread_in_native, id=13244, stack(0x000000a455900000,0x000000a455a00000)]
  0x0000023479e21800 JavaThread "Daemon" [_thread_blocked, id=19776, stack(0x000000a455b00000,0x000000a455c00000)]
  0x000002347ab46000 JavaThread "Handler for socket connection from /127.0.0.1:57334 to /127.0.0.1:57350" [_thread_in_native, id=16864, stack(0x000000a457300000,0x000000a457400000)]
  0x000002347aa0e000 JavaThread "Cancel handler" [_thread_blocked, id=12932, stack(0x000000a457400000,0x000000a457500000)]
  0x000002347bb5c800 JavaThread "Daemon worker" [_thread_in_native, id=9660, stack(0x000000a457500000,0x000000a457600000)]
  0x000002347b7e0800 JavaThread "Asynchronous log dispatcher for DefaultDaemonConnection: socket connection from /127.0.0.1:57334 to /127.0.0.1:57350" [_thread_blocked, id=16896, stack(0x000000a457600000,0x000000a457700000)]
  0x000002347bd4f000 JavaThread "Stdin handler" [_thread_blocked, id=5076, stack(0x000000a457700000,0x000000a457800000)]
  0x000002347af24800 JavaThread "Daemon client event forwarder" [_thread_blocked, id=16540, stack(0x000000a457800000,0x000000a457900000)]
  0x000002347be7a000 JavaThread "Cache worker for journal cache (C:\Users\MS\.gradle\caches\journal-1)" [_thread_blocked, id=12540, stack(0x000000a457a00000,0x000000a457b00000)]
  0x000002347be7b800 JavaThread "File lock request listener" [_thread_in_native, id=11064, stack(0x000000a457b00000,0x000000a457c00000)]
  0x000002347be7a800 JavaThread "File lock release action executor" [_thread_blocked, id=8040, stack(0x000000a457c00000,0x000000a457d00000)]
  0x000002347be7c800 JavaThread "Cache worker for file hash cache (C:\Users\MS\.gradle\caches\8.0.1\fileHashes)" [_thread_blocked, id=18908, stack(0x000000a457d00000,0x000000a457e00000)]

Other Threads:
  0x0000023478b8b000 VMThread "VM Thread" [stack: 0x000000a456100000,0x000000a456200000] [id=20772]
  0x00000234796a3000 WatcherThread [stack: 0x000000a456b00000,0x000000a456c00000] [id=21024]
  0x0000023468bb7000 GCTaskThread "GC Thread#0" [stack: 0x000000a455c00000,0x000000a455d00000] [id=20860]
  0x0000023479848800 GCTaskThread "GC Thread#1" [stack: 0x000000a456c00000,0x000000a456d00000] [id=16560]
  0x0000023479d36000 GCTaskThread "GC Thread#2" [stack: 0x000000a456d00000,0x000000a456e00000] [id=15128]
  0x000002347ae24000 GCTaskThread "GC Thread#3" [stack: 0x000000a457900000,0x000000a457a00000] [id=15640]
  0x0000023468be8800 ConcurrentGCThread "G1 Main Marker" [stack: 0x000000a455d00000,0x000000a455e00000] [id=20916]
  0x0000023468be9800 ConcurrentGCThread "G1 Conc#0" [stack: 0x000000a455e00000,0x000000a455f00000] [id=20920]
  0x0000023468c77000 ConcurrentGCThread "G1 Refine#0" [stack: 0x000000a455f00000,0x000000a456000000] [id=20924]
  0x000002347acc3800 ConcurrentGCThread "G1 Refine#1" [stack: 0x000000a456e00000,0x000000a456f00000] [id=15728]
  0x0000023468c78000 ConcurrentGCThread "G1 Young RemSet Sampling" [stack: 0x000000a456000000,0x000000a456100000] [id=20636]

Threads with active compile tasks:
C2 CompilerThread0   172370 2561       4       java.io.WinNTFileSystem::normalize (143 bytes)

VM state:not at safepoint (normal execution)

VM Mutex/Monitor currently owned by a thread: None

Heap address: 0x0000000080000000, size: 2048 MB, Compressed Oops mode: 32-bit
Narrow klass base: 0x0000000000000000, Narrow klass shift: 3
Compressed class space size: 528482304 Address: 0x0000000100000000

Heap:
 garbage-first heap   total 131072K, used 24929K [0x0000000080000000, 0x0000000100000000)
  region size 1024K, 11 young (11264K), 5 survivors (5120K)
 Metaspace       used 25925K, capacity 26472K, committed 26544K, reserved 540672K
  class space    used 3290K, capacity 3518K, committed 3584K, reserved 516096K
Heap Regions: E=young(eden), S=young(survivor), O=old, HS=humongous(starts), HC=humongous(continues), CS=collection set, F=free, A=archive, TAMS=top-at-mark-start (previous, next)
|   0|0x0000000080000000, 0x0000000080100000, 0x0000000080100000|100%| O|  |TAMS 0x0000000080100000, 0x0000000080000000| Untracked 
|   1|0x0000000080100000, 0x0000000080200000, 0x0000000080200000|100%| O|  |TAMS 0x0000000080200000, 0x0000000080100000| Untracked 
|   2|0x0000000080200000, 0x0000000080300000, 0x0000000080300000|100%| O|  |TAMS 0x0000000080300000, 0x0000000080200000| Untracked 
|   3|0x0000000080300000, 0x0000000080400000, 0x0000000080400000|100%|HS|  |TAMS 0x0000000080400000, 0x0000000080300000| Complete 
|   4|0x0000000080400000, 0x0000000080500000, 0x0000000080500000|100%|HC|  |TAMS 0x0000000080500000, 0x0000000080400000| Complete 
|   5|0x0000000080500000, 0x0000000080600000, 0x0000000080600000|100%|HC|  |TAMS 0x0000000080600000, 0x0000000080500000| Complete 
|   6|0x0000000080600000, 0x0000000080700000, 0x0000000080700000|100%|HC|  |TAMS 0x0000000080700000, 0x0000000080600000| Complete 
|   7|0x0000000080700000, 0x0000000080800000, 0x0000000080800000|100%| O|  |TAMS 0x0000000080800000, 0x0000000080700000| Untracked 
|   8|0x0000000080800000, 0x0000000080900000, 0x0000000080900000|100%| O|  |TAMS 0x0000000080900000, 0x0000000080800000| Untracked 
|   9|0x0000000080900000, 0x0000000080a00000, 0x0000000080a00000|100%| O|  |TAMS 0x0000000080a00000, 0x0000000080900000| Untracked 
|  10|0x0000000080a00000, 0x0000000080b00000, 0x0000000080b00000|100%| O|  |TAMS 0x0000000080b00000, 0x0000000080a00000| Untracked 
|  11|0x0000000080b00000, 0x0000000080c00000, 0x0000000080c00000|100%| O|  |TAMS 0x0000000080c00000, 0x0000000080b00000| Untracked 
|  12|0x0000000080c00000, 0x0000000080d00000, 0x0000000080d00000|100%| O|  |TAMS 0x0000000080d00000, 0x0000000080c00000| Untracked 
|  13|0x0000000080d00000, 0x0000000080e00000, 0x0000000080e00000|100%| O|  |TAMS 0x0000000080e00000, 0x0000000080d00000| Untracked 
|  14|0x0000000080e00000, 0x0000000080ec4400, 0x0000000080f00000| 76%| O|  |TAMS 0x0000000080ec4400, 0x0000000080e00000| Untracked 
|  15|0x0000000080f00000, 0x0000000080f00000, 0x0000000081000000|  0%| F|  |TAMS 0x0000000080f00000, 0x0000000080f00000| Untracked 
|  16|0x0000000081000000, 0x0000000081000000, 0x0000000081100000|  0%| F|  |TAMS 0x0000000081000000, 0x0000000081000000| Untracked 
|  17|0x0000000081100000, 0x0000000081100000, 0x0000000081200000|  0%| F|  |TAMS 0x0000000081100000, 0x0000000081100000| Untracked 
|  18|0x0000000081200000, 0x0000000081200000, 0x0000000081300000|  0%| F|  |TAMS 0x0000000081200000, 0x0000000081200000| Untracked 
|  19|0x0000000081300000, 0x0000000081300000, 0x0000000081400000|  0%| F|  |TAMS 0x0000000081300000, 0x0000000081300000| Untracked 
|  20|0x0000000081400000, 0x0000000081400000, 0x0000000081500000|  0%| F|  |TAMS 0x0000000081400000, 0x0000000081400000| Untracked 
|  21|0x0000000081500000, 0x0000000081500000, 0x0000000081600000|  0%| F|  |TAMS 0x0000000081500000, 0x0000000081500000| Untracked 
|  22|0x0000000081600000, 0x0000000081600000, 0x0000000081700000|  0%| F|  |TAMS 0x0000000081600000, 0x0000000081600000| Untracked 
|  23|0x0000000081700000, 0x0000000081700000, 0x0000000081800000|  0%| F|  |TAMS 0x0000000081700000, 0x0000000081700000| Untracked 
|  24|0x0000000081800000, 0x0000000081800000, 0x0000000081900000|  0%| F|  |TAMS 0x0000000081800000, 0x0000000081800000| Untracked 
|  25|0x0000000081900000, 0x0000000081900000, 0x0000000081a00000|  0%| F|  |TAMS 0x0000000081900000, 0x0000000081900000| Untracked 
|  26|0x0000000081a00000, 0x0000000081a00000, 0x0000000081b00000|  0%| F|  |TAMS 0x0000000081a00000, 0x0000000081a00000| Untracked 
|  27|0x0000000081b00000, 0x0000000081b00000, 0x0000000081c00000|  0%| F|  |TAMS 0x0000000081b00000, 0x0000000081b00000| Untracked 
|  28|0x0000000081c00000, 0x0000000081c00000, 0x0000000081d00000|  0%| F|  |TAMS 0x0000000081c00000, 0x0000000081c00000| Untracked 
|  29|0x0000000081d00000, 0x0000000081d00000, 0x0000000081e00000|  0%| F|  |TAMS 0x0000000081d00000, 0x0000000081d00000| Untracked 
|  30|0x0000000081e00000, 0x0000000081e00000, 0x0000000081f00000|  0%| F|  |TAMS 0x0000000081e00000, 0x0000000081e00000| Untracked 
|  31|0x0000000081f00000, 0x0000000081f00000, 0x0000000082000000|  0%| F|  |TAMS 0x0000000081f00000, 0x0000000081f00000| Untracked 
|  32|0x0000000082000000, 0x0000000082000000, 0x0000000082100000|  0%| F|  |TAMS 0x0000000082000000, 0x0000000082000000| Untracked 
|  33|0x0000000082100000, 0x0000000082100000, 0x0000000082200000|  0%| F|  |TAMS 0x0000000082100000, 0x0000000082100000| Untracked 
|  34|0x0000000082200000, 0x0000000082200000, 0x0000000082300000|  0%| F|  |TAMS 0x0000000082200000, 0x0000000082200000| Untracked 
|  35|0x0000000082300000, 0x0000000082300000, 0x0000000082400000|  0%| F|  |TAMS 0x0000000082300000, 0x0000000082300000| Untracked 
|  36|0x0000000082400000, 0x0000000082400000, 0x0000000082500000|  0%| F|  |TAMS 0x0000000082400000, 0x0000000082400000| Untracked 
|  37|0x0000000082500000, 0x0000000082500000, 0x0000000082600000|  0%| F|  |TAMS 0x0000000082500000, 0x0000000082500000| Untracked 
|  38|0x0000000082600000, 0x0000000082600000, 0x0000000082700000|  0%| F|  |TAMS 0x0000000082600000, 0x0000000082600000| Untracked 
|  39|0x0000000082700000, 0x0000000082700000, 0x0000000082800000|  0%| F|  |TAMS 0x0000000082700000, 0x0000000082700000| Untracked 
|  40|0x0000000082800000, 0x0000000082800000, 0x0000000082900000|  0%| F|  |TAMS 0x0000000082800000, 0x0000000082800000| Untracked 
|  41|0x0000000082900000, 0x0000000082900000, 0x0000000082a00000|  0%| F|  |TAMS 0x0000000082900000, 0x0000000082900000| Untracked 
|  42|0x0000000082a00000, 0x0000000082a00000, 0x0000000082b00000|  0%| F|  |TAMS 0x0000000082a00000, 0x0000000082a00000| Untracked 
|  43|0x0000000082b00000, 0x0000000082b00000, 0x0000000082c00000|  0%| F|  |TAMS 0x0000000082b00000, 0x0000000082b00000| Untracked 
|  44|0x0000000082c00000, 0x0000000082c00000, 0x0000000082d00000|  0%| F|  |TAMS 0x0000000082c00000, 0x0000000082c00000| Untracked 
|  45|0x0000000082d00000, 0x0000000082d00000, 0x0000000082e00000|  0%| F|  |TAMS 0x0000000082d00000, 0x0000000082d00000| Untracked 
|  46|0x0000000082e00000, 0x0000000082e00000, 0x0000000082f00000|  0%| F|  |TAMS 0x0000000082e00000, 0x0000000082e00000| Untracked 
|  47|0x0000000082f00000, 0x0000000082f00000, 0x0000000083000000|  0%| F|  |TAMS 0x0000000082f00000, 0x0000000082f00000| Untracked 
|  48|0x0000000083000000, 0x0000000083000000, 0x0000000083100000|  0%| F|  |TAMS 0x0000000083000000, 0x0000000083000000| Untracked 
|  49|0x0000000083100000, 0x0000000083100000, 0x0000000083200000|  0%| F|  |TAMS 0x0000000083100000, 0x0000000083100000| Untracked 
|  50|0x0000000083200000, 0x0000000083200000, 0x0000000083300000|  0%| F|  |TAMS 0x0000000083200000, 0x0000000083200000| Untracked 
|  51|0x0000000083300000, 0x0000000083300000, 0x0000000083400000|  0%| F|  |TAMS 0x0000000083300000, 0x0000000083300000| Untracked 
|  52|0x0000000083400000, 0x0000000083400000, 0x0000000083500000|  0%| F|  |TAMS 0x0000000083400000, 0x0000000083400000| Untracked 
|  53|0x0000000083500000, 0x0000000083500000, 0x0000000083600000|  0%| F|  |TAMS 0x0000000083500000, 0x0000000083500000| Untracked 
|  54|0x0000000083600000, 0x0000000083600000, 0x0000000083700000|  0%| F|  |TAMS 0x0000000083600000, 0x0000000083600000| Untracked 
|  55|0x0000000083700000, 0x0000000083700000, 0x0000000083800000|  0%| F|  |TAMS 0x0000000083700000, 0x0000000083700000| Untracked 
|  56|0x0000000083800000, 0x0000000083800000, 0x0000000083900000|  0%| F|  |TAMS 0x0000000083800000, 0x0000000083800000| Untracked 
|  57|0x0000000083900000, 0x0000000083900000, 0x0000000083a00000|  0%| F|  |TAMS 0x0000000083900000, 0x0000000083900000| Untracked 
|  58|0x0000000083a00000, 0x0000000083a00000, 0x0000000083b00000|  0%| F|  |TAMS 0x0000000083a00000, 0x0000000083a00000| Untracked 
|  59|0x0000000083b00000, 0x0000000083b00000, 0x0000000083c00000|  0%| F|  |TAMS 0x0000000083b00000, 0x0000000083b00000| Untracked 
|  60|0x0000000083c00000, 0x0000000083c00000, 0x0000000083d00000|  0%| F|  |TAMS 0x0000000083c00000, 0x0000000083c00000| Untracked 
|  61|0x0000000083d00000, 0x0000000083d00000, 0x0000000083e00000|  0%| F|  |TAMS 0x0000000083d00000, 0x0000000083d00000| Untracked 
|  62|0x0000000083e00000, 0x0000000083e00000, 0x0000000083f00000|  0%| F|  |TAMS 0x0000000083e00000, 0x0000000083e00000| Untracked 
|  63|0x0000000083f00000, 0x0000000083f00000, 0x0000000084000000|  0%| F|  |TAMS 0x0000000083f00000, 0x0000000083f00000| Untracked 
|  64|0x0000000084000000, 0x0000000084000000, 0x0000000084100000|  0%| F|  |TAMS 0x0000000084000000, 0x0000000084000000| Untracked 
|  65|0x0000000084100000, 0x0000000084100000, 0x0000000084200000|  0%| F|  |TAMS 0x0000000084100000, 0x0000000084100000| Untracked 
|  66|0x0000000084200000, 0x0000000084200000, 0x0000000084300000|  0%| F|  |TAMS 0x0000000084200000, 0x0000000084200000| Untracked 
|  67|0x0000000084300000, 0x0000000084300000, 0x0000000084400000|  0%| F|  |TAMS 0x0000000084300000, 0x0000000084300000| Untracked 
|  68|0x0000000084400000, 0x0000000084400000, 0x0000000084500000|  0%| F|  |TAMS 0x0000000084400000, 0x0000000084400000| Untracked 
|  69|0x0000000084500000, 0x0000000084500000, 0x0000000084600000|  0%| F|  |TAMS 0x0000000084500000, 0x0000000084500000| Untracked 
|  70|0x0000000084600000, 0x0000000084600000, 0x0000000084700000|  0%| F|  |TAMS 0x0000000084600000, 0x0000000084600000| Untracked 
|  71|0x0000000084700000, 0x0000000084794170, 0x0000000084800000| 57%| S|CS|TAMS 0x0000000084700000, 0x0000000084700000| Complete 
|  72|0x0000000084800000, 0x0000000084900000, 0x0000000084900000|100%| S|CS|TAMS 0x0000000084800000, 0x0000000084800000| Complete 
|  73|0x0000000084900000, 0x0000000084a00000, 0x0000000084a00000|100%| S|CS|TAMS 0x0000000084900000, 0x0000000084900000| Complete 
|  74|0x0000000084a00000, 0x0000000084b00000, 0x0000000084b00000|100%| S|CS|TAMS 0x0000000084a00000, 0x0000000084a00000| Complete 
|  75|0x0000000084b00000, 0x0000000084c00000, 0x0000000084c00000|100%| S|CS|TAMS 0x0000000084b00000, 0x0000000084b00000| Complete 
|  76|0x0000000084c00000, 0x0000000084c00000, 0x0000000084d00000|  0%| F|  |TAMS 0x0000000084c00000, 0x0000000084c00000| Untracked 
|  77|0x0000000084d00000, 0x0000000084d00000, 0x0000000084e00000|  0%| F|  |TAMS 0x0000000084d00000, 0x0000000084d00000| Untracked 
|  78|0x0000000084e00000, 0x0000000084e00000, 0x0000000084f00000|  0%| F|  |TAMS 0x0000000084e00000, 0x0000000084e00000| Untracked 
|  79|0x0000000084f00000, 0x0000000084f00000, 0x0000000085000000|  0%| F|  |TAMS 0x0000000084f00000, 0x0000000084f00000| Untracked 
|  80|0x0000000085000000, 0x0000000085000000, 0x0000000085100000|  0%| F|  |TAMS 0x0000000085000000, 0x0000000085000000| Untracked 
|  81|0x0000000085100000, 0x0000000085100000, 0x0000000085200000|  0%| F|  |TAMS 0x0000000085100000, 0x0000000085100000| Untracked 
|  82|0x0000000085200000, 0x0000000085200000, 0x0000000085300000|  0%| F|  |TAMS 0x0000000085200000, 0x0000000085200000| Untracked 
|  83|0x0000000085300000, 0x0000000085300000, 0x0000000085400000|  0%| F|  |TAMS 0x0000000085300000, 0x0000000085300000| Untracked 
|  84|0x0000000085400000, 0x0000000085400000, 0x0000000085500000|  0%| F|  |TAMS 0x0000000085400000, 0x0000000085400000| Untracked 
|  85|0x0000000085500000, 0x0000000085500000, 0x0000000085600000|  0%| F|  |TAMS 0x0000000085500000, 0x0000000085500000| Untracked 
|  86|0x0000000085600000, 0x0000000085600000, 0x0000000085700000|  0%| F|  |TAMS 0x0000000085600000, 0x0000000085600000| Untracked 
|  87|0x0000000085700000, 0x0000000085700000, 0x0000000085800000|  0%| F|  |TAMS 0x0000000085700000, 0x0000000085700000| Untracked 
|  88|0x0000000085800000, 0x0000000085800000, 0x0000000085900000|  0%| F|  |TAMS 0x0000000085800000, 0x0000000085800000| Untracked 
|  89|0x0000000085900000, 0x0000000085900000, 0x0000000085a00000|  0%| F|  |TAMS 0x0000000085900000, 0x0000000085900000| Untracked 
|  90|0x0000000085a00000, 0x0000000085a00000, 0x0000000085b00000|  0%| F|  |TAMS 0x0000000085a00000, 0x0000000085a00000| Untracked 
|  91|0x0000000085b00000, 0x0000000085b00000, 0x0000000085c00000|  0%| F|  |TAMS 0x0000000085b00000, 0x0000000085b00000| Untracked 
|  92|0x0000000085c00000, 0x0000000085c00000, 0x0000000085d00000|  0%| F|  |TAMS 0x0000000085c00000, 0x0000000085c00000| Untracked 
|  93|0x0000000085d00000, 0x0000000085d00000, 0x0000000085e00000|  0%| F|  |TAMS 0x0000000085d00000, 0x0000000085d00000| Untracked 
|  94|0x0000000085e00000, 0x0000000085e00000, 0x0000000085f00000|  0%| F|  |TAMS 0x0000000085e00000, 0x0000000085e00000| Untracked 
|  95|0x0000000085f00000, 0x0000000085f00000, 0x0000000086000000|  0%| F|  |TAMS 0x0000000085f00000, 0x0000000085f00000| Untracked 
|  96|0x0000000086000000, 0x0000000086000000, 0x0000000086100000|  0%| F|  |TAMS 0x0000000086000000, 0x0000000086000000| Untracked 
|  97|0x0000000086100000, 0x0000000086100000, 0x0000000086200000|  0%| F|  |TAMS 0x0000000086100000, 0x0000000086100000| Untracked 
|  98|0x0000000086200000, 0x0000000086200000, 0x0000000086300000|  0%| F|  |TAMS 0x0000000086200000, 0x0000000086200000| Untracked 
|  99|0x0000000086300000, 0x0000000086300000, 0x0000000086400000|  0%| F|  |TAMS 0x0000000086300000, 0x0000000086300000| Untracked 
| 100|0x0000000086400000, 0x0000000086400000, 0x0000000086500000|  0%| F|  |TAMS 0x0000000086400000, 0x0000000086400000| Untracked 
| 101|0x0000000086500000, 0x0000000086500000, 0x0000000086600000|  0%| F|  |TAMS 0x0000000086500000, 0x0000000086500000| Untracked 
| 102|0x0000000086600000, 0x0000000086600000, 0x0000000086700000|  0%| F|  |TAMS 0x0000000086600000, 0x0000000086600000| Untracked 
| 103|0x0000000086700000, 0x0000000086700000, 0x0000000086800000|  0%| F|  |TAMS 0x0000000086700000, 0x0000000086700000| Untracked 
| 104|0x0000000086800000, 0x0000000086800000, 0x0000000086900000|  0%| F|  |TAMS 0x0000000086800000, 0x0000000086800000| Untracked 
| 105|0x0000000086900000, 0x0000000086900000, 0x0000000086a00000|  0%| F|  |TAMS 0x0000000086900000, 0x0000000086900000| Untracked 
| 106|0x0000000086a00000, 0x0000000086a00000, 0x0000000086b00000|  0%| F|  |TAMS 0x0000000086a00000, 0x0000000086a00000| Untracked 
| 107|0x0000000086b00000, 0x0000000086b00000, 0x0000000086c00000|  0%| F|  |TAMS 0x0000000086b00000, 0x0000000086b00000| Untracked 
| 108|0x0000000086c00000, 0x0000000086c00000, 0x0000000086d00000|  0%| F|  |TAMS 0x0000000086c00000, 0x0000000086c00000| Untracked 
| 109|0x0000000086d00000, 0x0000000086d00000, 0x0000000086e00000|  0%| F|  |TAMS 0x0000000086d00000, 0x0000000086d00000| Untracked 
| 110|0x0000000086e00000, 0x0000000086e00000, 0x0000000086f00000|  0%| F|  |TAMS 0x0000000086e00000, 0x0000000086e00000| Untracked 
| 111|0x0000000086f00000, 0x0000000086f00000, 0x0000000087000000|  0%| F|  |TAMS 0x0000000086f00000, 0x0000000086f00000| Untracked 
| 112|0x0000000087000000, 0x0000000087000000, 0x0000000087100000|  0%| F|  |TAMS 0x0000000087000000, 0x0000000087000000| Untracked 
| 113|0x0000000087100000, 0x0000000087100000, 0x0000000087200000|  0%| F|  |TAMS 0x0000000087100000, 0x0000000087100000| Untracked 
| 114|0x0000000087200000, 0x0000000087200000, 0x0000000087300000|  0%| F|  |TAMS 0x0000000087200000, 0x0000000087200000| Untracked 
| 115|0x0000000087300000, 0x0000000087300000, 0x0000000087400000|  0%| F|  |TAMS 0x0000000087300000, 0x0000000087300000| Untracked 
| 116|0x0000000087400000, 0x0000000087400000, 0x0000000087500000|  0%| F|  |TAMS 0x0000000087400000, 0x0000000087400000| Untracked 
| 117|0x0000000087500000, 0x0000000087500000, 0x0000000087600000|  0%| F|  |TAMS 0x0000000087500000, 0x0000000087500000| Untracked 
| 118|0x0000000087600000, 0x0000000087600000, 0x0000000087700000|  0%| F|  |TAMS 0x0000000087600000, 0x0000000087600000| Untracked 
| 119|0x0000000087700000, 0x0000000087700000, 0x0000000087800000|  0%| F|  |TAMS 0x0000000087700000, 0x0000000087700000| Untracked 
| 120|0x0000000087800000, 0x0000000087800000, 0x0000000087900000|  0%| F|  |TAMS 0x0000000087800000, 0x0000000087800000| Untracked 
| 121|0x0000000087900000, 0x0000000087900000, 0x0000000087a00000|  0%| F|  |TAMS 0x0000000087900000, 0x0000000087900000| Untracked 
| 122|0x0000000087a00000, 0x0000000087b00000, 0x0000000087b00000|100%| E|  |TAMS 0x0000000087a00000, 0x0000000087a00000| Complete 
| 123|0x0000000087b00000, 0x0000000087c00000, 0x0000000087c00000|100%| E|CS|TAMS 0x0000000087b00000, 0x0000000087b00000| Complete 
| 124|0x0000000087c00000, 0x0000000087d00000, 0x0000000087d00000|100%| E|CS|TAMS 0x0000000087c00000, 0x0000000087c00000| Complete 
| 125|0x0000000087d00000, 0x0000000087e00000, 0x0000000087e00000|100%| E|CS|TAMS 0x0000000087d00000, 0x0000000087d00000| Complete 
| 126|0x0000000087e00000, 0x0000000087f00000, 0x0000000087f00000|100%| E|CS|TAMS 0x0000000087e00000, 0x0000000087e00000| Complete 
| 127|0x0000000087f00000, 0x0000000088000000, 0x0000000088000000|100%| E|CS|TAMS 0x0000000087f00000, 0x0000000087f00000| Complete 

Card table byte_map: [0x0000023471d70000,0x0000023472170000] _byte_map_base: 0x0000023471970000

Marking Bits (Prev, Next): (CMBitMap*) 0x0000023468bdf910, (CMBitMap*) 0x0000023468bdf8d8
 Prev Bits: [0x0000023474570000, 0x0000023476570000)
 Next Bits: [0x0000023472570000, 0x0000023474570000)

Polling page: 0x0000023471320000

Metaspace:

Usage:
  Non-class:     22.42 MB capacity,    22.10 MB ( 99%) used,   266.97 KB (  1%) free+waste,    52.19 KB ( <1%) overhead. 
      Class:      3.44 MB capacity,     3.21 MB ( 94%) used,   201.09 KB (  6%) free+waste,    26.06 KB ( <1%) overhead. 
       Both:     25.85 MB capacity,    25.32 MB ( 98%) used,   468.05 KB (  2%) free+waste,    78.25 KB ( <1%) overhead. 

Virtual space:
  Non-class space:       24.00 MB reserved,      22.42 MB ( 93%) committed 
      Class space:      504.00 MB reserved,       3.50 MB ( <1%) committed 
             Both:      528.00 MB reserved,      25.92 MB (  5%) committed 

Chunk freelists:
   Non-Class:  6.00 KB
       Class:  2.00 KB
        Both:  8.00 KB

MaxMetaspaceSize: 512.00 MB
CompressedClassSpaceSize: 504.00 MB
Initial GC threshold: 20.80 MB
Current GC threshold: 35.08 MB
CDS: off

CodeHeap 'non-profiled nmethods': size=120064Kb used=1267Kb max_used=1267Kb free=118797Kb
 bounds [0x0000023407ac0000, 0x0000023407d30000, 0x000002340f000000]
CodeHeap 'profiled nmethods': size=120000Kb used=5357Kb max_used=5357Kb free=114642Kb
 bounds [0x0000023400590000, 0x0000023400ad0000, 0x0000023407ac0000]
CodeHeap 'non-nmethods': size=5696Kb used=1226Kb max_used=1268Kb free=4469Kb
 bounds [0x0000023400000000, 0x0000023400270000, 0x0000023400590000]
 total_blobs=3056 nmethods=2552 adapters=416
 compilation: enabled
              stopped_count=0, restarted_count=0
 full_count=0

Compilation events (20 events):
Event: 172.043 Thread 0x0000023479515800 nmethod 2552 0x0000023407bfc310 code [0x0000023407bfc4c0, 0x0000023407bfc578]
Event: 172.043 Thread 0x0000023479515800 2551       1       org.objectweb.asm.SymbolTable::getClassName (5 bytes)
Event: 172.043 Thread 0x0000023479515800 nmethod 2551 0x0000023407bfc610 code [0x0000023407bfc7c0, 0x0000023407bfc878]
Event: 172.255 Thread 0x0000023479515800 2553       1       java.util.stream.FindOps$FindOp::getOpFlags (5 bytes)
Event: 172.255 Thread 0x0000023479515800 nmethod 2553 0x0000023407bfc910 code [0x0000023407bfcac0, 0x0000023407bfcb78]
Event: 172.258 Thread 0x0000023479515800 2554       3       java.util.UUID::<init> (15 bytes)
Event: 172.258 Thread 0x0000023479515800 nmethod 2554 0x0000023400ac7f90 code [0x0000023400ac8140, 0x0000023400ac8298]
Event: 172.258 Thread 0x0000023479515800 2555       3       java.net.Inet4Address::<init> (91 bytes)
Event: 172.259 Thread 0x0000023479515800 nmethod 2555 0x0000023400ac8390 code [0x0000023400ac8580, 0x0000023400ac8cd8]
Event: 172.259 Thread 0x0000023479515800 2556       3       org.gradle.internal.remote.internal.inet.MultiChoiceAddress::<init> (27 bytes)
Event: 172.259 Thread 0x0000023479515800 nmethod 2556 0x0000023400ac8e90 code [0x0000023400ac9060, 0x0000023400ac9328]
Event: 172.260 Thread 0x0000023479515800 2557       3       org.gradle.internal.serialize.AbstractDecoder::readNullableString (14 bytes)
Event: 172.260 Thread 0x0000023479515800 nmethod 2557 0x0000023400ac9410 code [0x0000023400ac95e0, 0x0000023400ac98b8]
Event: 172.260 Thread 0x0000023479515800 2558       3       org.gradle.internal.time.Time::clock (4 bytes)
Event: 172.260 Thread 0x0000023479515800 nmethod 2558 0x0000023400ac9990 code [0x0000023400ac9b40, 0x0000023400ac9c38]
Event: 172.261 Thread 0x0000023479515800 2559       3       org.gradle.launcher.daemon.server.api.DaemonStateControl$State::values (10 bytes)
Event: 172.261 Thread 0x0000023479515800 nmethod 2559 0x0000023400ac9d10 code [0x0000023400ac9ee0, 0x0000023400aca168]
Event: 172.262 Thread 0x0000023479515800 2560       3       org.gradle.launcher.daemon.registry.DaemonInfo$Serializer::read (77 bytes)
Event: 172.263 Thread 0x0000023479514000 2561       4       java.io.WinNTFileSystem::normalize (143 bytes)
Event: 172.263 Thread 0x0000023479515800 nmethod 2560 0x0000023400aca210 code [0x0000023400aca4a0, 0x0000023400acb228]

GC Heap History (10 events):
Event: 19.737 GC heap before
{Heap before GC invocations=0 (full 0):
 garbage-first heap   total 131072K, used 13312K [0x0000000080000000, 0x0000000100000000)
  region size 1024K, 14 young (14336K), 0 survivors (0K)
 Metaspace       used 6781K, capacity 6989K, committed 7168K, reserved 524288K
  class space    used 573K, capacity 650K, committed 768K, reserved 516096K
}
Event: 19.937 GC heap after
{Heap after GC invocations=1 (full 0):
 garbage-first heap   total 131072K, used 4405K [0x0000000080000000, 0x0000000100000000)
  region size 1024K, 2 young (2048K), 2 survivors (2048K)
 Metaspace       used 6781K, capacity 6989K, committed 7168K, reserved 524288K
  class space    used 573K, capacity 650K, committed 768K, reserved 516096K
}
Event: 48.325 GC heap before
{Heap before GC invocations=1 (full 0):
 garbage-first heap   total 131072K, used 60725K [0x0000000080000000, 0x0000000100000000)
  region size 1024K, 52 young (53248K), 2 survivors (2048K)
 Metaspace       used 11100K, capacity 11383K, committed 11520K, reserved 526336K
  class space    used 1146K, capacity 1246K, committed 1280K, reserved 516096K
}
Event: 48.334 GC heap after
{Heap after GC invocations=2 (full 0):
 garbage-first heap   total 131072K, used 15263K [0x0000000080000000, 0x0000000100000000)
  region size 1024K, 7 young (7168K), 7 survivors (7168K)
 Metaspace       used 11100K, capacity 11383K, committed 11520K, reserved 526336K
  class space    used 1146K, capacity 1246K, committed 1280K, reserved 516096K
}
Event: 158.995 GC heap before
{Heap before GC invocations=2 (full 0):
 garbage-first heap   total 131072K, used 63391K [0x0000000080000000, 0x0000000100000000)
  region size 1024K, 55 young (56320K), 7 survivors (7168K)
 Metaspace       used 20477K, capacity 20944K, committed 21120K, reserved 534528K
  class space    used 2430K, capacity 2607K, committed 2688K, reserved 516096K
}
Event: 159.253 GC heap after
{Heap after GC invocations=3 (full 0):
 garbage-first heap   total 131072K, used 18172K [0x0000000080000000, 0x0000000100000000)
  region size 1024K, 3 young (3072K), 3 survivors (3072K)
 Metaspace       used 20477K, capacity 20944K, committed 21120K, reserved 534528K
  class space    used 2430K, capacity 2607K, committed 2688K, reserved 516096K
}
Event: 159.864 GC heap before
{Heap before GC invocations=3 (full 0):
 garbage-first heap   total 131072K, used 21244K [0x0000000080000000, 0x0000000100000000)
  region size 1024K, 7 young (7168K), 3 survivors (3072K)
 Metaspace       used 20808K, capacity 21195K, committed 21296K, reserved 536576K
  class space    used 2478K, capacity 2650K, committed 2688K, reserved 516096K
}
Event: 159.877 GC heap after
{Heap after GC invocations=4 (full 0):
 garbage-first heap   total 131072K, used 18178K [0x0000000080000000, 0x0000000100000000)
  region size 1024K, 3 young (3072K), 3 survivors (3072K)
 Metaspace       used 20808K, capacity 21195K, committed 21296K, reserved 536576K
  class space    used 2478K, capacity 2650K, committed 2688K, reserved 516096K
}
Event: 171.259 GC heap before
{Heap before GC invocations=5 (full 0):
 garbage-first heap   total 131072K, used 68354K [0x0000000080000000, 0x0000000100000000)
  region size 1024K, 52 young (53248K), 3 survivors (3072K)
 Metaspace       used 25282K, capacity 25858K, committed 25904K, reserved 538624K
  class space    used 3195K, capacity 3419K, committed 3456K, reserved 516096K
}
Event: 171.266 GC heap after
{Heap after GC invocations=6 (full 0):
 garbage-first heap   total 131072K, used 19809K [0x0000000080000000, 0x0000000100000000)
  region size 1024K, 5 young (5120K), 5 survivors (5120K)
 Metaspace       used 25282K, capacity 25858K, committed 25904K, reserved 538624K
  class space    used 3195K, capacity 3419K, committed 3456K, reserved 516096K
}

Deoptimization events (20 events):
Event: 164.392 Thread 0x000002347bb5c800 Uncommon trap: trap_request=0xffffff4d fr.pc=0x0000023407b37fdc relative=0x000000000000051c
Event: 164.392 Thread 0x000002347bb5c800 Uncommon trap: reason=unstable_if action=reinterpret pc=0x0000023407b37fdc method=java.io.File.getName()Ljava/lang/String; @ 16 c2
Event: 164.392 Thread 0x000002347bb5c800 DEOPT PACKING pc=0x0000023407b37fdc sp=0x000000a4575fd010
Event: 164.392 Thread 0x000002347bb5c800 DEOPT UNPACKING pc=0x000002340004a1af sp=0x000000a4575fcfe0 mode 2
Event: 164.392 Thread 0x000002347bb5c800 Uncommon trap: trap_request=0xffffff4d fr.pc=0x0000023407b333b4 relative=0x0000000000000474
Event: 164.392 Thread 0x000002347bb5c800 Uncommon trap: reason=unstable_if action=reinterpret pc=0x0000023407b333b4 method=java.lang.String.substring(I)Ljava/lang/String; @ 34 c2
Event: 164.392 Thread 0x000002347bb5c800 DEOPT PACKING pc=0x0000023407b333b4 sp=0x000000a4575fcf90
Event: 164.392 Thread 0x000002347bb5c800 DEOPT UNPACKING pc=0x000002340004a1af sp=0x000000a4575fcf68 mode 2
Event: 164.886 Thread 0x000002347bb5c800 Uncommon trap: trap_request=0xffffffcc fr.pc=0x0000023407bc9cf4 relative=0x00000000000002b4
Event: 164.886 Thread 0x000002347bb5c800 Uncommon trap: reason=intrinsic_or_type_checked_inlining action=make_not_entrant pc=0x0000023407bc9cf4 method=java.util.Arrays.copyOf([Ljava/lang/Object;ILjava/lang/Class;)[Ljava/lang/Object; @ 35 c2
Event: 164.886 Thread 0x000002347bb5c800 DEOPT PACKING pc=0x0000023407bc9cf4 sp=0x000000a4575fd930
Event: 164.886 Thread 0x000002347bb5c800 DEOPT UNPACKING pc=0x000002340004a1af sp=0x000000a4575fd8c0 mode 2
Event: 166.908 Thread 0x000002347bb5c800 Uncommon trap: trap_request=0xffffff4d fr.pc=0x0000023407bd0b0c relative=0x000000000000444c
Event: 166.908 Thread 0x000002347bb5c800 Uncommon trap: reason=unstable_if action=reinterpret pc=0x0000023407bd0b0c method=jdk.internal.loader.BuiltinClassLoader.loadClassOrNull(Ljava/lang/String;Z)Ljava/lang/Class; @ 17 c2
Event: 166.908 Thread 0x000002347bb5c800 DEOPT PACKING pc=0x0000023407bd0b0c sp=0x000000a4575f4710
Event: 166.908 Thread 0x000002347bb5c800 DEOPT UNPACKING pc=0x000002340004a1af sp=0x000000a4575f4660 mode 2
Event: 171.004 Thread 0x000002347bb5c800 Uncommon trap: trap_request=0xffffff4d fr.pc=0x0000023407ae6394 relative=0x00000000000000d4
Event: 171.004 Thread 0x000002347bb5c800 Uncommon trap: reason=unstable_if action=reinterpret pc=0x0000023407ae6394 method=java.util.HashMap.hash(Ljava/lang/Object;)I @ 1 c2
Event: 171.004 Thread 0x000002347bb5c800 DEOPT PACKING pc=0x0000023407ae6394 sp=0x000000a4575f9fb0
Event: 171.004 Thread 0x000002347bb5c800 DEOPT UNPACKING pc=0x000002340004a1af sp=0x000000a4575f9ef0 mode 2

Classes redefined (0 events):
No events

Internal exceptions (20 events):
Event: 157.557 Thread 0x000002347bb5c800 Exception <a 'java/lang/NoSuchMethodError'{0x0000000085977f38}: 'java.lang.Object java.lang.invoke.DirectMethodHandle$Holder.invokeStatic(java.lang.Object, java.lang.Object, java.lang.Object, int, java.lang.Object, java.lang.Object)'> (0x0000000085977f38) thrown at [./src/hotspot/share/interpreter/linkResolver.cpp, line 773]
Event: 157.559 Thread 0x000002347bb5c800 Exception <a 'java/lang/NoSuchMethodError'{0x00000000859824b0}: 'java.lang.Object java.lang.invoke.Invokers$Holder.linkToTargetMethod(java.lang.Object, java.lang.Object, int, java.lang.Object, java.lang.Object, java.lang.Object)'> (0x00000000859824b0) thrown at [./src/hotspot/share/interpreter/linkResolver.cpp, line 773]
Event: 158.131 Thread 0x000002347bb5c800 Exception <a 'java/lang/NoSuchMethodError'{0x00000000857c7178}: 'void java.lang.invoke.DelegatingMethodHandle$Holder.reinvoke_L(java.lang.Object, java.lang.Object, java.lang.Object, java.lang.Object, java.lang.Object, java.lang.Object, java.lang.Object, java.lang.Object, java.lang.Object, java.lang.Object, java.lang.Object)'> (0x00000000857c7178) thrown at [./src/hotspot/share/interpreter/linkResolver.cpp, line 773]
Event: 158.133 Thread 0x000002347bb5c800 Exception <a 'java/lang/NoSuchMethodError'{0x00000000857cf468}: 'java.lang.Object java.lang.invoke.DirectMethodHandle$Holder.invokeSpecial(java.lang.Object, java.lang.Object, java.lang.Object, java.lang.Object, java.lang.Object, java.lang.Object, java.lang.Object, java.lang.Object, java.lang.Object, java.lang.Object, java.lang.Object)'> (0x00000000857cf468) thrown at [./src/hotspot/share/interpreter/linkResolver.cpp, line 773]
Event: 158.134 Thread 0x000002347bb5c800 Exception <a 'java/lang/NoSuchMethodError'{0x00000000857d3bd8}: 'java.lang.Object java.lang.invoke.Invokers$Holder.invoker(java.lang.Object, java.lang.Object, java.lang.Object, java.lang.Object, java.lang.Object, java.lang.Object, java.lang.Object, java.lang.Object, java.lang.Object, java.lang.Object, java.lang.Object)'> (0x00000000857d3bd8) thrown at [./src/hotspot/share/interpreter/linkResolver.cpp, line 773]
Event: 158.135 Thread 0x000002347bb5c800 Exception <a 'java/lang/NoSuchMethodError'{0x00000000857d8b88}: 'java.lang.Object java.lang.invoke.DirectMethodHandle$Holder.invokeSpecial(java.lang.Object, java.lang.Object, java.lang.Object, java.lang.Object, java.lang.Object, java.lang.Object, java.lang.Object, java.lang.Object, java.lang.Object, java.lang.Object, java.lang.Object, java.lang.Object)'> (0x00000000857d8b88) thrown at [./src/hotspot/share/interpreter/linkResolver.cpp, line 773]
Event: 158.492 Thread 0x000002347bb5c800 Exception <a 'java/lang/NoSuchMethodError'{0x0000000085535c10}: 'java.lang.Object java.lang.invoke.DirectMethodHandle$Holder.invokeSpecial(java.lang.Object, java.lang.Object, java.lang.Object, java.lang.Object, java.lang.Object, java.lang.Object, java.lang.Object, java.lang.Object, java.lang.Object)'> (0x0000000085535c10) thrown at [./src/hotspot/share/interpreter/linkResolver.cpp, line 773]
Event: 159.350 Thread 0x000002347bb5c800 Exception <a 'java/lang/NoSuchMethodError'{0x0000000087e6e890}: 'void java.lang.invoke.DirectMethodHandle$Holder.invokeStaticInit(java.lang.Object)'> (0x0000000087e6e890) thrown at [./src/hotspot/share/interpreter/linkResolver.cpp, line 773]
Event: 159.684 Thread 0x000002347bb5c800 Exception <a 'java/lang/NoSuchMethodError'{0x0000000087d8fb80}: 'java.lang.Object java.lang.invoke.DirectMethodHandle$Holder.invokeStatic(java.lang.Object, java.lang.Object, java.lang.Object, int)'> (0x0000000087d8fb80) thrown at [./src/hotspot/share/interpreter/linkResolver.cpp, line 773]
Event: 159.684 Thread 0x000002347bb5c800 Exception <a 'java/lang/NoSuchMethodError'{0x0000000087d93d48}: 'java.lang.Object java.lang.invoke.DirectMethodHandle$Holder.invokeSpecial(java.lang.Object, java.lang.Object, java.lang.Object, java.lang.Object, int)'> (0x0000000087d93d48) thrown at [./src/hotspot/share/interpreter/linkResolver.cpp, line 773]
Event: 159.858 Thread 0x000002347bb5c800 Exception <a 'java/lang/NoSuchMethodError'{0x0000000087d97730}: 'java.lang.Object java.lang.invoke.Invokers$Holder.linkToTargetMethod(java.lang.Object, java.lang.Object, int, java.lang.Object)'> (0x0000000087d97730) thrown at [./src/hotspot/share/interpreter/linkResolver.cpp, line 773]
Event: 167.248 Thread 0x000002347bb5c800 Exception <a 'java/lang/NoSuchMethodError'{0x0000000086cb3f18}: 'int java.lang.invoke.DirectMethodHandle$Holder.invokeSpecialIFC(java.lang.Object, java.lang.Object, java.lang.Object, java.lang.Object)'> (0x0000000086cb3f18) thrown at [./src/hotspot/share/interpreter/linkResolver.cpp, line 773]
Event: 167.252 Thread 0x000002347bb5c800 Exception <a 'java/lang/NoSuchMethodError'{0x0000000086cc1ed0}: 'java.lang.Object java.lang.invoke.DirectMethodHandle$Holder.invokeInterface(java.lang.Object, java.lang.Object, java.lang.Object)'> (0x0000000086cc1ed0) thrown at [./src/hotspot/share/interpreter/linkResolver.cpp, line 773]
Event: 167.253 Thread 0x000002347bb5c800 Exception <a 'java/lang/IncompatibleClassChangeError'{0x0000000086cc53a8}: Found class java.lang.Object, but interface was expected> (0x0000000086cc53a8) thrown at [./src/hotspot/share/interpreter/linkResolver.cpp, line 839]
Event: 168.941 Thread 0x000002347bb5c800 Exception <a 'java/lang/NoSuchMethodError'{0x0000000085aaa090}: 'java.lang.Object java.lang.invoke.DirectMethodHandle$Holder.invokeVirtual(java.lang.Object, java.lang.Object, java.lang.Object, java.lang.Object)'> (0x0000000085aaa090) thrown at [./src/hotspot/share/interpreter/linkResolver.cpp, line 773]
Event: 169.331 Thread 0x000002347bb5c800 Exception <a 'java/lang/NoSuchMethodError'{0x0000000085785ac0}: 'java.lang.Object java.lang.invoke.Invokers$Holder.linkToTargetMethod(java.lang.Object, java.lang.Object, java.lang.Object, java.lang.Object, java.lang.Object, java.lang.Object, java.lang.Object)'> (0x0000000085785ac0) thrown at [./src/hotspot/share/interpreter/linkResolver.cpp, line 773]
Event: 169.791 Thread 0x000002347bb5c800 Exception <a 'java/lang/NoSuchMethodError'{0x000000008551b740}: 'java.lang.Object java.lang.invoke.DirectMethodHandle$Holder.invokeVirtual(java.lang.Object, java.lang.Object, java.lang.Object, java.lang.Object, java.lang.Object, java.lang.Object, java.lang.Object, java.lang.Object, java.lang.Object, java.lang.Object, java.lang.Object, java.lang.Object, java.lang.Object, java.lang.Object, java.lang.Object, java.lang.Object, java.lang.Object, java.lang.Object, java.lang.Object, java.lang.Object, java.lang.Ob
Event: 170.290 Thread 0x000002347bb5c800 Exception <a 'java/lang/NoSuchMethodError'{0x0000000084ffece8}: 'void java.lang.invoke.DirectMethodHandle$Holder.invokeStatic(java.lang.Object, java.lang.Object, java.lang.Object, java.lang.Object, java.lang.Object)'> (0x0000000084ffece8) thrown at [./src/hotspot/share/interpreter/linkResolver.cpp, line 773]
Event: 171.004 Thread 0x000002347bb5c800 Implicit null exception at 0x0000023407ae62f8 to 0x0000023407ae638a
Event: 172.019 Thread 0x000002347bb5c800 Exception <a 'java/lang/NoSuchMethodError'{0x0000000087bc5370}: 'void java.lang.invoke.DirectMethodHandle$Holder.invokeStaticInit(java.lang.Object, java.lang.Object)'> (0x0000000087bc5370) thrown at [./src/hotspot/share/interpreter/linkResolver.cpp, line 773]

Events (20 events):
Event: 172.036 loading class org/gradle/plugin/management/internal/DefaultPluginResolutionStrategy
Event: 172.036 loading class org/gradle/plugin/management/internal/DefaultPluginResolutionStrategy done
Event: 172.037 loading class org/gradle/internal/Factory
Event: 172.037 loading class org/gradle/internal/Factory done
Event: 172.038 loading class org/gradle/plugin/use/PluginId
Event: 172.038 loading class org/gradle/plugin/use/PluginId done
Event: 172.042 loading class org/gradle/plugin/management/internal/DefaultPluginResolutionStrategy$1
Event: 172.042 loading class org/gradle/plugin/management/internal/DefaultPluginResolutionStrategy$1 done
Event: 172.045 loading class org/gradle/configuration/project/DefaultCompileOperationFactory
Event: 172.045 loading class org/gradle/configuration/project/DefaultCompileOperationFactory done
Event: 172.046 loading class org/gradle/groovy/scripts/internal/StatementTransformer
Event: 172.046 loading class org/gradle/groovy/scripts/internal/StatementTransformer done
Event: 172.191 loading class org/gradle/groovy/scripts/Transformer
Event: 172.191 loading class org/gradle/groovy/scripts/Transformer done
Event: 172.196 loading class org/gradle/groovy/scripts/internal/CompileOperation
Event: 172.196 loading class org/gradle/groovy/scripts/internal/CompileOperation done
Event: 172.203 loading class org/gradle/groovy/scripts/internal/BuildScriptDataSerializer
Event: 172.203 loading class org/gradle/groovy/scripts/internal/BuildScriptDataSerializer done
Event: 172.204 loading class org/gradle/configuration/ScriptPluginFactorySelector
Event: 172.204 loading class org/gradle/configuration/ScriptPluginFactorySelector done


Dynamic libraries:
0x00007ff63ec50000 - 0x00007ff63ec5d000 	C:\Program Files\Microsoft\jdk-11.0.18.10-hotspot\bin\java.exe
0x00007ffcb5670000 - 0x00007ffcb5868000 	C:\Windows\SYSTEM32\ntdll.dll
0x00007ffcb3c80000 - 0x00007ffcb3d3f000 	C:\Windows\System32\KERNEL32.DLL
0x00007ffcb2e80000 - 0x00007ffcb3176000 	C:\Windows\System32\KERNELBASE.dll
0x00007ffcb3530000 - 0x00007ffcb3630000 	C:\Windows\System32\ucrtbase.dll
0x00007ffc8a080000 - 0x00007ffc8a097000 	C:\Program Files\Microsoft\jdk-11.0.18.10-hotspot\bin\jli.dll
0x00007ffcb5490000 - 0x00007ffcb562d000 	C:\Windows\System32\USER32.dll
0x00007ffcb3450000 - 0x00007ffcb3472000 	C:\Windows\System32\win32u.dll
0x00007ffcb4ab0000 - 0x00007ffcb4adc000 	C:\Windows\System32\GDI32.dll
0x00007ffcb3180000 - 0x00007ffcb3295000 	C:\Windows\System32\gdi32full.dll
0x00007ffcb2d50000 - 0x00007ffcb2ded000 	C:\Windows\System32\msvcp_win.dll
0x00007ffc806e0000 - 0x00007ffc806f5000 	C:\Program Files\Microsoft\jdk-11.0.18.10-hotspot\bin\VCRUNTIME140.dll
0x00007ffc98cc0000 - 0x00007ffc98f5a000 	C:\Windows\WinSxS\amd64_microsoft.windows.common-controls_6595b64144ccf1df_6.0.19041.1110_none_60b5254171f9507e\COMCTL32.dll
0x00007ffcb3780000 - 0x00007ffcb381e000 	C:\Windows\System32\msvcrt.dll
0x00007ffcb3f10000 - 0x00007ffcb3f40000 	C:\Windows\System32\IMM32.DLL
0x00007ffc78960000 - 0x00007ffc789fb000 	C:\Program Files\Microsoft\jdk-11.0.18.10-hotspot\bin\msvcp140.dll
0x00007ffc48110000 - 0x00007ffc48ca2000 	C:\Program Files\Microsoft\jdk-11.0.18.10-hotspot\bin\server\jvm.dll
0x00007ffcb36d0000 - 0x00007ffcb377f000 	C:\Windows\System32\ADVAPI32.dll
0x00007ffcb39a0000 - 0x00007ffcb3a3c000 	C:\Windows\System32\sechost.dll
0x00007ffcb3d40000 - 0x00007ffcb3e66000 	C:\Windows\System32\RPCRT4.dll
0x00007ffcb3c70000 - 0x00007ffcb3c78000 	C:\Windows\System32\PSAPI.DLL
0x00007ffcafc80000 - 0x00007ffcafc89000 	C:\Windows\SYSTEM32\WSOCK32.dll
0x00007ffcb4700000 - 0x00007ffcb476b000 	C:\Windows\System32\WS2_32.dll
0x00007ffca8690000 - 0x00007ffca86b7000 	C:\Windows\SYSTEM32\WINMM.dll
0x00007ffca8ab0000 - 0x00007ffca8aba000 	C:\Windows\SYSTEM32\VERSION.dll
0x00007ffcb1590000 - 0x00007ffcb15a2000 	C:\Windows\SYSTEM32\kernel.appcore.dll
0x00007ffc98f90000 - 0x00007ffc98fa0000 	C:\Program Files\Microsoft\jdk-11.0.18.10-hotspot\bin\verify.dll
0x00007ffcafd90000 - 0x00007ffcaff74000 	C:\Windows\SYSTEM32\DBGHELP.DLL
0x00007ffc99b10000 - 0x00007ffc99b44000 	C:\Windows\SYSTEM32\dbgcore.DLL
0x00007ffcb2df0000 - 0x00007ffcb2e72000 	C:\Windows\System32\bcryptPrimitives.dll
0x00007ffc806b0000 - 0x00007ffc806d8000 	C:\Program Files\Microsoft\jdk-11.0.18.10-hotspot\bin\java.dll
0x00007ffc95220000 - 0x00007ffc9522a000 	C:\Program Files\Microsoft\jdk-11.0.18.10-hotspot\bin\jimage.dll
0x00007ffc80640000 - 0x00007ffc80658000 	C:\Program Files\Microsoft\jdk-11.0.18.10-hotspot\bin\zip.dll
0x00007ffcb3f40000 - 0x00007ffcb4684000 	C:\Windows\System32\SHELL32.dll
0x00007ffcb0d90000 - 0x00007ffcb1524000 	C:\Windows\SYSTEM32\windows.storage.dll
0x00007ffcb4ae0000 - 0x00007ffcb4e34000 	C:\Windows\System32\combase.dll
0x00007ffcb26c0000 - 0x00007ffcb26ee000 	C:\Windows\SYSTEM32\Wldp.dll
0x00007ffcb53e0000 - 0x00007ffcb548d000 	C:\Windows\System32\SHCORE.dll
0x00007ffcb3bb0000 - 0x00007ffcb3c05000 	C:\Windows\System32\shlwapi.dll
0x00007ffcb2c80000 - 0x00007ffcb2ca5000 	C:\Windows\SYSTEM32\profapi.dll
0x00007ffc805e0000 - 0x00007ffc805f9000 	C:\Program Files\Microsoft\jdk-11.0.18.10-hotspot\bin\net.dll
0x00007ffca1400000 - 0x00007ffca150a000 	C:\Windows\SYSTEM32\WINHTTP.dll
0x00007ffcb2420000 - 0x00007ffcb248a000 	C:\Windows\system32\mswsock.dll
0x00007ffc802f0000 - 0x00007ffc80303000 	C:\Program Files\Microsoft\jdk-11.0.18.10-hotspot\bin\nio.dll
0x00007ffcb0640000 - 0x00007ffcb0667000 	C:\Users\MS\.gradle\native\68d5fa5c4cc2d200863cafc0d521ce42e7d3e7ee720ec0a83991735586a16f82\windows-amd64\native-platform.dll
0x00007ffc8ee90000 - 0x00007ffc8efd4000 	C:\Users\MS\.gradle\native\e376f236ea51e6404a007f0833ffe2c6e607c4080706a723a18a27aeea778392\windows-amd64\native-platform-file-events.dll
0x00007ffc8c0b0000 - 0x00007ffc8c0b9000 	C:\Program Files\Microsoft\jdk-11.0.18.10-hotspot\bin\management.dll
0x00007ffc89db0000 - 0x00007ffc89dbb000 	C:\Program Files\Microsoft\jdk-11.0.18.10-hotspot\bin\management_ext.dll
0x00007ffcb2610000 - 0x00007ffcb2628000 	C:\Windows\SYSTEM32\CRYPTSP.dll
0x00007ffcb1d40000 - 0x00007ffcb1d74000 	C:\Windows\system32\rsaenh.dll
0x00007ffcb3630000 - 0x00007ffcb3657000 	C:\Windows\System32\bcrypt.dll
0x00007ffcb2c00000 - 0x00007ffcb2c2e000 	C:\Windows\SYSTEM32\USERENV.dll
0x00007ffcb2630000 - 0x00007ffcb263c000 	C:\Windows\SYSTEM32\CRYPTBASE.dll
0x00007ffcb2110000 - 0x00007ffcb214c000 	C:\Windows\SYSTEM32\IPHLPAPI.DLL
0x00007ffcb4770000 - 0x00007ffcb4778000 	C:\Windows\System32\NSI.dll
0x00007ffca1640000 - 0x00007ffca1657000 	C:\Windows\SYSTEM32\dhcpcsvc6.DLL
0x00007ffca4590000 - 0x00007ffca45ad000 	C:\Windows\SYSTEM32\dhcpcsvc.DLL
0x00007ffcb2150000 - 0x00007ffcb221a000 	C:\Windows\SYSTEM32\DNSAPI.dll

dbghelp: loaded successfully - version: 4.0.5 - missing functions: none
symbol engine: initialized successfully - sym options: 0x614 - pdb path: .;C:\Program Files\Microsoft\jdk-11.0.18.10-hotspot\bin;C:\Windows\SYSTEM32;C:\Windows\WinSxS\amd64_microsoft.windows.common-controls_6595b64144ccf1df_6.0.19041.1110_none_60b5254171f9507e;C:\Program Files\Microsoft\jdk-11.0.18.10-hotspot\bin\server;C:\Users\MS\.gradle\native\68d5fa5c4cc2d200863cafc0d521ce42e7d3e7ee720ec0a83991735586a16f82\windows-amd64;C:\Users\MS\.gradle\native\e376f236ea51e6404a007f0833ffe2c6e607c4080706a723a18a27aeea778392\windows-amd64

VM Arguments:
jvm_args: -XX:MaxMetaspaceSize=512m --add-opens=java.base/java.util=ALL-UNNAMED --add-opens=java.base/java.lang=ALL-UNNAMED --add-opens=java.base/java.lang.invoke=ALL-UNNAMED --add-opens=java.prefs/java.util.prefs=ALL-UNNAMED --add-opens=java.base/java.nio.charset=ALL-UNNAMED --add-opens=java.base/java.net=ALL-UNNAMED --add-opens=java.base/java.util.concurrent.atomic=ALL-UNNAMED -Xmx2048m -Dfile.encoding=windows-1252 -Duser.country=US -Duser.language=en -Duser.variant 
java_command: org.gradle.launcher.daemon.bootstrap.GradleDaemon 8.0.1
java_class_path (initial): C:\Users\MS\.gradle\wrapper\dists\gradle-8.0.1-all\aro4hu1c3oeioove7l0i4i14o\gradle-8.0.1\lib\gradle-launcher-8.0.1.jar
Launcher Type: SUN_STANDARD

[Global flags]
     intx CICompilerCount                          = 3                                         {product} {ergonomic}
   size_t CompressedClassSpaceSize                 = 528482304                                 {product} {ergonomic}
     uint ConcGCThreads                            = 1                                         {product} {ergonomic}
     uint G1ConcRefinementThreads                  = 4                                         {product} {ergonomic}
   size_t G1HeapRegionSize                         = 1048576                                   {product} {ergonomic}
    uintx GCDrainStackTargetSize                   = 64                                        {product} {ergonomic}
   size_t InitialHeapSize                          = 134217728                                 {product} {ergonomic}
   size_t MarkStackSize                            = 4194304                                   {product} {ergonomic}
   size_t MaxHeapSize                              = 2147483648                                {product} {command line}
   size_t MaxMetaspaceSize                         = 536870912                                 {product} {command line}
   size_t MaxNewSize                               = 1287651328                                {product} {ergonomic}
   size_t MinHeapDeltaBytes                        = 1048576                                   {product} {ergonomic}
    uintx NonNMethodCodeHeapSize                   = 5830732                                {pd product} {ergonomic}
    uintx NonProfiledCodeHeapSize                  = 122913754                              {pd product} {ergonomic}
    uintx ProfiledCodeHeapSize                     = 122913754                              {pd product} {ergonomic}
    uintx ReservedCodeCacheSize                    = 251658240                              {pd product} {ergonomic}
     bool SegmentedCodeCache                       = true                                      {product} {ergonomic}
     bool UseCompressedClassPointers               = true                                 {lp64_product} {ergonomic}
     bool UseCompressedOops                        = true                                 {lp64_product} {ergonomic}
     bool UseG1GC                                  = true                                      {product} {ergonomic}
     bool UseLargePagesIndividualAllocation        = false                                  {pd product} {ergonomic}

Logging:
Log output configuration:
 #0: stdout all=warning uptime,level,tags
 #1: stderr all=off uptime,level,tags

Environment Variables:
JAVA_HOME=C:\Program Files\Microsoft\jdk-11.0.18.10-hotspot\
CLASSPATH=D:\React Native\App\android\\gradle\wrapper\gradle-wrapper.jar
PATH=D:\React Native\App\node_modules\.bin;D:\React Native\App\node_modules\.bin;D:\React Native\node_modules\.bin;D:\node_modules\.bin;C:\Users\MS\AppData\Roaming\npm\node_modules\npm\node_modules\@npmcli\run-script\lib\node-gyp-bin;D:\React Native\App\node_modules\.bin;D:\React Native\node_modules\.bin;D:\node_modules\.bin;C:\Users\MS\AppData\Roaming\npm\node_modules\npm\node_modules\@npmcli\run-script\lib\node-gyp-bin;C:\Program Files\Microsoft\jdk-11.0.18.10-hotspot\bin;C:\Windows\system32;C:\Windows;C:\Windows\System32\Wbem;C:\Windows\System32\WindowsPowerShell\v1.0\;C:\Windows\System32\OpenSSH\;C:\ProgramData\chocolatey\bin;C:\Program Files\nodejs\;C:\platform-tools;C:\Users\MS\AppData\Local\Microsoft\WindowsApps;C:\Users\MS\AppData\Roaming\npm;C:\Users\MS\AppData\Local\Programs\Microsoft VS Code\bin
USERNAME=MS
OS=Windows_NT
PROCESSOR_IDENTIFIER=Intel64 Family 6 Model 78 Stepping 3, GenuineIntel
TMP=C:\Users\MS\AppData\Local\Temp
TEMP=C:\Users\MS\AppData\Local\Temp



---------------  S Y S T E M  ---------------

OS: Windows 10 , 64 bit Build 19041 (10.0.19041.3155)
OS uptime: 1 days 16:14 hours

CPU:total 4 (initial active 4) (2 cores per cpu, 2 threads per core) family 6 model 78 stepping 3 microcode 0xcc, cmov, cx8, fxsr, mmx, sse, sse2, sse3, ssse3, sse4.1, sse4.2, popcnt, avx, avx2, aes, clmul, erms, rtm, 3dnowpref, lzcnt, ht, tsc, tscinvbit, bmi1, bmi2, adx, fma

Memory: 4k page, system-wide physical 8072M (31M free)
TotalPageFile size 19592M (AvailPageFile size 0M)
current process WorkingSet (physical memory assigned to process): 144M, peak: 164M
current process commit charge ("private bytes"): 256M, peak: 268M

vm_info: OpenJDK 64-Bit Server VM (11.0.18+10-LTS) for windows-amd64 JRE (11.0.18+10-LTS), built on Jan 18 2023 15:56:47 by "MicrosoftCorporation" with MS VC++ 15.9 (VS2017)

END.
