#
# There is insufficient memory for the Java Runtime Environment to continue.
# Native memory allocation (malloc) failed to allocate 1302896 bytes for Chunk::new
# Possible reasons:
#   The system is out of physical RAM or swap space
#   The process is running with CompressedOops enabled, and the Java Heap may be blocking the growth of the native heap
# Possible solutions:
#   Reduce memory load on the system
#   Increase physical memory or swap space
#   Check if swap backing store is full
#   Decrease Java heap size (-Xmx/-Xms)
#   Decrease number of Java threads
#   Decrease Java thread stack sizes (-Xss)
#   Set larger code cache with -XX:ReservedCodeCacheSize=
#   JVM is running with Unscaled Compressed Oops mode in which the Java heap is
#     placed in the first 4GB address space. The Java Heap base address is the
#     maximum limit for the native heap growth. Please use -XX:HeapBaseMinAddress
#     to set the Java Heap base and to place the Java Heap above 4GB virtual address.
# This output file may be truncated or incomplete.
#
#  Out of Memory Error (./src/hotspot/share/memory/arena.cpp:197), pid=17644, tid=14164
#
# JRE version: OpenJDK Runtime Environment Microsoft-7208460 (11.0.18+10) (build 11.0.18+10-LTS)
# Java VM: OpenJDK 64-Bit Server VM Microsoft-7208460 (11.0.18+10-LTS, mixed mode, tiered, compressed oops, g1 gc, windows-amd64)
# No core dump will be written. Minidumps are not enabled by default on client versions of Windows
#

---------------  S U M M A R Y ------------

Command Line: -XX:MaxMetaspaceSize=512m --add-opens=java.base/java.util=ALL-UNNAMED --add-opens=java.base/java.lang=ALL-UNNAMED --add-opens=java.base/java.lang.invoke=ALL-UNNAMED --add-opens=java.prefs/java.util.prefs=ALL-UNNAMED --add-opens=java.base/java.nio.charset=ALL-UNNAMED --add-opens=java.base/java.net=ALL-UNNAMED --add-opens=java.base/java.util.concurrent.atomic=ALL-UNNAMED -Xmx2048m -Dfile.encoding=windows-1252 -Duser.country=US -Duser.language=en -Duser.variant org.gradle.launcher.daemon.bootstrap.GradleDaemon 8.0.1

Host: Intel(R) Core(TM) i5-6300U CPU @ 2.40GHz, 4 cores, 7G,  Windows 10 , 64 bit Build 19041 (10.0.19041.3155)
Time: Tue Sep 26 03:43:55 2023 Pacific Daylight Time elapsed time: 96.000710 seconds (0d 0h 1m 36s)

---------------  T H R E A D  ---------------

Current thread (0x00000299795f4000):  JavaThread "C2 CompilerThread0" daemon [_thread_in_native, id=14164, stack(0x000000e659a00000,0x000000e659b00000)]


Current CompileTask:
C2:  96000 3474       4       java.net.URLClassLoader$1::run (5 bytes)

Stack: [0x000000e659a00000,0x000000e659b00000]
Native frames: (J=compiled Java code, j=interpreted, Vv=VM code, C=native code)
V  [jvm.dll+0x62bf8a]
V  [jvm.dll+0x7b8fb9]
V  [jvm.dll+0x7ba6a8]
V  [jvm.dll+0x7bad83]
V  [jvm.dll+0x250248]
V  [jvm.dll+0xc260c]
V  [jvm.dll+0xc2bcc]
V  [jvm.dll+0x35e182]
V  [jvm.dll+0x19ebe9]
V  [jvm.dll+0x209495]
V  [jvm.dll+0x20850d]
V  [jvm.dll+0x18a4b1]
V  [jvm.dll+0x217eec]
V  [jvm.dll+0x21612b]
V  [jvm.dll+0x77bac0]
V  [jvm.dll+0x7749f4]
V  [jvm.dll+0x62adf5]
C  [ucrtbase.dll+0x21bb2]
C  [KERNEL32.DLL+0x17614]
C  [ntdll.dll+0x526b1]


---------------  P R O C E S S  ---------------

Threads class SMR info:
_java_thread_list=0x000002997a4d4bf0, length=31, elements={
0x0000029968c6c800, 0x0000029978c7f000, 0x0000029978c6d800, 0x0000029978cd2000,
0x00000299795f0800, 0x00000299795f1000, 0x00000299795f4000, 0x00000299795f5800,
0x0000029979657000, 0x000002997975e800, 0x000002997b69e800, 0x000002997a4bf800,
0x000002997b7fb800, 0x000002997c068000, 0x000002997a1da000, 0x000002997a591000,
0x000002997a591800, 0x000002997a75f800, 0x0000029979b33000, 0x0000029979b34000,
0x000002997a812000, 0x000002997a816000, 0x000002997a813000, 0x000002997a811000,
0x000002997a810800, 0x000002997a813800, 0x000002997a814800, 0x000002997a815800,
0x000002997a817000, 0x000002997b55b000, 0x000002997b55d000
}

Java Threads: ( => current thread )
  0x0000029968c6c800 JavaThread "main" [_thread_blocked, id=18020, stack(0x000000e658d00000,0x000000e658e00000)]
  0x0000029978c7f000 JavaThread "Reference Handler" daemon [_thread_blocked, id=15672, stack(0x000000e659500000,0x000000e659600000)]
  0x0000029978c6d800 JavaThread "Finalizer" daemon [_thread_blocked, id=15488, stack(0x000000e659600000,0x000000e659700000)]
  0x0000029978cd2000 JavaThread "Signal Dispatcher" daemon [_thread_blocked, id=11164, stack(0x000000e659700000,0x000000e659800000)]
  0x00000299795f0800 JavaThread "Attach Listener" daemon [_thread_blocked, id=16932, stack(0x000000e659800000,0x000000e659900000)]
  0x00000299795f1000 JavaThread "Service Thread" daemon [_thread_blocked, id=14316, stack(0x000000e659900000,0x000000e659a00000)]
=>0x00000299795f4000 JavaThread "C2 CompilerThread0" daemon [_thread_in_native, id=14164, stack(0x000000e659a00000,0x000000e659b00000)]
  0x00000299795f5800 JavaThread "C1 CompilerThread0" daemon [_thread_blocked, id=15828, stack(0x000000e659b00000,0x000000e659c00000)]
  0x0000029979657000 JavaThread "Sweeper thread" daemon [_thread_blocked, id=14580, stack(0x000000e659c00000,0x000000e659d00000)]
  0x000002997975e800 JavaThread "Common-Cleaner" daemon [_thread_blocked, id=15028, stack(0x000000e659d00000,0x000000e659e00000)]
  0x000002997b69e800 JavaThread "Daemon health stats" [_thread_blocked, id=20512, stack(0x000000e65a100000,0x000000e65a200000)]
  0x000002997a4bf800 JavaThread "Incoming local TCP Connector on port 57221" [_thread_in_native, id=21368, stack(0x000000e65a200000,0x000000e65a300000)]
  0x000002997b7fb800 JavaThread "Daemon periodic checks" [_thread_blocked, id=21376, stack(0x000000e65a300000,0x000000e65a400000)]
  0x000002997c068000 JavaThread "Daemon" [_thread_blocked, id=21380, stack(0x000000e65a400000,0x000000e65a500000)]
  0x000002997a1da000 JavaThread "Handler for socket connection from /127.0.0.1:57221 to /127.0.0.1:57222" [_thread_in_native, id=21384, stack(0x000000e65a500000,0x000000e65a600000)]
  0x000002997a591000 JavaThread "Cancel handler" [_thread_blocked, id=21396, stack(0x000000e65a600000,0x000000e65a700000)]
  0x000002997a591800 JavaThread "Daemon worker" [_thread_in_native, id=21416, stack(0x000000e65a700000,0x000000e65a800000)]
  0x000002997a75f800 JavaThread "Asynchronous log dispatcher for DefaultDaemonConnection: socket connection from /127.0.0.1:57221 to /127.0.0.1:57222" [_thread_blocked, id=21432, stack(0x000000e65a800000,0x000000e65a900000)]
  0x0000029979b33000 JavaThread "Stdin handler" [_thread_blocked, id=21436, stack(0x000000e65a900000,0x000000e65aa00000)]
  0x0000029979b34000 JavaThread "Daemon client event forwarder" [_thread_blocked, id=21440, stack(0x000000e65aa00000,0x000000e65ab00000)]
  0x000002997a812000 JavaThread "Cache worker for journal cache (C:\Users\MS\.gradle\caches\journal-1)" [_thread_blocked, id=17944, stack(0x000000e65ac00000,0x000000e65ad00000)]
  0x000002997a816000 JavaThread "File lock request listener" [_thread_in_native, id=18408, stack(0x000000e65ad00000,0x000000e65ae00000)]
  0x000002997a813000 JavaThread "Cache worker for file hash cache (C:\Users\MS\.gradle\caches\8.0.1\fileHashes)" [_thread_blocked, id=18196, stack(0x000000e65ae00000,0x000000e65af00000)]
  0x000002997a811000 JavaThread "File watcher server" daemon [_thread_in_native, id=16260, stack(0x000000e65b100000,0x000000e65b200000)]
  0x000002997a810800 JavaThread "File watcher consumer" daemon [_thread_blocked, id=21136, stack(0x000000e65b200000,0x000000e65b300000)]
  0x000002997a813800 JavaThread "Cache worker for checksums cache (D:\React Native\App\android\.gradle\8.0.1\checksums)" [_thread_blocked, id=13868, stack(0x000000e65b300000,0x000000e65b400000)]
  0x000002997a814800 JavaThread "Cache worker for cache directory md-rule (C:\Users\MS\.gradle\caches\8.0.1\md-rule)" [_thread_blocked, id=12696, stack(0x000000e65b400000,0x000000e65b500000)]
  0x000002997a815800 JavaThread "Cache worker for file content cache (C:\Users\MS\.gradle\caches\8.0.1\fileContent)" [_thread_blocked, id=10840, stack(0x000000e65b500000,0x000000e65b600000)]
  0x000002997a817000 JavaThread "Cache worker for file hash cache (D:\React Native\App\android\.gradle\8.0.1\fileHashes)" [_thread_blocked, id=12480, stack(0x000000e65b600000,0x000000e65b700000)]
  0x000002997b55b000 JavaThread "Cache worker for cache directory md-supplier (C:\Users\MS\.gradle\caches\8.0.1\md-supplier)" [_thread_blocked, id=15848, stack(0x000000e65b700000,0x000000e65b800000)]
  0x000002997b55d000 JavaThread "Cache worker for execution history cache (C:\Users\MS\.gradle\caches\8.0.1\executionHistory)" [_thread_blocked, id=21184, stack(0x000000e65b800000,0x000000e65b900000)]

Other Threads:
  0x0000029978c69800 VMThread "VM Thread" [stack: 0x000000e659400000,0x000000e659500000] [id=8928]
  0x0000029979794000 WatcherThread [stack: 0x000000e659e00000,0x000000e659f00000] [id=15280]
  0x0000029968c87000 GCTaskThread "GC Thread#0" [stack: 0x000000e658f00000,0x000000e659000000] [id=17440]
  0x00000299799e9800 GCTaskThread "GC Thread#1" [stack: 0x000000e659f00000,0x000000e65a000000] [id=13372]
  0x0000029979b1f800 GCTaskThread "GC Thread#2" [stack: 0x000000e65a000000,0x000000e65a100000] [id=7852]
  0x000002997a2ba800 GCTaskThread "GC Thread#3" [stack: 0x000000e65ab00000,0x000000e65ac00000] [id=21444]
  0x0000029968cb8800 ConcurrentGCThread "G1 Main Marker" [stack: 0x000000e659000000,0x000000e659100000] [id=18244]
  0x0000029968cb9800 ConcurrentGCThread "G1 Conc#0" [stack: 0x000000e659100000,0x000000e659200000] [id=13660]
  0x0000029968d47000 ConcurrentGCThread "G1 Refine#0" [stack: 0x000000e659200000,0x000000e659300000] [id=12348]
  0x0000029968d48000 ConcurrentGCThread "G1 Young RemSet Sampling" [stack: 0x000000e659300000,0x000000e659400000] [id=16276]

Threads with active compile tasks:
C2 CompilerThread0    96043 3474       4       java.net.URLClassLoader$1::run (5 bytes)

VM state:not at safepoint (normal execution)

VM Mutex/Monitor currently owned by a thread: None

Heap address: 0x0000000080000000, size: 2048 MB, Compressed Oops mode: 32-bit
Narrow klass base: 0x0000000000000000, Narrow klass shift: 3
Compressed class space size: 528482304 Address: 0x0000000100000000

Heap:
 garbage-first heap   total 131072K, used 52118K [0x0000000080000000, 0x0000000100000000)
  region size 1024K, 35 young (35840K), 6 survivors (6144K)
 Metaspace       used 38240K, capacity 39205K, committed 39376K, reserved 550912K
  class space    used 4850K, capacity 5191K, committed 5248K, reserved 516096K
Heap Regions: E=young(eden), S=young(survivor), O=old, HS=humongous(starts), HC=humongous(continues), CS=collection set, F=free, A=archive, TAMS=top-at-mark-start (previous, next)
|   0|0x0000000080000000, 0x0000000080100000, 0x0000000080100000|100%| O|  |TAMS 0x0000000080100000, 0x0000000080000000| Untracked 
|   1|0x0000000080100000, 0x0000000080200000, 0x0000000080200000|100%| O|  |TAMS 0x0000000080200000, 0x0000000080100000| Untracked 
|   2|0x0000000080200000, 0x0000000080300000, 0x0000000080300000|100%| O|  |TAMS 0x0000000080300000, 0x0000000080200000| Untracked 
|   3|0x0000000080300000, 0x0000000080400000, 0x0000000080400000|100%|HS|  |TAMS 0x0000000080400000, 0x0000000080300000| Complete 
|   4|0x0000000080400000, 0x0000000080500000, 0x0000000080500000|100%|HC|  |TAMS 0x0000000080500000, 0x0000000080400000| Complete 
|   5|0x0000000080500000, 0x0000000080600000, 0x0000000080600000|100%|HC|  |TAMS 0x0000000080600000, 0x0000000080500000| Complete 
|   6|0x0000000080600000, 0x0000000080700000, 0x0000000080700000|100%|HC|  |TAMS 0x0000000080700000, 0x0000000080600000| Complete 
|   7|0x0000000080700000, 0x0000000080800000, 0x0000000080800000|100%| O|  |TAMS 0x0000000080800000, 0x0000000080700000| Untracked 
|   8|0x0000000080800000, 0x0000000080900000, 0x0000000080900000|100%| O|  |TAMS 0x0000000080900000, 0x0000000080800000| Untracked 
|   9|0x0000000080900000, 0x0000000080a00000, 0x0000000080a00000|100%| O|  |TAMS 0x0000000080a00000, 0x0000000080900000| Untracked 
|  10|0x0000000080a00000, 0x0000000080b00000, 0x0000000080b00000|100%| O|  |TAMS 0x0000000080b00000, 0x0000000080a00000| Untracked 
|  11|0x0000000080b00000, 0x0000000080c00000, 0x0000000080c00000|100%| O|  |TAMS 0x0000000080c00000, 0x0000000080b00000| Untracked 
|  12|0x0000000080c00000, 0x0000000080d00000, 0x0000000080d00000|100%| O|  |TAMS 0x0000000080d00000, 0x0000000080c00000| Untracked 
|  13|0x0000000080d00000, 0x0000000080e00000, 0x0000000080e00000|100%| O|  |TAMS 0x0000000080e00000, 0x0000000080d00000| Untracked 
|  14|0x0000000080e00000, 0x0000000080f00000, 0x0000000080f00000|100%| O|  |TAMS 0x0000000080f00000, 0x0000000080e00000| Untracked 
|  15|0x0000000080f00000, 0x0000000081000000, 0x0000000081000000|100%| O|  |TAMS 0x0000000081000000, 0x0000000080f00000| Untracked 
|  16|0x0000000081000000, 0x0000000081100000, 0x0000000081100000|100%| O|  |TAMS 0x0000000081100000, 0x0000000081000000| Untracked 
|  17|0x0000000081100000, 0x0000000081153400, 0x0000000081200000| 32%| O|  |TAMS 0x0000000081153400, 0x0000000081100000| Untracked 
|  18|0x0000000081200000, 0x0000000081200000, 0x0000000081300000|  0%| F|  |TAMS 0x0000000081200000, 0x0000000081200000| Untracked 
|  19|0x0000000081300000, 0x0000000081300000, 0x0000000081400000|  0%| F|  |TAMS 0x0000000081300000, 0x0000000081300000| Untracked 
|  20|0x0000000081400000, 0x0000000081400000, 0x0000000081500000|  0%| F|  |TAMS 0x0000000081400000, 0x0000000081400000| Untracked 
|  21|0x0000000081500000, 0x0000000081500000, 0x0000000081600000|  0%| F|  |TAMS 0x0000000081500000, 0x0000000081500000| Untracked 
|  22|0x0000000081600000, 0x0000000081600000, 0x0000000081700000|  0%| F|  |TAMS 0x0000000081600000, 0x0000000081600000| Untracked 
|  23|0x0000000081700000, 0x0000000081700000, 0x0000000081800000|  0%| F|  |TAMS 0x0000000081700000, 0x0000000081700000| Untracked 
|  24|0x0000000081800000, 0x0000000081800000, 0x0000000081900000|  0%| F|  |TAMS 0x0000000081800000, 0x0000000081800000| Untracked 
|  25|0x0000000081900000, 0x0000000081900000, 0x0000000081a00000|  0%| F|  |TAMS 0x0000000081900000, 0x0000000081900000| Untracked 
|  26|0x0000000081a00000, 0x0000000081a00000, 0x0000000081b00000|  0%| F|  |TAMS 0x0000000081a00000, 0x0000000081a00000| Untracked 
|  27|0x0000000081b00000, 0x0000000081b00000, 0x0000000081c00000|  0%| F|  |TAMS 0x0000000081b00000, 0x0000000081b00000| Untracked 
|  28|0x0000000081c00000, 0x0000000081c00000, 0x0000000081d00000|  0%| F|  |TAMS 0x0000000081c00000, 0x0000000081c00000| Untracked 
|  29|0x0000000081d00000, 0x0000000081d00000, 0x0000000081e00000|  0%| F|  |TAMS 0x0000000081d00000, 0x0000000081d00000| Untracked 
|  30|0x0000000081e00000, 0x0000000081e00000, 0x0000000081f00000|  0%| F|  |TAMS 0x0000000081e00000, 0x0000000081e00000| Untracked 
|  31|0x0000000081f00000, 0x0000000081f00000, 0x0000000082000000|  0%| F|  |TAMS 0x0000000081f00000, 0x0000000081f00000| Untracked 
|  32|0x0000000082000000, 0x0000000082000000, 0x0000000082100000|  0%| F|  |TAMS 0x0000000082000000, 0x0000000082000000| Untracked 
|  33|0x0000000082100000, 0x0000000082100000, 0x0000000082200000|  0%| F|  |TAMS 0x0000000082100000, 0x0000000082100000| Untracked 
|  34|0x0000000082200000, 0x0000000082200000, 0x0000000082300000|  0%| F|  |TAMS 0x0000000082200000, 0x0000000082200000| Untracked 
|  35|0x0000000082300000, 0x0000000082300000, 0x0000000082400000|  0%| F|  |TAMS 0x0000000082300000, 0x0000000082300000| Untracked 
|  36|0x0000000082400000, 0x0000000082400000, 0x0000000082500000|  0%| F|  |TAMS 0x0000000082400000, 0x0000000082400000| Untracked 
|  37|0x0000000082500000, 0x0000000082500000, 0x0000000082600000|  0%| F|  |TAMS 0x0000000082500000, 0x0000000082500000| Untracked 
|  38|0x0000000082600000, 0x0000000082600000, 0x0000000082700000|  0%| F|  |TAMS 0x0000000082600000, 0x0000000082600000| Untracked 
|  39|0x0000000082700000, 0x0000000082700000, 0x0000000082800000|  0%| F|  |TAMS 0x0000000082700000, 0x0000000082700000| Untracked 
|  40|0x0000000082800000, 0x0000000082800000, 0x0000000082900000|  0%| F|  |TAMS 0x0000000082800000, 0x0000000082800000| Untracked 
|  41|0x0000000082900000, 0x0000000082900000, 0x0000000082a00000|  0%| F|  |TAMS 0x0000000082900000, 0x0000000082900000| Untracked 
|  42|0x0000000082a00000, 0x0000000082a00000, 0x0000000082b00000|  0%| F|  |TAMS 0x0000000082a00000, 0x0000000082a00000| Untracked 
|  43|0x0000000082b00000, 0x0000000082b00000, 0x0000000082c00000|  0%| F|  |TAMS 0x0000000082b00000, 0x0000000082b00000| Untracked 
|  44|0x0000000082c00000, 0x0000000082c00000, 0x0000000082d00000|  0%| F|  |TAMS 0x0000000082c00000, 0x0000000082c00000| Untracked 
|  45|0x0000000082d00000, 0x0000000082d00000, 0x0000000082e00000|  0%| F|  |TAMS 0x0000000082d00000, 0x0000000082d00000| Untracked 
|  46|0x0000000082e00000, 0x0000000082e00000, 0x0000000082f00000|  0%| F|  |TAMS 0x0000000082e00000, 0x0000000082e00000| Untracked 
|  47|0x0000000082f00000, 0x0000000082f00000, 0x0000000083000000|  0%| F|  |TAMS 0x0000000082f00000, 0x0000000082f00000| Untracked 
|  48|0x0000000083000000, 0x0000000083000000, 0x0000000083100000|  0%| F|  |TAMS 0x0000000083000000, 0x0000000083000000| Untracked 
|  49|0x0000000083100000, 0x0000000083100000, 0x0000000083200000|  0%| F|  |TAMS 0x0000000083100000, 0x0000000083100000| Untracked 
|  50|0x0000000083200000, 0x0000000083200000, 0x0000000083300000|  0%| F|  |TAMS 0x0000000083200000, 0x0000000083200000| Untracked 
|  51|0x0000000083300000, 0x0000000083300000, 0x0000000083400000|  0%| F|  |TAMS 0x0000000083300000, 0x0000000083300000| Untracked 
|  52|0x0000000083400000, 0x0000000083400000, 0x0000000083500000|  0%| F|  |TAMS 0x0000000083400000, 0x0000000083400000| Untracked 
|  53|0x0000000083500000, 0x0000000083500000, 0x0000000083600000|  0%| F|  |TAMS 0x0000000083500000, 0x0000000083500000| Untracked 
|  54|0x0000000083600000, 0x0000000083600000, 0x0000000083700000|  0%| F|  |TAMS 0x0000000083600000, 0x0000000083600000| Untracked 
|  55|0x0000000083700000, 0x0000000083700000, 0x0000000083800000|  0%| F|  |TAMS 0x0000000083700000, 0x0000000083700000| Untracked 
|  56|0x0000000083800000, 0x0000000083800000, 0x0000000083900000|  0%| F|  |TAMS 0x0000000083800000, 0x0000000083800000| Untracked 
|  57|0x0000000083900000, 0x0000000083900000, 0x0000000083a00000|  0%| F|  |TAMS 0x0000000083900000, 0x0000000083900000| Untracked 
|  58|0x0000000083a00000, 0x0000000083a00000, 0x0000000083b00000|  0%| F|  |TAMS 0x0000000083a00000, 0x0000000083a00000| Untracked 
|  59|0x0000000083b00000, 0x0000000083b00000, 0x0000000083c00000|  0%| F|  |TAMS 0x0000000083b00000, 0x0000000083b00000| Untracked 
|  60|0x0000000083c00000, 0x0000000083c00000, 0x0000000083d00000|  0%| F|  |TAMS 0x0000000083c00000, 0x0000000083c00000| Untracked 
|  61|0x0000000083d00000, 0x0000000083d00000, 0x0000000083e00000|  0%| F|  |TAMS 0x0000000083d00000, 0x0000000083d00000| Untracked 
|  62|0x0000000083e00000, 0x0000000083e00000, 0x0000000083f00000|  0%| F|  |TAMS 0x0000000083e00000, 0x0000000083e00000| Untracked 
|  63|0x0000000083f00000, 0x0000000083f00000, 0x0000000084000000|  0%| F|  |TAMS 0x0000000083f00000, 0x0000000083f00000| Untracked 
|  64|0x0000000084000000, 0x0000000084000000, 0x0000000084100000|  0%| F|  |TAMS 0x0000000084000000, 0x0000000084000000| Untracked 
|  65|0x0000000084100000, 0x0000000084100000, 0x0000000084200000|  0%| F|  |TAMS 0x0000000084100000, 0x0000000084100000| Untracked 
|  66|0x0000000084200000, 0x0000000084200000, 0x0000000084300000|  0%| F|  |TAMS 0x0000000084200000, 0x0000000084200000| Untracked 
|  67|0x0000000084300000, 0x0000000084300000, 0x0000000084400000|  0%| F|  |TAMS 0x0000000084300000, 0x0000000084300000| Untracked 
|  68|0x0000000084400000, 0x0000000084400000, 0x0000000084500000|  0%| F|  |TAMS 0x0000000084400000, 0x0000000084400000| Untracked 
|  69|0x0000000084500000, 0x0000000084500000, 0x0000000084600000|  0%| F|  |TAMS 0x0000000084500000, 0x0000000084500000| Untracked 
|  70|0x0000000084600000, 0x0000000084600000, 0x0000000084700000|  0%| F|  |TAMS 0x0000000084600000, 0x0000000084600000| Untracked 
|  71|0x0000000084700000, 0x0000000084700000, 0x0000000084800000|  0%| F|  |TAMS 0x0000000084700000, 0x0000000084700000| Untracked 
|  72|0x0000000084800000, 0x0000000084800000, 0x0000000084900000|  0%| F|  |TAMS 0x0000000084800000, 0x0000000084800000| Untracked 
|  73|0x0000000084900000, 0x0000000084900000, 0x0000000084a00000|  0%| F|  |TAMS 0x0000000084900000, 0x0000000084900000| Untracked 
|  74|0x0000000084a00000, 0x0000000084a00000, 0x0000000084b00000|  0%| F|  |TAMS 0x0000000084a00000, 0x0000000084a00000| Untracked 
|  75|0x0000000084b00000, 0x0000000084b00000, 0x0000000084c00000|  0%| F|  |TAMS 0x0000000084b00000, 0x0000000084b00000| Untracked 
|  76|0x0000000084c00000, 0x0000000084c00000, 0x0000000084d00000|  0%| F|  |TAMS 0x0000000084c00000, 0x0000000084c00000| Untracked 
|  77|0x0000000084d00000, 0x0000000084d00000, 0x0000000084e00000|  0%| F|  |TAMS 0x0000000084d00000, 0x0000000084d00000| Untracked 
|  78|0x0000000084e00000, 0x0000000084e00000, 0x0000000084f00000|  0%| F|  |TAMS 0x0000000084e00000, 0x0000000084e00000| Untracked 
|  79|0x0000000084f00000, 0x0000000084f00000, 0x0000000085000000|  0%| F|  |TAMS 0x0000000084f00000, 0x0000000084f00000| Untracked 
|  80|0x0000000085000000, 0x0000000085000000, 0x0000000085100000|  0%| F|  |TAMS 0x0000000085000000, 0x0000000085000000| Untracked 
|  81|0x0000000085100000, 0x0000000085100000, 0x0000000085200000|  0%| F|  |TAMS 0x0000000085100000, 0x0000000085100000| Untracked 
|  82|0x0000000085200000, 0x0000000085200000, 0x0000000085300000|  0%| F|  |TAMS 0x0000000085200000, 0x0000000085200000| Untracked 
|  83|0x0000000085300000, 0x0000000085300000, 0x0000000085400000|  0%| F|  |TAMS 0x0000000085300000, 0x0000000085300000| Untracked 
|  84|0x0000000085400000, 0x0000000085400000, 0x0000000085500000|  0%| F|  |TAMS 0x0000000085400000, 0x0000000085400000| Untracked 
|  85|0x0000000085500000, 0x0000000085500000, 0x0000000085600000|  0%| F|  |TAMS 0x0000000085500000, 0x0000000085500000| Untracked 
|  86|0x0000000085600000, 0x0000000085600000, 0x0000000085700000|  0%| F|  |TAMS 0x0000000085600000, 0x0000000085600000| Untracked 
|  87|0x0000000085700000, 0x0000000085700000, 0x0000000085800000|  0%| F|  |TAMS 0x0000000085700000, 0x0000000085700000| Untracked 
|  88|0x0000000085800000, 0x0000000085800000, 0x0000000085900000|  0%| F|  |TAMS 0x0000000085800000, 0x0000000085800000| Untracked 
|  89|0x0000000085900000, 0x0000000085900000, 0x0000000085a00000|  0%| F|  |TAMS 0x0000000085900000, 0x0000000085900000| Untracked 
|  90|0x0000000085a00000, 0x0000000085a00000, 0x0000000085b00000|  0%| F|  |TAMS 0x0000000085a00000, 0x0000000085a00000| Untracked 
|  91|0x0000000085b00000, 0x0000000085b00000, 0x0000000085c00000|  0%| F|  |TAMS 0x0000000085b00000, 0x0000000085b00000| Untracked 
|  92|0x0000000085c00000, 0x0000000085c00000, 0x0000000085d00000|  0%| F|  |TAMS 0x0000000085c00000, 0x0000000085c00000| Untracked 
|  93|0x0000000085d00000, 0x0000000085e00000, 0x0000000085e00000|100%| E|  |TAMS 0x0000000085d00000, 0x0000000085d00000| Complete 
|  94|0x0000000085e00000, 0x0000000085f00000, 0x0000000085f00000|100%| E|CS|TAMS 0x0000000085e00000, 0x0000000085e00000| Complete 
|  95|0x0000000085f00000, 0x0000000086000000, 0x0000000086000000|100%| E|CS|TAMS 0x0000000085f00000, 0x0000000085f00000| Complete 
|  96|0x0000000086000000, 0x0000000086100000, 0x0000000086100000|100%| E|CS|TAMS 0x0000000086000000, 0x0000000086000000| Complete 
|  97|0x0000000086100000, 0x0000000086200000, 0x0000000086200000|100%| E|CS|TAMS 0x0000000086100000, 0x0000000086100000| Complete 
|  98|0x0000000086200000, 0x0000000086300000, 0x0000000086300000|100%| E|CS|TAMS 0x0000000086200000, 0x0000000086200000| Complete 
|  99|0x0000000086300000, 0x0000000086400000, 0x0000000086400000|100%| E|CS|TAMS 0x0000000086300000, 0x0000000086300000| Complete 
| 100|0x0000000086400000, 0x0000000086500000, 0x0000000086500000|100%| E|CS|TAMS 0x0000000086400000, 0x0000000086400000| Complete 
| 101|0x0000000086500000, 0x0000000086592730, 0x0000000086600000| 57%| S|CS|TAMS 0x0000000086500000, 0x0000000086500000| Complete 
| 102|0x0000000086600000, 0x0000000086700000, 0x0000000086700000|100%| S|CS|TAMS 0x0000000086600000, 0x0000000086600000| Complete 
| 103|0x0000000086700000, 0x0000000086800000, 0x0000000086800000|100%| S|CS|TAMS 0x0000000086700000, 0x0000000086700000| Complete 
| 104|0x0000000086800000, 0x0000000086900000, 0x0000000086900000|100%| S|CS|TAMS 0x0000000086800000, 0x0000000086800000| Complete 
| 105|0x0000000086900000, 0x0000000086a00000, 0x0000000086a00000|100%| S|CS|TAMS 0x0000000086900000, 0x0000000086900000| Complete 
| 106|0x0000000086a00000, 0x0000000086b00000, 0x0000000086b00000|100%| S|CS|TAMS 0x0000000086a00000, 0x0000000086a00000| Complete 
| 107|0x0000000086b00000, 0x0000000086c00000, 0x0000000086c00000|100%| E|CS|TAMS 0x0000000086b00000, 0x0000000086b00000| Complete 
| 108|0x0000000086c00000, 0x0000000086d00000, 0x0000000086d00000|100%| E|CS|TAMS 0x0000000086c00000, 0x0000000086c00000| Complete 
| 109|0x0000000086d00000, 0x0000000086e00000, 0x0000000086e00000|100%| E|CS|TAMS 0x0000000086d00000, 0x0000000086d00000| Complete 
| 110|0x0000000086e00000, 0x0000000086f00000, 0x0000000086f00000|100%| E|CS|TAMS 0x0000000086e00000, 0x0000000086e00000| Complete 
| 111|0x0000000086f00000, 0x0000000087000000, 0x0000000087000000|100%| E|CS|TAMS 0x0000000086f00000, 0x0000000086f00000| Complete 
| 112|0x0000000087000000, 0x0000000087100000, 0x0000000087100000|100%| E|CS|TAMS 0x0000000087000000, 0x0000000087000000| Complete 
| 113|0x0000000087100000, 0x0000000087200000, 0x0000000087200000|100%| E|CS|TAMS 0x0000000087100000, 0x0000000087100000| Complete 
| 114|0x0000000087200000, 0x0000000087300000, 0x0000000087300000|100%| E|CS|TAMS 0x0000000087200000, 0x0000000087200000| Complete 
| 115|0x0000000087300000, 0x0000000087400000, 0x0000000087400000|100%| E|CS|TAMS 0x0000000087300000, 0x0000000087300000| Complete 
| 116|0x0000000087400000, 0x0000000087500000, 0x0000000087500000|100%| E|CS|TAMS 0x0000000087400000, 0x0000000087400000| Complete 
| 117|0x0000000087500000, 0x0000000087600000, 0x0000000087600000|100%| E|CS|TAMS 0x0000000087500000, 0x0000000087500000| Complete 
| 118|0x0000000087600000, 0x0000000087700000, 0x0000000087700000|100%| E|CS|TAMS 0x0000000087600000, 0x0000000087600000| Complete 
| 119|0x0000000087700000, 0x0000000087800000, 0x0000000087800000|100%| E|CS|TAMS 0x0000000087700000, 0x0000000087700000| Complete 
| 120|0x0000000087800000, 0x0000000087900000, 0x0000000087900000|100%| E|CS|TAMS 0x0000000087800000, 0x0000000087800000| Complete 
| 121|0x0000000087900000, 0x0000000087a00000, 0x0000000087a00000|100%| E|CS|TAMS 0x0000000087900000, 0x0000000087900000| Complete 
| 122|0x0000000087a00000, 0x0000000087b00000, 0x0000000087b00000|100%| E|CS|TAMS 0x0000000087a00000, 0x0000000087a00000| Complete 
| 123|0x0000000087b00000, 0x0000000087c00000, 0x0000000087c00000|100%| E|CS|TAMS 0x0000000087b00000, 0x0000000087b00000| Complete 
| 124|0x0000000087c00000, 0x0000000087d00000, 0x0000000087d00000|100%| E|CS|TAMS 0x0000000087c00000, 0x0000000087c00000| Complete 
| 125|0x0000000087d00000, 0x0000000087e00000, 0x0000000087e00000|100%| E|CS|TAMS 0x0000000087d00000, 0x0000000087d00000| Complete 
| 126|0x0000000087e00000, 0x0000000087f00000, 0x0000000087f00000|100%| E|CS|TAMS 0x0000000087e00000, 0x0000000087e00000| Complete 
| 127|0x0000000087f00000, 0x0000000088000000, 0x0000000088000000|100%| E|CS|TAMS 0x0000000087f00000, 0x0000000087f00000| Complete 

Card table byte_map: [0x0000029971e40000,0x0000029972240000] _byte_map_base: 0x0000029971a40000

Marking Bits (Prev, Next): (CMBitMap*) 0x0000029968caf8d8, (CMBitMap*) 0x0000029968caf910
 Prev Bits: [0x0000029972640000, 0x0000029974640000)
 Next Bits: [0x0000029974640000, 0x0000029976640000)

Polling page: 0x00000299713f0000

Metaspace:

Usage:
  Non-class:     33.22 MB capacity,    32.61 MB ( 98%) used,   530.59 KB (  2%) free+waste,    93.38 KB ( <1%) overhead. 
      Class:      5.07 MB capacity,     4.74 MB ( 93%) used,   295.16 KB (  6%) free+waste,    45.19 KB ( <1%) overhead. 
       Both:     38.29 MB capacity,    37.34 MB ( 98%) used,   825.76 KB (  2%) free+waste,   138.56 KB ( <1%) overhead. 

Virtual space:
  Non-class space:       34.00 MB reserved,      33.33 MB ( 98%) committed 
      Class space:      504.00 MB reserved,       5.13 MB (  1%) committed 
             Both:      538.00 MB reserved,      38.45 MB (  7%) committed 

Chunk freelists:
   Non-Class:  50.00 KB
       Class:  25.00 KB
        Both:  75.00 KB

MaxMetaspaceSize: 512.00 MB
CompressedClassSpaceSize: 504.00 MB
Initial GC threshold: 20.80 MB
Current GC threshold: 58.88 MB
CDS: off

CodeHeap 'non-profiled nmethods': size=120064Kb used=1791Kb max_used=1791Kb free=118272Kb
 bounds [0x0000029907ac0000, 0x0000029907d30000, 0x000002990f000000]
CodeHeap 'profiled nmethods': size=120000Kb used=7402Kb max_used=7402Kb free=112597Kb
 bounds [0x0000029900590000, 0x0000029900cd0000, 0x0000029907ac0000]
CodeHeap 'non-nmethods': size=5696Kb used=1584Kb max_used=1611Kb free=4111Kb
 bounds [0x0000029900000000, 0x0000029900270000, 0x0000029900590000]
 total_blobs=4091 nmethods=3464 adapters=539
 compilation: enabled
              stopped_count=0, restarted_count=0
 full_count=0

Compilation events (20 events):
Event: 95.405 Thread 0x00000299795f5800 nmethod 3464 0x0000029900cc2710 code [0x0000029900cc29a0, 0x0000029900cc36d8]
Event: 95.405 Thread 0x00000299795f5800 3467       3       groovy.lang.MetaClassImpl::checkIfStdMethod (178 bytes)
Event: 95.407 Thread 0x00000299795f5800 nmethod 3467 0x0000029900cc3990 code [0x0000029900cc3cc0, 0x0000029900cc4f68]
Event: 95.407 Thread 0x00000299795f5800 3465       3       groovy.lang.MetaClassImpl::isGenericGetMethod (44 bytes)
Event: 95.407 Thread 0x00000299795f5800 nmethod 3465 0x0000029900cc5410 code [0x0000029900cc5600, 0x0000029900cc5a88]
Event: 95.407 Thread 0x00000299795f5800 3466       3       org.codehaus.groovy.runtime.MetaClassHelper::isGenericSetMethod (28 bytes)
Event: 95.408 Thread 0x00000299795f5800 nmethod 3466 0x0000029900cc5c10 code [0x0000029900cc5e00, 0x0000029900cc61e8]
Event: 95.410 Thread 0x00000299795f4000 3468       4       sun.reflect.misc.ReflectUtil::checkPackageAccess (14 bytes)
Event: 95.410 Thread 0x00000299795f5800 3469   !   3       com.sun.beans.TypeResolver::resolve (261 bytes)
Event: 95.411 Thread 0x00000299795f4000 nmethod 3468 0x0000029907c7f390 code [0x0000029907c7f520, 0x0000029907c7f598]
Event: 95.412 Thread 0x00000299795f4000 3470       4       java.lang.invoke.Invokers$Holder::linkToTargetMethod (9 bytes)
Event: 95.412 Thread 0x00000299795f5800 nmethod 3469 0x0000029900cc6390 code [0x0000029900cc67a0, 0x0000029900cc8898]
Event: 95.412 Thread 0x00000299795f5800 3471       1       org.codehaus.groovy.util.ComplexKeyHashMap$Entry::getValue (5 bytes)
Event: 95.412 Thread 0x00000299795f5800 nmethod 3471 0x0000029907c7f690 code [0x0000029907c7f840, 0x0000029907c7f8f8]
Event: 95.413 Thread 0x00000299795f4000 nmethod 3470 0x0000029907c7f990 code [0x0000029907c7fb40, 0x0000029907c7fbf8]
Event: 95.415 Thread 0x00000299795f5800 3472       3       java.lang.invoke.InnerClassLambdaMetafactory::generateFactory (136 bytes)
Event: 95.417 Thread 0x00000299795f5800 nmethod 3472 0x0000029900cc9010 code [0x0000029900cc9300, 0x0000029900cca028]
Event: 95.418 Thread 0x00000299795f5800 3473       3       org.gradle.internal.Cast::uncheckedCast (2 bytes)
Event: 95.418 Thread 0x00000299795f5800 nmethod 3473 0x0000029900cca590 code [0x0000029900cca740, 0x0000029900cca818]
Event: 95.611 Thread 0x00000299795f4000 3474       4       java.net.URLClassLoader$1::run (5 bytes)

GC Heap History (12 events):
Event: 7.240 GC heap before
{Heap before GC invocations=0 (full 0):
 garbage-first heap   total 131072K, used 13312K [0x0000000080000000, 0x0000000100000000)
  region size 1024K, 14 young (14336K), 0 survivors (0K)
 Metaspace       used 6777K, capacity 6985K, committed 7168K, reserved 524288K
  class space    used 573K, capacity 650K, committed 768K, reserved 516096K
}
Event: 7.556 GC heap after
{Heap after GC invocations=1 (full 0):
 garbage-first heap   total 131072K, used 4401K [0x0000000080000000, 0x0000000100000000)
  region size 1024K, 2 young (2048K), 2 survivors (2048K)
 Metaspace       used 6777K, capacity 6985K, committed 7168K, reserved 524288K
  class space    used 573K, capacity 650K, committed 768K, reserved 516096K
}
Event: 49.075 GC heap before
{Heap before GC invocations=1 (full 0):
 garbage-first heap   total 131072K, used 84273K [0x0000000080000000, 0x0000000100000000)
  region size 1024K, 76 young (77824K), 2 survivors (2048K)
 Metaspace       used 17193K, capacity 17501K, committed 17792K, reserved 532480K
  class space    used 1951K, capacity 2072K, committed 2176K, reserved 516096K
}
Event: 49.388 GC heap after
{Heap after GC invocations=2 (full 0):
 garbage-first heap   total 131072K, used 17021K [0x0000000080000000, 0x0000000100000000)
  region size 1024K, 10 young (10240K), 10 survivors (10240K)
 Metaspace       used 17193K, capacity 17501K, committed 17792K, reserved 532480K
  class space    used 1951K, capacity 2072K, committed 2176K, reserved 516096K
}
Event: 55.900 GC heap before
{Heap before GC invocations=2 (full 0):
 garbage-first heap   total 131072K, used 42621K [0x0000000080000000, 0x0000000100000000)
  region size 1024K, 37 young (37888K), 10 survivors (10240K)
 Metaspace       used 20808K, capacity 21191K, committed 21296K, reserved 536576K
  class space    used 2488K, capacity 2652K, committed 2688K, reserved 516096K
}
Event: 55.917 GC heap after
{Heap after GC invocations=3 (full 0):
 garbage-first heap   total 131072K, used 18109K [0x0000000080000000, 0x0000000100000000)
  region size 1024K, 2 young (2048K), 2 survivors (2048K)
 Metaspace       used 20808K, capacity 21191K, committed 21296K, reserved 536576K
  class space    used 2488K, capacity 2652K, committed 2688K, reserved 516096K
}
Event: 70.436 GC heap before
{Heap before GC invocations=4 (full 0):
 garbage-first heap   total 131072K, used 66237K [0x0000000080000000, 0x0000000100000000)
  region size 1024K, 49 young (50176K), 2 survivors (2048K)
 Metaspace       used 25100K, capacity 25690K, committed 25904K, reserved 538624K
  class space    used 3179K, capacity 3386K, committed 3456K, reserved 516096K
}
Event: 70.447 GC heap after
{Heap after GC invocations=5 (full 0):
 garbage-first heap   total 131072K, used 19428K [0x0000000080000000, 0x0000000100000000)
  region size 1024K, 3 young (3072K), 3 survivors (3072K)
 Metaspace       used 25100K, capacity 25690K, committed 25904K, reserved 538624K
  class space    used 3179K, capacity 3386K, committed 3456K, reserved 516096K
}
Event: 86.162 GC heap before
{Heap before GC invocations=5 (full 0):
 garbage-first heap   total 131072K, used 76772K [0x0000000080000000, 0x0000000100000000)
  region size 1024K, 59 young (60416K), 3 survivors (3072K)
 Metaspace       used 30674K, capacity 31377K, committed 31664K, reserved 544768K
  class space    used 4020K, capacity 4287K, committed 4352K, reserved 516096K
}
Event: 86.175 GC heap after
{Heap after GC invocations=6 (full 0):
 garbage-first heap   total 131072K, used 21458K [0x0000000080000000, 0x0000000100000000)
  region size 1024K, 5 young (5120K), 5 survivors (5120K)
 Metaspace       used 30674K, capacity 31377K, committed 31664K, reserved 544768K
  class space    used 4020K, capacity 4287K, committed 4352K, reserved 516096K
}
Event: 91.136 GC heap before
{Heap before GC invocations=6 (full 0):
 garbage-first heap   total 131072K, used 41938K [0x0000000080000000, 0x0000000100000000)
  region size 1024K, 26 young (26624K), 5 survivors (5120K)
 Metaspace       used 34960K, capacity 35821K, committed 35920K, reserved 548864K
  class space    used 4464K, capacity 4812K, committed 4864K, reserved 516096K
}
Event: 91.153 GC heap after
{Heap after GC invocations=7 (full 0):
 garbage-first heap   total 131072K, used 23446K [0x0000000080000000, 0x0000000100000000)
  region size 1024K, 6 young (6144K), 6 survivors (6144K)
 Metaspace       used 34960K, capacity 35821K, committed 35920K, reserved 548864K
  class space    used 4464K, capacity 4812K, committed 4864K, reserved 516096K
}

Deoptimization events (20 events):
Event: 94.668 Thread 0x000002997a591800 Uncommon trap: trap_request=0xffffffbe fr.pc=0x0000029907c6dfd8 relative=0x0000000000000978
Event: 94.668 Thread 0x000002997a591800 Uncommon trap: reason=profile_predicate action=maybe_recompile pc=0x0000029907c6dfd8 method=jdk.internal.jimage.ImageStringsReader.charsFromByteBuffer([CLjava/nio/ByteBuffer;)V @ 6 c2
Event: 94.668 Thread 0x000002997a591800 DEOPT PACKING pc=0x0000029907c6dfd8 sp=0x000000e65a7f8a30
Event: 94.668 Thread 0x000002997a591800 DEOPT UNPACKING pc=0x000002990004a1af sp=0x000000e65a7f8908 mode 2
Event: 94.668 Thread 0x000002997a591800 Uncommon trap: trap_request=0xffffffbe fr.pc=0x0000029907c6dfd8 relative=0x0000000000000978
Event: 94.668 Thread 0x000002997a591800 Uncommon trap: reason=profile_predicate action=maybe_recompile pc=0x0000029907c6dfd8 method=jdk.internal.jimage.ImageStringsReader.charsFromByteBuffer([CLjava/nio/ByteBuffer;)V @ 6 c2
Event: 94.668 Thread 0x000002997a591800 DEOPT PACKING pc=0x0000029907c6dfd8 sp=0x000000e65a7f8980
Event: 94.668 Thread 0x000002997a591800 DEOPT UNPACKING pc=0x000002990004a1af sp=0x000000e65a7f8858 mode 2
Event: 94.668 Thread 0x000002997a591800 Uncommon trap: trap_request=0xffffffbe fr.pc=0x0000029907c6dfd8 relative=0x0000000000000978
Event: 94.668 Thread 0x000002997a591800 Uncommon trap: reason=profile_predicate action=maybe_recompile pc=0x0000029907c6dfd8 method=jdk.internal.jimage.ImageStringsReader.charsFromByteBuffer([CLjava/nio/ByteBuffer;)V @ 6 c2
Event: 94.668 Thread 0x000002997a591800 DEOPT PACKING pc=0x0000029907c6dfd8 sp=0x000000e65a7f87a0
Event: 94.668 Thread 0x000002997a591800 DEOPT UNPACKING pc=0x000002990004a1af sp=0x000000e65a7f8678 mode 2
Event: 94.668 Thread 0x000002997a591800 Uncommon trap: trap_request=0xffffffbe fr.pc=0x0000029907c6dfd8 relative=0x0000000000000978
Event: 94.668 Thread 0x000002997a591800 Uncommon trap: reason=profile_predicate action=maybe_recompile pc=0x0000029907c6dfd8 method=jdk.internal.jimage.ImageStringsReader.charsFromByteBuffer([CLjava/nio/ByteBuffer;)V @ 6 c2
Event: 94.668 Thread 0x000002997a591800 DEOPT PACKING pc=0x0000029907c6dfd8 sp=0x000000e65a7f87a0
Event: 94.668 Thread 0x000002997a591800 DEOPT UNPACKING pc=0x000002990004a1af sp=0x000000e65a7f8678 mode 2
Event: 94.949 Thread 0x000002997a591800 DEOPT PACKING pc=0x0000029900c82598 sp=0x000000e65a7f8cd0
Event: 94.950 Thread 0x000002997a591800 DEOPT UNPACKING pc=0x000002990004a95e sp=0x000000e65a7f81e0 mode 0
Event: 94.953 Thread 0x000002997a591800 DEOPT PACKING pc=0x0000029900c82598 sp=0x000000e65a7f8cd0
Event: 94.953 Thread 0x000002997a591800 DEOPT UNPACKING pc=0x000002990004a95e sp=0x000000e65a7f81e0 mode 0

Classes redefined (0 events):
No events

Internal exceptions (20 events):
Event: 89.373 Thread 0x000002997a591800 Exception <a 'java/lang/NoSuchMethodError'{0x00000000871a5ed8}: 'void java.lang.invoke.DirectMethodHandle$Holder.invokeStaticInit(java.lang.Object, java.lang.Object, java.lang.Object)'> (0x00000000871a5ed8) thrown at [./src/hotspot/share/interpreter/linkResolver.cpp, line 773]
Event: 89.374 Thread 0x000002997a591800 Exception <a 'java/lang/NoSuchMethodError'{0x00000000871ad0f0}: 'void java.lang.invoke.DirectMethodHandle$Holder.invokeStaticInit(java.lang.Object, java.lang.Object, java.lang.Object, java.lang.Object)'> (0x00000000871ad0f0) thrown at [./src/hotspot/share/interpreter/linkResolver.cpp, line 773]
Event: 89.382 Thread 0x000002997a591800 Exception <a 'java/lang/NoSuchMethodError'{0x00000000871cf958}: 'void java.lang.invoke.DirectMethodHandle$Holder.invokeStaticInit(java.lang.Object, java.lang.Object, java.lang.Object, java.lang.Object, java.lang.Object)'> (0x00000000871cf958) thrown at [./src/hotspot/share/interpreter/linkResolver.cpp, line 773]
Event: 89.383 Thread 0x000002997a591800 Exception <a 'java/lang/NoSuchMethodError'{0x00000000871d72f0}: 'int java.lang.invoke.DirectMethodHandle$Holder.invokeStaticInit(java.lang.Object, java.lang.Object, java.lang.Object)'> (0x00000000871d72f0) thrown at [./src/hotspot/share/interpreter/linkResolver.cpp, line 773]
Event: 89.846 Thread 0x000002997a591800 Exception <a 'java/lang/NoSuchMethodError'{0x0000000087034b68}: 'int java.lang.invoke.DirectMethodHandle$Holder.invokeStaticInit(java.lang.Object, java.lang.Object, java.lang.Object, java.lang.Object)'> (0x0000000087034b68) thrown at [./src/hotspot/share/interpreter/linkResolver.cpp, line 773]
Event: 91.956 Thread 0x000002997a591800 Exception <a 'java/lang/NoSuchMethodError'{0x0000000087d7bb90}: 'java.lang.Object java.lang.invoke.DirectMethodHandle$Holder.invokeStatic(java.lang.Object, java.lang.Object, java.lang.Object, java.lang.Object, java.lang.Object, java.lang.Object, java.lang.Object, java.lang.Object, java.lang.Object, java.lang.Object, java.lang.Object, int)'> (0x0000000087d7bb90) thrown at [./src/hotspot/share/interpreter/linkResolver.cpp, line 773]
Event: 91.958 Thread 0x000002997a591800 Exception <a 'java/lang/NoSuchMethodError'{0x0000000087d9ab08}: 'java.lang.Object java.lang.invoke.DirectMethodHandle$Holder.invokeStatic(java.lang.Object, java.lang.Object, java.lang.Object, java.lang.Object, java.lang.Object, java.lang.Object, java.lang.Object, java.lang.Object, java.lang.Object, java.lang.Object, java.lang.Object, int, int)'> (0x0000000087d9ab08) thrown at [./src/hotspot/share/interpreter/linkResolver.cpp, line 773]
Event: 91.965 Thread 0x000002997a591800 Exception <a 'java/lang/NoSuchMethodError'{0x0000000087dba5e0}: 'java.lang.Object java.lang.invoke.DirectMethodHandle$Holder.invokeStatic(java.lang.Object, java.lang.Object, java.lang.Object, java.lang.Object, java.lang.Object, java.lang.Object, java.lang.Object, java.lang.Object, java.lang.Object, java.lang.Object, java.lang.Object, int, int, java.lang.Object)'> (0x0000000087dba5e0) thrown at [./src/hotspot/share/interpreter/linkResolver.cpp, line 773]
Event: 91.968 Thread 0x000002997a591800 Exception <a 'java/lang/NoSuchMethodError'{0x0000000087ddb980}: 'java.lang.Object java.lang.invoke.DirectMethodHandle$Holder.invokeStatic(java.lang.Object, java.lang.Object, java.lang.Object, java.lang.Object, java.lang.Object, java.lang.Object, java.lang.Object, java.lang.Object, java.lang.Object, java.lang.Object, java.lang.Object, int, int, java.lang.Object, java.lang.Object)'> (0x0000000087ddb980) thrown at [./src/hotspot/share/interpreter/linkResolver.cpp, line 773]
Event: 91.980 Thread 0x000002997a591800 Exception <a 'java/lang/ClassNotFoundException'{0x0000000087c0c5b8}: groovy/lang/ExpandoMetaClassBeanInfo> (0x0000000087c0c5b8) thrown at [./src/hotspot/share/classfile/systemDictionary.cpp, line 230]
Event: 91.984 Thread 0x000002997a591800 Exception <a 'java/lang/ClassNotFoundException'{0x0000000087c2cef0}: groovy/lang/MetaClassImplBeanInfo> (0x0000000087c2cef0) thrown at [./src/hotspot/share/classfile/systemDictionary.cpp, line 230]
Event: 91.984 Thread 0x000002997a591800 Exception <a 'java/lang/ClassNotFoundException'{0x0000000087c36448}: java/lang/ObjectBeanInfo> (0x0000000087c36448) thrown at [./src/hotspot/share/classfile/systemDictionary.cpp, line 230]
Event: 91.999 Thread 0x000002997a591800 Exception <a 'java/lang/ClassNotFoundException'{0x0000000087c41e10}: java/lang/ObjectCustomizer> (0x0000000087c41e10) thrown at [./src/hotspot/share/classfile/systemDictionary.cpp, line 230]
Event: 92.053 Thread 0x000002997a591800 Exception <a 'java/lang/ClassNotFoundException'{0x0000000087c69658}: groovy/lang/MetaClassImplCustomizer> (0x0000000087c69658) thrown at [./src/hotspot/share/classfile/systemDictionary.cpp, line 230]
Event: 92.062 Thread 0x000002997a591800 Exception <a 'java/lang/ClassNotFoundException'{0x0000000087cc36b8}: groovy/lang/ExpandoMetaClassCustomizer> (0x0000000087cc36b8) thrown at [./src/hotspot/share/classfile/systemDictionary.cpp, line 230]
Event: 93.548 Thread 0x000002997a591800 Exception <a 'java/lang/NoSuchMethodError'{0x000000008779da00}: 'java.lang.Object java.lang.invoke.DirectMethodHandle$Holder.invokeStatic(java.lang.Object, int, java.lang.Object)'> (0x000000008779da00) thrown at [./src/hotspot/share/interpreter/linkResolver.cpp, line 773]
Event: 95.406 Thread 0x000002997a591800 Exception <a 'java/lang/ClassNotFoundException'{0x0000000085e0bac0}: org/gradle/internal/extensibility/DefaultExtraPropertiesExtensionBeanInfo> (0x0000000085e0bac0) thrown at [./src/hotspot/share/classfile/systemDictionary.cpp, line 230]
Event: 95.407 Thread 0x000002997a591800 Exception <a 'java/lang/ClassNotFoundException'{0x0000000085e2d708}: groovy/lang/GroovyObjectSupportBeanInfo> (0x0000000085e2d708) thrown at [./src/hotspot/share/classfile/systemDictionary.cpp, line 230]
Event: 95.408 Thread 0x000002997a591800 Exception <a 'java/lang/ClassNotFoundException'{0x0000000085e4f398}: groovy/lang/GroovyObjectSupportCustomizer> (0x0000000085e4f398) thrown at [./src/hotspot/share/classfile/systemDictionary.cpp, line 230]
Event: 95.410 Thread 0x000002997a591800 Exception <a 'java/lang/ClassNotFoundException'{0x0000000085e77888}: org/gradle/internal/extensibility/DefaultExtraPropertiesExtensionCustomizer> (0x0000000085e77888) thrown at [./src/hotspot/share/classfile/systemDictionary.cpp, line 230]

Events (20 events):
Event: 95.622 loading class com/google/common/collect/MapMaker$Dummy
Event: 95.622 loading class com/google/common/collect/MapMaker$Dummy done
Event: 95.623 loading class com/google/common/collect/MapMakerInternalMap$WeakKeyDummyValueEntry
Event: 95.623 loading class com/google/common/collect/MapMakerInternalMap$WeakKeyDummyValueEntry done
Event: 95.624 loading class com/google/common/collect/MapMakerInternalMap$StrongValueEntry
Event: 95.624 loading class com/google/common/collect/MapMakerInternalMap$StrongValueEntry done
Event: 95.624 loading class com/google/common/collect/MapMakerInternalMap$AbstractWeakKeyEntry
Event: 95.624 loading class com/google/common/collect/MapMakerInternalMap$AbstractWeakKeyEntry done
Event: 95.625 loading class org/gradle/groovy/scripts/internal/NoDataCompileOperation
Event: 95.625 loading class org/gradle/groovy/scripts/internal/NoDataCompileOperation done
Event: 95.630 loading class org/gradle/initialization/SettingsScript
Event: 95.630 loading class org/gradle/initialization/SettingsScript done
Event: 95.630 loading class org/gradle/plugin/use/internal/PluginsAwareScript
Event: 95.630 loading class org/gradle/plugin/use/internal/PluginsAwareScript done
Event: 95.630 loading class org/gradle/groovy/scripts/DefaultScript
Event: 95.630 loading class org/gradle/groovy/scripts/DefaultScript done
Event: 95.633 loading class org/gradle/groovy/scripts/internal/ScriptCacheKey
Event: 95.633 loading class org/gradle/groovy/scripts/internal/ScriptCacheKey done
Event: 95.636 loading class java/math/MutableBigInteger
Event: 95.637 loading class java/math/MutableBigInteger done


Dynamic libraries:
0x00007ff63ec50000 - 0x00007ff63ec5d000 	C:\Program Files\Microsoft\jdk-11.0.18.10-hotspot\bin\java.exe
0x00007ffcb5670000 - 0x00007ffcb5868000 	C:\Windows\SYSTEM32\ntdll.dll
0x00007ffcb3c80000 - 0x00007ffcb3d3f000 	C:\Windows\System32\KERNEL32.DLL
0x00007ffcb2e80000 - 0x00007ffcb3176000 	C:\Windows\System32\KERNELBASE.dll
0x00007ffcb3530000 - 0x00007ffcb3630000 	C:\Windows\System32\ucrtbase.dll
0x00007ffc8a080000 - 0x00007ffc8a097000 	C:\Program Files\Microsoft\jdk-11.0.18.10-hotspot\bin\jli.dll
0x00007ffcb5490000 - 0x00007ffcb562d000 	C:\Windows\System32\USER32.dll
0x00007ffcb3450000 - 0x00007ffcb3472000 	C:\Windows\System32\win32u.dll
0x00007ffcb4ab0000 - 0x00007ffcb4adc000 	C:\Windows\System32\GDI32.dll
0x00007ffcb3180000 - 0x00007ffcb3295000 	C:\Windows\System32\gdi32full.dll
0x00007ffcb2d50000 - 0x00007ffcb2ded000 	C:\Windows\System32\msvcp_win.dll
0x00007ffc806e0000 - 0x00007ffc806f5000 	C:\Program Files\Microsoft\jdk-11.0.18.10-hotspot\bin\VCRUNTIME140.dll
0x00007ffc98cc0000 - 0x00007ffc98f5a000 	C:\Windows\WinSxS\amd64_microsoft.windows.common-controls_6595b64144ccf1df_6.0.19041.1110_none_60b5254171f9507e\COMCTL32.dll
0x00007ffcb3780000 - 0x00007ffcb381e000 	C:\Windows\System32\msvcrt.dll
0x00007ffcb3f10000 - 0x00007ffcb3f40000 	C:\Windows\System32\IMM32.DLL
0x00007ffc78960000 - 0x00007ffc789fb000 	C:\Program Files\Microsoft\jdk-11.0.18.10-hotspot\bin\msvcp140.dll
0x00007ffc48110000 - 0x00007ffc48ca2000 	C:\Program Files\Microsoft\jdk-11.0.18.10-hotspot\bin\server\jvm.dll
0x00007ffcb36d0000 - 0x00007ffcb377f000 	C:\Windows\System32\ADVAPI32.dll
0x00007ffcb39a0000 - 0x00007ffcb3a3c000 	C:\Windows\System32\sechost.dll
0x00007ffcb3d40000 - 0x00007ffcb3e66000 	C:\Windows\System32\RPCRT4.dll
0x00007ffcb3c70000 - 0x00007ffcb3c78000 	C:\Windows\System32\PSAPI.DLL
0x00007ffcafc80000 - 0x00007ffcafc89000 	C:\Windows\SYSTEM32\WSOCK32.dll
0x00007ffcb4700000 - 0x00007ffcb476b000 	C:\Windows\System32\WS2_32.dll
0x00007ffca8690000 - 0x00007ffca86b7000 	C:\Windows\SYSTEM32\WINMM.dll
0x00007ffca8ab0000 - 0x00007ffca8aba000 	C:\Windows\SYSTEM32\VERSION.dll
0x00007ffcb1590000 - 0x00007ffcb15a2000 	C:\Windows\SYSTEM32\kernel.appcore.dll
0x00007ffc98f90000 - 0x00007ffc98fa0000 	C:\Program Files\Microsoft\jdk-11.0.18.10-hotspot\bin\verify.dll
0x00007ffcafd90000 - 0x00007ffcaff74000 	C:\Windows\SYSTEM32\DBGHELP.DLL
0x00007ffc99b10000 - 0x00007ffc99b44000 	C:\Windows\SYSTEM32\dbgcore.DLL
0x00007ffcb2df0000 - 0x00007ffcb2e72000 	C:\Windows\System32\bcryptPrimitives.dll
0x00007ffc806b0000 - 0x00007ffc806d8000 	C:\Program Files\Microsoft\jdk-11.0.18.10-hotspot\bin\java.dll
0x00007ffc95220000 - 0x00007ffc9522a000 	C:\Program Files\Microsoft\jdk-11.0.18.10-hotspot\bin\jimage.dll
0x00007ffc80640000 - 0x00007ffc80658000 	C:\Program Files\Microsoft\jdk-11.0.18.10-hotspot\bin\zip.dll
0x00007ffcb3f40000 - 0x00007ffcb4684000 	C:\Windows\System32\SHELL32.dll
0x00007ffcb0d90000 - 0x00007ffcb1524000 	C:\Windows\SYSTEM32\windows.storage.dll
0x00007ffcb4ae0000 - 0x00007ffcb4e34000 	C:\Windows\System32\combase.dll
0x00007ffcb26c0000 - 0x00007ffcb26ee000 	C:\Windows\SYSTEM32\Wldp.dll
0x00007ffcb53e0000 - 0x00007ffcb548d000 	C:\Windows\System32\SHCORE.dll
0x00007ffcb3bb0000 - 0x00007ffcb3c05000 	C:\Windows\System32\shlwapi.dll
0x00007ffcb2c80000 - 0x00007ffcb2ca5000 	C:\Windows\SYSTEM32\profapi.dll
0x00007ffc805e0000 - 0x00007ffc805f9000 	C:\Program Files\Microsoft\jdk-11.0.18.10-hotspot\bin\net.dll
0x00007ffca1400000 - 0x00007ffca150a000 	C:\Windows\SYSTEM32\WINHTTP.dll
0x00007ffcb2420000 - 0x00007ffcb248a000 	C:\Windows\system32\mswsock.dll
0x00007ffc802f0000 - 0x00007ffc80303000 	C:\Program Files\Microsoft\jdk-11.0.18.10-hotspot\bin\nio.dll
0x00007ffcb0640000 - 0x00007ffcb0667000 	C:\Users\MS\.gradle\native\68d5fa5c4cc2d200863cafc0d521ce42e7d3e7ee720ec0a83991735586a16f82\windows-amd64\native-platform.dll
0x00007ffc8ee90000 - 0x00007ffc8efd4000 	C:\Users\MS\.gradle\native\e376f236ea51e6404a007f0833ffe2c6e607c4080706a723a18a27aeea778392\windows-amd64\native-platform-file-events.dll
0x00007ffc8c0b0000 - 0x00007ffc8c0b9000 	C:\Program Files\Microsoft\jdk-11.0.18.10-hotspot\bin\management.dll
0x00007ffc89db0000 - 0x00007ffc89dbb000 	C:\Program Files\Microsoft\jdk-11.0.18.10-hotspot\bin\management_ext.dll
0x00007ffcb2610000 - 0x00007ffcb2628000 	C:\Windows\SYSTEM32\CRYPTSP.dll
0x00007ffcb1d40000 - 0x00007ffcb1d74000 	C:\Windows\system32\rsaenh.dll
0x00007ffcb3630000 - 0x00007ffcb3657000 	C:\Windows\System32\bcrypt.dll
0x00007ffcb2c00000 - 0x00007ffcb2c2e000 	C:\Windows\SYSTEM32\USERENV.dll
0x00007ffcb2630000 - 0x00007ffcb263c000 	C:\Windows\SYSTEM32\CRYPTBASE.dll
0x00007ffcb2110000 - 0x00007ffcb214c000 	C:\Windows\SYSTEM32\IPHLPAPI.DLL
0x00007ffcb4770000 - 0x00007ffcb4778000 	C:\Windows\System32\NSI.dll
0x00007ffca1640000 - 0x00007ffca1657000 	C:\Windows\SYSTEM32\dhcpcsvc6.DLL
0x00007ffca4590000 - 0x00007ffca45ad000 	C:\Windows\SYSTEM32\dhcpcsvc.DLL
0x00007ffcb2150000 - 0x00007ffcb221a000 	C:\Windows\SYSTEM32\DNSAPI.dll

dbghelp: loaded successfully - version: 4.0.5 - missing functions: none
symbol engine: initialized successfully - sym options: 0x614 - pdb path: .;C:\Program Files\Microsoft\jdk-11.0.18.10-hotspot\bin;C:\Windows\SYSTEM32;C:\Windows\WinSxS\amd64_microsoft.windows.common-controls_6595b64144ccf1df_6.0.19041.1110_none_60b5254171f9507e;C:\Program Files\Microsoft\jdk-11.0.18.10-hotspot\bin\server;C:\Users\MS\.gradle\native\68d5fa5c4cc2d200863cafc0d521ce42e7d3e7ee720ec0a83991735586a16f82\windows-amd64;C:\Users\MS\.gradle\native\e376f236ea51e6404a007f0833ffe2c6e607c4080706a723a18a27aeea778392\windows-amd64

VM Arguments:
jvm_args: -XX:MaxMetaspaceSize=512m --add-opens=java.base/java.util=ALL-UNNAMED --add-opens=java.base/java.lang=ALL-UNNAMED --add-opens=java.base/java.lang.invoke=ALL-UNNAMED --add-opens=java.prefs/java.util.prefs=ALL-UNNAMED --add-opens=java.base/java.nio.charset=ALL-UNNAMED --add-opens=java.base/java.net=ALL-UNNAMED --add-opens=java.base/java.util.concurrent.atomic=ALL-UNNAMED -Xmx2048m -Dfile.encoding=windows-1252 -Duser.country=US -Duser.language=en -Duser.variant 
java_command: org.gradle.launcher.daemon.bootstrap.GradleDaemon 8.0.1
java_class_path (initial): C:\Users\MS\.gradle\wrapper\dists\gradle-8.0.1-all\aro4hu1c3oeioove7l0i4i14o\gradle-8.0.1\lib\gradle-launcher-8.0.1.jar
Launcher Type: SUN_STANDARD

[Global flags]
     intx CICompilerCount                          = 3                                         {product} {ergonomic}
   size_t CompressedClassSpaceSize                 = 528482304                                 {product} {ergonomic}
     uint ConcGCThreads                            = 1                                         {product} {ergonomic}
     uint G1ConcRefinementThreads                  = 4                                         {product} {ergonomic}
   size_t G1HeapRegionSize                         = 1048576                                   {product} {ergonomic}
    uintx GCDrainStackTargetSize                   = 64                                        {product} {ergonomic}
   size_t InitialHeapSize                          = 134217728                                 {product} {ergonomic}
   size_t MarkStackSize                            = 4194304                                   {product} {ergonomic}
   size_t MaxHeapSize                              = 2147483648                                {product} {command line}
   size_t MaxMetaspaceSize                         = 536870912                                 {product} {command line}
   size_t MaxNewSize                               = 1287651328                                {product} {ergonomic}
   size_t MinHeapDeltaBytes                        = 1048576                                   {product} {ergonomic}
    uintx NonNMethodCodeHeapSize                   = 5830732                                {pd product} {ergonomic}
    uintx NonProfiledCodeHeapSize                  = 122913754                              {pd product} {ergonomic}
    uintx ProfiledCodeHeapSize                     = 122913754                              {pd product} {ergonomic}
    uintx ReservedCodeCacheSize                    = 251658240                              {pd product} {ergonomic}
     bool SegmentedCodeCache                       = true                                      {product} {ergonomic}
     bool UseCompressedClassPointers               = true                                 {lp64_product} {ergonomic}
     bool UseCompressedOops                        = true                                 {lp64_product} {ergonomic}
     bool UseG1GC                                  = true                                      {product} {ergonomic}
     bool UseLargePagesIndividualAllocation        = false                                  {pd product} {ergonomic}

Logging:
Log output configuration:
 #0: stdout all=warning uptime,level,tags
 #1: stderr all=off uptime,level,tags

Environment Variables:
JAVA_HOME=C:\Program Files\Microsoft\jdk-11.0.18.10-hotspot\
CLASSPATH=D:\React Native\App\android\\gradle\wrapper\gradle-wrapper.jar
PATH=D:\React Native\App\node_modules\.bin;D:\React Native\App\node_modules\.bin;D:\React Native\node_modules\.bin;D:\node_modules\.bin;C:\Users\MS\AppData\Roaming\npm\node_modules\npm\node_modules\@npmcli\run-script\lib\node-gyp-bin;D:\React Native\App\node_modules\.bin;D:\React Native\node_modules\.bin;D:\node_modules\.bin;C:\Users\MS\AppData\Roaming\npm\node_modules\npm\node_modules\@npmcli\run-script\lib\node-gyp-bin;C:\Program Files\Microsoft\jdk-11.0.18.10-hotspot\bin;C:\Windows\system32;C:\Windows;C:\Windows\System32\Wbem;C:\Windows\System32\WindowsPowerShell\v1.0\;C:\Windows\System32\OpenSSH\;C:\ProgramData\chocolatey\bin;C:\Program Files\nodejs\;C:\platform-tools;C:\Users\MS\AppData\Local\Microsoft\WindowsApps;C:\Users\MS\AppData\Roaming\npm;C:\Users\MS\AppData\Local\Programs\Microsoft VS Code\bin
USERNAME=MS
OS=Windows_NT
PROCESSOR_IDENTIFIER=Intel64 Family 6 Model 78 Stepping 3, GenuineIntel
TMP=C:\Users\MS\AppData\Local\Temp
TEMP=C:\Users\MS\AppData\Local\Temp



---------------  S Y S T E M  ---------------

OS: Windows 10 , 64 bit Build 19041 (10.0.19041.3155)
OS uptime: 1 days 16:11 hours

CPU:total 4 (initial active 4) (2 cores per cpu, 2 threads per core) family 6 model 78 stepping 3 microcode 0xcc, cmov, cx8, fxsr, mmx, sse, sse2, sse3, ssse3, sse4.1, sse4.2, popcnt, avx, avx2, aes, clmul, erms, rtm, 3dnowpref, lzcnt, ht, tsc, tscinvbit, bmi1, bmi2, adx, fma

Memory: 4k page, system-wide physical 8072M (134M free)
TotalPageFile size 19592M (AvailPageFile size 3M)
current process WorkingSet (physical memory assigned to process): 224M, peak: 225M
current process commit charge ("private bytes"): 289M, peak: 290M

vm_info: OpenJDK 64-Bit Server VM (11.0.18+10-LTS) for windows-amd64 JRE (11.0.18+10-LTS), built on Jan 18 2023 15:56:47 by "MicrosoftCorporation" with MS VC++ 15.9 (VS2017)

END.
