#
# There is insufficient memory for the Java Runtime Environment to continue.
# Native memory allocation (malloc) failed to allocate 488016 bytes for Chunk::new
# Possible reasons:
#   The system is out of physical RAM or swap space
#   The process is running with CompressedOops enabled, and the Java Heap may be blocking the growth of the native heap
# Possible solutions:
#   Reduce memory load on the system
#   Increase physical memory or swap space
#   Check if swap backing store is full
#   Decrease Java heap size (-Xmx/-Xms)
#   Decrease number of Java threads
#   Decrease Java thread stack sizes (-Xss)
#   Set larger code cache with -XX:ReservedCodeCacheSize=
#   JVM is running with Unscaled Compressed Oops mode in which the Java heap is
#     placed in the first 4GB address space. The Java Heap base address is the
#     maximum limit for the native heap growth. Please use -XX:HeapBaseMinAddress
#     to set the Java Heap base and to place the Java Heap above 4GB virtual address.
# This output file may be truncated or incomplete.
#
#  Out of Memory Error (./src/hotspot/share/memory/arena.cpp:197), pid=19040, tid=19660
#
# JRE version: OpenJDK Runtime Environment Microsoft-7208460 (11.0.18+10) (build 11.0.18+10-LTS)
# Java VM: OpenJDK 64-Bit Server VM Microsoft-7208460 (11.0.18+10-LTS, mixed mode, tiered, compressed oops, g1 gc, windows-amd64)
# No core dump will be written. Minidumps are not enabled by default on client versions of Windows
#

---------------  S U M M A R Y ------------

Command Line: -XX:MaxMetaspaceSize=512m --add-opens=java.base/java.util=ALL-UNNAMED --add-opens=java.base/java.lang=ALL-UNNAMED --add-opens=java.base/java.lang.invoke=ALL-UNNAMED --add-opens=java.prefs/java.util.prefs=ALL-UNNAMED --add-opens=java.base/java.nio.charset=ALL-UNNAMED --add-opens=java.base/java.net=ALL-UNNAMED --add-opens=java.base/java.util.concurrent.atomic=ALL-UNNAMED -Xmx2048m -Dfile.encoding=windows-1252 -Duser.country=US -Duser.language=en -Duser.variant org.gradle.launcher.daemon.bootstrap.GradleDaemon 8.0.1

Host: Intel(R) Core(TM) i5-6300U CPU @ 2.40GHz, 4 cores, 7G,  Windows 10 , 64 bit Build 19041 (10.0.19041.3155)
Time: Tue Sep 26 03:46:08 2023 Pacific Daylight Time elapsed time: 206.605146 seconds (0d 0h 3m 26s)

---------------  T H R E A D  ---------------

Current thread (0x000002bcaca13800):  JavaThread "C2 CompilerThread0" daemon [_thread_in_native, id=19660, stack(0x000000d523f00000,0x000000d524000000)]


Current CompileTask:
C2: 206605 4005       4       java.util.StringJoiner::toString (181 bytes)

Stack: [0x000000d523f00000,0x000000d524000000]
Native frames: (J=compiled Java code, j=interpreted, Vv=VM code, C=native code)
V  [jvm.dll+0x62bf8a]
V  [jvm.dll+0x7b8fb9]
V  [jvm.dll+0x7ba6a8]
V  [jvm.dll+0x7bad83]
V  [jvm.dll+0x250248]
V  [jvm.dll+0xc260c]
V  [jvm.dll+0xc2bcc]
V  [jvm.dll+0x35e1c7]
V  [jvm.dll+0x32a373]
V  [jvm.dll+0x3296aa]
V  [jvm.dll+0x2093b3]
V  [jvm.dll+0x20850d]
V  [jvm.dll+0x18a4b1]
V  [jvm.dll+0x217eec]
V  [jvm.dll+0x21612b]
V  [jvm.dll+0x77bac0]
V  [jvm.dll+0x7749f4]
V  [jvm.dll+0x62adf5]
C  [ucrtbase.dll+0x21bb2]
C  [KERNEL32.DLL+0x17614]
C  [ntdll.dll+0x526b1]


---------------  P R O C E S S  ---------------

Threads class SMR info:
_java_thread_list=0x000002bcae4f19b0, length=35, elements={
0x000002bc8d85d800, 0x000002bcac09c800, 0x000002bcac09d800, 0x000002bcac101000,
0x000002bcac102000, 0x000002bcaca10800, 0x000002bcaca13800, 0x000002bcaca14800,
0x000002bcac10d000, 0x000002bcacb03000, 0x000002bcacce1800, 0x000002bcad572800,
0x000002bcadba8000, 0x000002bcae2a0000, 0x000002bcad564800, 0x000002bcad8a8800,
0x000002bcae5aa800, 0x000002bcae13f000, 0x000002bcad8a9800, 0x000002bcae5b7800,
0x000002bcae5b5000, 0x000002bcae5b3800, 0x000002bcae5b5800, 0x000002bcae5b4000,
0x000002bcae5b8000, 0x000002bcae5b9000, 0x000002bcae5ba000, 0x000002bcae950000,
0x000002bcae94c000, 0x000002bcae94b800, 0x000002bcae94e800, 0x000002bcae952000,
0x000002bcae951000, 0x000002bcae94d800, 0x000002bcae94d000
}

Java Threads: ( => current thread )
  0x000002bc8d85d800 JavaThread "main" [_thread_blocked, id=8160, stack(0x000000d523300000,0x000000d523400000)]
  0x000002bcac09c800 JavaThread "Reference Handler" daemon [_thread_blocked, id=19600, stack(0x000000d523a00000,0x000000d523b00000)]
  0x000002bcac09d800 JavaThread "Finalizer" daemon [_thread_blocked, id=19604, stack(0x000000d523b00000,0x000000d523c00000)]
  0x000002bcac101000 JavaThread "Signal Dispatcher" daemon [_thread_blocked, id=19648, stack(0x000000d523c00000,0x000000d523d00000)]
  0x000002bcac102000 JavaThread "Attach Listener" daemon [_thread_blocked, id=19652, stack(0x000000d523d00000,0x000000d523e00000)]
  0x000002bcaca10800 JavaThread "Service Thread" daemon [_thread_blocked, id=19656, stack(0x000000d523e00000,0x000000d523f00000)]
=>0x000002bcaca13800 JavaThread "C2 CompilerThread0" daemon [_thread_in_native, id=19660, stack(0x000000d523f00000,0x000000d524000000)]
  0x000002bcaca14800 JavaThread "C1 CompilerThread0" daemon [_thread_blocked, id=19696, stack(0x000000d524000000,0x000000d524100000)]
  0x000002bcac10d000 JavaThread "Sweeper thread" daemon [_thread_blocked, id=19732, stack(0x000000d524100000,0x000000d524200000)]
  0x000002bcacb03000 JavaThread "Common-Cleaner" daemon [_thread_blocked, id=19900, stack(0x000000d524200000,0x000000d524300000)]
  0x000002bcacce1800 JavaThread "Daemon health stats" [_thread_blocked, id=21128, stack(0x000000d523100000,0x000000d523200000)]
  0x000002bcad572800 JavaThread "Incoming local TCP Connector on port 57260" [_thread_in_native, id=15936, stack(0x000000d524700000,0x000000d524800000)]
  0x000002bcadba8000 JavaThread "Daemon periodic checks" [_thread_blocked, id=15332, stack(0x000000d524800000,0x000000d524900000)]
  0x000002bcae2a0000 JavaThread "Daemon" [_thread_blocked, id=18444, stack(0x000000d524900000,0x000000d524a00000)]
  0x000002bcad564800 JavaThread "Handler for socket connection from /127.0.0.1:57260 to /127.0.0.1:57272" [_thread_in_native, id=18448, stack(0x000000d524a00000,0x000000d524b00000)]
  0x000002bcad8a8800 JavaThread "Cancel handler" [_thread_blocked, id=11524, stack(0x000000d524b00000,0x000000d524c00000)]
  0x000002bcae5aa800 JavaThread "Daemon worker" [_thread_in_native, id=21348, stack(0x000000d524c00000,0x000000d524d00000)]
  0x000002bcae13f000 JavaThread "Asynchronous log dispatcher for DefaultDaemonConnection: socket connection from /127.0.0.1:57260 to /127.0.0.1:57272" [_thread_blocked, id=18984, stack(0x000000d524d00000,0x000000d524e00000)]
  0x000002bcad8a9800 JavaThread "Daemon client event forwarder" [_thread_blocked, id=18932, stack(0x000000d524f00000,0x000000d525000000)]
  0x000002bcae5b7800 JavaThread "Cache worker for journal cache (C:\Users\MS\.gradle\caches\journal-1)" [_thread_blocked, id=18940, stack(0x000000d525100000,0x000000d525200000)]
  0x000002bcae5b5000 JavaThread "File lock request listener" [_thread_in_native, id=19016, stack(0x000000d525200000,0x000000d525300000)]
  0x000002bcae5b3800 JavaThread "Cache worker for file hash cache (C:\Users\MS\.gradle\caches\8.0.1\fileHashes)" [_thread_blocked, id=5676, stack(0x000000d525600000,0x000000d525700000)]
  0x000002bcae5b5800 JavaThread "File watcher server" daemon [_thread_in_native, id=8928, stack(0x000000d525700000,0x000000d525800000)]
  0x000002bcae5b4000 JavaThread "File watcher consumer" daemon [_thread_blocked, id=14316, stack(0x000000d525800000,0x000000d525900000)]
  0x000002bcae5b8000 JavaThread "Cache worker for checksums cache (D:\React Native\App\android\.gradle\8.0.1\checksums)" [_thread_blocked, id=21416, stack(0x000000d523200000,0x000000d523300000)]
  0x000002bcae5b9000 JavaThread "Cache worker for cache directory md-rule (C:\Users\MS\.gradle\caches\8.0.1\md-rule)" [_thread_blocked, id=15156, stack(0x000000d524600000,0x000000d524700000)]
  0x000002bcae5ba000 JavaThread "Cache worker for file content cache (C:\Users\MS\.gradle\caches\8.0.1\fileContent)" [_thread_blocked, id=18408, stack(0x000000d525900000,0x000000d525a00000)]
  0x000002bcae950000 JavaThread "Cache worker for file hash cache (D:\React Native\App\android\.gradle\8.0.1\fileHashes)" [_thread_blocked, id=20180, stack(0x000000d525a00000,0x000000d525b00000)]
  0x000002bcae94c000 JavaThread "File lock release action executor Thread 2" [_thread_blocked, id=21176, stack(0x000000d525b00000,0x000000d525c00000)]
  0x000002bcae94b800 JavaThread "Cache worker for cache directory md-supplier (C:\Users\MS\.gradle\caches\8.0.1\md-supplier)" [_thread_blocked, id=14640, stack(0x000000d525c00000,0x000000d525d00000)]
  0x000002bcae94e800 JavaThread "Cache worker for execution history cache (C:\Users\MS\.gradle\caches\8.0.1\executionHistory)" [_thread_blocked, id=6652, stack(0x000000d525d00000,0x000000d525e00000)]
  0x000002bcae952000 JavaThread "jar transforms" [_thread_blocked, id=14240, stack(0x000000d524e00000,0x000000d524f00000)]
  0x000002bcae951000 JavaThread "jar transforms Thread 2" [_thread_blocked, id=3028, stack(0x000000d525e00000,0x000000d525f00000)]
  0x000002bcae94d800 JavaThread "jar transforms Thread 3" [_thread_blocked, id=21380, stack(0x000000d525500000,0x000000d525600000)]
  0x000002bcae94d000 JavaThread "jar transforms Thread 4" [_thread_blocked, id=412, stack(0x000000d525300000,0x000000d525400000)]

Other Threads:
  0x000002bcac09a800 VMThread "VM Thread" [stack: 0x000000d523900000,0x000000d523a00000] [id=19492]
  0x000002bcacb63800 WatcherThread [stack: 0x000000d524300000,0x000000d524400000] [id=19912]
  0x000002bc8d876800 GCTaskThread "GC Thread#0" [stack: 0x000000d523400000,0x000000d523500000] [id=13032]
  0x000002bcacd2e000 GCTaskThread "GC Thread#1" [stack: 0x000000d524400000,0x000000d524500000] [id=21276]
  0x000002bcad1b9000 GCTaskThread "GC Thread#2" [stack: 0x000000d524500000,0x000000d524600000] [id=21280]
  0x000002bcae450000 GCTaskThread "GC Thread#3" [stack: 0x000000d525000000,0x000000d525100000] [id=19268]
  0x000002bc8d8a8800 ConcurrentGCThread "G1 Main Marker" [stack: 0x000000d523500000,0x000000d523600000] [id=7096]
  0x000002bc8d8aa000 ConcurrentGCThread "G1 Conc#0" [stack: 0x000000d523600000,0x000000d523700000] [id=17032]
  0x000002bc8d936000 ConcurrentGCThread "G1 Refine#0" [stack: 0x000000d523700000,0x000000d523800000] [id=17008]
  0x000002bc8d937000 ConcurrentGCThread "G1 Young RemSet Sampling" [stack: 0x000000d523800000,0x000000d523900000] [id=19460]

Threads with active compile tasks:
C2 CompilerThread0   206644 4005       4       java.util.StringJoiner::toString (181 bytes)

VM state:not at safepoint (normal execution)

VM Mutex/Monitor currently owned by a thread: None

Heap address: 0x0000000080000000, size: 2048 MB, Compressed Oops mode: 32-bit
Narrow klass base: 0x0000000000000000, Narrow klass shift: 3
Compressed class space size: 528482304 Address: 0x0000000100000000

Heap:
 garbage-first heap   total 131072K, used 36957K [0x0000000080000000, 0x0000000100000000)
  region size 1024K, 18 young (18432K), 9 survivors (9216K)
 Metaspace       used 41324K, capacity 42464K, committed 42576K, reserved 555008K
  class space    used 5173K, capacity 5590K, committed 5632K, reserved 516096K
Heap Regions: E=young(eden), S=young(survivor), O=old, HS=humongous(starts), HC=humongous(continues), CS=collection set, F=free, A=archive, TAMS=top-at-mark-start (previous, next)
|   0|0x0000000080000000, 0x0000000080100000, 0x0000000080100000|100%| O|  |TAMS 0x0000000080100000, 0x0000000080000000| Untracked 
|   1|0x0000000080100000, 0x0000000080200000, 0x0000000080200000|100%| O|  |TAMS 0x0000000080200000, 0x0000000080100000| Untracked 
|   2|0x0000000080200000, 0x0000000080300000, 0x0000000080300000|100%| O|  |TAMS 0x0000000080300000, 0x0000000080200000| Untracked 
|   3|0x0000000080300000, 0x0000000080400000, 0x0000000080400000|100%|HS|  |TAMS 0x0000000080400000, 0x0000000080300000| Complete 
|   4|0x0000000080400000, 0x0000000080500000, 0x0000000080500000|100%|HC|  |TAMS 0x0000000080500000, 0x0000000080400000| Complete 
|   5|0x0000000080500000, 0x0000000080600000, 0x0000000080600000|100%|HC|  |TAMS 0x0000000080600000, 0x0000000080500000| Complete 
|   6|0x0000000080600000, 0x0000000080700000, 0x0000000080700000|100%|HC|  |TAMS 0x0000000080700000, 0x0000000080600000| Complete 
|   7|0x0000000080700000, 0x0000000080800000, 0x0000000080800000|100%| O|  |TAMS 0x0000000080800000, 0x0000000080700000| Untracked 
|   8|0x0000000080800000, 0x0000000080900000, 0x0000000080900000|100%| O|  |TAMS 0x0000000080900000, 0x0000000080800000| Untracked 
|   9|0x0000000080900000, 0x0000000080a00000, 0x0000000080a00000|100%| O|  |TAMS 0x0000000080a00000, 0x0000000080900000| Untracked 
|  10|0x0000000080a00000, 0x0000000080b00000, 0x0000000080b00000|100%| O|  |TAMS 0x0000000080b00000, 0x0000000080a00000| Untracked 
|  11|0x0000000080b00000, 0x0000000080c00000, 0x0000000080c00000|100%| O|  |TAMS 0x0000000080c00000, 0x0000000080b00000| Untracked 
|  12|0x0000000080c00000, 0x0000000080d00000, 0x0000000080d00000|100%| O|  |TAMS 0x0000000080d00000, 0x0000000080c00000| Untracked 
|  13|0x0000000080d00000, 0x0000000080e00000, 0x0000000080e00000|100%| O|  |TAMS 0x0000000080e00000, 0x0000000080d00000| Untracked 
|  14|0x0000000080e00000, 0x0000000080f00000, 0x0000000080f00000|100%| O|  |TAMS 0x0000000080f00000, 0x0000000080e00000| Untracked 
|  15|0x0000000080f00000, 0x0000000081000000, 0x0000000081000000|100%| O|  |TAMS 0x0000000081000000, 0x0000000080f00000| Untracked 
|  16|0x0000000081000000, 0x0000000081100000, 0x0000000081100000|100%| O|  |TAMS 0x0000000081100000, 0x0000000081000000| Untracked 
|  17|0x0000000081100000, 0x0000000081200000, 0x0000000081200000|100%| O|  |TAMS 0x0000000081200000, 0x0000000081100000| Untracked 
|  18|0x0000000081200000, 0x0000000081200000, 0x0000000081300000|  0%| F|  |TAMS 0x0000000081200000, 0x0000000081200000| Untracked 
|  19|0x0000000081300000, 0x0000000081300000, 0x0000000081400000|  0%| F|  |TAMS 0x0000000081300000, 0x0000000081300000| Untracked 
|  20|0x0000000081400000, 0x0000000081400000, 0x0000000081500000|  0%| F|  |TAMS 0x0000000081400000, 0x0000000081400000| Untracked 
|  21|0x0000000081500000, 0x0000000081600000, 0x0000000081600000|100%| O|  |TAMS 0x0000000081600000, 0x0000000081500000| Untracked 
|  22|0x0000000081600000, 0x00000000816a1600, 0x0000000081700000| 63%| O|  |TAMS 0x00000000816a1600, 0x0000000081600000| Untracked 
|  23|0x0000000081700000, 0x0000000081700000, 0x0000000081800000|  0%| F|  |TAMS 0x0000000081700000, 0x0000000081700000| Untracked 
|  24|0x0000000081800000, 0x0000000081800000, 0x0000000081900000|  0%| F|  |TAMS 0x0000000081800000, 0x0000000081800000| Untracked 
|  25|0x0000000081900000, 0x0000000081900000, 0x0000000081a00000|  0%| F|  |TAMS 0x0000000081900000, 0x0000000081900000| Untracked 
|  26|0x0000000081a00000, 0x0000000081a00000, 0x0000000081b00000|  0%| F|  |TAMS 0x0000000081a00000, 0x0000000081a00000| Untracked 
|  27|0x0000000081b00000, 0x0000000081b00000, 0x0000000081c00000|  0%| F|  |TAMS 0x0000000081b00000, 0x0000000081b00000| Untracked 
|  28|0x0000000081c00000, 0x0000000081c00000, 0x0000000081d00000|  0%| F|  |TAMS 0x0000000081c00000, 0x0000000081c00000| Untracked 
|  29|0x0000000081d00000, 0x0000000081d00000, 0x0000000081e00000|  0%| F|  |TAMS 0x0000000081d00000, 0x0000000081d00000| Untracked 
|  30|0x0000000081e00000, 0x0000000081e00000, 0x0000000081f00000|  0%| F|  |TAMS 0x0000000081e00000, 0x0000000081e00000| Untracked 
|  31|0x0000000081f00000, 0x0000000081f00000, 0x0000000082000000|  0%| F|  |TAMS 0x0000000081f00000, 0x0000000081f00000| Untracked 
|  32|0x0000000082000000, 0x0000000082000000, 0x0000000082100000|  0%| F|  |TAMS 0x0000000082000000, 0x0000000082000000| Untracked 
|  33|0x0000000082100000, 0x0000000082100000, 0x0000000082200000|  0%| F|  |TAMS 0x0000000082100000, 0x0000000082100000| Untracked 
|  34|0x0000000082200000, 0x0000000082200000, 0x0000000082300000|  0%| F|  |TAMS 0x0000000082200000, 0x0000000082200000| Untracked 
|  35|0x0000000082300000, 0x0000000082300000, 0x0000000082400000|  0%| F|  |TAMS 0x0000000082300000, 0x0000000082300000| Untracked 
|  36|0x0000000082400000, 0x0000000082400000, 0x0000000082500000|  0%| F|  |TAMS 0x0000000082400000, 0x0000000082400000| Untracked 
|  37|0x0000000082500000, 0x0000000082500000, 0x0000000082600000|  0%| F|  |TAMS 0x0000000082500000, 0x0000000082500000| Untracked 
|  38|0x0000000082600000, 0x0000000082600000, 0x0000000082700000|  0%| F|  |TAMS 0x0000000082600000, 0x0000000082600000| Untracked 
|  39|0x0000000082700000, 0x0000000082700000, 0x0000000082800000|  0%| F|  |TAMS 0x0000000082700000, 0x0000000082700000| Untracked 
|  40|0x0000000082800000, 0x0000000082800000, 0x0000000082900000|  0%| F|  |TAMS 0x0000000082800000, 0x0000000082800000| Untracked 
|  41|0x0000000082900000, 0x0000000082900000, 0x0000000082a00000|  0%| F|  |TAMS 0x0000000082900000, 0x0000000082900000| Untracked 
|  42|0x0000000082a00000, 0x0000000082a00000, 0x0000000082b00000|  0%| F|  |TAMS 0x0000000082a00000, 0x0000000082a00000| Untracked 
|  43|0x0000000082b00000, 0x0000000082b00000, 0x0000000082c00000|  0%| F|  |TAMS 0x0000000082b00000, 0x0000000082b00000| Untracked 
|  44|0x0000000082c00000, 0x0000000082c00000, 0x0000000082d00000|  0%| F|  |TAMS 0x0000000082c00000, 0x0000000082c00000| Untracked 
|  45|0x0000000082d00000, 0x0000000082d00000, 0x0000000082e00000|  0%| F|  |TAMS 0x0000000082d00000, 0x0000000082d00000| Untracked 
|  46|0x0000000082e00000, 0x0000000082e00000, 0x0000000082f00000|  0%| F|  |TAMS 0x0000000082e00000, 0x0000000082e00000| Untracked 
|  47|0x0000000082f00000, 0x0000000082f00000, 0x0000000083000000|  0%| F|  |TAMS 0x0000000082f00000, 0x0000000082f00000| Untracked 
|  48|0x0000000083000000, 0x0000000083000000, 0x0000000083100000|  0%| F|  |TAMS 0x0000000083000000, 0x0000000083000000| Untracked 
|  49|0x0000000083100000, 0x0000000083100000, 0x0000000083200000|  0%| F|  |TAMS 0x0000000083100000, 0x0000000083100000| Untracked 
|  50|0x0000000083200000, 0x0000000083200000, 0x0000000083300000|  0%| F|  |TAMS 0x0000000083200000, 0x0000000083200000| Untracked 
|  51|0x0000000083300000, 0x0000000083375f80, 0x0000000083400000| 46%| S|CS|TAMS 0x0000000083300000, 0x0000000083300000| Complete 
|  52|0x0000000083400000, 0x0000000083500000, 0x0000000083500000|100%| S|CS|TAMS 0x0000000083400000, 0x0000000083400000| Complete 
|  53|0x0000000083500000, 0x0000000083600000, 0x0000000083600000|100%| S|CS|TAMS 0x0000000083500000, 0x0000000083500000| Complete 
|  54|0x0000000083600000, 0x0000000083700000, 0x0000000083700000|100%| S|CS|TAMS 0x0000000083600000, 0x0000000083600000| Complete 
|  55|0x0000000083700000, 0x0000000083800000, 0x0000000083800000|100%| S|CS|TAMS 0x0000000083700000, 0x0000000083700000| Complete 
|  56|0x0000000083800000, 0x0000000083900000, 0x0000000083900000|100%| S|CS|TAMS 0x0000000083800000, 0x0000000083800000| Complete 
|  57|0x0000000083900000, 0x0000000083a00000, 0x0000000083a00000|100%| S|CS|TAMS 0x0000000083900000, 0x0000000083900000| Complete 
|  58|0x0000000083a00000, 0x0000000083b00000, 0x0000000083b00000|100%| S|CS|TAMS 0x0000000083a00000, 0x0000000083a00000| Complete 
|  59|0x0000000083b00000, 0x0000000083c00000, 0x0000000083c00000|100%| S|CS|TAMS 0x0000000083b00000, 0x0000000083b00000| Complete 
|  60|0x0000000083c00000, 0x0000000083c00000, 0x0000000083d00000|  0%| F|  |TAMS 0x0000000083c00000, 0x0000000083c00000| Untracked 
|  61|0x0000000083d00000, 0x0000000083d00000, 0x0000000083e00000|  0%| F|  |TAMS 0x0000000083d00000, 0x0000000083d00000| Untracked 
|  62|0x0000000083e00000, 0x0000000083e00000, 0x0000000083f00000|  0%| F|  |TAMS 0x0000000083e00000, 0x0000000083e00000| Untracked 
|  63|0x0000000083f00000, 0x0000000083f00000, 0x0000000084000000|  0%| F|  |TAMS 0x0000000083f00000, 0x0000000083f00000| Untracked 
|  64|0x0000000084000000, 0x0000000084000000, 0x0000000084100000|  0%| F|  |TAMS 0x0000000084000000, 0x0000000084000000| Untracked 
|  65|0x0000000084100000, 0x0000000084100000, 0x0000000084200000|  0%| F|  |TAMS 0x0000000084100000, 0x0000000084100000| Untracked 
|  66|0x0000000084200000, 0x0000000084200000, 0x0000000084300000|  0%| F|  |TAMS 0x0000000084200000, 0x0000000084200000| Untracked 
|  67|0x0000000084300000, 0x0000000084300000, 0x0000000084400000|  0%| F|  |TAMS 0x0000000084300000, 0x0000000084300000| Untracked 
|  68|0x0000000084400000, 0x0000000084400000, 0x0000000084500000|  0%| F|  |TAMS 0x0000000084400000, 0x0000000084400000| Untracked 
|  69|0x0000000084500000, 0x0000000084500000, 0x0000000084600000|  0%| F|  |TAMS 0x0000000084500000, 0x0000000084500000| Untracked 
|  70|0x0000000084600000, 0x0000000084600000, 0x0000000084700000|  0%| F|  |TAMS 0x0000000084600000, 0x0000000084600000| Untracked 
|  71|0x0000000084700000, 0x0000000084700000, 0x0000000084800000|  0%| F|  |TAMS 0x0000000084700000, 0x0000000084700000| Untracked 
|  72|0x0000000084800000, 0x0000000084800000, 0x0000000084900000|  0%| F|  |TAMS 0x0000000084800000, 0x0000000084800000| Untracked 
|  73|0x0000000084900000, 0x0000000084900000, 0x0000000084a00000|  0%| F|  |TAMS 0x0000000084900000, 0x0000000084900000| Untracked 
|  74|0x0000000084a00000, 0x0000000084a00000, 0x0000000084b00000|  0%| F|  |TAMS 0x0000000084a00000, 0x0000000084a00000| Untracked 
|  75|0x0000000084b00000, 0x0000000084b00000, 0x0000000084c00000|  0%| F|  |TAMS 0x0000000084b00000, 0x0000000084b00000| Untracked 
|  76|0x0000000084c00000, 0x0000000084c00000, 0x0000000084d00000|  0%| F|  |TAMS 0x0000000084c00000, 0x0000000084c00000| Untracked 
|  77|0x0000000084d00000, 0x0000000084d00000, 0x0000000084e00000|  0%| F|  |TAMS 0x0000000084d00000, 0x0000000084d00000| Untracked 
|  78|0x0000000084e00000, 0x0000000084e00000, 0x0000000084f00000|  0%| F|  |TAMS 0x0000000084e00000, 0x0000000084e00000| Untracked 
|  79|0x0000000084f00000, 0x0000000084f00000, 0x0000000085000000|  0%| F|  |TAMS 0x0000000084f00000, 0x0000000084f00000| Untracked 
|  80|0x0000000085000000, 0x0000000085000000, 0x0000000085100000|  0%| F|  |TAMS 0x0000000085000000, 0x0000000085000000| Untracked 
|  81|0x0000000085100000, 0x0000000085100000, 0x0000000085200000|  0%| F|  |TAMS 0x0000000085100000, 0x0000000085100000| Untracked 
|  82|0x0000000085200000, 0x0000000085200000, 0x0000000085300000|  0%| F|  |TAMS 0x0000000085200000, 0x0000000085200000| Untracked 
|  83|0x0000000085300000, 0x0000000085300000, 0x0000000085400000|  0%| F|  |TAMS 0x0000000085300000, 0x0000000085300000| Untracked 
|  84|0x0000000085400000, 0x0000000085400000, 0x0000000085500000|  0%| F|  |TAMS 0x0000000085400000, 0x0000000085400000| Untracked 
|  85|0x0000000085500000, 0x0000000085500000, 0x0000000085600000|  0%| F|  |TAMS 0x0000000085500000, 0x0000000085500000| Untracked 
|  86|0x0000000085600000, 0x0000000085600000, 0x0000000085700000|  0%| F|  |TAMS 0x0000000085600000, 0x0000000085600000| Untracked 
|  87|0x0000000085700000, 0x0000000085700000, 0x0000000085800000|  0%| F|  |TAMS 0x0000000085700000, 0x0000000085700000| Untracked 
|  88|0x0000000085800000, 0x0000000085800000, 0x0000000085900000|  0%| F|  |TAMS 0x0000000085800000, 0x0000000085800000| Untracked 
|  89|0x0000000085900000, 0x0000000085900000, 0x0000000085a00000|  0%| F|  |TAMS 0x0000000085900000, 0x0000000085900000| Untracked 
|  90|0x0000000085a00000, 0x0000000085a00000, 0x0000000085b00000|  0%| F|  |TAMS 0x0000000085a00000, 0x0000000085a00000| Untracked 
|  91|0x0000000085b00000, 0x0000000085b00000, 0x0000000085c00000|  0%| F|  |TAMS 0x0000000085b00000, 0x0000000085b00000| Untracked 
|  92|0x0000000085c00000, 0x0000000085c00000, 0x0000000085d00000|  0%| F|  |TAMS 0x0000000085c00000, 0x0000000085c00000| Untracked 
|  93|0x0000000085d00000, 0x0000000085d00000, 0x0000000085e00000|  0%| F|  |TAMS 0x0000000085d00000, 0x0000000085d00000| Untracked 
|  94|0x0000000085e00000, 0x0000000085e00000, 0x0000000085f00000|  0%| F|  |TAMS 0x0000000085e00000, 0x0000000085e00000| Untracked 
|  95|0x0000000085f00000, 0x0000000085f00000, 0x0000000086000000|  0%| F|  |TAMS 0x0000000085f00000, 0x0000000085f00000| Untracked 
|  96|0x0000000086000000, 0x0000000086000000, 0x0000000086100000|  0%| F|  |TAMS 0x0000000086000000, 0x0000000086000000| Untracked 
|  97|0x0000000086100000, 0x0000000086100000, 0x0000000086200000|  0%| F|  |TAMS 0x0000000086100000, 0x0000000086100000| Untracked 
|  98|0x0000000086200000, 0x0000000086200000, 0x0000000086300000|  0%| F|  |TAMS 0x0000000086200000, 0x0000000086200000| Untracked 
|  99|0x0000000086300000, 0x0000000086300000, 0x0000000086400000|  0%| F|  |TAMS 0x0000000086300000, 0x0000000086300000| Untracked 
| 100|0x0000000086400000, 0x0000000086400000, 0x0000000086500000|  0%| F|  |TAMS 0x0000000086400000, 0x0000000086400000| Untracked 
| 101|0x0000000086500000, 0x0000000086500000, 0x0000000086600000|  0%| F|  |TAMS 0x0000000086500000, 0x0000000086500000| Untracked 
| 102|0x0000000086600000, 0x0000000086600000, 0x0000000086700000|  0%| F|  |TAMS 0x0000000086600000, 0x0000000086600000| Untracked 
| 103|0x0000000086700000, 0x0000000086700000, 0x0000000086800000|  0%| F|  |TAMS 0x0000000086700000, 0x0000000086700000| Untracked 
| 104|0x0000000086800000, 0x0000000086800000, 0x0000000086900000|  0%| F|  |TAMS 0x0000000086800000, 0x0000000086800000| Untracked 
| 105|0x0000000086900000, 0x0000000086900000, 0x0000000086a00000|  0%| F|  |TAMS 0x0000000086900000, 0x0000000086900000| Untracked 
| 106|0x0000000086a00000, 0x0000000086a00000, 0x0000000086b00000|  0%| F|  |TAMS 0x0000000086a00000, 0x0000000086a00000| Untracked 
| 107|0x0000000086b00000, 0x0000000086b00000, 0x0000000086c00000|  0%| F|  |TAMS 0x0000000086b00000, 0x0000000086b00000| Untracked 
| 108|0x0000000086c00000, 0x0000000086c00000, 0x0000000086d00000|  0%| F|  |TAMS 0x0000000086c00000, 0x0000000086c00000| Untracked 
| 109|0x0000000086d00000, 0x0000000086d00000, 0x0000000086e00000|  0%| F|  |TAMS 0x0000000086d00000, 0x0000000086d00000| Untracked 
| 110|0x0000000086e00000, 0x0000000086e00000, 0x0000000086f00000|  0%| F|  |TAMS 0x0000000086e00000, 0x0000000086e00000| Untracked 
| 111|0x0000000086f00000, 0x0000000086f00000, 0x0000000087000000|  0%| F|  |TAMS 0x0000000086f00000, 0x0000000086f00000| Untracked 
| 112|0x0000000087000000, 0x0000000087000000, 0x0000000087100000|  0%| F|  |TAMS 0x0000000087000000, 0x0000000087000000| Untracked 
| 113|0x0000000087100000, 0x0000000087100000, 0x0000000087200000|  0%| F|  |TAMS 0x0000000087100000, 0x0000000087100000| Untracked 
| 114|0x0000000087200000, 0x0000000087200000, 0x0000000087300000|  0%| F|  |TAMS 0x0000000087200000, 0x0000000087200000| Untracked 
| 115|0x0000000087300000, 0x0000000087300000, 0x0000000087400000|  0%| F|  |TAMS 0x0000000087300000, 0x0000000087300000| Untracked 
| 116|0x0000000087400000, 0x0000000087400000, 0x0000000087500000|  0%| F|  |TAMS 0x0000000087400000, 0x0000000087400000| Untracked 
| 117|0x0000000087500000, 0x0000000087500000, 0x0000000087600000|  0%| F|  |TAMS 0x0000000087500000, 0x0000000087500000| Untracked 
| 118|0x0000000087600000, 0x0000000087600000, 0x0000000087700000|  0%| F|  |TAMS 0x0000000087600000, 0x0000000087600000| Untracked 
| 119|0x0000000087700000, 0x0000000087780800, 0x0000000087800000| 50%| E|  |TAMS 0x0000000087700000, 0x0000000087700000| Complete 
| 120|0x0000000087800000, 0x0000000087900000, 0x0000000087900000|100%| E|CS|TAMS 0x0000000087800000, 0x0000000087800000| Complete 
| 121|0x0000000087900000, 0x0000000087a00000, 0x0000000087a00000|100%| E|CS|TAMS 0x0000000087900000, 0x0000000087900000| Complete 
| 122|0x0000000087a00000, 0x0000000087b00000, 0x0000000087b00000|100%| E|CS|TAMS 0x0000000087a00000, 0x0000000087a00000| Complete 
| 123|0x0000000087b00000, 0x0000000087c00000, 0x0000000087c00000|100%| E|CS|TAMS 0x0000000087b00000, 0x0000000087b00000| Complete 
| 124|0x0000000087c00000, 0x0000000087d00000, 0x0000000087d00000|100%| E|CS|TAMS 0x0000000087c00000, 0x0000000087c00000| Complete 
| 125|0x0000000087d00000, 0x0000000087e00000, 0x0000000087e00000|100%| E|CS|TAMS 0x0000000087d00000, 0x0000000087d00000| Complete 
| 126|0x0000000087e00000, 0x0000000087f00000, 0x0000000087f00000|100%| E|CS|TAMS 0x0000000087e00000, 0x0000000087e00000| Complete 
| 127|0x0000000087f00000, 0x0000000088000000, 0x0000000088000000|100%| E|CS|TAMS 0x0000000087f00000, 0x0000000087f00000| Complete 

Card table byte_map: [0x000002bca53e0000,0x000002bca57e0000] _byte_map_base: 0x000002bca4fe0000

Marking Bits (Prev, Next): (CMBitMap*) 0x000002bc8d89fdf0, (CMBitMap*) 0x000002bc8d89fdb8
 Prev Bits: [0x000002bca7be0000, 0x000002bca9be0000)
 Next Bits: [0x000002bca5be0000, 0x000002bca7be0000)

Polling page: 0x000002bc8b9f0000

Metaspace:

Usage:
  Non-class:     36.01 MB capacity,    35.30 MB ( 98%) used,   615.29 KB (  2%) free+waste,   107.88 KB ( <1%) overhead. 
      Class:      5.46 MB capacity,     5.05 MB ( 93%) used,   364.55 KB (  7%) free+waste,    52.13 KB ( <1%) overhead. 
       Both:     41.47 MB capacity,    40.36 MB ( 97%) used,   979.84 KB (  2%) free+waste,   160.00 KB ( <1%) overhead. 

Virtual space:
  Non-class space:       38.00 MB reserved,      36.08 MB ( 95%) committed 
      Class space:      504.00 MB reserved,       5.50 MB (  1%) committed 
             Both:      542.00 MB reserved,      41.58 MB (  8%) committed 

Chunk freelists:
   Non-Class:  6.00 KB
       Class:  10.00 KB
        Both:  16.00 KB

MaxMetaspaceSize: 512.00 MB
CompressedClassSpaceSize: 504.00 MB
Initial GC threshold: 20.80 MB
Current GC threshold: 68.88 MB
CDS: off

CodeHeap 'non-profiled nmethods': size=120064Kb used=2247Kb max_used=2247Kb free=117816Kb
 bounds [0x000002bc9daa0000, 0x000002bc9dd10000, 0x000002bca4fe0000]
CodeHeap 'profiled nmethods': size=120000Kb used=8412Kb max_used=8412Kb free=111587Kb
 bounds [0x000002bc96570000, 0x000002bc96db0000, 0x000002bc9daa0000]
CodeHeap 'non-nmethods': size=5696Kb used=2276Kb max_used=2318Kb free=3419Kb
 bounds [0x000002bc95fe0000, 0x000002bc96250000, 0x000002bc96570000]
 total_blobs=4759 nmethods=3988 adapters=683
 compilation: enabled
              stopped_count=0, restarted_count=0
 full_count=0

Compilation events (20 events):
Event: 206.444 Thread 0x000002bcaca14800 nmethod 4002 0x000002bc96da1310 code [0x000002bc96da14e0, 0x000002bc96da17c8]
Event: 206.444 Thread 0x000002bcaca14800 4003       3       org.codehaus.groovy.reflection.CachedClass$1::lambda$initValue$0 (7 bytes)
Event: 206.445 Thread 0x000002bcaca14800 nmethod 4003 0x000002bc96da1910 code [0x000002bc96da1ae0, 0x000002bc96da1c68]
Event: 206.459 Thread 0x000002bcaca13800 4004       4       java.util.StringJoiner::<init> (56 bytes)
Event: 206.460 Thread 0x000002bcaca14800 4006       3       java.beans.PropertyDescriptor::setClass0 (25 bytes)
Event: 206.539 Thread 0x000002bcaca14800 nmethod 4006 0x000002bc96da1d90 code [0x000002bc96da1fe0, 0x000002bc96da2a78]
Event: 206.542 Thread 0x000002bcaca14800 4007       3       java.beans.Introspector::makeQualifiedMethodName (50 bytes)
Event: 206.543 Thread 0x000002bcaca14800 nmethod 4007 0x000002bc96da2d10 code [0x000002bc96da2fa0, 0x000002bc96da3a08]
Event: 206.545 Thread 0x000002bcaca13800 nmethod 4004 0x000002bc9dcd1810 code [0x000002bc9dcd19c0, 0x000002bc9dcd1d98]
Event: 206.545 Thread 0x000002bcaca13800 4005       4       java.util.StringJoiner::toString (181 bytes)
Event: 206.548 Thread 0x000002bcaca14800 4008       3       java.lang.reflect.Method::isSynthetic (5 bytes)
Event: 206.549 Thread 0x000002bcaca14800 nmethod 4008 0x000002bc96da3e90 code [0x000002bc96da4060, 0x000002bc96da4298]
Event: 206.549 Thread 0x000002bcaca14800 4010       3       java.beans.FeatureDescriptor::<init> (137 bytes)
Event: 206.551 Thread 0x000002bcaca14800 nmethod 4010 0x000002bc96da4390 code [0x000002bc96da4640, 0x000002bc96da5438]
Event: 206.551 Thread 0x000002bcaca14800 4011       3       com.sun.beans.util.Cache::getEntryValue (33 bytes)
Event: 206.551 Thread 0x000002bcaca14800 nmethod 4011 0x000002bc96da5790 code [0x000002bc96da5980, 0x000002bc96da5e48]
Event: 206.551 Thread 0x000002bcaca14800 4012       3       groovyjarjarasm.asm.Symbol::<init> (38 bytes)
Event: 206.552 Thread 0x000002bcaca14800 nmethod 4012 0x000002bc96da6010 code [0x000002bc96da61c0, 0x000002bc96da6458]
Event: 206.552 Thread 0x000002bcaca14800 4013       3       groovyjarjarasm.asm.SymbolTable::put (150 bytes)
Event: 206.552 Thread 0x000002bcaca14800 nmethod 4013 0x000002bc96da6590 code [0x000002bc96da67a0, 0x000002bc96da6ff8]

GC Heap History (18 events):
Event: 23.360 GC heap before
{Heap before GC invocations=0 (full 0):
 garbage-first heap   total 131072K, used 13312K [0x0000000080000000, 0x0000000100000000)
  region size 1024K, 14 young (14336K), 0 survivors (0K)
 Metaspace       used 6764K, capacity 7001K, committed 7168K, reserved 524288K
  class space    used 573K, capacity 650K, committed 768K, reserved 516096K
}
Event: 24.096 GC heap after
{Heap after GC invocations=1 (full 0):
 garbage-first heap   total 131072K, used 4276K [0x0000000080000000, 0x0000000100000000)
  region size 1024K, 2 young (2048K), 2 survivors (2048K)
 Metaspace       used 6764K, capacity 7001K, committed 7168K, reserved 524288K
  class space    used 573K, capacity 650K, committed 768K, reserved 516096K
}
Event: 30.840 GC heap before
{Heap before GC invocations=1 (full 0):
 garbage-first heap   total 131072K, used 19636K [0x0000000080000000, 0x0000000100000000)
  region size 1024K, 13 young (13312K), 2 survivors (2048K)
 Metaspace       used 9913K, capacity 10130K, committed 10368K, reserved 526336K
  class space    used 1012K, capacity 1102K, committed 1152K, reserved 516096K
}
Event: 30.844 GC heap after
{Heap after GC invocations=2 (full 0):
 garbage-first heap   total 131072K, used 10640K [0x0000000080000000, 0x0000000100000000)
  region size 1024K, 2 young (2048K), 2 survivors (2048K)
 Metaspace       used 9913K, capacity 10130K, committed 10368K, reserved 526336K
  class space    used 1012K, capacity 1102K, committed 1152K, reserved 516096K
}
Event: 52.552 GC heap before
{Heap before GC invocations=2 (full 0):
 garbage-first heap   total 131072K, used 40336K [0x0000000080000000, 0x0000000100000000)
  region size 1024K, 30 young (30720K), 2 survivors (2048K)
 Metaspace       used 10947K, capacity 11211K, committed 11520K, reserved 526336K
  class space    used 1115K, capacity 1206K, committed 1280K, reserved 516096K
}
Event: 52.558 GC heap after
{Heap after GC invocations=3 (full 0):
 garbage-first heap   total 131072K, used 12800K [0x0000000080000000, 0x0000000100000000)
  region size 1024K, 4 young (4096K), 4 survivors (4096K)
 Metaspace       used 10947K, capacity 11211K, committed 11520K, reserved 526336K
  class space    used 1115K, capacity 1206K, committed 1280K, reserved 516096K
}
Event: 94.179 GC heap before
{Heap before GC invocations=3 (full 0):
 garbage-first heap   total 131072K, used 54784K [0x0000000080000000, 0x0000000100000000)
  region size 1024K, 45 young (46080K), 4 survivors (4096K)
 Metaspace       used 18441K, capacity 18798K, committed 18944K, reserved 534528K
  class space    used 2125K, capacity 2244K, committed 2304K, reserved 516096K
}
Event: 94.599 GC heap after
{Heap after GC invocations=4 (full 0):
 garbage-first heap   total 131072K, used 17741K [0x0000000080000000, 0x0000000100000000)
  region size 1024K, 6 young (6144K), 6 survivors (6144K)
 Metaspace       used 18441K, capacity 18798K, committed 18944K, reserved 534528K
  class space    used 2125K, capacity 2244K, committed 2304K, reserved 516096K
}
Event: 99.663 GC heap before
{Heap before GC invocations=4 (full 0):
 garbage-first heap   total 131072K, used 37197K [0x0000000080000000, 0x0000000100000000)
  region size 1024K, 26 young (26624K), 6 survivors (6144K)
 Metaspace       used 20828K, capacity 21212K, committed 21296K, reserved 536576K
  class space    used 2483K, capacity 2652K, committed 2688K, reserved 516096K
}
Event: 99.672 GC heap after
{Heap after GC invocations=5 (full 0):
 garbage-first heap   total 131072K, used 18866K [0x0000000080000000, 0x0000000100000000)
  region size 1024K, 5 young (5120K), 5 survivors (5120K)
 Metaspace       used 20828K, capacity 21212K, committed 21296K, reserved 536576K
  class space    used 2483K, capacity 2652K, committed 2688K, reserved 516096K
}
Event: 112.198 GC heap before
{Heap before GC invocations=6 (full 0):
 garbage-first heap   total 131072K, used 65970K [0x0000000080000000, 0x0000000100000000)
  region size 1024K, 51 young (52224K), 5 survivors (5120K)
 Metaspace       used 24995K, capacity 25579K, committed 25904K, reserved 538624K
  class space    used 3155K, capacity 3386K, committed 3456K, reserved 516096K
}
Event: 112.213 GC heap after
{Heap after GC invocations=7 (full 0):
 garbage-first heap   total 131072K, used 20535K [0x0000000080000000, 0x0000000100000000)
  region size 1024K, 3 young (3072K), 3 survivors (3072K)
 Metaspace       used 24995K, capacity 25579K, committed 25904K, reserved 538624K
  class space    used 3155K, capacity 3386K, committed 3456K, reserved 516096K
}
Event: 133.026 GC heap before
{Heap before GC invocations=7 (full 0):
 garbage-first heap   total 131072K, used 74807K [0x0000000080000000, 0x0000000100000000)
  region size 1024K, 56 young (57344K), 3 survivors (3072K)
 Metaspace       used 30237K, capacity 31046K, committed 31152K, reserved 544768K
  class space    used 3958K, capacity 4278K, committed 4352K, reserved 516096K
}
Event: 133.038 GC heap after
{Heap after GC invocations=8 (full 0):
 garbage-first heap   total 131072K, used 22103K [0x0000000080000000, 0x0000000100000000)
  region size 1024K, 5 young (5120K), 5 survivors (5120K)
 Metaspace       used 30237K, capacity 31046K, committed 31152K, reserved 544768K
  class space    used 3958K, capacity 4278K, committed 4352K, reserved 516096K
}
Event: 147.011 GC heap before
{Heap before GC invocations=8 (full 0):
 garbage-first heap   total 131072K, used 47703K [0x0000000080000000, 0x0000000100000000)
  region size 1024K, 31 young (31744K), 5 survivors (5120K)
 Metaspace       used 34894K, capacity 35744K, committed 35920K, reserved 548864K
  class space    used 4436K, capacity 4781K, committed 4864K, reserved 516096K
}
Event: 147.033 GC heap after
{Heap after GC invocations=9 (full 0):
 garbage-first heap   total 131072K, used 24191K [0x0000000080000000, 0x0000000100000000)
  region size 1024K, 7 young (7168K), 7 survivors (7168K)
 Metaspace       used 34894K, capacity 35744K, committed 35920K, reserved 548864K
  class space    used 4436K, capacity 4781K, committed 4864K, reserved 516096K
}
Event: 205.243 GC heap before
{Heap before GC invocations=10 (full 0):
 garbage-first heap   total 131072K, used 88703K [0x0000000080000000, 0x0000000100000000)
  region size 1024K, 68 young (69632K), 7 survivors (7168K)
 Metaspace       used 40997K, capacity 42108K, committed 42320K, reserved 552960K
  class space    used 5133K, capacity 5532K, committed 5632K, reserved 516096K
}
Event: 205.271 GC heap after
{Heap after GC invocations=11 (full 0):
 garbage-first heap   total 131072K, used 28765K [0x0000000080000000, 0x0000000100000000)
  region size 1024K, 9 young (9216K), 9 survivors (9216K)
 Metaspace       used 40997K, capacity 42108K, committed 42320K, reserved 552960K
  class space    used 5133K, capacity 5532K, committed 5632K, reserved 516096K
}

Deoptimization events (20 events):
Event: 180.103 Thread 0x000002bcae5aa800 DEOPT PACKING pc=0x000002bc9dc972e0 sp=0x000000d524cf8ed0
Event: 180.103 Thread 0x000002bcae5aa800 DEOPT UNPACKING pc=0x000002bc9602a1af sp=0x000000d524cf8e88 mode 2
Event: 182.537 Thread 0x000002bcae5aa800 Uncommon trap: trap_request=0xffffffde fr.pc=0x000002bc9dc59058 relative=0x0000000000000438
Event: 182.537 Thread 0x000002bcae5aa800 Uncommon trap: reason=class_check action=maybe_recompile pc=0x000002bc9dc59058 method=java.util.regex.Pattern$Start.match(Ljava/util/regex/Matcher;ILjava/lang/CharSequence;)Z @ 44 c2
Event: 182.537 Thread 0x000002bcae5aa800 DEOPT PACKING pc=0x000002bc9dc59058 sp=0x000000d524cf7ff0
Event: 182.537 Thread 0x000002bcae5aa800 DEOPT UNPACKING pc=0x000002bc9602a1af sp=0x000000d524cf7eb8 mode 2
Event: 182.540 Thread 0x000002bcae5aa800 Uncommon trap: trap_request=0xffffff4d fr.pc=0x000002bc9dac18e8 relative=0x0000000000000048
Event: 182.540 Thread 0x000002bcae5aa800 Uncommon trap: reason=unstable_if action=reinterpret pc=0x000002bc9dac18e8 method=java.net.URI.match(CJJ)Z @ 19 c2
Event: 182.540 Thread 0x000002bcae5aa800 DEOPT PACKING pc=0x000002bc9dac18e8 sp=0x000000d524cf9e40
Event: 182.540 Thread 0x000002bcae5aa800 DEOPT UNPACKING pc=0x000002bc9602a1af sp=0x000000d524cf9df0 mode 2
Event: 205.438 Thread 0x000002bcae5aa800 Uncommon trap: trap_request=0xffffffde fr.pc=0x000002bc9dc9648c relative=0x00000000000009ac
Event: 205.438 Thread 0x000002bcae5aa800 Uncommon trap: reason=class_check action=maybe_recompile pc=0x000002bc9dc9648c method=java.util.WeakHashMap.eq(Ljava/lang/Object;Ljava/lang/Object;)Z @ 7 c2
Event: 205.438 Thread 0x000002bcae5aa800 DEOPT PACKING pc=0x000002bc9dc9648c sp=0x000000d524cf6090
Event: 205.438 Thread 0x000002bcae5aa800 DEOPT UNPACKING pc=0x000002bc9602a1af sp=0x000000d524cf6000 mode 2
Event: 205.765 Thread 0x000002bcae5aa800 Uncommon trap: trap_request=0xffffff4d fr.pc=0x000002bc9db7f1a8 relative=0x0000000000001368
Event: 205.765 Thread 0x000002bcae5aa800 Uncommon trap: reason=unstable_if action=reinterpret pc=0x000002bc9db7f1a8 method=java.util.concurrent.ConcurrentHashMap.putVal(Ljava/lang/Object;Ljava/lang/Object;Z)Ljava/lang/Object; @ 231 c2
Event: 205.765 Thread 0x000002bcae5aa800 DEOPT PACKING pc=0x000002bc9db7f1a8 sp=0x000000d524cf7040
Event: 205.765 Thread 0x000002bcae5aa800 DEOPT UNPACKING pc=0x000002bc9602a1af sp=0x000000d524cf6fc0 mode 2
Event: 206.181 Thread 0x000002bcae5aa800 DEOPT PACKING pc=0x000002bc96bee2f9 sp=0x000000d524cf6b50
Event: 206.181 Thread 0x000002bcae5aa800 DEOPT UNPACKING pc=0x000002bc9602a95e sp=0x000000d524cf6098 mode 0

Classes redefined (0 events):
No events

Internal exceptions (20 events):
Event: 205.771 Thread 0x000002bcae5aa800 Exception <a 'java/lang/ClassNotFoundException'{0x0000000087bd5910}: java/lang/RuntimeCustomizer> (0x0000000087bd5910) thrown at [./src/hotspot/share/classfile/systemDictionary.cpp, line 230]
Event: 206.178 Thread 0x000002bcae5aa800 Exception <a 'java/lang/NoSuchMethodError'{0x0000000087bfe388}: 'void java.lang.invoke.DirectMethodHandle$Holder.invokeStatic(java.lang.Object, long)'> (0x0000000087bfe388) thrown at [./src/hotspot/share/interpreter/linkResolver.cpp, line 773]
Event: 206.180 Thread 0x000002bcae5aa800 Exception <a 'java/lang/NoSuchMethodError'{0x0000000087a04b90}: 'java.lang.Object java.lang.invoke.DirectMethodHandle$Holder.invokeStatic(java.lang.Object, long)'> (0x0000000087a04b90) thrown at [./src/hotspot/share/interpreter/linkResolver.cpp, line 773]
Event: 206.181 Thread 0x000002bcae5aa800 Exception <a 'java/lang/NoSuchMethodError'{0x0000000087a08ea8}: 'java.lang.Object java.lang.invoke.DirectMethodHandle$Holder.invokeSpecial(java.lang.Object, java.lang.Object, long)'> (0x0000000087a08ea8) thrown at [./src/hotspot/share/interpreter/linkResolver.cpp, line 773]
Event: 206.187 Thread 0x000002bcae5aa800 Exception <a 'java/lang/NoSuchMethodError'{0x0000000087a119d0}: 'java.lang.Object java.lang.invoke.DirectMethodHandle$Holder.invokeStatic(java.lang.Object, java.lang.Object, long, java.lang.Object)'> (0x0000000087a119d0) thrown at [./src/hotspot/share/interpreter/linkResolver.cpp, line 773]
Event: 206.188 Thread 0x000002bcae5aa800 Exception <a 'java/lang/NoSuchMethodError'{0x0000000087a15aa8}: 'java.lang.Object java.lang.invoke.DirectMethodHandle$Holder.invokeStaticInit(java.lang.Object, java.lang.Object, long, java.lang.Object)'> (0x0000000087a15aa8) thrown at [./src/hotspot/share/interpreter/linkResolver.cpp, line 773]
Event: 206.422 Thread 0x000002bcae5aa800 Exception <a 'java/lang/ClassNotFoundException'{0x0000000087a3b090}: java/lang/ProcessImplBeanInfo> (0x0000000087a3b090) thrown at [./src/hotspot/share/classfile/systemDictionary.cpp, line 230]
Event: 206.423 Thread 0x000002bcae5aa800 Exception <a 'java/lang/ClassNotFoundException'{0x0000000087a40a80}: java/lang/ProcessBeanInfo> (0x0000000087a40a80) thrown at [./src/hotspot/share/classfile/systemDictionary.cpp, line 230]
Event: 206.423 Thread 0x000002bcae5aa800 Exception <a 'java/lang/ClassNotFoundException'{0x0000000087a46438}: java/lang/ProcessCustomizer> (0x0000000087a46438) thrown at [./src/hotspot/share/classfile/systemDictionary.cpp, line 230]
Event: 206.425 Thread 0x000002bcae5aa800 Exception <a 'java/lang/ClassNotFoundException'{0x0000000087a56a80}: java/lang/ProcessImplCustomizer> (0x0000000087a56a80) thrown at [./src/hotspot/share/classfile/systemDictionary.cpp, line 230]
Event: 206.439 Thread 0x000002bcae5aa800 Exception <a 'java/lang/ClassNotFoundException'{0x0000000087aa8c58}: java/io/InputStreamReaderBeanInfo> (0x0000000087aa8c58) thrown at [./src/hotspot/share/classfile/systemDictionary.cpp, line 230]
Event: 206.439 Thread 0x000002bcae5aa800 Exception <a 'java/lang/ClassNotFoundException'{0x0000000087aae5c0}: java/io/ReaderBeanInfo> (0x0000000087aae5c0) thrown at [./src/hotspot/share/classfile/systemDictionary.cpp, line 230]
Event: 206.440 Thread 0x000002bcae5aa800 Exception <a 'java/lang/ClassNotFoundException'{0x0000000087ab3f40}: java/io/ReaderCustomizer> (0x0000000087ab3f40) thrown at [./src/hotspot/share/classfile/systemDictionary.cpp, line 230]
Event: 206.440 Thread 0x000002bcae5aa800 Exception <a 'java/lang/ClassNotFoundException'{0x0000000087abecf8}: java/io/InputStreamReaderCustomizer> (0x0000000087abecf8) thrown at [./src/hotspot/share/classfile/systemDictionary.cpp, line 230]
Event: 206.443 Thread 0x000002bcae5aa800 Exception <a 'java/lang/ClassNotFoundException'{0x0000000087ae2d80}: java/io/BufferedReaderBeanInfo> (0x0000000087ae2d80) thrown at [./src/hotspot/share/classfile/systemDictionary.cpp, line 230]
Event: 206.443 Thread 0x000002bcae5aa800 Exception <a 'java/lang/ClassNotFoundException'{0x0000000087ae8740}: java/io/BufferedReaderCustomizer> (0x0000000087ae8740) thrown at [./src/hotspot/share/classfile/systemDictionary.cpp, line 230]
Event: 206.450 Thread 0x000002bcae5aa800 Exception <a 'java/lang/ClassNotFoundException'{0x0000000087820098}: java/lang/StringBufferBeanInfo> (0x0000000087820098) thrown at [./src/hotspot/share/classfile/systemDictionary.cpp, line 230]
Event: 206.451 Thread 0x000002bcae5aa800 Exception <a 'java/lang/ClassNotFoundException'{0x0000000087825ad0}: java/lang/AbstractStringBuilderBeanInfo> (0x0000000087825ad0) thrown at [./src/hotspot/share/classfile/systemDictionary.cpp, line 230]
Event: 206.451 Thread 0x000002bcae5aa800 Exception <a 'java/lang/ClassNotFoundException'{0x000000008782b520}: java/lang/AbstractStringBuilderCustomizer> (0x000000008782b520) thrown at [./src/hotspot/share/classfile/systemDictionary.cpp, line 230]
Event: 206.542 Thread 0x000002bcae5aa800 Exception <a 'java/lang/ClassNotFoundException'{0x000000008770ee70}: java/lang/StringBufferCustomizer> (0x000000008770ee70) thrown at [./src/hotspot/share/classfile/systemDictionary.cpp, line 230]

Events (20 events):
Event: 206.444 loading class groovy/runtime/metaclass/java/lang/StringBufferMetaClass
Event: 206.444 loading class groovy/runtime/metaclass/java/lang/StringBufferMetaClass done
Event: 206.450 loading class java/lang/StringBufferBeanInfo
Event: 206.450 loading class java/lang/StringBufferBeanInfo done
Event: 206.450 loading class java/lang/StringBufferBeanInfo
Event: 206.450 loading class java/lang/StringBufferBeanInfo done
Event: 206.450 loading class java/lang/AbstractStringBuilderBeanInfo
Event: 206.450 loading class java/lang/AbstractStringBuilderBeanInfo done
Event: 206.451 loading class java/lang/AbstractStringBuilderBeanInfo
Event: 206.451 loading class java/lang/AbstractStringBuilderBeanInfo done
Event: 206.451 loading class java/lang/AbstractStringBuilderCustomizer
Event: 206.451 loading class java/lang/AbstractStringBuilderCustomizer done
Event: 206.451 loading class java/lang/AbstractStringBuilderCustomizer
Event: 206.451 loading class java/lang/AbstractStringBuilderCustomizer done
Event: 206.460 loading class java/lang/StringBufferCustomizer
Event: 206.460 loading class java/lang/StringBufferCustomizer done
Event: 206.542 loading class java/lang/StringBufferCustomizer
Event: 206.542 loading class java/lang/StringBufferCustomizer done
Event: 206.552 loading class groovy/lang/GroovyRuntimeException
Event: 206.552 loading class groovy/lang/GroovyRuntimeException done


Dynamic libraries:
0x00007ff63ec50000 - 0x00007ff63ec5d000 	C:\Program Files\Microsoft\jdk-11.0.18.10-hotspot\bin\java.exe
0x00007ffcb5670000 - 0x00007ffcb5868000 	C:\Windows\SYSTEM32\ntdll.dll
0x00007ffcb3c80000 - 0x00007ffcb3d3f000 	C:\Windows\System32\KERNEL32.DLL
0x00007ffcb2e80000 - 0x00007ffcb3176000 	C:\Windows\System32\KERNELBASE.dll
0x00007ffcb3530000 - 0x00007ffcb3630000 	C:\Windows\System32\ucrtbase.dll
0x00007ffc8a080000 - 0x00007ffc8a097000 	C:\Program Files\Microsoft\jdk-11.0.18.10-hotspot\bin\jli.dll
0x00007ffcb5490000 - 0x00007ffcb562d000 	C:\Windows\System32\USER32.dll
0x00007ffcb3450000 - 0x00007ffcb3472000 	C:\Windows\System32\win32u.dll
0x00007ffcb4ab0000 - 0x00007ffcb4adc000 	C:\Windows\System32\GDI32.dll
0x00007ffcb3180000 - 0x00007ffcb3295000 	C:\Windows\System32\gdi32full.dll
0x00007ffcb2d50000 - 0x00007ffcb2ded000 	C:\Windows\System32\msvcp_win.dll
0x00007ffc806e0000 - 0x00007ffc806f5000 	C:\Program Files\Microsoft\jdk-11.0.18.10-hotspot\bin\VCRUNTIME140.dll
0x00007ffc98cc0000 - 0x00007ffc98f5a000 	C:\Windows\WinSxS\amd64_microsoft.windows.common-controls_6595b64144ccf1df_6.0.19041.1110_none_60b5254171f9507e\COMCTL32.dll
0x00007ffcb3780000 - 0x00007ffcb381e000 	C:\Windows\System32\msvcrt.dll
0x00007ffcb3f10000 - 0x00007ffcb3f40000 	C:\Windows\System32\IMM32.DLL
0x00007ffc78960000 - 0x00007ffc789fb000 	C:\Program Files\Microsoft\jdk-11.0.18.10-hotspot\bin\msvcp140.dll
0x00007ffc48110000 - 0x00007ffc48ca2000 	C:\Program Files\Microsoft\jdk-11.0.18.10-hotspot\bin\server\jvm.dll
0x00007ffcb36d0000 - 0x00007ffcb377f000 	C:\Windows\System32\ADVAPI32.dll
0x00007ffcb39a0000 - 0x00007ffcb3a3c000 	C:\Windows\System32\sechost.dll
0x00007ffcb3d40000 - 0x00007ffcb3e66000 	C:\Windows\System32\RPCRT4.dll
0x00007ffcb3c70000 - 0x00007ffcb3c78000 	C:\Windows\System32\PSAPI.DLL
0x00007ffcafc80000 - 0x00007ffcafc89000 	C:\Windows\SYSTEM32\WSOCK32.dll
0x00007ffcb4700000 - 0x00007ffcb476b000 	C:\Windows\System32\WS2_32.dll
0x00007ffca8690000 - 0x00007ffca86b7000 	C:\Windows\SYSTEM32\WINMM.dll
0x00007ffca8ab0000 - 0x00007ffca8aba000 	C:\Windows\SYSTEM32\VERSION.dll
0x00007ffcb1590000 - 0x00007ffcb15a2000 	C:\Windows\SYSTEM32\kernel.appcore.dll
0x00007ffc98f90000 - 0x00007ffc98fa0000 	C:\Program Files\Microsoft\jdk-11.0.18.10-hotspot\bin\verify.dll
0x00007ffcafd90000 - 0x00007ffcaff74000 	C:\Windows\SYSTEM32\DBGHELP.DLL
0x00007ffc99b10000 - 0x00007ffc99b44000 	C:\Windows\SYSTEM32\dbgcore.DLL
0x00007ffcb2df0000 - 0x00007ffcb2e72000 	C:\Windows\System32\bcryptPrimitives.dll
0x00007ffc806b0000 - 0x00007ffc806d8000 	C:\Program Files\Microsoft\jdk-11.0.18.10-hotspot\bin\java.dll
0x00007ffc95220000 - 0x00007ffc9522a000 	C:\Program Files\Microsoft\jdk-11.0.18.10-hotspot\bin\jimage.dll
0x00007ffc80640000 - 0x00007ffc80658000 	C:\Program Files\Microsoft\jdk-11.0.18.10-hotspot\bin\zip.dll
0x00007ffcb3f40000 - 0x00007ffcb4684000 	C:\Windows\System32\SHELL32.dll
0x00007ffcb0d90000 - 0x00007ffcb1524000 	C:\Windows\SYSTEM32\windows.storage.dll
0x00007ffcb4ae0000 - 0x00007ffcb4e34000 	C:\Windows\System32\combase.dll
0x00007ffcb26c0000 - 0x00007ffcb26ee000 	C:\Windows\SYSTEM32\Wldp.dll
0x00007ffcb53e0000 - 0x00007ffcb548d000 	C:\Windows\System32\SHCORE.dll
0x00007ffcb3bb0000 - 0x00007ffcb3c05000 	C:\Windows\System32\shlwapi.dll
0x00007ffcb2c80000 - 0x00007ffcb2ca5000 	C:\Windows\SYSTEM32\profapi.dll
0x00007ffc805e0000 - 0x00007ffc805f9000 	C:\Program Files\Microsoft\jdk-11.0.18.10-hotspot\bin\net.dll
0x00007ffca1400000 - 0x00007ffca150a000 	C:\Windows\SYSTEM32\WINHTTP.dll
0x00007ffcb2420000 - 0x00007ffcb248a000 	C:\Windows\system32\mswsock.dll
0x00007ffc802f0000 - 0x00007ffc80303000 	C:\Program Files\Microsoft\jdk-11.0.18.10-hotspot\bin\nio.dll
0x00007ffcb0640000 - 0x00007ffcb0667000 	C:\Users\MS\.gradle\native\68d5fa5c4cc2d200863cafc0d521ce42e7d3e7ee720ec0a83991735586a16f82\windows-amd64\native-platform.dll
0x00007ffc8ee90000 - 0x00007ffc8efd4000 	C:\Users\MS\.gradle\native\e376f236ea51e6404a007f0833ffe2c6e607c4080706a723a18a27aeea778392\windows-amd64\native-platform-file-events.dll
0x00007ffc8c0b0000 - 0x00007ffc8c0b9000 	C:\Program Files\Microsoft\jdk-11.0.18.10-hotspot\bin\management.dll
0x00007ffc89db0000 - 0x00007ffc89dbb000 	C:\Program Files\Microsoft\jdk-11.0.18.10-hotspot\bin\management_ext.dll
0x00007ffcb2610000 - 0x00007ffcb2628000 	C:\Windows\SYSTEM32\CRYPTSP.dll
0x00007ffcb1d40000 - 0x00007ffcb1d74000 	C:\Windows\system32\rsaenh.dll
0x00007ffcb3630000 - 0x00007ffcb3657000 	C:\Windows\System32\bcrypt.dll
0x00007ffcb2c00000 - 0x00007ffcb2c2e000 	C:\Windows\SYSTEM32\USERENV.dll
0x00007ffcb2630000 - 0x00007ffcb263c000 	C:\Windows\SYSTEM32\CRYPTBASE.dll
0x00007ffcb2110000 - 0x00007ffcb214c000 	C:\Windows\SYSTEM32\IPHLPAPI.DLL
0x00007ffcb4770000 - 0x00007ffcb4778000 	C:\Windows\System32\NSI.dll
0x00007ffca1640000 - 0x00007ffca1657000 	C:\Windows\SYSTEM32\dhcpcsvc6.DLL
0x00007ffca4590000 - 0x00007ffca45ad000 	C:\Windows\SYSTEM32\dhcpcsvc.DLL
0x00007ffcb2150000 - 0x00007ffcb221a000 	C:\Windows\SYSTEM32\DNSAPI.dll

dbghelp: loaded successfully - version: 4.0.5 - missing functions: none
symbol engine: initialized successfully - sym options: 0x614 - pdb path: .;C:\Program Files\Microsoft\jdk-11.0.18.10-hotspot\bin;C:\Windows\SYSTEM32;C:\Windows\WinSxS\amd64_microsoft.windows.common-controls_6595b64144ccf1df_6.0.19041.1110_none_60b5254171f9507e;C:\Program Files\Microsoft\jdk-11.0.18.10-hotspot\bin\server;C:\Users\MS\.gradle\native\68d5fa5c4cc2d200863cafc0d521ce42e7d3e7ee720ec0a83991735586a16f82\windows-amd64;C:\Users\MS\.gradle\native\e376f236ea51e6404a007f0833ffe2c6e607c4080706a723a18a27aeea778392\windows-amd64

VM Arguments:
jvm_args: -XX:MaxMetaspaceSize=512m --add-opens=java.base/java.util=ALL-UNNAMED --add-opens=java.base/java.lang=ALL-UNNAMED --add-opens=java.base/java.lang.invoke=ALL-UNNAMED --add-opens=java.prefs/java.util.prefs=ALL-UNNAMED --add-opens=java.base/java.nio.charset=ALL-UNNAMED --add-opens=java.base/java.net=ALL-UNNAMED --add-opens=java.base/java.util.concurrent.atomic=ALL-UNNAMED -Xmx2048m -Dfile.encoding=windows-1252 -Duser.country=US -Duser.language=en -Duser.variant 
java_command: org.gradle.launcher.daemon.bootstrap.GradleDaemon 8.0.1
java_class_path (initial): C:\Users\MS\.gradle\wrapper\dists\gradle-8.0.1-all\aro4hu1c3oeioove7l0i4i14o\gradle-8.0.1\lib\gradle-launcher-8.0.1.jar
Launcher Type: SUN_STANDARD

[Global flags]
     intx CICompilerCount                          = 3                                         {product} {ergonomic}
   size_t CompressedClassSpaceSize                 = 528482304                                 {product} {ergonomic}
     uint ConcGCThreads                            = 1                                         {product} {ergonomic}
     uint G1ConcRefinementThreads                  = 4                                         {product} {ergonomic}
   size_t G1HeapRegionSize                         = 1048576                                   {product} {ergonomic}
    uintx GCDrainStackTargetSize                   = 64                                        {product} {ergonomic}
   size_t InitialHeapSize                          = 134217728                                 {product} {ergonomic}
   size_t MarkStackSize                            = 4194304                                   {product} {ergonomic}
   size_t MaxHeapSize                              = 2147483648                                {product} {command line}
   size_t MaxMetaspaceSize                         = 536870912                                 {product} {command line}
   size_t MaxNewSize                               = 1287651328                                {product} {ergonomic}
   size_t MinHeapDeltaBytes                        = 1048576                                   {product} {ergonomic}
    uintx NonNMethodCodeHeapSize                   = 5830732                                {pd product} {ergonomic}
    uintx NonProfiledCodeHeapSize                  = 122913754                              {pd product} {ergonomic}
    uintx ProfiledCodeHeapSize                     = 122913754                              {pd product} {ergonomic}
    uintx ReservedCodeCacheSize                    = 251658240                              {pd product} {ergonomic}
     bool SegmentedCodeCache                       = true                                      {product} {ergonomic}
     bool UseCompressedClassPointers               = true                                 {lp64_product} {ergonomic}
     bool UseCompressedOops                        = true                                 {lp64_product} {ergonomic}
     bool UseG1GC                                  = true                                      {product} {ergonomic}
     bool UseLargePagesIndividualAllocation        = false                                  {pd product} {ergonomic}

Logging:
Log output configuration:
 #0: stdout all=warning uptime,level,tags
 #1: stderr all=off uptime,level,tags

Environment Variables:
JAVA_HOME=C:\Program Files\Microsoft\jdk-11.0.18.10-hotspot\
CLASSPATH=D:\React Native\App\android\\gradle\wrapper\gradle-wrapper.jar
PATH=D:\React Native\App\node_modules\.bin;D:\React Native\App\node_modules\.bin;D:\React Native\node_modules\.bin;D:\node_modules\.bin;C:\Users\MS\AppData\Roaming\npm\node_modules\npm\node_modules\@npmcli\run-script\lib\node-gyp-bin;D:\React Native\App\node_modules\.bin;D:\React Native\node_modules\.bin;D:\node_modules\.bin;C:\Users\MS\AppData\Roaming\npm\node_modules\npm\node_modules\@npmcli\run-script\lib\node-gyp-bin;C:\Program Files\Microsoft\jdk-11.0.18.10-hotspot\bin;C:\Windows\system32;C:\Windows;C:\Windows\System32\Wbem;C:\Windows\System32\WindowsPowerShell\v1.0\;C:\Windows\System32\OpenSSH\;C:\ProgramData\chocolatey\bin;C:\Program Files\nodejs\;C:\platform-tools;C:\Users\MS\AppData\Local\Microsoft\WindowsApps;C:\Users\MS\AppData\Roaming\npm;C:\Users\MS\AppData\Local\Programs\Microsoft VS Code\bin
USERNAME=MS
OS=Windows_NT
PROCESSOR_IDENTIFIER=Intel64 Family 6 Model 78 Stepping 3, GenuineIntel
TMP=C:\Users\MS\AppData\Local\Temp
TEMP=C:\Users\MS\AppData\Local\Temp



---------------  S Y S T E M  ---------------

OS: Windows 10 , 64 bit Build 19041 (10.0.19041.3155)
OS uptime: 1 days 16:14 hours

CPU:total 4 (initial active 4) (2 cores per cpu, 2 threads per core) family 6 model 78 stepping 3 microcode 0xcc, cmov, cx8, fxsr, mmx, sse, sse2, sse3, ssse3, sse4.1, sse4.2, popcnt, avx, avx2, aes, clmul, erms, rtm, 3dnowpref, lzcnt, ht, tsc, tscinvbit, bmi1, bmi2, adx, fma

Memory: 4k page, system-wide physical 8072M (28M free)
TotalPageFile size 19592M (AvailPageFile size 0M)
current process WorkingSet (physical memory assigned to process): 205M, peak: 220M
current process commit charge ("private bytes"): 293M, peak: 296M

vm_info: OpenJDK 64-Bit Server VM (11.0.18+10-LTS) for windows-amd64 JRE (11.0.18+10-LTS), built on Jan 18 2023 15:56:47 by "MicrosoftCorporation" with MS VC++ 15.9 (VS2017)

END.
