#
# There is insufficient memory for the Java Runtime Environment to continue.
# Native memory allocation (malloc) failed to allocate 293136 bytes for Chunk::new
# Possible reasons:
#   The system is out of physical RAM or swap space
#   The process is running with CompressedOops enabled, and the Java Heap may be blocking the growth of the native heap
# Possible solutions:
#   Reduce memory load on the system
#   Increase physical memory or swap space
#   Check if swap backing store is full
#   Decrease Java heap size (-Xmx/-Xms)
#   Decrease number of Java threads
#   Decrease Java thread stack sizes (-Xss)
#   Set larger code cache with -XX:ReservedCodeCacheSize=
#   JVM is running with Unscaled Compressed Oops mode in which the Java heap is
#     placed in the first 4GB address space. The Java Heap base address is the
#     maximum limit for the native heap growth. Please use -XX:HeapBaseMinAddress
#     to set the Java Heap base and to place the Java Heap above 4GB virtual address.
# This output file may be truncated or incomplete.
#
#  Out of Memory Error (./src/hotspot/share/memory/arena.cpp:197), pid=18088, tid=16296
#
# JRE version: OpenJDK Runtime Environment Microsoft-7208460 (11.0.18+10) (build 11.0.18+10-LTS)
# Java VM: OpenJDK 64-Bit Server VM Microsoft-7208460 (11.0.18+10-LTS, mixed mode, tiered, compressed oops, g1 gc, windows-amd64)
# No core dump will be written. Minidumps are not enabled by default on client versions of Windows
#

---------------  S U M M A R Y ------------

Command Line: -XX:MaxMetaspaceSize=512m --add-opens=java.base/java.util=ALL-UNNAMED --add-opens=java.base/java.lang=ALL-UNNAMED --add-opens=java.base/java.lang.invoke=ALL-UNNAMED --add-opens=java.prefs/java.util.prefs=ALL-UNNAMED --add-opens=java.base/java.nio.charset=ALL-UNNAMED --add-opens=java.base/java.net=ALL-UNNAMED --add-opens=java.base/java.util.concurrent.atomic=ALL-UNNAMED -Xmx2048m -Dfile.encoding=windows-1252 -Duser.country=US -Duser.language=en -Duser.variant org.gradle.launcher.daemon.bootstrap.GradleDaemon 8.0.1

Host: Intel(R) Core(TM) i5-6300U CPU @ 2.40GHz, 4 cores, 7G,  Windows 10 , 64 bit Build 19041 (10.0.19041.3155)
Time: Tue Sep 26 03:46:09 2023 Pacific Daylight Time elapsed time: 122.719088 seconds (0d 0h 2m 2s)

---------------  T H R E A D  ---------------

Current thread (0x000001f0c0174000):  JavaThread "C2 CompilerThread0" daemon [_thread_in_native, id=16296, stack(0x0000007b63600000,0x0000007b63700000)]


Current CompileTask:
C2: 122719 2036       4       jdk.internal.org.objectweb.asm.ClassWriter::newUTF8 (70 bytes)

Stack: [0x0000007b63600000,0x0000007b63700000]
Native frames: (J=compiled Java code, j=interpreted, Vv=VM code, C=native code)
V  [jvm.dll+0x62bf8a]
V  [jvm.dll+0x7b8fb9]
V  [jvm.dll+0x7ba6a8]
V  [jvm.dll+0x7bad83]
V  [jvm.dll+0x250248]
V  [jvm.dll+0xc260c]
V  [jvm.dll+0xc2bcc]
V  [jvm.dll+0x35e1c7]
V  [jvm.dll+0x32a373]
V  [jvm.dll+0x3296aa]
V  [jvm.dll+0x2093b3]
V  [jvm.dll+0x20850d]
V  [jvm.dll+0x18a4b1]
V  [jvm.dll+0x217eec]
V  [jvm.dll+0x21612b]
V  [jvm.dll+0x77bac0]
V  [jvm.dll+0x7749f4]
V  [jvm.dll+0x62adf5]
C  [ucrtbase.dll+0x21bb2]
C  [KERNEL32.DLL+0x17614]
C  [ntdll.dll+0x526b1]


---------------  P R O C E S S  ---------------

Threads class SMR info:
_java_thread_list=0x000001f0c1cdfe50, length=20, elements={
0x000001f0a086c800, 0x000001f0bf7ff000, 0x000001f0bf7ed800, 0x000001f0bf852000,
0x000001f0c0170800, 0x000001f0c0171000, 0x000001f0c0174000, 0x000001f0c01d4000,
0x000001f0c01d7000, 0x000001f0c02ce000, 0x000001f0c0ed0000, 0x000001f0c1aa7000,
0x000001f0c2227800, 0x000001f0c17e5000, 0x000001f0c20ce000, 0x000001f0c1f79800,
0x000001f0c23fa000, 0x000001f0c0be4000, 0x000001f0c1438800, 0x000001f0c1439800
}

Java Threads: ( => current thread )
  0x000001f0a086c800 JavaThread "main" [_thread_blocked, id=2392, stack(0x0000007b62900000,0x0000007b62a00000)]
  0x000001f0bf7ff000 JavaThread "Reference Handler" daemon [_thread_blocked, id=2364, stack(0x0000007b63100000,0x0000007b63200000)]
  0x000001f0bf7ed800 JavaThread "Finalizer" daemon [_thread_blocked, id=15232, stack(0x0000007b63200000,0x0000007b63300000)]
  0x000001f0bf852000 JavaThread "Signal Dispatcher" daemon [_thread_blocked, id=14184, stack(0x0000007b63300000,0x0000007b63400000)]
  0x000001f0c0170800 JavaThread "Attach Listener" daemon [_thread_blocked, id=5520, stack(0x0000007b63400000,0x0000007b63500000)]
  0x000001f0c0171000 JavaThread "Service Thread" daemon [_thread_blocked, id=14992, stack(0x0000007b63500000,0x0000007b63600000)]
=>0x000001f0c0174000 JavaThread "C2 CompilerThread0" daemon [_thread_in_native, id=16296, stack(0x0000007b63600000,0x0000007b63700000)]
  0x000001f0c01d4000 JavaThread "C1 CompilerThread0" daemon [_thread_blocked, id=14964, stack(0x0000007b63700000,0x0000007b63800000)]
  0x000001f0c01d7000 JavaThread "Sweeper thread" daemon [_thread_blocked, id=11392, stack(0x0000007b63800000,0x0000007b63900000)]
  0x000001f0c02ce000 JavaThread "Common-Cleaner" daemon [_thread_blocked, id=6664, stack(0x0000007b63900000,0x0000007b63a00000)]
  0x000001f0c0ed0000 JavaThread "Daemon health stats" [_thread_blocked, id=1152, stack(0x0000007b62800000,0x0000007b62900000)]
  0x000001f0c1aa7000 JavaThread "Incoming local TCP Connector on port 57367" [_thread_in_native, id=18196, stack(0x0000007b64000000,0x0000007b64100000)]
  0x000001f0c2227800 JavaThread "Daemon periodic checks" [_thread_blocked, id=19400, stack(0x0000007b64100000,0x0000007b64200000)]
  0x000001f0c17e5000 JavaThread "Daemon" [_thread_blocked, id=4636, stack(0x0000007b64200000,0x0000007b64300000)]
  0x000001f0c20ce000 JavaThread "Handler for socket connection from /127.0.0.1:57367 to /127.0.0.1:57368" [_thread_in_native, id=7280, stack(0x0000007b64300000,0x0000007b64400000)]
  0x000001f0c1f79800 JavaThread "Cancel handler" [_thread_blocked, id=18168, stack(0x0000007b64400000,0x0000007b64500000)]
  0x000001f0c23fa000 JavaThread "Daemon worker" [_thread_in_vm, id=2360, stack(0x0000007b64500000,0x0000007b64600000)]
  0x000001f0c0be4000 JavaThread "Asynchronous log dispatcher for DefaultDaemonConnection: socket connection from /127.0.0.1:57367 to /127.0.0.1:57368" [_thread_blocked, id=15580, stack(0x0000007b64600000,0x0000007b64700000)]
  0x000001f0c1438800 JavaThread "Stdin handler" [_thread_blocked, id=9728, stack(0x0000007b64700000,0x0000007b64800000)]
  0x000001f0c1439800 JavaThread "Daemon client event forwarder" [_thread_blocked, id=21480, stack(0x0000007b62a00000,0x0000007b62b00000)]

Other Threads:
  0x000001f0bf7e9800 VMThread "VM Thread" [stack: 0x0000007b63000000,0x0000007b63100000] [id=15136]
  0x000001f0c02ec000 WatcherThread [stack: 0x0000007b63a00000,0x0000007b63b00000] [id=15552]
  0x000001f0a0887000 GCTaskThread "GC Thread#0" [stack: 0x0000007b62b00000,0x0000007b62c00000] [id=15412]
  0x000001f0c0a27000 GCTaskThread "GC Thread#1" [stack: 0x0000007b63b00000,0x0000007b63c00000] [id=19500]
  0x000001f0c0a28000 GCTaskThread "GC Thread#2" [stack: 0x0000007b63c00000,0x0000007b63d00000] [id=19828]
  0x000001f0c165d800 GCTaskThread "GC Thread#3" [stack: 0x0000007b63d00000,0x0000007b63e00000] [id=14328]
  0x000001f0a08b8800 ConcurrentGCThread "G1 Main Marker" [stack: 0x0000007b62c00000,0x0000007b62d00000] [id=13216]
  0x000001f0a08b9800 ConcurrentGCThread "G1 Conc#0" [stack: 0x0000007b62d00000,0x0000007b62e00000] [id=15240]
  0x000001f0a0947000 ConcurrentGCThread "G1 Refine#0" [stack: 0x0000007b62e00000,0x0000007b62f00000] [id=9436]
  0x000001f0a0948000 ConcurrentGCThread "G1 Young RemSet Sampling" [stack: 0x0000007b62f00000,0x0000007b63000000] [id=12660]

Threads with active compile tasks:
C2 CompilerThread0   122762 2036       4       jdk.internal.org.objectweb.asm.ClassWriter::newUTF8 (70 bytes)

VM state:not at safepoint (normal execution)

VM Mutex/Monitor currently owned by a thread: None

Heap address: 0x0000000080000000, size: 2048 MB, Compressed Oops mode: 32-bit
Narrow klass base: 0x0000000000000000, Narrow klass shift: 3
Compressed class space size: 528482304 Address: 0x0000000100000000

Heap:
 garbage-first heap   total 131072K, used 23588K [0x0000000080000000, 0x0000000100000000)
  region size 1024K, 13 young (13312K), 6 survivors (6144K)
 Metaspace       used 19612K, capacity 20019K, committed 20096K, reserved 534528K
  class space    used 2284K, capacity 2424K, committed 2432K, reserved 516096K
Heap Regions: E=young(eden), S=young(survivor), O=old, HS=humongous(starts), HC=humongous(continues), CS=collection set, F=free, A=archive, TAMS=top-at-mark-start (previous, next)
|   0|0x0000000080000000, 0x0000000080100000, 0x0000000080100000|100%| O|  |TAMS 0x0000000080000000, 0x0000000080000000| Untracked 
|   1|0x0000000080100000, 0x0000000080200000, 0x0000000080200000|100%| O|  |TAMS 0x0000000080100000, 0x0000000080100000| Untracked 
|   2|0x0000000080200000, 0x0000000080300000, 0x0000000080300000|100%| O|  |TAMS 0x0000000080200000, 0x0000000080200000| Untracked 
|   3|0x0000000080300000, 0x0000000080400000, 0x0000000080400000|100%|HS|  |TAMS 0x0000000080300000, 0x0000000080300000| Complete 
|   4|0x0000000080400000, 0x0000000080500000, 0x0000000080500000|100%|HC|  |TAMS 0x0000000080400000, 0x0000000080400000| Complete 
|   5|0x0000000080500000, 0x0000000080600000, 0x0000000080600000|100%|HC|  |TAMS 0x0000000080500000, 0x0000000080500000| Complete 
|   6|0x0000000080600000, 0x0000000080700000, 0x0000000080700000|100%|HC|  |TAMS 0x0000000080600000, 0x0000000080600000| Complete 
|   7|0x0000000080700000, 0x0000000080800000, 0x0000000080800000|100%| O|  |TAMS 0x0000000080700000, 0x0000000080700000| Untracked 
|   8|0x0000000080800000, 0x0000000080900000, 0x0000000080900000|100%| O|  |TAMS 0x0000000080800000, 0x0000000080800000| Untracked 
|   9|0x0000000080900000, 0x0000000080a00000, 0x0000000080a00000|100%| O|  |TAMS 0x0000000080900000, 0x0000000080900000| Untracked 
|  10|0x0000000080a00000, 0x0000000080b00000, 0x0000000080b00000|100%| O|  |TAMS 0x0000000080a00000, 0x0000000080a00000| Untracked 
|  11|0x0000000080b00000, 0x0000000080b09200, 0x0000000080c00000|  3%| O|  |TAMS 0x0000000080b00000, 0x0000000080b00000| Untracked 
|  12|0x0000000080c00000, 0x0000000080c00000, 0x0000000080d00000|  0%| F|  |TAMS 0x0000000080c00000, 0x0000000080c00000| Untracked 
|  13|0x0000000080d00000, 0x0000000080d00000, 0x0000000080e00000|  0%| F|  |TAMS 0x0000000080d00000, 0x0000000080d00000| Untracked 
|  14|0x0000000080e00000, 0x0000000080e00000, 0x0000000080f00000|  0%| F|  |TAMS 0x0000000080e00000, 0x0000000080e00000| Untracked 
|  15|0x0000000080f00000, 0x0000000080f00000, 0x0000000081000000|  0%| F|  |TAMS 0x0000000080f00000, 0x0000000080f00000| Untracked 
|  16|0x0000000081000000, 0x0000000081000000, 0x0000000081100000|  0%| F|  |TAMS 0x0000000081000000, 0x0000000081000000| Untracked 
|  17|0x0000000081100000, 0x0000000081100000, 0x0000000081200000|  0%| F|  |TAMS 0x0000000081100000, 0x0000000081100000| Untracked 
|  18|0x0000000081200000, 0x0000000081200000, 0x0000000081300000|  0%| F|  |TAMS 0x0000000081200000, 0x0000000081200000| Untracked 
|  19|0x0000000081300000, 0x0000000081300000, 0x0000000081400000|  0%| F|  |TAMS 0x0000000081300000, 0x0000000081300000| Untracked 
|  20|0x0000000081400000, 0x0000000081400000, 0x0000000081500000|  0%| F|  |TAMS 0x0000000081400000, 0x0000000081400000| Untracked 
|  21|0x0000000081500000, 0x0000000081500000, 0x0000000081600000|  0%| F|  |TAMS 0x0000000081500000, 0x0000000081500000| Untracked 
|  22|0x0000000081600000, 0x0000000081600000, 0x0000000081700000|  0%| F|  |TAMS 0x0000000081600000, 0x0000000081600000| Untracked 
|  23|0x0000000081700000, 0x0000000081700000, 0x0000000081800000|  0%| F|  |TAMS 0x0000000081700000, 0x0000000081700000| Untracked 
|  24|0x0000000081800000, 0x0000000081800000, 0x0000000081900000|  0%| F|  |TAMS 0x0000000081800000, 0x0000000081800000| Untracked 
|  25|0x0000000081900000, 0x0000000081900000, 0x0000000081a00000|  0%| F|  |TAMS 0x0000000081900000, 0x0000000081900000| Untracked 
|  26|0x0000000081a00000, 0x0000000081a00000, 0x0000000081b00000|  0%| F|  |TAMS 0x0000000081a00000, 0x0000000081a00000| Untracked 
|  27|0x0000000081b00000, 0x0000000081b00000, 0x0000000081c00000|  0%| F|  |TAMS 0x0000000081b00000, 0x0000000081b00000| Untracked 
|  28|0x0000000081c00000, 0x0000000081c00000, 0x0000000081d00000|  0%| F|  |TAMS 0x0000000081c00000, 0x0000000081c00000| Untracked 
|  29|0x0000000081d00000, 0x0000000081d00000, 0x0000000081e00000|  0%| F|  |TAMS 0x0000000081d00000, 0x0000000081d00000| Untracked 
|  30|0x0000000081e00000, 0x0000000081e00000, 0x0000000081f00000|  0%| F|  |TAMS 0x0000000081e00000, 0x0000000081e00000| Untracked 
|  31|0x0000000081f00000, 0x0000000081f00000, 0x0000000082000000|  0%| F|  |TAMS 0x0000000081f00000, 0x0000000081f00000| Untracked 
|  32|0x0000000082000000, 0x0000000082000000, 0x0000000082100000|  0%| F|  |TAMS 0x0000000082000000, 0x0000000082000000| Untracked 
|  33|0x0000000082100000, 0x0000000082100000, 0x0000000082200000|  0%| F|  |TAMS 0x0000000082100000, 0x0000000082100000| Untracked 
|  34|0x0000000082200000, 0x0000000082200000, 0x0000000082300000|  0%| F|  |TAMS 0x0000000082200000, 0x0000000082200000| Untracked 
|  35|0x0000000082300000, 0x0000000082300000, 0x0000000082400000|  0%| F|  |TAMS 0x0000000082300000, 0x0000000082300000| Untracked 
|  36|0x0000000082400000, 0x0000000082400000, 0x0000000082500000|  0%| F|  |TAMS 0x0000000082400000, 0x0000000082400000| Untracked 
|  37|0x0000000082500000, 0x0000000082500000, 0x0000000082600000|  0%| F|  |TAMS 0x0000000082500000, 0x0000000082500000| Untracked 
|  38|0x0000000082600000, 0x0000000082600000, 0x0000000082700000|  0%| F|  |TAMS 0x0000000082600000, 0x0000000082600000| Untracked 
|  39|0x0000000082700000, 0x0000000082700000, 0x0000000082800000|  0%| F|  |TAMS 0x0000000082700000, 0x0000000082700000| Untracked 
|  40|0x0000000082800000, 0x0000000082800000, 0x0000000082900000|  0%| F|  |TAMS 0x0000000082800000, 0x0000000082800000| Untracked 
|  41|0x0000000082900000, 0x0000000082900000, 0x0000000082a00000|  0%| F|  |TAMS 0x0000000082900000, 0x0000000082900000| Untracked 
|  42|0x0000000082a00000, 0x0000000082a00000, 0x0000000082b00000|  0%| F|  |TAMS 0x0000000082a00000, 0x0000000082a00000| Untracked 
|  43|0x0000000082b00000, 0x0000000082b00000, 0x0000000082c00000|  0%| F|  |TAMS 0x0000000082b00000, 0x0000000082b00000| Untracked 
|  44|0x0000000082c00000, 0x0000000082c00000, 0x0000000082d00000|  0%| F|  |TAMS 0x0000000082c00000, 0x0000000082c00000| Untracked 
|  45|0x0000000082d00000, 0x0000000082d00000, 0x0000000082e00000|  0%| F|  |TAMS 0x0000000082d00000, 0x0000000082d00000| Untracked 
|  46|0x0000000082e00000, 0x0000000082e00000, 0x0000000082f00000|  0%| F|  |TAMS 0x0000000082e00000, 0x0000000082e00000| Untracked 
|  47|0x0000000082f00000, 0x0000000082f00000, 0x0000000083000000|  0%| F|  |TAMS 0x0000000082f00000, 0x0000000082f00000| Untracked 
|  48|0x0000000083000000, 0x0000000083000000, 0x0000000083100000|  0%| F|  |TAMS 0x0000000083000000, 0x0000000083000000| Untracked 
|  49|0x0000000083100000, 0x0000000083100000, 0x0000000083200000|  0%| F|  |TAMS 0x0000000083100000, 0x0000000083100000| Untracked 
|  50|0x0000000083200000, 0x0000000083200000, 0x0000000083300000|  0%| F|  |TAMS 0x0000000083200000, 0x0000000083200000| Untracked 
|  51|0x0000000083300000, 0x0000000083300000, 0x0000000083400000|  0%| F|  |TAMS 0x0000000083300000, 0x0000000083300000| Untracked 
|  52|0x0000000083400000, 0x0000000083400000, 0x0000000083500000|  0%| F|  |TAMS 0x0000000083400000, 0x0000000083400000| Untracked 
|  53|0x0000000083500000, 0x0000000083500000, 0x0000000083600000|  0%| F|  |TAMS 0x0000000083500000, 0x0000000083500000| Untracked 
|  54|0x0000000083600000, 0x0000000083600000, 0x0000000083700000|  0%| F|  |TAMS 0x0000000083600000, 0x0000000083600000| Untracked 
|  55|0x0000000083700000, 0x0000000083700000, 0x0000000083800000|  0%| F|  |TAMS 0x0000000083700000, 0x0000000083700000| Untracked 
|  56|0x0000000083800000, 0x0000000083800000, 0x0000000083900000|  0%| F|  |TAMS 0x0000000083800000, 0x0000000083800000| Untracked 
|  57|0x0000000083900000, 0x0000000083900000, 0x0000000083a00000|  0%| F|  |TAMS 0x0000000083900000, 0x0000000083900000| Untracked 
|  58|0x0000000083a00000, 0x0000000083a00000, 0x0000000083b00000|  0%| F|  |TAMS 0x0000000083a00000, 0x0000000083a00000| Untracked 
|  59|0x0000000083b00000, 0x0000000083b00000, 0x0000000083c00000|  0%| F|  |TAMS 0x0000000083b00000, 0x0000000083b00000| Untracked 
|  60|0x0000000083c00000, 0x0000000083c00000, 0x0000000083d00000|  0%| F|  |TAMS 0x0000000083c00000, 0x0000000083c00000| Untracked 
|  61|0x0000000083d00000, 0x0000000083d00000, 0x0000000083e00000|  0%| F|  |TAMS 0x0000000083d00000, 0x0000000083d00000| Untracked 
|  62|0x0000000083e00000, 0x0000000083e00000, 0x0000000083f00000|  0%| F|  |TAMS 0x0000000083e00000, 0x0000000083e00000| Untracked 
|  63|0x0000000083f00000, 0x0000000083f00000, 0x0000000084000000|  0%| F|  |TAMS 0x0000000083f00000, 0x0000000083f00000| Untracked 
|  64|0x0000000084000000, 0x0000000084000000, 0x0000000084100000|  0%| F|  |TAMS 0x0000000084000000, 0x0000000084000000| Untracked 
|  65|0x0000000084100000, 0x0000000084100000, 0x0000000084200000|  0%| F|  |TAMS 0x0000000084100000, 0x0000000084100000| Untracked 
|  66|0x0000000084200000, 0x0000000084200000, 0x0000000084300000|  0%| F|  |TAMS 0x0000000084200000, 0x0000000084200000| Untracked 
|  67|0x0000000084300000, 0x0000000084300000, 0x0000000084400000|  0%| F|  |TAMS 0x0000000084300000, 0x0000000084300000| Untracked 
|  68|0x0000000084400000, 0x0000000084400000, 0x0000000084500000|  0%| F|  |TAMS 0x0000000084400000, 0x0000000084400000| Untracked 
|  69|0x0000000084500000, 0x0000000084500000, 0x0000000084600000|  0%| F|  |TAMS 0x0000000084500000, 0x0000000084500000| Untracked 
|  70|0x0000000084600000, 0x0000000084600000, 0x0000000084700000|  0%| F|  |TAMS 0x0000000084600000, 0x0000000084600000| Untracked 
|  71|0x0000000084700000, 0x0000000084700000, 0x0000000084800000|  0%| F|  |TAMS 0x0000000084700000, 0x0000000084700000| Untracked 
|  72|0x0000000084800000, 0x0000000084800000, 0x0000000084900000|  0%| F|  |TAMS 0x0000000084800000, 0x0000000084800000| Untracked 
|  73|0x0000000084900000, 0x0000000084900000, 0x0000000084a00000|  0%| F|  |TAMS 0x0000000084900000, 0x0000000084900000| Untracked 
|  74|0x0000000084a00000, 0x0000000084a00000, 0x0000000084b00000|  0%| F|  |TAMS 0x0000000084a00000, 0x0000000084a00000| Untracked 
|  75|0x0000000084b00000, 0x0000000084b00000, 0x0000000084c00000|  0%| F|  |TAMS 0x0000000084b00000, 0x0000000084b00000| Untracked 
|  76|0x0000000084c00000, 0x0000000084c00000, 0x0000000084d00000|  0%| F|  |TAMS 0x0000000084c00000, 0x0000000084c00000| Untracked 
|  77|0x0000000084d00000, 0x0000000084e00000, 0x0000000084e00000|100%| S|CS|TAMS 0x0000000084d00000, 0x0000000084d00000| Complete 
|  78|0x0000000084e00000, 0x0000000084f00000, 0x0000000084f00000|100%| S|CS|TAMS 0x0000000084e00000, 0x0000000084e00000| Complete 
|  79|0x0000000084f00000, 0x0000000085000000, 0x0000000085000000|100%| S|CS|TAMS 0x0000000084f00000, 0x0000000084f00000| Complete 
|  80|0x0000000085000000, 0x0000000085100000, 0x0000000085100000|100%| S|CS|TAMS 0x0000000085000000, 0x0000000085000000| Complete 
|  81|0x0000000085100000, 0x0000000085200000, 0x0000000085200000|100%| S|CS|TAMS 0x0000000085100000, 0x0000000085100000| Complete 
|  82|0x0000000085200000, 0x0000000085300000, 0x0000000085300000|100%| S|CS|TAMS 0x0000000085200000, 0x0000000085200000| Complete 
|  83|0x0000000085300000, 0x0000000085300000, 0x0000000085400000|  0%| F|  |TAMS 0x0000000085300000, 0x0000000085300000| Untracked 
|  84|0x0000000085400000, 0x0000000085400000, 0x0000000085500000|  0%| F|  |TAMS 0x0000000085400000, 0x0000000085400000| Untracked 
|  85|0x0000000085500000, 0x0000000085500000, 0x0000000085600000|  0%| F|  |TAMS 0x0000000085500000, 0x0000000085500000| Untracked 
|  86|0x0000000085600000, 0x0000000085600000, 0x0000000085700000|  0%| F|  |TAMS 0x0000000085600000, 0x0000000085600000| Untracked 
|  87|0x0000000085700000, 0x0000000085700000, 0x0000000085800000|  0%| F|  |TAMS 0x0000000085700000, 0x0000000085700000| Untracked 
|  88|0x0000000085800000, 0x0000000085800000, 0x0000000085900000|  0%| F|  |TAMS 0x0000000085800000, 0x0000000085800000| Untracked 
|  89|0x0000000085900000, 0x0000000085900000, 0x0000000085a00000|  0%| F|  |TAMS 0x0000000085900000, 0x0000000085900000| Untracked 
|  90|0x0000000085a00000, 0x0000000085a00000, 0x0000000085b00000|  0%| F|  |TAMS 0x0000000085a00000, 0x0000000085a00000| Untracked 
|  91|0x0000000085b00000, 0x0000000085b00000, 0x0000000085c00000|  0%| F|  |TAMS 0x0000000085b00000, 0x0000000085b00000| Untracked 
|  92|0x0000000085c00000, 0x0000000085c00000, 0x0000000085d00000|  0%| F|  |TAMS 0x0000000085c00000, 0x0000000085c00000| Untracked 
|  93|0x0000000085d00000, 0x0000000085d00000, 0x0000000085e00000|  0%| F|  |TAMS 0x0000000085d00000, 0x0000000085d00000| Untracked 
|  94|0x0000000085e00000, 0x0000000085e00000, 0x0000000085f00000|  0%| F|  |TAMS 0x0000000085e00000, 0x0000000085e00000| Untracked 
|  95|0x0000000085f00000, 0x0000000085f00000, 0x0000000086000000|  0%| F|  |TAMS 0x0000000085f00000, 0x0000000085f00000| Untracked 
|  96|0x0000000086000000, 0x0000000086000000, 0x0000000086100000|  0%| F|  |TAMS 0x0000000086000000, 0x0000000086000000| Untracked 
|  97|0x0000000086100000, 0x0000000086100000, 0x0000000086200000|  0%| F|  |TAMS 0x0000000086100000, 0x0000000086100000| Untracked 
|  98|0x0000000086200000, 0x0000000086200000, 0x0000000086300000|  0%| F|  |TAMS 0x0000000086200000, 0x0000000086200000| Untracked 
|  99|0x0000000086300000, 0x0000000086300000, 0x0000000086400000|  0%| F|  |TAMS 0x0000000086300000, 0x0000000086300000| Untracked 
| 100|0x0000000086400000, 0x0000000086400000, 0x0000000086500000|  0%| F|  |TAMS 0x0000000086400000, 0x0000000086400000| Untracked 
| 101|0x0000000086500000, 0x0000000086500000, 0x0000000086600000|  0%| F|  |TAMS 0x0000000086500000, 0x0000000086500000| Untracked 
| 102|0x0000000086600000, 0x0000000086600000, 0x0000000086700000|  0%| F|  |TAMS 0x0000000086600000, 0x0000000086600000| Untracked 
| 103|0x0000000086700000, 0x0000000086700000, 0x0000000086800000|  0%| F|  |TAMS 0x0000000086700000, 0x0000000086700000| Untracked 
| 104|0x0000000086800000, 0x0000000086800000, 0x0000000086900000|  0%| F|  |TAMS 0x0000000086800000, 0x0000000086800000| Untracked 
| 105|0x0000000086900000, 0x0000000086900000, 0x0000000086a00000|  0%| F|  |TAMS 0x0000000086900000, 0x0000000086900000| Untracked 
| 106|0x0000000086a00000, 0x0000000086a00000, 0x0000000086b00000|  0%| F|  |TAMS 0x0000000086a00000, 0x0000000086a00000| Untracked 
| 107|0x0000000086b00000, 0x0000000086b00000, 0x0000000086c00000|  0%| F|  |TAMS 0x0000000086b00000, 0x0000000086b00000| Untracked 
| 108|0x0000000086c00000, 0x0000000086c00000, 0x0000000086d00000|  0%| F|  |TAMS 0x0000000086c00000, 0x0000000086c00000| Untracked 
| 109|0x0000000086d00000, 0x0000000086d00000, 0x0000000086e00000|  0%| F|  |TAMS 0x0000000086d00000, 0x0000000086d00000| Untracked 
| 110|0x0000000086e00000, 0x0000000086e00000, 0x0000000086f00000|  0%| F|  |TAMS 0x0000000086e00000, 0x0000000086e00000| Untracked 
| 111|0x0000000086f00000, 0x0000000086f00000, 0x0000000087000000|  0%| F|  |TAMS 0x0000000086f00000, 0x0000000086f00000| Untracked 
| 112|0x0000000087000000, 0x0000000087000000, 0x0000000087100000|  0%| F|  |TAMS 0x0000000087000000, 0x0000000087000000| Untracked 
| 113|0x0000000087100000, 0x0000000087100000, 0x0000000087200000|  0%| F|  |TAMS 0x0000000087100000, 0x0000000087100000| Untracked 
| 114|0x0000000087200000, 0x0000000087200000, 0x0000000087300000|  0%| F|  |TAMS 0x0000000087200000, 0x0000000087200000| Untracked 
| 115|0x0000000087300000, 0x0000000087300000, 0x0000000087400000|  0%| F|  |TAMS 0x0000000087300000, 0x0000000087300000| Untracked 
| 116|0x0000000087400000, 0x0000000087400000, 0x0000000087500000|  0%| F|  |TAMS 0x0000000087400000, 0x0000000087400000| Untracked 
| 117|0x0000000087500000, 0x0000000087500000, 0x0000000087600000|  0%| F|  |TAMS 0x0000000087500000, 0x0000000087500000| Untracked 
| 118|0x0000000087600000, 0x0000000087600000, 0x0000000087700000|  0%| F|  |TAMS 0x0000000087600000, 0x0000000087600000| Untracked 
| 119|0x0000000087700000, 0x0000000087700000, 0x0000000087800000|  0%| F|  |TAMS 0x0000000087700000, 0x0000000087700000| Untracked 
| 120|0x0000000087800000, 0x0000000087800000, 0x0000000087900000|  0%| F|  |TAMS 0x0000000087800000, 0x0000000087800000| Untracked 
| 121|0x0000000087900000, 0x00000000879b5e08, 0x0000000087a00000| 71%| E|  |TAMS 0x0000000087900000, 0x0000000087900000| Complete 
| 122|0x0000000087a00000, 0x0000000087b00000, 0x0000000087b00000|100%| E|CS|TAMS 0x0000000087a00000, 0x0000000087a00000| Complete 
| 123|0x0000000087b00000, 0x0000000087c00000, 0x0000000087c00000|100%| E|CS|TAMS 0x0000000087b00000, 0x0000000087b00000| Complete 
| 124|0x0000000087c00000, 0x0000000087d00000, 0x0000000087d00000|100%| E|CS|TAMS 0x0000000087c00000, 0x0000000087c00000| Complete 
| 125|0x0000000087d00000, 0x0000000087e00000, 0x0000000087e00000|100%| E|CS|TAMS 0x0000000087d00000, 0x0000000087d00000| Complete 
| 126|0x0000000087e00000, 0x0000000087f00000, 0x0000000087f00000|100%| E|CS|TAMS 0x0000000087e00000, 0x0000000087e00000| Complete 
| 127|0x0000000087f00000, 0x0000000088000000, 0x0000000088000000|100%| E|CS|TAMS 0x0000000087f00000, 0x0000000087f00000| Complete 

Card table byte_map: [0x000001f0b8a10000,0x000001f0b8e10000] _byte_map_base: 0x000001f0b8610000

Marking Bits (Prev, Next): (CMBitMap*) 0x000001f0a08af8d8, (CMBitMap*) 0x000001f0a08af910
 Prev Bits: [0x000001f0b9210000, 0x000001f0bb210000)
 Next Bits: [0x000001f0bb210000, 0x000001f0bd210000)

Polling page: 0x000001f09f020000

Metaspace:

Usage:
  Non-class:     17.18 MB capacity,    16.92 MB ( 98%) used,   230.25 KB (  1%) free+waste,    37.13 KB ( <1%) overhead. 
      Class:      2.37 MB capacity,     2.23 MB ( 94%) used,   121.04 KB (  5%) free+waste,    18.00 KB ( <1%) overhead. 
       Both:     19.55 MB capacity,    19.15 MB ( 98%) used,   351.29 KB (  2%) free+waste,    55.13 KB ( <1%) overhead. 

Virtual space:
  Non-class space:       18.00 MB reserved,      17.25 MB ( 96%) committed 
      Class space:      504.00 MB reserved,       2.38 MB ( <1%) committed 
             Both:      522.00 MB reserved,      19.63 MB (  4%) committed 

Chunk freelists:
   Non-Class:  5.00 KB
       Class:  0 bytes
        Both:  5.00 KB

MaxMetaspaceSize: 512.00 MB
CompressedClassSpaceSize: 504.00 MB
Initial GC threshold: 20.80 MB
Current GC threshold: 20.80 MB
CDS: off

CodeHeap 'non-profiled nmethods': size=120064Kb used=1007Kb max_used=1007Kb free=119056Kb
 bounds [0x000001f0b0ab0000, 0x000001f0b0d20000, 0x000001f0b7ff0000]
CodeHeap 'profiled nmethods': size=120000Kb used=4227Kb max_used=4227Kb free=115772Kb
 bounds [0x000001f0a9580000, 0x000001f0a99b0000, 0x000001f0b0ab0000]
CodeHeap 'non-nmethods': size=5696Kb used=1207Kb max_used=1215Kb free=4488Kb
 bounds [0x000001f0a8ff0000, 0x000001f0a9260000, 0x000001f0a9580000]
 total_blobs=2528 nmethods=2047 adapters=393
 compilation: enabled
              stopped_count=0, restarted_count=0
 full_count=0

Compilation events (20 events):
Event: 122.615 Thread 0x000001f0c01d4000 nmethod 2027 0x000001f0a9991110 code [0x000001f0a9991300, 0x000001f0a9991528]
Event: 122.615 Thread 0x000001f0c01d4000 2029       3       jdk.internal.org.objectweb.asm.MethodVisitor::<init> (7 bytes)
Event: 122.616 Thread 0x000001f0c01d4000 nmethod 2029 0x000001f0a9991690 code [0x000001f0a9991860, 0x000001f0a9991b88]
Event: 122.616 Thread 0x000001f0c01d4000 2030       3       jdk.internal.org.objectweb.asm.MethodWriter::visitEnd (1 bytes)
Event: 122.616 Thread 0x000001f0c01d4000 nmethod 2030 0x000001f0a9991c90 code [0x000001f0a9991e40, 0x000001f0a9991f38]
Event: 122.616 Thread 0x000001f0c01d4000 2031       3       jdk.internal.org.objectweb.asm.MethodWriter::getSize (838 bytes)
Event: 122.620 Thread 0x000001f0c0174000 2034       4       jdk.internal.org.objectweb.asm.ByteVector::putByte (39 bytes)
Event: 122.621 Thread 0x000001f0c01d4000 nmethod 2031 0x000001f0a9992010 code [0x000001f0a99924c0, 0x000001f0a99943a8]
Event: 122.621 Thread 0x000001f0c01d4000 2032       3       jdk.internal.org.objectweb.asm.MethodWriter::put (1602 bytes)
Event: 122.623 Thread 0x000001f0c0174000 nmethod 2034 0x000001f0b0ba9010 code [0x000001f0b0ba91c0, 0x000001f0b0ba92e8]
Event: 122.623 Thread 0x000001f0c0174000 2035       4       jdk.internal.org.objectweb.asm.ClassWriter::put (152 bytes)
Event: 122.664 Thread 0x000001f0c01d4000 nmethod 2032 0x000001f0a9995190 code [0x000001f0a9995a80, 0x000001f0a9998e38]
Event: 122.664 Thread 0x000001f0c01d4000 2033       3       jdk.internal.org.objectweb.asm.MethodWriter::<init> (247 bytes)
Event: 122.665 Thread 0x000001f0c0174000 nmethod 2035 0x000001f0b0ba9410 code [0x000001f0b0ba95a0, 0x000001f0b0ba9878]
Event: 122.665 Thread 0x000001f0c0174000 2036       4       jdk.internal.org.objectweb.asm.ClassWriter::newUTF8 (70 bytes)
Event: 122.666 Thread 0x000001f0c01d4000 nmethod 2033 0x000001f0a999a490 code [0x000001f0a999a740, 0x000001f0a999b548]
Event: 122.666 Thread 0x000001f0c01d4000 2028       1       java.lang.invoke.MethodHandleNatives::isPullModeBSM (2 bytes)
Event: 122.666 Thread 0x000001f0c01d4000 nmethod 2028 0x000001f0b0ba9a10 code [0x000001f0b0ba9bc0, 0x000001f0b0ba9c58]
Event: 122.681 Thread 0x000001f0c01d4000 2038       3       jdk.internal.org.objectweb.asm.Type::getArgumentsAndReturnSizes (151 bytes)
Event: 122.684 Thread 0x000001f0c01d4000 nmethod 2038 0x000001f0a999ba10 code [0x000001f0a999bd80, 0x000001f0a999d5f8]

GC Heap History (8 events):
Event: 10.943 GC heap before
{Heap before GC invocations=0 (full 0):
 garbage-first heap   total 131072K, used 13312K [0x0000000080000000, 0x0000000100000000)
  region size 1024K, 14 young (14336K), 0 survivors (0K)
 Metaspace       used 6780K, capacity 6989K, committed 7168K, reserved 524288K
  class space    used 573K, capacity 650K, committed 768K, reserved 516096K
}
Event: 12.589 GC heap after
{Heap after GC invocations=1 (full 0):
 garbage-first heap   total 131072K, used 4401K [0x0000000080000000, 0x0000000100000000)
  region size 1024K, 2 young (2048K), 2 survivors (2048K)
 Metaspace       used 6780K, capacity 6989K, committed 7168K, reserved 524288K
  class space    used 573K, capacity 650K, committed 768K, reserved 516096K
}
Event: 25.724 GC heap before
{Heap before GC invocations=1 (full 0):
 garbage-first heap   total 131072K, used 20785K [0x0000000080000000, 0x0000000100000000)
  region size 1024K, 14 young (14336K), 2 survivors (2048K)
 Metaspace       used 9998K, capacity 10182K, committed 10368K, reserved 526336K
  class space    used 1013K, capacity 1102K, committed 1152K, reserved 516096K
}
Event: 25.731 GC heap after
{Heap after GC invocations=2 (full 0):
 garbage-first heap   total 131072K, used 10409K [0x0000000080000000, 0x0000000100000000)
  region size 1024K, 2 young (2048K), 2 survivors (2048K)
 Metaspace       used 9998K, capacity 10182K, committed 10368K, reserved 526336K
  class space    used 1013K, capacity 1102K, committed 1152K, reserved 516096K
}
Event: 59.231 GC heap before
{Heap before GC invocations=2 (full 0):
 garbage-first heap   total 131072K, used 40105K [0x0000000080000000, 0x0000000100000000)
  region size 1024K, 30 young (30720K), 2 survivors (2048K)
 Metaspace       used 11008K, capacity 11263K, committed 11520K, reserved 526336K
  class space    used 1115K, capacity 1206K, committed 1280K, reserved 516096K
}
Event: 59.238 GC heap after
{Heap after GC invocations=3 (full 0):
 garbage-first heap   total 131072K, used 13824K [0x0000000080000000, 0x0000000100000000)
  region size 1024K, 4 young (4096K), 4 survivors (4096K)
 Metaspace       used 11008K, capacity 11263K, committed 11520K, reserved 526336K
  class space    used 1115K, capacity 1206K, committed 1280K, reserved 516096K
}
Event: 121.870 GC heap before
{Heap before GC invocations=3 (full 0):
 garbage-first heap   total 131072K, used 55808K [0x0000000080000000, 0x0000000100000000)
  region size 1024K, 45 young (46080K), 4 survivors (4096K)
 Metaspace       used 18510K, capacity 18855K, committed 18944K, reserved 534528K
  class space    used 2128K, capacity 2244K, committed 2304K, reserved 516096K
}
Event: 122.046 GC heap after
{Heap after GC invocations=4 (full 0):
 garbage-first heap   total 131072K, used 17444K [0x0000000080000000, 0x0000000100000000)
  region size 1024K, 6 young (6144K), 6 survivors (6144K)
 Metaspace       used 18510K, capacity 18855K, committed 18944K, reserved 534528K
  class space    used 2128K, capacity 2244K, committed 2304K, reserved 516096K
}

Deoptimization events (20 events):
Event: 116.731 Thread 0x000001f0c20ce000 Uncommon trap: trap_request=0xffffff4d fr.pc=0x000001f0b0b7f4b0 relative=0x00000000000000f0
Event: 116.731 Thread 0x000001f0c20ce000 Uncommon trap: reason=unstable_if action=reinterpret pc=0x000001f0b0b7f4b0 method=java.lang.ThreadLocal$ThreadLocalMap.getEntry(Ljava/lang/ThreadLocal;)Ljava/lang/ThreadLocal$ThreadLocalMap$Entry; @ 29 c2
Event: 116.731 Thread 0x000001f0c20ce000 DEOPT PACKING pc=0x000001f0b0b7f4b0 sp=0x0000007b643fb750
Event: 116.731 Thread 0x000001f0c20ce000 DEOPT UNPACKING pc=0x000001f0a903a1af sp=0x0000007b643fb708 mode 2
Event: 120.057 Thread 0x000001f0c23fa000 Uncommon trap: trap_request=0xffffffc6 fr.pc=0x000001f0b0b75cb8 relative=0x00000000000009b8
Event: 120.057 Thread 0x000001f0c23fa000 Uncommon trap: reason=bimorphic_or_optimized_type_check action=maybe_recompile pc=0x000001f0b0b75cb8 method=java.util.HashMap.putVal(ILjava/lang/Object;Ljava/lang/Object;ZZ)Ljava/lang/Object; @ 253 c2
Event: 120.057 Thread 0x000001f0c23fa000 DEOPT PACKING pc=0x000001f0b0b75cb8 sp=0x0000007b645feae0
Event: 120.057 Thread 0x000001f0c23fa000 DEOPT UNPACKING pc=0x000001f0a903a1af sp=0x0000007b645fea70 mode 2
Event: 120.060 Thread 0x000001f0c23fa000 Uncommon trap: trap_request=0xffffffc6 fr.pc=0x000001f0b0b75cb8 relative=0x00000000000009b8
Event: 120.060 Thread 0x000001f0c23fa000 Uncommon trap: reason=bimorphic_or_optimized_type_check action=maybe_recompile pc=0x000001f0b0b75cb8 method=java.util.HashMap.putVal(ILjava/lang/Object;Ljava/lang/Object;ZZ)Ljava/lang/Object; @ 253 c2
Event: 120.060 Thread 0x000001f0c23fa000 DEOPT PACKING pc=0x000001f0b0b75cb8 sp=0x0000007b645febd0
Event: 120.060 Thread 0x000001f0c23fa000 DEOPT UNPACKING pc=0x000001f0a903a1af sp=0x0000007b645feb60 mode 2
Event: 122.250 Thread 0x000001f0c23fa000 Uncommon trap: trap_request=0xffffff4d fr.pc=0x000001f0b0b17f78 relative=0x0000000000000238
Event: 122.250 Thread 0x000001f0c23fa000 Uncommon trap: reason=unstable_if action=reinterpret pc=0x000001f0b0b17f78 method=java.util.concurrent.ConcurrentHashMap.get(Ljava/lang/Object;)Ljava/lang/Object; @ 76 c2
Event: 122.250 Thread 0x000001f0c23fa000 DEOPT PACKING pc=0x000001f0b0b17f78 sp=0x0000007b645f9e00
Event: 122.250 Thread 0x000001f0c23fa000 DEOPT UNPACKING pc=0x000001f0a903a1af sp=0x0000007b645f9d68 mode 2
Event: 122.681 Thread 0x000001f0c23fa000 Uncommon trap: trap_request=0xffffff4d fr.pc=0x000001f0b0ba5bb0 relative=0x00000000000003b0
Event: 122.681 Thread 0x000001f0c23fa000 Uncommon trap: reason=unstable_if action=reinterpret pc=0x000001f0b0ba5bb0 method=jdk.internal.org.objectweb.asm.Type.getArgumentsAndReturnSizes(Ljava/lang/String;)I @ 88 c2
Event: 122.681 Thread 0x000001f0c23fa000 DEOPT PACKING pc=0x000001f0b0ba5bb0 sp=0x0000007b645fb370
Event: 122.681 Thread 0x000001f0c23fa000 DEOPT UNPACKING pc=0x000001f0a903a1af sp=0x0000007b645fb2f8 mode 2

Classes redefined (0 events):
No events

Internal exceptions (19 events):
Event: 2.131 Thread 0x000001f0a086c800 Exception <a 'java/lang/NoSuchMethodError'{0x0000000087d21828}: 'int java.lang.invoke.DirectMethodHandle$Holder.invokeStaticInit(java.lang.Object, java.lang.Object)'> (0x0000000087d21828) thrown at [./src/hotspot/share/interpreter/linkResolver.cpp, line 773]
Event: 2.501 Thread 0x000001f0a086c800 Exception <a 'java/lang/NoSuchMethodError'{0x0000000087df3bf0}: 'int java.lang.invoke.DirectMethodHandle$Holder.invokeSpecial(java.lang.Object, java.lang.Object, java.lang.Object, java.lang.Object)'> (0x0000000087df3bf0) thrown at [./src/hotspot/share/interpreter/linkResolver.cpp, line 773]
Event: 2.514 Thread 0x000001f0a086c800 Exception <a 'java/lang/NoSuchMethodError'{0x0000000087c2c458}: 'int java.lang.invoke.DirectMethodHandle$Holder.invokeSpecialIFC(java.lang.Object, java.lang.Object, int)'> (0x0000000087c2c458) thrown at [./src/hotspot/share/interpreter/linkResolver.cpp, line 773]
Event: 19.755 Thread 0x000001f0a086c800 Exception <a 'java/lang/NoClassDefFoundError'{0x0000000087e28218}: org/slf4j/impl/StaticMarkerBinder> (0x0000000087e28218) thrown at [./src/hotspot/share/classfile/systemDictionary.cpp, line 219]
Event: 20.744 Thread 0x000001f0a086c800 Exception <a 'java/lang/NoSuchMethodError'{0x0000000087b71a88}: 'java.lang.Object java.lang.invoke.DirectMethodHandle$Holder.invokeVirtual(java.lang.Object, java.lang.Object, java.lang.Object, java.lang.Object, java.lang.Object, java.lang.Object, java.lang.Object)'> (0x0000000087b71a88) thrown at [./src/hotspot/share/interpreter/linkResolver.cpp, line 773]
Event: 20.758 Thread 0x000001f0a086c800 Exception <a 'java/lang/NoSuchMethodError'{0x0000000087b86128}: 'java.lang.Object java.lang.invoke.Invokers$Holder.invoker(java.lang.Object, java.lang.Object, java.lang.Object)'> (0x0000000087b86128) thrown at [./src/hotspot/share/interpreter/linkResolver.cpp, line 773]
Event: 20.765 Thread 0x000001f0a086c800 Exception <a 'java/lang/NoSuchMethodError'{0x0000000087b971a0}: 'void java.lang.invoke.DelegatingMethodHandle$Holder.delegate(java.lang.Object, java.lang.Object, int, java.lang.Object)'> (0x0000000087b971a0) thrown at [./src/hotspot/share/interpreter/linkResolver.cpp, line 773]
Event: 61.981 Thread 0x000001f0a086c800 Exception <a 'java/security/PrivilegedActionException'{0x0000000087ff1eb8}> (0x0000000087ff1eb8) thrown at [./src/hotspot/share/prims/jvm.cpp, line 1306]
Event: 61.982 Thread 0x000001f0a086c800 Exception <a 'java/security/PrivilegedActionException'{0x0000000087ff2430}> (0x0000000087ff2430) thrown at [./src/hotspot/share/prims/jvm.cpp, line 1306]
Event: 70.487 Thread 0x000001f0a086c800 Exception <a 'java/lang/NoSuchMethodError'{0x0000000086c7a8b0}: 'java.lang.Object java.lang.invoke.DirectMethodHandle$Holder.invokeStaticInit(java.lang.Object, java.lang.Object, java.lang.Object)'> (0x0000000086c7a8b0) thrown at [./src/hotspot/share/interpreter/linkResolver.cpp, line 773]
Event: 76.241 Thread 0x000001f0a086c800 Exception <a 'java/lang/NoSuchMethodError'{0x00000000866f37e0}: 'java.lang.Object java.lang.invoke.DirectMethodHandle$Holder.invokeStaticInit(java.lang.Object, int, int, int, int)'> (0x00000000866f37e0) thrown at [./src/hotspot/share/interpreter/linkResolver.cpp, line 773]
Event: 93.709 Thread 0x000001f0a086c800 Exception <a 'java/lang/NoSuchMethodError'{0x0000000086587400}: 'java.lang.Object java.lang.invoke.DirectMethodHandle$Holder.invokeStaticInit(java.lang.Object, java.lang.Object, int, int, int, int)'> (0x0000000086587400) thrown at [./src/hotspot/share/interpreter/linkResolver.cpp, line 773]
Event: 115.043 Thread 0x000001f0a086c800 Exception <a 'java/lang/NoSuchMethodError'{0x00000000862109a8}: 'void java.lang.invoke.DirectMethodHandle$Holder.invokeSpecial(java.lang.Object, java.lang.Object)'> (0x00000000862109a8) thrown at [./src/hotspot/share/interpreter/linkResolver.cpp, line 773]
Event: 115.096 Thread 0x000001f0a086c800 Exception <a 'java/io/IOException'{0x0000000086229e30}> (0x0000000086229e30) thrown at [./src/hotspot/share/prims/jni.cpp, line 617]
Event: 120.903 Thread 0x000001f0c23fa000 Exception <a 'java/lang/NoSuchMethodError'{0x0000000085800d30}: 'long java.lang.invoke.DirectMethodHandle$Holder.invokeInterface(java.lang.Object, java.lang.Object)'> (0x0000000085800d30) thrown at [./src/hotspot/share/interpreter/linkResolver.cpp, line 773]
Event: 120.916 Thread 0x000001f0c23fa000 Exception <a 'java/lang/NoSuchMethodError'{0x0000000085852278}: 'java.lang.Object java.lang.invoke.DirectMethodHandle$Holder.invokeVirtual(java.lang.Object, java.lang.Object, java.lang.Object)'> (0x0000000085852278) thrown at [./src/hotspot/share/interpreter/linkResolver.cpp, line 773]
Event: 122.566 Thread 0x000001f0c23fa000 Exception <a 'java/lang/NoSuchMethodError'{0x0000000087b76480}: 'java.lang.Object java.lang.invoke.Invokers$Holder.linkToTargetMethod(java.lang.Object, java.lang.Object, java.lang.Object, java.lang.Object, java.lang.Object, java.lang.Object)'> (0x0000000087b76480) thrown at [./src/hotspot/share/interpreter/linkResolver.cpp, line 773]
Event: 122.587 Thread 0x000001f0c23fa000 Exception <a 'java/lang/NoSuchMethodError'{0x0000000087ba42e0}: 'void java.lang.invoke.DirectMethodHandle$Holder.invokeSpecial(java.lang.Object, java.lang.Object, java.lang.Object, java.lang.Object, java.lang.Object, java.lang.Object)'> (0x0000000087ba42e0) thrown at [./src/hotspot/share/interpreter/linkResolver.cpp, line 773]
Event: 122.607 Thread 0x000001f0c23fa000 Exception <a 'java/lang/NoSuchMethodError'{0x0000000087bd2190}: 'java.lang.Object java.lang.invoke.DirectMethodHandle$Holder.invokeSpecial(java.lang.Object, java.lang.Object, java.lang.Object, java.lang.Object, java.lang.Object, java.lang.Object, java.lang.Object, java.lang.Object, int, int)'> (0x0000000087bd2190) thrown at [./src/hotspot/share/interpreter/linkResolver.cpp, line 773]

Events (20 events):
Event: 122.680 loading class org/gradle/internal/instantiation/generator/AsmBackedClassGenerator$ClassBuilderImpl
Event: 122.680 loading class org/gradle/internal/instantiation/generator/AsmBackedClassGenerator$ClassBuilderImpl done
Event: 122.684 loading class org/gradle/internal/instantiation/generator/AsmBackedClassGenerator$ClassBuilderImpl$35
Event: 122.684 loading class org/gradle/internal/instantiation/generator/AsmBackedClassGenerator$ClassBuilderImpl$35 done
Event: 122.686 loading class org/objectweb/asm/Type
Event: 122.686 loading class org/objectweb/asm/Type done
Event: 122.686 loading class org/gradle/internal/instantiation/generator/AsmBackedClassGenerator$ClassBuilderImpl
Event: 122.686 loading class org/gradle/internal/instantiation/generator/AsmBackedClassGenerator$ClassBuilderImpl done
Event: 122.687 loading class org/gradle/internal/instantiation/generator/AsmBackedClassGenerator$ClassBuilderImpl$33
Event: 122.687 loading class org/gradle/internal/instantiation/generator/AsmBackedClassGenerator$ClassBuilderImpl$33 done
Event: 122.688 loading class groovy/lang/MetaProperty
Event: 122.688 loading class groovy/lang/MetaProperty done
Event: 122.689 loading class org/apache/groovy/util/BeanUtils
Event: 122.689 loading class org/apache/groovy/util/BeanUtils done
Event: 122.690 loading class org/gradle/internal/instantiation/generator/AbstractClassGenerator$MethodMetadata
Event: 122.690 loading class org/gradle/internal/instantiation/generator/AbstractClassGenerator$MethodMetadata done
Event: 122.690 loading class org/gradle/internal/instantiation/generator/AsmBackedClassGenerator$ClassBuilderImpl
Event: 122.690 loading class org/gradle/internal/instantiation/generator/AsmBackedClassGenerator$ClassBuilderImpl done
Event: 122.690 loading class org/gradle/internal/instantiation/generator/AsmBackedClassGenerator$ClassBuilderImpl$12
Event: 122.690 loading class org/gradle/internal/instantiation/generator/AsmBackedClassGenerator$ClassBuilderImpl$12 done


Dynamic libraries:
0x00007ff63ec50000 - 0x00007ff63ec5d000 	C:\Program Files\Microsoft\jdk-11.0.18.10-hotspot\bin\java.exe
0x00007ffcb5670000 - 0x00007ffcb5868000 	C:\Windows\SYSTEM32\ntdll.dll
0x00007ffcb3c80000 - 0x00007ffcb3d3f000 	C:\Windows\System32\KERNEL32.DLL
0x00007ffcb2e80000 - 0x00007ffcb3176000 	C:\Windows\System32\KERNELBASE.dll
0x00007ffcb3530000 - 0x00007ffcb3630000 	C:\Windows\System32\ucrtbase.dll
0x00007ffc8a080000 - 0x00007ffc8a097000 	C:\Program Files\Microsoft\jdk-11.0.18.10-hotspot\bin\jli.dll
0x00007ffcb5490000 - 0x00007ffcb562d000 	C:\Windows\System32\USER32.dll
0x00007ffcb3450000 - 0x00007ffcb3472000 	C:\Windows\System32\win32u.dll
0x00007ffcb4ab0000 - 0x00007ffcb4adc000 	C:\Windows\System32\GDI32.dll
0x00007ffcb3180000 - 0x00007ffcb3295000 	C:\Windows\System32\gdi32full.dll
0x00007ffcb2d50000 - 0x00007ffcb2ded000 	C:\Windows\System32\msvcp_win.dll
0x00007ffc806e0000 - 0x00007ffc806f5000 	C:\Program Files\Microsoft\jdk-11.0.18.10-hotspot\bin\VCRUNTIME140.dll
0x00007ffc98cc0000 - 0x00007ffc98f5a000 	C:\Windows\WinSxS\amd64_microsoft.windows.common-controls_6595b64144ccf1df_6.0.19041.1110_none_60b5254171f9507e\COMCTL32.dll
0x00007ffcb3780000 - 0x00007ffcb381e000 	C:\Windows\System32\msvcrt.dll
0x00007ffcb3f10000 - 0x00007ffcb3f40000 	C:\Windows\System32\IMM32.DLL
0x00007ffc78960000 - 0x00007ffc789fb000 	C:\Program Files\Microsoft\jdk-11.0.18.10-hotspot\bin\msvcp140.dll
0x00007ffc48110000 - 0x00007ffc48ca2000 	C:\Program Files\Microsoft\jdk-11.0.18.10-hotspot\bin\server\jvm.dll
0x00007ffcb36d0000 - 0x00007ffcb377f000 	C:\Windows\System32\ADVAPI32.dll
0x00007ffcb39a0000 - 0x00007ffcb3a3c000 	C:\Windows\System32\sechost.dll
0x00007ffcb3d40000 - 0x00007ffcb3e66000 	C:\Windows\System32\RPCRT4.dll
0x00007ffcb3c70000 - 0x00007ffcb3c78000 	C:\Windows\System32\PSAPI.DLL
0x00007ffcafc80000 - 0x00007ffcafc89000 	C:\Windows\SYSTEM32\WSOCK32.dll
0x00007ffcb4700000 - 0x00007ffcb476b000 	C:\Windows\System32\WS2_32.dll
0x00007ffca8690000 - 0x00007ffca86b7000 	C:\Windows\SYSTEM32\WINMM.dll
0x00007ffca8ab0000 - 0x00007ffca8aba000 	C:\Windows\SYSTEM32\VERSION.dll
0x00007ffcb1590000 - 0x00007ffcb15a2000 	C:\Windows\SYSTEM32\kernel.appcore.dll
0x00007ffc98f90000 - 0x00007ffc98fa0000 	C:\Program Files\Microsoft\jdk-11.0.18.10-hotspot\bin\verify.dll
0x00007ffcafd90000 - 0x00007ffcaff74000 	C:\Windows\SYSTEM32\DBGHELP.DLL
0x00007ffc99b10000 - 0x00007ffc99b44000 	C:\Windows\SYSTEM32\dbgcore.DLL
0x00007ffcb2df0000 - 0x00007ffcb2e72000 	C:\Windows\System32\bcryptPrimitives.dll
0x00007ffc806b0000 - 0x00007ffc806d8000 	C:\Program Files\Microsoft\jdk-11.0.18.10-hotspot\bin\java.dll
0x00007ffc95220000 - 0x00007ffc9522a000 	C:\Program Files\Microsoft\jdk-11.0.18.10-hotspot\bin\jimage.dll
0x00007ffc80640000 - 0x00007ffc80658000 	C:\Program Files\Microsoft\jdk-11.0.18.10-hotspot\bin\zip.dll
0x00007ffcb3f40000 - 0x00007ffcb4684000 	C:\Windows\System32\SHELL32.dll
0x00007ffcb0d90000 - 0x00007ffcb1524000 	C:\Windows\SYSTEM32\windows.storage.dll
0x00007ffcb4ae0000 - 0x00007ffcb4e34000 	C:\Windows\System32\combase.dll
0x00007ffcb26c0000 - 0x00007ffcb26ee000 	C:\Windows\SYSTEM32\Wldp.dll
0x00007ffcb53e0000 - 0x00007ffcb548d000 	C:\Windows\System32\SHCORE.dll
0x00007ffcb3bb0000 - 0x00007ffcb3c05000 	C:\Windows\System32\shlwapi.dll
0x00007ffcb2c80000 - 0x00007ffcb2ca5000 	C:\Windows\SYSTEM32\profapi.dll
0x00007ffc805e0000 - 0x00007ffc805f9000 	C:\Program Files\Microsoft\jdk-11.0.18.10-hotspot\bin\net.dll
0x00007ffca1400000 - 0x00007ffca150a000 	C:\Windows\SYSTEM32\WINHTTP.dll
0x00007ffcb2420000 - 0x00007ffcb248a000 	C:\Windows\system32\mswsock.dll
0x00007ffc802f0000 - 0x00007ffc80303000 	C:\Program Files\Microsoft\jdk-11.0.18.10-hotspot\bin\nio.dll
0x00007ffcb0640000 - 0x00007ffcb0667000 	C:\Users\MS\.gradle\native\68d5fa5c4cc2d200863cafc0d521ce42e7d3e7ee720ec0a83991735586a16f82\windows-amd64\native-platform.dll
0x00007ffc8ee90000 - 0x00007ffc8efd4000 	C:\Users\MS\.gradle\native\e376f236ea51e6404a007f0833ffe2c6e607c4080706a723a18a27aeea778392\windows-amd64\native-platform-file-events.dll
0x00007ffc8c0b0000 - 0x00007ffc8c0b9000 	C:\Program Files\Microsoft\jdk-11.0.18.10-hotspot\bin\management.dll
0x00007ffc89db0000 - 0x00007ffc89dbb000 	C:\Program Files\Microsoft\jdk-11.0.18.10-hotspot\bin\management_ext.dll
0x00007ffcb2610000 - 0x00007ffcb2628000 	C:\Windows\SYSTEM32\CRYPTSP.dll
0x00007ffcb1d40000 - 0x00007ffcb1d74000 	C:\Windows\system32\rsaenh.dll
0x00007ffcb3630000 - 0x00007ffcb3657000 	C:\Windows\System32\bcrypt.dll
0x00007ffcb2c00000 - 0x00007ffcb2c2e000 	C:\Windows\SYSTEM32\USERENV.dll
0x00007ffcb2630000 - 0x00007ffcb263c000 	C:\Windows\SYSTEM32\CRYPTBASE.dll
0x00007ffcb2110000 - 0x00007ffcb214c000 	C:\Windows\SYSTEM32\IPHLPAPI.DLL
0x00007ffcb4770000 - 0x00007ffcb4778000 	C:\Windows\System32\NSI.dll
0x00007ffca1640000 - 0x00007ffca1657000 	C:\Windows\SYSTEM32\dhcpcsvc6.DLL
0x00007ffca4590000 - 0x00007ffca45ad000 	C:\Windows\SYSTEM32\dhcpcsvc.DLL
0x00007ffcb2150000 - 0x00007ffcb221a000 	C:\Windows\SYSTEM32\DNSAPI.dll

dbghelp: loaded successfully - version: 4.0.5 - missing functions: none
symbol engine: initialized successfully - sym options: 0x614 - pdb path: .;C:\Program Files\Microsoft\jdk-11.0.18.10-hotspot\bin;C:\Windows\SYSTEM32;C:\Windows\WinSxS\amd64_microsoft.windows.common-controls_6595b64144ccf1df_6.0.19041.1110_none_60b5254171f9507e;C:\Program Files\Microsoft\jdk-11.0.18.10-hotspot\bin\server;C:\Users\MS\.gradle\native\68d5fa5c4cc2d200863cafc0d521ce42e7d3e7ee720ec0a83991735586a16f82\windows-amd64;C:\Users\MS\.gradle\native\e376f236ea51e6404a007f0833ffe2c6e607c4080706a723a18a27aeea778392\windows-amd64

VM Arguments:
jvm_args: -XX:MaxMetaspaceSize=512m --add-opens=java.base/java.util=ALL-UNNAMED --add-opens=java.base/java.lang=ALL-UNNAMED --add-opens=java.base/java.lang.invoke=ALL-UNNAMED --add-opens=java.prefs/java.util.prefs=ALL-UNNAMED --add-opens=java.base/java.nio.charset=ALL-UNNAMED --add-opens=java.base/java.net=ALL-UNNAMED --add-opens=java.base/java.util.concurrent.atomic=ALL-UNNAMED -Xmx2048m -Dfile.encoding=windows-1252 -Duser.country=US -Duser.language=en -Duser.variant 
java_command: org.gradle.launcher.daemon.bootstrap.GradleDaemon 8.0.1
java_class_path (initial): C:\Users\MS\.gradle\wrapper\dists\gradle-8.0.1-all\aro4hu1c3oeioove7l0i4i14o\gradle-8.0.1\lib\gradle-launcher-8.0.1.jar
Launcher Type: SUN_STANDARD

[Global flags]
     intx CICompilerCount                          = 3                                         {product} {ergonomic}
   size_t CompressedClassSpaceSize                 = 528482304                                 {product} {ergonomic}
     uint ConcGCThreads                            = 1                                         {product} {ergonomic}
     uint G1ConcRefinementThreads                  = 4                                         {product} {ergonomic}
   size_t G1HeapRegionSize                         = 1048576                                   {product} {ergonomic}
    uintx GCDrainStackTargetSize                   = 64                                        {product} {ergonomic}
   size_t InitialHeapSize                          = 134217728                                 {product} {ergonomic}
   size_t MarkStackSize                            = 4194304                                   {product} {ergonomic}
   size_t MaxHeapSize                              = 2147483648                                {product} {command line}
   size_t MaxMetaspaceSize                         = 536870912                                 {product} {command line}
   size_t MaxNewSize                               = 1287651328                                {product} {ergonomic}
   size_t MinHeapDeltaBytes                        = 1048576                                   {product} {ergonomic}
    uintx NonNMethodCodeHeapSize                   = 5830732                                {pd product} {ergonomic}
    uintx NonProfiledCodeHeapSize                  = 122913754                              {pd product} {ergonomic}
    uintx ProfiledCodeHeapSize                     = 122913754                              {pd product} {ergonomic}
    uintx ReservedCodeCacheSize                    = 251658240                              {pd product} {ergonomic}
     bool SegmentedCodeCache                       = true                                      {product} {ergonomic}
     bool UseCompressedClassPointers               = true                                 {lp64_product} {ergonomic}
     bool UseCompressedOops                        = true                                 {lp64_product} {ergonomic}
     bool UseG1GC                                  = true                                      {product} {ergonomic}
     bool UseLargePagesIndividualAllocation        = false                                  {pd product} {ergonomic}

Logging:
Log output configuration:
 #0: stdout all=warning uptime,level,tags
 #1: stderr all=off uptime,level,tags

Environment Variables:
JAVA_HOME=C:\Program Files\Microsoft\jdk-11.0.18.10-hotspot\
CLASSPATH=D:\React Native\App\android\\gradle\wrapper\gradle-wrapper.jar
PATH=D:\React Native\App\node_modules\.bin;D:\React Native\App\node_modules\.bin;D:\React Native\node_modules\.bin;D:\node_modules\.bin;C:\Users\MS\AppData\Roaming\npm\node_modules\npm\node_modules\@npmcli\run-script\lib\node-gyp-bin;D:\React Native\App\node_modules\.bin;D:\React Native\node_modules\.bin;D:\node_modules\.bin;C:\Users\MS\AppData\Roaming\npm\node_modules\npm\node_modules\@npmcli\run-script\lib\node-gyp-bin;C:\Program Files\Microsoft\jdk-11.0.18.10-hotspot\bin;C:\Windows\system32;C:\Windows;C:\Windows\System32\Wbem;C:\Windows\System32\WindowsPowerShell\v1.0\;C:\Windows\System32\OpenSSH\;C:\ProgramData\chocolatey\bin;C:\Program Files\nodejs\;C:\platform-tools;C:\Users\MS\AppData\Local\Microsoft\WindowsApps;C:\Users\MS\AppData\Roaming\npm;C:\Users\MS\AppData\Local\Programs\Microsoft VS Code\bin
USERNAME=MS
OS=Windows_NT
PROCESSOR_IDENTIFIER=Intel64 Family 6 Model 78 Stepping 3, GenuineIntel
TMP=C:\Users\MS\AppData\Local\Temp
TEMP=C:\Users\MS\AppData\Local\Temp



---------------  S Y S T E M  ---------------

OS: Windows 10 , 64 bit Build 19041 (10.0.19041.3155)
OS uptime: 1 days 16:14 hours

CPU:total 4 (initial active 4) (2 cores per cpu, 2 threads per core) family 6 model 78 stepping 3 microcode 0xcc, cmov, cx8, fxsr, mmx, sse, sse2, sse3, ssse3, sse4.1, sse4.2, popcnt, avx, avx2, aes, clmul, erms, rtm, 3dnowpref, lzcnt, ht, tsc, tscinvbit, bmi1, bmi2, adx, fma

Memory: 4k page, system-wide physical 8072M (79M free)
TotalPageFile size 19592M (AvailPageFile size 0M)
current process WorkingSet (physical memory assigned to process): 123M, peak: 127M
current process commit charge ("private bytes"): 237M, peak: 245M

vm_info: OpenJDK 64-Bit Server VM (11.0.18+10-LTS) for windows-amd64 JRE (11.0.18+10-LTS), built on Jan 18 2023 15:56:47 by "MicrosoftCorporation" with MS VC++ 15.9 (VS2017)

END.
