#
# There is insufficient memory for the Java Runtime Environment to continue.
# Native memory allocation (malloc) failed to allocate 125456 bytes for Chunk::new
# Possible reasons:
#   The system is out of physical RAM or swap space
#   The process is running with CompressedOops enabled, and the Java Heap may be blocking the growth of the native heap
# Possible solutions:
#   Reduce memory load on the system
#   Increase physical memory or swap space
#   Check if swap backing store is full
#   Decrease Java heap size (-Xmx/-Xms)
#   Decrease number of Java threads
#   Decrease Java thread stack sizes (-Xss)
#   Set larger code cache with -XX:ReservedCodeCacheSize=
#   JVM is running with Unscaled Compressed Oops mode in which the Java heap is
#     placed in the first 4GB address space. The Java Heap base address is the
#     maximum limit for the native heap growth. Please use -XX:HeapBaseMinAddress
#     to set the Java Heap base and to place the Java Heap above 4GB virtual address.
# This output file may be truncated or incomplete.
#
#  Out of Memory Error (./src/hotspot/share/memory/arena.cpp:197), pid=20472, tid=20964
#
# JRE version: OpenJDK Runtime Environment Microsoft-7208460 (11.0.18+10) (build 11.0.18+10-LTS)
# Java VM: OpenJDK 64-Bit Server VM Microsoft-7208460 (11.0.18+10-LTS, mixed mode, tiered, compressed oops, g1 gc, windows-amd64)
# No core dump will be written. Minidumps are not enabled by default on client versions of Windows
#

---------------  S U M M A R Y ------------

Command Line: -XX:MaxMetaspaceSize=512m --add-opens=java.base/java.util=ALL-UNNAMED --add-opens=java.base/java.lang=ALL-UNNAMED --add-opens=java.base/java.lang.invoke=ALL-UNNAMED --add-opens=java.prefs/java.util.prefs=ALL-UNNAMED --add-opens=java.base/java.nio.charset=ALL-UNNAMED --add-opens=java.base/java.net=ALL-UNNAMED --add-opens=java.base/java.util.concurrent.atomic=ALL-UNNAMED -Xmx2048m -Dfile.encoding=windows-1252 -Duser.country=US -Duser.language=en -Duser.variant org.gradle.launcher.daemon.bootstrap.GradleDaemon 8.0.1

Host: Intel(R) Core(TM) i5-6300U CPU @ 2.40GHz, 4 cores, 7G,  Windows 10 , 64 bit Build 19041 (10.0.19041.3155)
Time: Tue Sep 26 03:46:08 2023 Pacific Daylight Time elapsed time: 191.507489 seconds (0d 0h 3m 11s)

---------------  T H R E A D  ---------------

Current thread (0x0000018034823000):  JavaThread "C2 CompilerThread0" daemon [_thread_in_native, id=20964, stack(0x0000002ec0f00000,0x0000002ec1000000)]


Current CompileTask:
C2: 191507 3721       4       java.lang.String::toLowerCase (8 bytes)

Stack: [0x0000002ec0f00000,0x0000002ec1000000]
Native frames: (J=compiled Java code, j=interpreted, Vv=VM code, C=native code)
V  [jvm.dll+0x62bf8a]
V  [jvm.dll+0x7b8fb9]
V  [jvm.dll+0x7ba6a8]
V  [jvm.dll+0x7bad83]
V  [jvm.dll+0x250248]
V  [jvm.dll+0xc260c]
V  [jvm.dll+0xc2bcc]
V  [jvm.dll+0x35e182]
V  [jvm.dll+0x32a373]
V  [jvm.dll+0x3296aa]
V  [jvm.dll+0x2093b3]
V  [jvm.dll+0x20850d]
V  [jvm.dll+0x18a4b1]
V  [jvm.dll+0x217eec]
V  [jvm.dll+0x21612b]
V  [jvm.dll+0x77bac0]
V  [jvm.dll+0x7749f4]
V  [jvm.dll+0x62adf5]
C  [ucrtbase.dll+0x21bb2]
C  [KERNEL32.DLL+0x17614]
C  [ntdll.dll+0x526b1]


---------------  P R O C E S S  ---------------

Threads class SMR info:
_java_thread_list=0x0000018037381270, length=32, elements={
0x0000018014f2c800, 0x0000018033ec1000, 0x0000018033eaf000, 0x0000018033f11800,
0x0000018033f12800, 0x0000018034820800, 0x0000018034823000, 0x0000018034824000,
0x000001803488e000, 0x0000018034989800, 0x00000180360fe000, 0x0000018035766000,
0x0000018035bb3000, 0x000001803488b000, 0x0000018035871800, 0x000001803566f800,
0x000001803590a800, 0x0000018035b71000, 0x00000180355d2800, 0x00000180357b1000,
0x00000180357ac000, 0x00000180357ad000, 0x00000180357ad800, 0x00000180357ae800,
0x00000180357b0000, 0x00000180357af800, 0x00000180357ab800, 0x00000180357b2000,
0x0000018038914800, 0x0000018038911000, 0x0000018038916000, 0x0000018038917800
}

Java Threads: ( => current thread )
  0x0000018014f2c800 JavaThread "main" [_thread_blocked, id=20852, stack(0x0000002ec0200000,0x0000002ec0300000)]
  0x0000018033ec1000 JavaThread "Reference Handler" daemon [_thread_blocked, id=20944, stack(0x0000002ec0a00000,0x0000002ec0b00000)]
  0x0000018033eaf000 JavaThread "Finalizer" daemon [_thread_blocked, id=20948, stack(0x0000002ec0b00000,0x0000002ec0c00000)]
  0x0000018033f11800 JavaThread "Signal Dispatcher" daemon [_thread_blocked, id=20952, stack(0x0000002ec0c00000,0x0000002ec0d00000)]
  0x0000018033f12800 JavaThread "Attach Listener" daemon [_thread_blocked, id=20956, stack(0x0000002ec0d00000,0x0000002ec0e00000)]
  0x0000018034820800 JavaThread "Service Thread" daemon [_thread_blocked, id=20960, stack(0x0000002ec0e00000,0x0000002ec0f00000)]
=>0x0000018034823000 JavaThread "C2 CompilerThread0" daemon [_thread_in_native, id=20964, stack(0x0000002ec0f00000,0x0000002ec1000000)]
  0x0000018034824000 JavaThread "C1 CompilerThread0" daemon [_thread_blocked, id=20968, stack(0x0000002ec1000000,0x0000002ec1100000)]
  0x000001803488e000 JavaThread "Sweeper thread" daemon [_thread_blocked, id=20972, stack(0x0000002ec1100000,0x0000002ec1200000)]
  0x0000018034989800 JavaThread "Common-Cleaner" daemon [_thread_blocked, id=20984, stack(0x0000002ec1200000,0x0000002ec1300000)]
  0x00000180360fe000 JavaThread "Daemon health stats" [_thread_blocked, id=17208, stack(0x0000002ec0100000,0x0000002ec0200000)]
  0x0000018035766000 JavaThread "Incoming local TCP Connector on port 57309" [_thread_in_native, id=5904, stack(0x0000002ec1700000,0x0000002ec1800000)]
  0x0000018035bb3000 JavaThread "Daemon periodic checks" [_thread_in_native, id=14732, stack(0x0000002ec1a00000,0x0000002ec1b00000)]
  0x000001803488b000 JavaThread "Daemon" [_thread_blocked, id=18464, stack(0x0000002ec1b00000,0x0000002ec1c00000)]
  0x0000018035871800 JavaThread "Handler for socket connection from /127.0.0.1:57309 to /127.0.0.1:57316" [_thread_in_native, id=18544, stack(0x0000002ec1c00000,0x0000002ec1d00000)]
  0x000001803566f800 JavaThread "Cancel handler" [_thread_blocked, id=18560, stack(0x0000002ec1d00000,0x0000002ec1e00000)]
  0x000001803590a800 JavaThread "Daemon worker" [_thread_blocked, id=14580, stack(0x0000002ec1e00000,0x0000002ec1f00000)]
  0x0000018035b71000 JavaThread "Asynchronous log dispatcher for DefaultDaemonConnection: socket connection from /127.0.0.1:57309 to /127.0.0.1:57316" [_thread_blocked, id=19612, stack(0x0000002ec1f00000,0x0000002ec2000000)]
  0x00000180355d2800 JavaThread "Daemon client event forwarder" [_thread_blocked, id=19784, stack(0x0000002ec2100000,0x0000002ec2200000)]
  0x00000180357b1000 JavaThread "Cache worker for journal cache (C:\Users\MS\.gradle\caches\journal-1)" [_thread_blocked, id=20184, stack(0x0000002ec2300000,0x0000002ec2400000)]
  0x00000180357ac000 JavaThread "File lock request listener" [_thread_in_native, id=19916, stack(0x0000002ec2400000,0x0000002ec2500000)]
  0x00000180357ad000 JavaThread "File lock release action executor" [_thread_blocked, id=21316, stack(0x0000002ec0300000,0x0000002ec0400000)]
  0x00000180357ad800 JavaThread "Cache worker for file hash cache (C:\Users\MS\.gradle\caches\8.0.1\fileHashes)" [_thread_blocked, id=17184, stack(0x0000002ec1600000,0x0000002ec1700000)]
  0x00000180357ae800 JavaThread "File watcher server" daemon [_thread_in_native, id=17332, stack(0x0000002ec2500000,0x0000002ec2600000)]
  0x00000180357b0000 JavaThread "File watcher consumer" daemon [_thread_blocked, id=13392, stack(0x0000002ec2600000,0x0000002ec2700000)]
  0x00000180357af800 JavaThread "Cache worker for checksums cache (D:\React Native\App\android\.gradle\8.0.1\checksums)" [_thread_blocked, id=16972, stack(0x0000002ec2700000,0x0000002ec2800000)]
  0x00000180357ab800 JavaThread "Cache worker for cache directory md-rule (C:\Users\MS\.gradle\caches\8.0.1\md-rule)" [_thread_blocked, id=15140, stack(0x0000002ec2800000,0x0000002ec2900000)]
  0x00000180357b2000 JavaThread "Cache worker for file content cache (C:\Users\MS\.gradle\caches\8.0.1\fileContent)" [_thread_blocked, id=16420, stack(0x0000002ec2900000,0x0000002ec2a00000)]
  0x0000018038914800 JavaThread "Cache worker for file hash cache (D:\React Native\App\android\.gradle\8.0.1\fileHashes)" [_thread_blocked, id=7776, stack(0x0000002ec2a00000,0x0000002ec2b00000)]
  0x0000018038911000 JavaThread "Cache worker for cache directory md-supplier (C:\Users\MS\.gradle\caches\8.0.1\md-supplier)" [_thread_blocked, id=2420, stack(0x0000002ec2b00000,0x0000002ec2c00000)]
  0x0000018038916000 JavaThread "Cache worker for execution history cache (C:\Users\MS\.gradle\caches\8.0.1\executionHistory)" [_thread_blocked, id=5040, stack(0x0000002ec2000000,0x0000002ec2100000)]
  0x0000018038917800 JavaThread "jar transforms" [_thread_blocked, id=21472, stack(0x0000002ec2c00000,0x0000002ec2d00000)]

Other Threads:
  0x0000018033eae000 VMThread "VM Thread" [stack: 0x0000002ec0900000,0x0000002ec0a00000] [id=20940]
  0x0000018034997800 WatcherThread [stack: 0x0000002ec1300000,0x0000002ec1400000] [id=20996]
  0x0000018014f47000 GCTaskThread "GC Thread#0" [stack: 0x0000002ec0400000,0x0000002ec0500000] [id=20888]
  0x0000018035051000 GCTaskThread "GC Thread#1" [stack: 0x0000002ec1400000,0x0000002ec1500000] [id=7380]
  0x0000018034d7d000 GCTaskThread "GC Thread#2" [stack: 0x0000002ec1500000,0x0000002ec1600000] [id=13352]
  0x0000018035b74800 GCTaskThread "GC Thread#3" [stack: 0x0000002ec2200000,0x0000002ec2300000] [id=19576]
  0x0000018014f78800 ConcurrentGCThread "G1 Main Marker" [stack: 0x0000002ec0500000,0x0000002ec0600000] [id=20892]
  0x0000018014f79800 ConcurrentGCThread "G1 Conc#0" [stack: 0x0000002ec0600000,0x0000002ec0700000] [id=20896]
  0x000001801500b800 ConcurrentGCThread "G1 Refine#0" [stack: 0x0000002ec0700000,0x0000002ec0800000] [id=20908]
  0x000001801500c800 ConcurrentGCThread "G1 Young RemSet Sampling" [stack: 0x0000002ec0800000,0x0000002ec0900000] [id=20912]

Threads with active compile tasks:
C2 CompilerThread0   191559 3721       4       java.lang.String::toLowerCase (8 bytes)

VM state:not at safepoint (normal execution)

VM Mutex/Monitor currently owned by a thread: None

Heap address: 0x0000000080000000, size: 2048 MB, Compressed Oops mode: 32-bit
Narrow klass base: 0x0000000000000000, Narrow klass shift: 3
Compressed class space size: 528482304 Address: 0x0000000100000000

Heap:
 garbage-first heap   total 131072K, used 58211K [0x0000000080000000, 0x0000000100000000)
  region size 1024K, 41 young (41984K), 6 survivors (6144K)
 Metaspace       used 39130K, capacity 40086K, committed 40272K, reserved 552960K
  class space    used 4965K, capacity 5338K, committed 5376K, reserved 516096K
Heap Regions: E=young(eden), S=young(survivor), O=old, HS=humongous(starts), HC=humongous(continues), CS=collection set, F=free, A=archive, TAMS=top-at-mark-start (previous, next)
|   0|0x0000000080000000, 0x0000000080100000, 0x0000000080100000|100%| O|  |TAMS 0x0000000080100000, 0x0000000080000000| Untracked 
|   1|0x0000000080100000, 0x0000000080200000, 0x0000000080200000|100%| O|  |TAMS 0x0000000080200000, 0x0000000080100000| Untracked 
|   2|0x0000000080200000, 0x0000000080300000, 0x0000000080300000|100%| O|  |TAMS 0x0000000080300000, 0x0000000080200000| Untracked 
|   3|0x0000000080300000, 0x0000000080400000, 0x0000000080400000|100%|HS|  |TAMS 0x0000000080400000, 0x0000000080300000| Complete 
|   4|0x0000000080400000, 0x0000000080500000, 0x0000000080500000|100%|HC|  |TAMS 0x0000000080500000, 0x0000000080400000| Complete 
|   5|0x0000000080500000, 0x0000000080600000, 0x0000000080600000|100%|HC|  |TAMS 0x0000000080600000, 0x0000000080500000| Complete 
|   6|0x0000000080600000, 0x0000000080700000, 0x0000000080700000|100%|HC|  |TAMS 0x0000000080700000, 0x0000000080600000| Complete 
|   7|0x0000000080700000, 0x0000000080800000, 0x0000000080800000|100%| O|  |TAMS 0x0000000080800000, 0x0000000080700000| Untracked 
|   8|0x0000000080800000, 0x0000000080900000, 0x0000000080900000|100%| O|  |TAMS 0x0000000080900000, 0x0000000080800000| Untracked 
|   9|0x0000000080900000, 0x0000000080a00000, 0x0000000080a00000|100%| O|  |TAMS 0x0000000080a00000, 0x0000000080900000| Untracked 
|  10|0x0000000080a00000, 0x0000000080b00000, 0x0000000080b00000|100%| O|  |TAMS 0x0000000080b00000, 0x0000000080a00000| Untracked 
|  11|0x0000000080b00000, 0x0000000080c00000, 0x0000000080c00000|100%| O|  |TAMS 0x0000000080c00000, 0x0000000080b00000| Untracked 
|  12|0x0000000080c00000, 0x0000000080d00000, 0x0000000080d00000|100%| O|  |TAMS 0x0000000080d00000, 0x0000000080c00000| Untracked 
|  13|0x0000000080d00000, 0x0000000080e00000, 0x0000000080e00000|100%| O|  |TAMS 0x0000000080e00000, 0x0000000080d00000| Untracked 
|  14|0x0000000080e00000, 0x0000000080f00000, 0x0000000080f00000|100%| O|  |TAMS 0x0000000080f00000, 0x0000000080e00000| Untracked 
|  15|0x0000000080f00000, 0x0000000081000000, 0x0000000081000000|100%| O|  |TAMS 0x0000000081000000, 0x0000000080f00000| Untracked 
|  16|0x0000000081000000, 0x0000000081100000, 0x0000000081100000|100%| O|  |TAMS 0x0000000081100000, 0x0000000081000000| Untracked 
|  17|0x0000000081100000, 0x0000000081149e00, 0x0000000081200000| 28%| O|  |TAMS 0x0000000081149e00, 0x0000000081100000| Untracked 
|  18|0x0000000081200000, 0x0000000081200000, 0x0000000081300000|  0%| F|  |TAMS 0x0000000081200000, 0x0000000081200000| Untracked 
|  19|0x0000000081300000, 0x0000000081300000, 0x0000000081400000|  0%| F|  |TAMS 0x0000000081300000, 0x0000000081300000| Untracked 
|  20|0x0000000081400000, 0x0000000081400000, 0x0000000081500000|  0%| F|  |TAMS 0x0000000081400000, 0x0000000081400000| Untracked 
|  21|0x0000000081500000, 0x0000000081500000, 0x0000000081600000|  0%| F|  |TAMS 0x0000000081500000, 0x0000000081500000| Untracked 
|  22|0x0000000081600000, 0x0000000081600000, 0x0000000081700000|  0%| F|  |TAMS 0x0000000081600000, 0x0000000081600000| Untracked 
|  23|0x0000000081700000, 0x0000000081700000, 0x0000000081800000|  0%| F|  |TAMS 0x0000000081700000, 0x0000000081700000| Untracked 
|  24|0x0000000081800000, 0x0000000081800000, 0x0000000081900000|  0%| F|  |TAMS 0x0000000081800000, 0x0000000081800000| Untracked 
|  25|0x0000000081900000, 0x0000000081900000, 0x0000000081a00000|  0%| F|  |TAMS 0x0000000081900000, 0x0000000081900000| Untracked 
|  26|0x0000000081a00000, 0x0000000081a00000, 0x0000000081b00000|  0%| F|  |TAMS 0x0000000081a00000, 0x0000000081a00000| Untracked 
|  27|0x0000000081b00000, 0x0000000081b00000, 0x0000000081c00000|  0%| F|  |TAMS 0x0000000081b00000, 0x0000000081b00000| Untracked 
|  28|0x0000000081c00000, 0x0000000081c00000, 0x0000000081d00000|  0%| F|  |TAMS 0x0000000081c00000, 0x0000000081c00000| Untracked 
|  29|0x0000000081d00000, 0x0000000081d00000, 0x0000000081e00000|  0%| F|  |TAMS 0x0000000081d00000, 0x0000000081d00000| Untracked 
|  30|0x0000000081e00000, 0x0000000081e00000, 0x0000000081f00000|  0%| F|  |TAMS 0x0000000081e00000, 0x0000000081e00000| Untracked 
|  31|0x0000000081f00000, 0x0000000081f00000, 0x0000000082000000|  0%| F|  |TAMS 0x0000000081f00000, 0x0000000081f00000| Untracked 
|  32|0x0000000082000000, 0x0000000082000000, 0x0000000082100000|  0%| F|  |TAMS 0x0000000082000000, 0x0000000082000000| Untracked 
|  33|0x0000000082100000, 0x0000000082100000, 0x0000000082200000|  0%| F|  |TAMS 0x0000000082100000, 0x0000000082100000| Untracked 
|  34|0x0000000082200000, 0x0000000082200000, 0x0000000082300000|  0%| F|  |TAMS 0x0000000082200000, 0x0000000082200000| Untracked 
|  35|0x0000000082300000, 0x0000000082300000, 0x0000000082400000|  0%| F|  |TAMS 0x0000000082300000, 0x0000000082300000| Untracked 
|  36|0x0000000082400000, 0x0000000082400000, 0x0000000082500000|  0%| F|  |TAMS 0x0000000082400000, 0x0000000082400000| Untracked 
|  37|0x0000000082500000, 0x0000000082500000, 0x0000000082600000|  0%| F|  |TAMS 0x0000000082500000, 0x0000000082500000| Untracked 
|  38|0x0000000082600000, 0x0000000082600000, 0x0000000082700000|  0%| F|  |TAMS 0x0000000082600000, 0x0000000082600000| Untracked 
|  39|0x0000000082700000, 0x0000000082700000, 0x0000000082800000|  0%| F|  |TAMS 0x0000000082700000, 0x0000000082700000| Untracked 
|  40|0x0000000082800000, 0x0000000082800000, 0x0000000082900000|  0%| F|  |TAMS 0x0000000082800000, 0x0000000082800000| Untracked 
|  41|0x0000000082900000, 0x0000000082900000, 0x0000000082a00000|  0%| F|  |TAMS 0x0000000082900000, 0x0000000082900000| Untracked 
|  42|0x0000000082a00000, 0x0000000082a00000, 0x0000000082b00000|  0%| F|  |TAMS 0x0000000082a00000, 0x0000000082a00000| Untracked 
|  43|0x0000000082b00000, 0x0000000082b00000, 0x0000000082c00000|  0%| F|  |TAMS 0x0000000082b00000, 0x0000000082b00000| Untracked 
|  44|0x0000000082c00000, 0x0000000082c00000, 0x0000000082d00000|  0%| F|  |TAMS 0x0000000082c00000, 0x0000000082c00000| Untracked 
|  45|0x0000000082d00000, 0x0000000082d00000, 0x0000000082e00000|  0%| F|  |TAMS 0x0000000082d00000, 0x0000000082d00000| Untracked 
|  46|0x0000000082e00000, 0x0000000082e00000, 0x0000000082f00000|  0%| F|  |TAMS 0x0000000082e00000, 0x0000000082e00000| Untracked 
|  47|0x0000000082f00000, 0x0000000082f00000, 0x0000000083000000|  0%| F|  |TAMS 0x0000000082f00000, 0x0000000082f00000| Untracked 
|  48|0x0000000083000000, 0x0000000083000000, 0x0000000083100000|  0%| F|  |TAMS 0x0000000083000000, 0x0000000083000000| Untracked 
|  49|0x0000000083100000, 0x0000000083100000, 0x0000000083200000|  0%| F|  |TAMS 0x0000000083100000, 0x0000000083100000| Untracked 
|  50|0x0000000083200000, 0x0000000083200000, 0x0000000083300000|  0%| F|  |TAMS 0x0000000083200000, 0x0000000083200000| Untracked 
|  51|0x0000000083300000, 0x0000000083300000, 0x0000000083400000|  0%| F|  |TAMS 0x0000000083300000, 0x0000000083300000| Untracked 
|  52|0x0000000083400000, 0x0000000083400000, 0x0000000083500000|  0%| F|  |TAMS 0x0000000083400000, 0x0000000083400000| Untracked 
|  53|0x0000000083500000, 0x0000000083500000, 0x0000000083600000|  0%| F|  |TAMS 0x0000000083500000, 0x0000000083500000| Untracked 
|  54|0x0000000083600000, 0x0000000083600000, 0x0000000083700000|  0%| F|  |TAMS 0x0000000083600000, 0x0000000083600000| Untracked 
|  55|0x0000000083700000, 0x0000000083700000, 0x0000000083800000|  0%| F|  |TAMS 0x0000000083700000, 0x0000000083700000| Untracked 
|  56|0x0000000083800000, 0x0000000083800000, 0x0000000083900000|  0%| F|  |TAMS 0x0000000083800000, 0x0000000083800000| Untracked 
|  57|0x0000000083900000, 0x0000000083900000, 0x0000000083a00000|  0%| F|  |TAMS 0x0000000083900000, 0x0000000083900000| Untracked 
|  58|0x0000000083a00000, 0x0000000083a00000, 0x0000000083b00000|  0%| F|  |TAMS 0x0000000083a00000, 0x0000000083a00000| Untracked 
|  59|0x0000000083b00000, 0x0000000083b00000, 0x0000000083c00000|  0%| F|  |TAMS 0x0000000083b00000, 0x0000000083b00000| Untracked 
|  60|0x0000000083c00000, 0x0000000083c00000, 0x0000000083d00000|  0%| F|  |TAMS 0x0000000083c00000, 0x0000000083c00000| Untracked 
|  61|0x0000000083d00000, 0x0000000083d00000, 0x0000000083e00000|  0%| F|  |TAMS 0x0000000083d00000, 0x0000000083d00000| Untracked 
|  62|0x0000000083e00000, 0x0000000083e00000, 0x0000000083f00000|  0%| F|  |TAMS 0x0000000083e00000, 0x0000000083e00000| Untracked 
|  63|0x0000000083f00000, 0x0000000083f00000, 0x0000000084000000|  0%| F|  |TAMS 0x0000000083f00000, 0x0000000083f00000| Untracked 
|  64|0x0000000084000000, 0x0000000084000000, 0x0000000084100000|  0%| F|  |TAMS 0x0000000084000000, 0x0000000084000000| Untracked 
|  65|0x0000000084100000, 0x0000000084100000, 0x0000000084200000|  0%| F|  |TAMS 0x0000000084100000, 0x0000000084100000| Untracked 
|  66|0x0000000084200000, 0x0000000084200000, 0x0000000084300000|  0%| F|  |TAMS 0x0000000084200000, 0x0000000084200000| Untracked 
|  67|0x0000000084300000, 0x0000000084300000, 0x0000000084400000|  0%| F|  |TAMS 0x0000000084300000, 0x0000000084300000| Untracked 
|  68|0x0000000084400000, 0x0000000084400000, 0x0000000084500000|  0%| F|  |TAMS 0x0000000084400000, 0x0000000084400000| Untracked 
|  69|0x0000000084500000, 0x0000000084500000, 0x0000000084600000|  0%| F|  |TAMS 0x0000000084500000, 0x0000000084500000| Untracked 
|  70|0x0000000084600000, 0x0000000084600000, 0x0000000084700000|  0%| F|  |TAMS 0x0000000084600000, 0x0000000084600000| Untracked 
|  71|0x0000000084700000, 0x0000000084700000, 0x0000000084800000|  0%| F|  |TAMS 0x0000000084700000, 0x0000000084700000| Untracked 
|  72|0x0000000084800000, 0x0000000084800000, 0x0000000084900000|  0%| F|  |TAMS 0x0000000084800000, 0x0000000084800000| Untracked 
|  73|0x0000000084900000, 0x0000000084900000, 0x0000000084a00000|  0%| F|  |TAMS 0x0000000084900000, 0x0000000084900000| Untracked 
|  74|0x0000000084a00000, 0x0000000084a00000, 0x0000000084b00000|  0%| F|  |TAMS 0x0000000084a00000, 0x0000000084a00000| Untracked 
|  75|0x0000000084b00000, 0x0000000084b00000, 0x0000000084c00000|  0%| F|  |TAMS 0x0000000084b00000, 0x0000000084b00000| Untracked 
|  76|0x0000000084c00000, 0x0000000084c00000, 0x0000000084d00000|  0%| F|  |TAMS 0x0000000084c00000, 0x0000000084c00000| Untracked 
|  77|0x0000000084d00000, 0x0000000084d00000, 0x0000000084e00000|  0%| F|  |TAMS 0x0000000084d00000, 0x0000000084d00000| Untracked 
|  78|0x0000000084e00000, 0x0000000084e00000, 0x0000000084f00000|  0%| F|  |TAMS 0x0000000084e00000, 0x0000000084e00000| Untracked 
|  79|0x0000000084f00000, 0x0000000084f00000, 0x0000000085000000|  0%| F|  |TAMS 0x0000000084f00000, 0x0000000084f00000| Untracked 
|  80|0x0000000085000000, 0x0000000085000000, 0x0000000085100000|  0%| F|  |TAMS 0x0000000085000000, 0x0000000085000000| Untracked 
|  81|0x0000000085100000, 0x0000000085100000, 0x0000000085200000|  0%| F|  |TAMS 0x0000000085100000, 0x0000000085100000| Untracked 
|  82|0x0000000085200000, 0x0000000085200000, 0x0000000085300000|  0%| F|  |TAMS 0x0000000085200000, 0x0000000085200000| Untracked 
|  83|0x0000000085300000, 0x0000000085300000, 0x0000000085400000|  0%| F|  |TAMS 0x0000000085300000, 0x0000000085300000| Untracked 
|  84|0x0000000085400000, 0x0000000085400000, 0x0000000085500000|  0%| F|  |TAMS 0x0000000085400000, 0x0000000085400000| Untracked 
|  85|0x0000000085500000, 0x0000000085500000, 0x0000000085600000|  0%| F|  |TAMS 0x0000000085500000, 0x0000000085500000| Untracked 
|  86|0x0000000085600000, 0x0000000085600000, 0x0000000085700000|  0%| F|  |TAMS 0x0000000085600000, 0x0000000085600000| Untracked 
|  87|0x0000000085700000, 0x000000008570f908, 0x0000000085800000|  6%| E|  |TAMS 0x0000000085700000, 0x0000000085700000| Complete 
|  88|0x0000000085800000, 0x0000000085900000, 0x0000000085900000|100%| E|CS|TAMS 0x0000000085800000, 0x0000000085800000| Complete 
|  89|0x0000000085900000, 0x0000000085a00000, 0x0000000085a00000|100%| E|CS|TAMS 0x0000000085900000, 0x0000000085900000| Complete 
|  90|0x0000000085a00000, 0x0000000085b00000, 0x0000000085b00000|100%| E|CS|TAMS 0x0000000085a00000, 0x0000000085a00000| Complete 
|  91|0x0000000085b00000, 0x0000000085c00000, 0x0000000085c00000|100%| E|CS|TAMS 0x0000000085b00000, 0x0000000085b00000| Complete 
|  92|0x0000000085c00000, 0x0000000085d00000, 0x0000000085d00000|100%| E|CS|TAMS 0x0000000085c00000, 0x0000000085c00000| Complete 
|  93|0x0000000085d00000, 0x0000000085e00000, 0x0000000085e00000|100%| E|CS|TAMS 0x0000000085d00000, 0x0000000085d00000| Complete 
|  94|0x0000000085e00000, 0x0000000085f00000, 0x0000000085f00000|100%| E|CS|TAMS 0x0000000085e00000, 0x0000000085e00000| Complete 
|  95|0x0000000085f00000, 0x0000000086000000, 0x0000000086000000|100%| E|CS|TAMS 0x0000000085f00000, 0x0000000085f00000| Complete 
|  96|0x0000000086000000, 0x0000000086100000, 0x0000000086100000|100%| E|CS|TAMS 0x0000000086000000, 0x0000000086000000| Complete 
|  97|0x0000000086100000, 0x000000008618f058, 0x0000000086200000| 55%| S|CS|TAMS 0x0000000086100000, 0x0000000086100000| Complete 
|  98|0x0000000086200000, 0x0000000086300000, 0x0000000086300000|100%| S|CS|TAMS 0x0000000086200000, 0x0000000086200000| Complete 
|  99|0x0000000086300000, 0x0000000086400000, 0x0000000086400000|100%| S|CS|TAMS 0x0000000086300000, 0x0000000086300000| Complete 
| 100|0x0000000086400000, 0x0000000086500000, 0x0000000086500000|100%| S|CS|TAMS 0x0000000086400000, 0x0000000086400000| Complete 
| 101|0x0000000086500000, 0x0000000086600000, 0x0000000086600000|100%| S|CS|TAMS 0x0000000086500000, 0x0000000086500000| Complete 
| 102|0x0000000086600000, 0x0000000086700000, 0x0000000086700000|100%| S|CS|TAMS 0x0000000086600000, 0x0000000086600000| Complete 
| 103|0x0000000086700000, 0x0000000086800000, 0x0000000086800000|100%| E|CS|TAMS 0x0000000086700000, 0x0000000086700000| Complete 
| 104|0x0000000086800000, 0x0000000086900000, 0x0000000086900000|100%| E|CS|TAMS 0x0000000086800000, 0x0000000086800000| Complete 
| 105|0x0000000086900000, 0x0000000086a00000, 0x0000000086a00000|100%| E|CS|TAMS 0x0000000086900000, 0x0000000086900000| Complete 
| 106|0x0000000086a00000, 0x0000000086b00000, 0x0000000086b00000|100%| E|CS|TAMS 0x0000000086a00000, 0x0000000086a00000| Complete 
| 107|0x0000000086b00000, 0x0000000086c00000, 0x0000000086c00000|100%| E|CS|TAMS 0x0000000086b00000, 0x0000000086b00000| Complete 
| 108|0x0000000086c00000, 0x0000000086d00000, 0x0000000086d00000|100%| E|CS|TAMS 0x0000000086c00000, 0x0000000086c00000| Complete 
| 109|0x0000000086d00000, 0x0000000086e00000, 0x0000000086e00000|100%| E|CS|TAMS 0x0000000086d00000, 0x0000000086d00000| Complete 
| 110|0x0000000086e00000, 0x0000000086f00000, 0x0000000086f00000|100%| E|CS|TAMS 0x0000000086e00000, 0x0000000086e00000| Complete 
| 111|0x0000000086f00000, 0x0000000087000000, 0x0000000087000000|100%| E|CS|TAMS 0x0000000086f00000, 0x0000000086f00000| Complete 
| 112|0x0000000087000000, 0x0000000087100000, 0x0000000087100000|100%| E|CS|TAMS 0x0000000087000000, 0x0000000087000000| Complete 
| 113|0x0000000087100000, 0x0000000087200000, 0x0000000087200000|100%| E|CS|TAMS 0x0000000087100000, 0x0000000087100000| Complete 
| 114|0x0000000087200000, 0x0000000087300000, 0x0000000087300000|100%| E|CS|TAMS 0x0000000087200000, 0x0000000087200000| Complete 
| 115|0x0000000087300000, 0x0000000087400000, 0x0000000087400000|100%| E|CS|TAMS 0x0000000087300000, 0x0000000087300000| Complete 
| 116|0x0000000087400000, 0x0000000087500000, 0x0000000087500000|100%| E|CS|TAMS 0x0000000087400000, 0x0000000087400000| Complete 
| 117|0x0000000087500000, 0x0000000087600000, 0x0000000087600000|100%| E|CS|TAMS 0x0000000087500000, 0x0000000087500000| Complete 
| 118|0x0000000087600000, 0x0000000087700000, 0x0000000087700000|100%| E|CS|TAMS 0x0000000087600000, 0x0000000087600000| Complete 
| 119|0x0000000087700000, 0x0000000087800000, 0x0000000087800000|100%| E|CS|TAMS 0x0000000087700000, 0x0000000087700000| Complete 
| 120|0x0000000087800000, 0x0000000087900000, 0x0000000087900000|100%| E|CS|TAMS 0x0000000087800000, 0x0000000087800000| Complete 
| 121|0x0000000087900000, 0x0000000087a00000, 0x0000000087a00000|100%| E|CS|TAMS 0x0000000087900000, 0x0000000087900000| Complete 
| 122|0x0000000087a00000, 0x0000000087b00000, 0x0000000087b00000|100%| E|CS|TAMS 0x0000000087a00000, 0x0000000087a00000| Complete 
| 123|0x0000000087b00000, 0x0000000087c00000, 0x0000000087c00000|100%| E|CS|TAMS 0x0000000087b00000, 0x0000000087b00000| Complete 
| 124|0x0000000087c00000, 0x0000000087d00000, 0x0000000087d00000|100%| E|CS|TAMS 0x0000000087c00000, 0x0000000087c00000| Complete 
| 125|0x0000000087d00000, 0x0000000087e00000, 0x0000000087e00000|100%| E|CS|TAMS 0x0000000087d00000, 0x0000000087d00000| Complete 
| 126|0x0000000087e00000, 0x0000000087f00000, 0x0000000087f00000|100%| E|CS|TAMS 0x0000000087e00000, 0x0000000087e00000| Complete 
| 127|0x0000000087f00000, 0x0000000088000000, 0x0000000088000000|100%| E|CS|TAMS 0x0000000087f00000, 0x0000000087f00000| Complete 

Card table byte_map: [0x000001802d0d0000,0x000001802d4d0000] _byte_map_base: 0x000001802ccd0000

Marking Bits (Prev, Next): (CMBitMap*) 0x0000018014f6f8d8, (CMBitMap*) 0x0000018014f6f910
 Prev Bits: [0x000001802d8d0000, 0x000001802f8d0000)
 Next Bits: [0x000001802f8d0000, 0x00000180318d0000)

Polling page: 0x00000180136b0000

Metaspace:

Usage:
  Non-class:     33.93 MB capacity,    33.36 MB ( 98%) used,   482.73 KB (  1%) free+waste,    99.88 KB ( <1%) overhead. 
      Class:      5.21 MB capacity,     4.85 MB ( 93%) used,   324.39 KB (  6%) free+waste,    48.56 KB ( <1%) overhead. 
       Both:     39.15 MB capacity,    38.21 MB ( 98%) used,   807.12 KB (  2%) free+waste,   148.44 KB ( <1%) overhead. 

Virtual space:
  Non-class space:       36.00 MB reserved,      34.08 MB ( 95%) committed 
      Class space:      504.00 MB reserved,       5.25 MB (  1%) committed 
             Both:      540.00 MB reserved,      39.33 MB (  7%) committed 

Chunk freelists:
   Non-Class:  20.00 KB
       Class:  6.00 KB
        Both:  26.00 KB

MaxMetaspaceSize: 512.00 MB
CompressedClassSpaceSize: 504.00 MB
Initial GC threshold: 20.80 MB
Current GC threshold: 59.51 MB
CDS: off

CodeHeap 'non-profiled nmethods': size=120064Kb used=2001Kb max_used=2001Kb free=118062Kb
 bounds [0x0000018025170000, 0x00000180253e0000, 0x000001802c6b0000]
CodeHeap 'profiled nmethods': size=120000Kb used=7848Kb max_used=7848Kb free=112151Kb
 bounds [0x000001801dc40000, 0x000001801e3f0000, 0x0000018025170000]
CodeHeap 'non-nmethods': size=5696Kb used=1585Kb max_used=1627Kb free=4110Kb
 bounds [0x000001801d6b0000, 0x000001801d920000, 0x000001801dc40000]
 total_blobs=4318 nmethods=3689 adapters=541
 compilation: enabled
              stopped_count=0, restarted_count=0
 full_count=0

Compilation events (20 events):
Event: 191.053 Thread 0x0000018034823000 nmethod 3709 0x0000018025362210 code [0x0000018025362420, 0x0000018025362e70]
Event: 191.053 Thread 0x0000018034823000 3710       4       java.io.BufferedInputStream::getBufIfOpen (21 bytes)
Event: 191.053 Thread 0x0000018034823000 nmethod 3710 0x0000018025363490 code [0x0000018025363620, 0x0000018025363698]
Event: 191.313 Thread 0x0000018034824000 3714       3       java.net.DatagramSocket::getImpl (16 bytes)
Event: 191.313 Thread 0x0000018034824000 nmethod 3714 0x000001801e3e1690 code [0x000001801e3e1840, 0x000001801e3e1a48]
Event: 191.323 Thread 0x0000018034823000 3715       4       jdk.internal.org.objectweb.asm.ClassWriter::newStringishItem (68 bytes)
Event: 191.324 Thread 0x0000018034824000 3716       3       com.google.common.cache.LocalCache::expiresAfterWrite (15 bytes)
Event: 191.324 Thread 0x0000018034824000 nmethod 3716 0x000001801e3e1b10 code [0x000001801e3e1cc0, 0x000001801e3e1e38]
Event: 191.328 Thread 0x0000018034824000 3717       3       java.util.ArrayList::addAll (76 bytes)
Event: 191.328 Thread 0x0000018034824000 nmethod 3717 0x000001801e3e1f10 code [0x000001801e3e2120, 0x000001801e3e2718]
Event: 191.336 Thread 0x0000018034824000 3718       3       java.beans.Introspector::decapitalize (68 bytes)
Event: 191.339 Thread 0x0000018034824000 nmethod 3718 0x000001801e3e2990 code [0x000001801e3e2d80, 0x000001801e3e47c8]
Event: 191.339 Thread 0x0000018034824000 3719       3       org.gradle.internal.reflect.JavaPropertyReflectionUtil::getAnnotation (101 bytes)
Event: 191.340 Thread 0x0000018034824000 nmethod 3719 0x000001801e3e5090 code [0x000001801e3e5360, 0x000001801e3e6018]
Event: 191.340 Thread 0x0000018034824000 3720       3       org.objectweb.asm.Frame::putAbstractType (379 bytes)
Event: 191.343 Thread 0x0000018034824000 nmethod 3720 0x000001801e3e6510 code [0x000001801e3e6960, 0x000001801e3e8298]
Event: 191.352 Thread 0x0000018034823000 nmethod 3715 0x0000018025363790 code [0x0000018025363980, 0x0000018025364250]
Event: 191.489 Thread 0x0000018034823000 3721       4       java.lang.String::toLowerCase (8 bytes)
Event: 191.493 Thread 0x0000018034824000 3722       3       java.nio.channels.FileLock::<init> (86 bytes)
Event: 191.494 Thread 0x0000018034824000 nmethod 3722 0x000001801e3e8d90 code [0x000001801e3e8fc0, 0x000001801e3e9638]

GC Heap History (12 events):
Event: 24.577 GC heap before
{Heap before GC invocations=0 (full 0):
 garbage-first heap   total 131072K, used 13312K [0x0000000080000000, 0x0000000100000000)
  region size 1024K, 14 young (14336K), 0 survivors (0K)
 Metaspace       used 6782K, capacity 6985K, committed 7168K, reserved 524288K
  class space    used 573K, capacity 650K, committed 768K, reserved 516096K
}
Event: 25.621 GC heap after
{Heap after GC invocations=1 (full 0):
 garbage-first heap   total 131072K, used 4405K [0x0000000080000000, 0x0000000100000000)
  region size 1024K, 2 young (2048K), 2 survivors (2048K)
 Metaspace       used 6782K, capacity 6985K, committed 7168K, reserved 524288K
  class space    used 573K, capacity 650K, committed 768K, reserved 516096K
}
Event: 103.615 GC heap before
{Heap before GC invocations=1 (full 0):
 garbage-first heap   total 131072K, used 85301K [0x0000000080000000, 0x0000000100000000)
  region size 1024K, 76 young (77824K), 2 survivors (2048K)
 Metaspace       used 17257K, capacity 17634K, committed 17792K, reserved 532480K
  class space    used 1952K, capacity 2072K, committed 2176K, reserved 516096K
}
Event: 103.952 GC heap after
{Heap after GC invocations=2 (full 0):
 garbage-first heap   total 131072K, used 17344K [0x0000000080000000, 0x0000000100000000)
  region size 1024K, 10 young (10240K), 10 survivors (10240K)
 Metaspace       used 17257K, capacity 17634K, committed 17792K, reserved 532480K
  class space    used 1952K, capacity 2072K, committed 2176K, reserved 516096K
}
Event: 113.073 GC heap before
{Heap before GC invocations=2 (full 0):
 garbage-first heap   total 131072K, used 42944K [0x0000000080000000, 0x0000000100000000)
  region size 1024K, 36 young (36864K), 10 survivors (10240K)
 Metaspace       used 20815K, capacity 21191K, committed 21296K, reserved 536576K
  class space    used 2480K, capacity 2650K, committed 2688K, reserved 516096K
}
Event: 113.092 GC heap after
{Heap after GC invocations=3 (full 0):
 garbage-first heap   total 131072K, used 18215K [0x0000000080000000, 0x0000000100000000)
  region size 1024K, 2 young (2048K), 2 survivors (2048K)
 Metaspace       used 20815K, capacity 21191K, committed 21296K, reserved 536576K
  class space    used 2480K, capacity 2650K, committed 2688K, reserved 516096K
}
Event: 138.590 GC heap before
{Heap before GC invocations=4 (full 0):
 garbage-first heap   total 131072K, used 64295K [0x0000000080000000, 0x0000000100000000)
  region size 1024K, 47 young (48128K), 2 survivors (2048K)
 Metaspace       used 24839K, capacity 25391K, committed 25648K, reserved 538624K
  class space    used 3121K, capacity 3349K, committed 3456K, reserved 516096K
}
Event: 138.600 GC heap after
{Heap after GC invocations=5 (full 0):
 garbage-first heap   total 131072K, used 19413K [0x0000000080000000, 0x0000000100000000)
  region size 1024K, 3 young (3072K), 3 survivors (3072K)
 Metaspace       used 24839K, capacity 25391K, committed 25648K, reserved 538624K
  class space    used 3121K, capacity 3349K, committed 3456K, reserved 516096K
}
Event: 164.359 GC heap before
{Heap before GC invocations=5 (full 0):
 garbage-first heap   total 131072K, used 76757K [0x0000000080000000, 0x0000000100000000)
  region size 1024K, 59 young (60416K), 3 survivors (3072K)
 Metaspace       used 30353K, capacity 31094K, committed 31408K, reserved 544768K
  class space    used 3975K, capacity 4278K, committed 4352K, reserved 516096K
}
Event: 164.369 GC heap after
{Heap after GC invocations=6 (full 0):
 garbage-first heap   total 131072K, used 21208K [0x0000000080000000, 0x0000000100000000)
  region size 1024K, 5 young (5120K), 5 survivors (5120K)
 Metaspace       used 30353K, capacity 31094K, committed 31408K, reserved 544768K
  class space    used 3975K, capacity 4278K, committed 4352K, reserved 516096K
}
Event: 174.403 GC heap before
{Heap before GC invocations=6 (full 0):
 garbage-first heap   total 131072K, used 45784K [0x0000000080000000, 0x0000000100000000)
  region size 1024K, 30 young (30720K), 5 survivors (5120K)
 Metaspace       used 34999K, capacity 35824K, committed 35920K, reserved 548864K
  class space    used 4457K, capacity 4813K, committed 4864K, reserved 516096K
}
Event: 174.422 GC heap after
{Heap after GC invocations=7 (full 0):
 garbage-first heap   total 131072K, used 23395K [0x0000000080000000, 0x0000000100000000)
  region size 1024K, 6 young (6144K), 6 survivors (6144K)
 Metaspace       used 34999K, capacity 35824K, committed 35920K, reserved 548864K
  class space    used 4457K, capacity 4813K, committed 4864K, reserved 516096K
}

Deoptimization events (20 events):
Event: 180.444 Thread 0x000001803590a800 DEOPT PACKING pc=0x0000018025336c44 sp=0x0000002ec1ef8af0
Event: 180.444 Thread 0x000001803590a800 DEOPT UNPACKING pc=0x000001801d6fa1af sp=0x0000002ec1ef88f8 mode 2
Event: 180.495 Thread 0x000001803590a800 DEOPT PACKING pc=0x000001801e391b98 sp=0x0000002ec1ef8f40
Event: 180.495 Thread 0x000001803590a800 DEOPT UNPACKING pc=0x000001801d6fa95e sp=0x0000002ec1ef8450 mode 0
Event: 191.022 Thread 0x00000180357b1000 Uncommon trap: trap_request=0xffffffc6 fr.pc=0x0000018025359f10 relative=0x0000000000001050
Event: 191.022 Thread 0x00000180357b1000 Uncommon trap: reason=bimorphic_or_optimized_type_check action=maybe_recompile pc=0x0000018025359f10 method=java.io.DataInputStream.readInt()I @ 4 c2
Event: 191.022 Thread 0x00000180357b1000 DEOPT PACKING pc=0x0000018025359f10 sp=0x0000002ec23fe2d0
Event: 191.022 Thread 0x00000180357b1000 DEOPT UNPACKING pc=0x000001801d6fa1af sp=0x0000002ec23fe290 mode 2
Event: 191.022 Thread 0x00000180357b1000 Uncommon trap: trap_request=0xffffffc6 fr.pc=0x0000018025359f10 relative=0x0000000000001050
Event: 191.022 Thread 0x00000180357b1000 Uncommon trap: reason=bimorphic_or_optimized_type_check action=maybe_recompile pc=0x0000018025359f10 method=java.io.DataInputStream.readInt()I @ 4 c2
Event: 191.022 Thread 0x00000180357b1000 DEOPT PACKING pc=0x0000018025359f10 sp=0x0000002ec23fe250
Event: 191.022 Thread 0x00000180357b1000 DEOPT UNPACKING pc=0x000001801d6fa1af sp=0x0000002ec23fe210 mode 2
Event: 191.022 Thread 0x00000180357b1000 Uncommon trap: trap_request=0xffffffc6 fr.pc=0x0000018025359f10 relative=0x0000000000001050
Event: 191.022 Thread 0x00000180357b1000 Uncommon trap: reason=bimorphic_or_optimized_type_check action=maybe_recompile pc=0x0000018025359f10 method=java.io.DataInputStream.readInt()I @ 4 c2
Event: 191.022 Thread 0x00000180357b1000 DEOPT PACKING pc=0x0000018025359f10 sp=0x0000002ec23fe250
Event: 191.022 Thread 0x00000180357b1000 DEOPT UNPACKING pc=0x000001801d6fa1af sp=0x0000002ec23fe210 mode 2
Event: 191.022 Thread 0x00000180357b1000 Uncommon trap: trap_request=0xffffffc6 fr.pc=0x0000018025359f10 relative=0x0000000000001050
Event: 191.022 Thread 0x00000180357b1000 Uncommon trap: reason=bimorphic_or_optimized_type_check action=maybe_recompile pc=0x0000018025359f10 method=java.io.DataInputStream.readInt()I @ 4 c2
Event: 191.022 Thread 0x00000180357b1000 DEOPT PACKING pc=0x0000018025359f10 sp=0x0000002ec23fe2e0
Event: 191.022 Thread 0x00000180357b1000 DEOPT UNPACKING pc=0x000001801d6fa1af sp=0x0000002ec23fe2a0 mode 2

Classes redefined (0 events):
No events

Internal exceptions (20 events):
Event: 175.652 Thread 0x000001803590a800 Exception <a 'java/lang/NoSuchMethodError'{0x0000000087daeaa0}: 'java.lang.Object java.lang.invoke.DirectMethodHandle$Holder.invokeStatic(java.lang.Object, java.lang.Object, java.lang.Object, java.lang.Object, java.lang.Object, java.lang.Object, java.lang.Object, java.lang.Object, java.lang.Object, java.lang.Object, java.lang.Object, int, int)'> (0x0000000087daeaa0) thrown at [./src/hotspot/share/interpreter/linkResolver.cpp, line 773]
Event: 175.656 Thread 0x000001803590a800 Exception <a 'java/lang/NoSuchMethodError'{0x0000000087dce578}: 'java.lang.Object java.lang.invoke.DirectMethodHandle$Holder.invokeStatic(java.lang.Object, java.lang.Object, java.lang.Object, java.lang.Object, java.lang.Object, java.lang.Object, java.lang.Object, java.lang.Object, java.lang.Object, java.lang.Object, java.lang.Object, int, int, java.lang.Object)'> (0x0000000087dce578) thrown at [./src/hotspot/share/interpreter/linkResolver.cpp, line 773]
Event: 175.660 Thread 0x000001803590a800 Exception <a 'java/lang/NoSuchMethodError'{0x0000000087def918}: 'java.lang.Object java.lang.invoke.DirectMethodHandle$Holder.invokeStatic(java.lang.Object, java.lang.Object, java.lang.Object, java.lang.Object, java.lang.Object, java.lang.Object, java.lang.Object, java.lang.Object, java.lang.Object, java.lang.Object, java.lang.Object, int, int, java.lang.Object, java.lang.Object)'> (0x0000000087def918) thrown at [./src/hotspot/share/interpreter/linkResolver.cpp, line 773]
Event: 175.666 Thread 0x000001803590a800 Exception <a 'java/lang/ClassNotFoundException'{0x0000000087c20508}: groovy/lang/ExpandoMetaClassBeanInfo> (0x0000000087c20508) thrown at [./src/hotspot/share/classfile/systemDictionary.cpp, line 230]
Event: 175.668 Thread 0x000001803590a800 Exception <a 'java/lang/ClassNotFoundException'{0x0000000087c40e40}: groovy/lang/MetaClassImplBeanInfo> (0x0000000087c40e40) thrown at [./src/hotspot/share/classfile/systemDictionary.cpp, line 230]
Event: 175.669 Thread 0x000001803590a800 Exception <a 'java/lang/ClassNotFoundException'{0x0000000087c4a398}: java/lang/ObjectBeanInfo> (0x0000000087c4a398) thrown at [./src/hotspot/share/classfile/systemDictionary.cpp, line 230]
Event: 175.671 Thread 0x000001803590a800 Exception <a 'java/lang/ClassNotFoundException'{0x0000000087c55d60}: java/lang/ObjectCustomizer> (0x0000000087c55d60) thrown at [./src/hotspot/share/classfile/systemDictionary.cpp, line 230]
Event: 175.853 Thread 0x000001803590a800 Exception <a 'java/lang/ClassNotFoundException'{0x0000000087c7d5a8}: groovy/lang/MetaClassImplCustomizer> (0x0000000087c7d5a8) thrown at [./src/hotspot/share/classfile/systemDictionary.cpp, line 230]
Event: 175.860 Thread 0x000001803590a800 Exception <a 'java/lang/ClassNotFoundException'{0x0000000087cbdc30}: groovy/lang/ExpandoMetaClassCustomizer> (0x0000000087cbdc30) thrown at [./src/hotspot/share/classfile/systemDictionary.cpp, line 230]
Event: 178.954 Thread 0x000001803590a800 Exception <a 'java/lang/NoSuchMethodError'{0x00000000877a8590}: 'java.lang.Object java.lang.invoke.DirectMethodHandle$Holder.invokeStatic(java.lang.Object, int, java.lang.Object)'> (0x00000000877a8590) thrown at [./src/hotspot/share/interpreter/linkResolver.cpp, line 773]
Event: 181.107 Thread 0x000001803590a800 Exception <a 'java/lang/ClassNotFoundException'{0x0000000085fb6688}: org/gradle/internal/extensibility/DefaultExtraPropertiesExtensionBeanInfo> (0x0000000085fb6688) thrown at [./src/hotspot/share/classfile/systemDictionary.cpp, line 230]
Event: 181.108 Thread 0x000001803590a800 Exception <a 'java/lang/ClassNotFoundException'{0x0000000085fd82d0}: groovy/lang/GroovyObjectSupportBeanInfo> (0x0000000085fd82d0) thrown at [./src/hotspot/share/classfile/systemDictionary.cpp, line 230]
Event: 181.109 Thread 0x000001803590a800 Exception <a 'java/lang/ClassNotFoundException'{0x0000000085ff9f60}: groovy/lang/GroovyObjectSupportCustomizer> (0x0000000085ff9f60) thrown at [./src/hotspot/share/classfile/systemDictionary.cpp, line 230]
Event: 181.111 Thread 0x000001803590a800 Exception <a 'java/lang/ClassNotFoundException'{0x0000000085e228e8}: org/gradle/internal/extensibility/DefaultExtraPropertiesExtensionCustomizer> (0x0000000085e228e8) thrown at [./src/hotspot/share/classfile/systemDictionary.cpp, line 230]
Event: 189.930 Thread 0x000001803590a800 Exception <a 'java/lang/NoSuchMethodError'{0x0000000085b60a98}: 'java.lang.Object java.lang.invoke.Invokers$Holder.linkToTargetMethod(java.lang.Object, long, java.lang.Object)'> (0x0000000085b60a98) thrown at [./src/hotspot/share/interpreter/linkResolver.cpp, line 773]
Event: 190.016 Thread 0x000001803590a800 Exception <a 'java/lang/NoSuchMethodError'{0x0000000085bfd278}: 'int java.lang.invoke.DirectMethodHandle$Holder.invokeStatic(java.lang.Object, java.lang.Object, java.lang.Object, java.lang.Object, java.lang.Object)'> (0x0000000085bfd278) thrown at [./src/hotspot/share/interpreter/linkResolver.cpp, line 773]
Event: 190.221 Thread 0x000001803590a800 Exception <a 'java/lang/NoSuchMethodError'{0x0000000085a9db10}: 'int java.lang.invoke.DirectMethodHandle$Holder.invokeInterface(java.lang.Object, java.lang.Object)'> (0x0000000085a9db10) thrown at [./src/hotspot/share/interpreter/linkResolver.cpp, line 773]
Event: 190.231 Thread 0x000001803590a800 Exception <a 'java/lang/NoSuchMethodError'{0x0000000085ac5068}: 'java.lang.Object java.lang.invoke.DirectMethodHandle$Holder.invokeStatic(java.lang.Object, java.lang.Object, int, java.lang.Object)'> (0x0000000085ac5068) thrown at [./src/hotspot/share/interpreter/linkResolver.cpp, line 773]
Event: 190.232 Thread 0x000001803590a800 Exception <a 'java/lang/NoSuchMethodError'{0x0000000085acf3b0}: 'java.lang.Object java.lang.invoke.Invokers$Holder.linkToTargetMethod(java.lang.Object, int, java.lang.Object, java.lang.Object)'> (0x0000000085acf3b0) thrown at [./src/hotspot/share/interpreter/linkResolver.cpp, line 773]
Event: 191.323 Thread 0x000001803590a800 Exception <a 'java/lang/IncompatibleClassChangeError'{0x0000000085afdad8}: Found class java.lang.Object, but interface was expected> (0x0000000085afdad8) thrown at [./src/hotspot/share/interpreter/linkResolver.cpp, line 839]

Events (20 events):
Event: 191.334 loading class org/gradle/api/internal/DefaultDomainObjectSet
Event: 191.334 loading class org/gradle/api/internal/DefaultDomainObjectSet done
Event: 191.341 loading class org/gradle/api/internal/plugins/DefaultPluginManager$3
Event: 191.341 loading class org/gradle/api/internal/plugins/DefaultPluginManager$3 done
Event: 191.346 loading class org/gradle/api/internal/collections/IterationOrderRetainingSetElementSource
Event: 191.346 loading class org/gradle/api/internal/collections/IterationOrderRetainingSetElementSource done
Event: 191.347 loading class org/gradle/api/internal/collections/IterationOrderRetainingSetElementSource$1
Event: 191.347 loading class org/gradle/api/internal/collections/IterationOrderRetainingSetElementSource$1 done
Event: 191.350 loading class org/gradle/groovy/scripts/internal/BuildScriptTransformer
Event: 191.350 loading class org/gradle/groovy/scripts/internal/BuildScriptTransformer done
Event: 191.351 loading class org/gradle/groovy/scripts/internal/ImperativeStatementDetectingTransformer
Event: 191.351 loading class org/gradle/groovy/scripts/internal/ImperativeStatementDetectingTransformer done
Event: 191.353 loading class org/gradle/groovy/scripts/internal/BuildScriptTransformer$1
Event: 191.353 loading class org/gradle/groovy/scripts/internal/BuildScriptTransformer$1 done
Event: 191.353 loading class org/gradle/groovy/scripts/internal/FactoryBackedCompileOperation
Event: 191.353 loading class org/gradle/groovy/scripts/internal/FactoryBackedCompileOperation done
Event: 191.460 loading class org/gradle/model/dsl/internal/transform/ClosureCreationInterceptingVerifier
Event: 191.460 loading class org/gradle/model/dsl/internal/transform/ClosureCreationInterceptingVerifier done
Event: 191.468 loading class org/gradle/api/internal/initialization/ClassLoaderScopeIdentifier$Id
Event: 191.468 loading class org/gradle/api/internal/initialization/ClassLoaderScopeIdentifier$Id done


Dynamic libraries:
0x00007ff63ec50000 - 0x00007ff63ec5d000 	C:\Program Files\Microsoft\jdk-11.0.18.10-hotspot\bin\java.exe
0x00007ffcb5670000 - 0x00007ffcb5868000 	C:\Windows\SYSTEM32\ntdll.dll
0x00007ffcb3c80000 - 0x00007ffcb3d3f000 	C:\Windows\System32\KERNEL32.DLL
0x00007ffcb2e80000 - 0x00007ffcb3176000 	C:\Windows\System32\KERNELBASE.dll
0x00007ffcb3530000 - 0x00007ffcb3630000 	C:\Windows\System32\ucrtbase.dll
0x00007ffc8a080000 - 0x00007ffc8a097000 	C:\Program Files\Microsoft\jdk-11.0.18.10-hotspot\bin\jli.dll
0x00007ffcb5490000 - 0x00007ffcb562d000 	C:\Windows\System32\USER32.dll
0x00007ffcb3450000 - 0x00007ffcb3472000 	C:\Windows\System32\win32u.dll
0x00007ffcb4ab0000 - 0x00007ffcb4adc000 	C:\Windows\System32\GDI32.dll
0x00007ffcb3180000 - 0x00007ffcb3295000 	C:\Windows\System32\gdi32full.dll
0x00007ffcb2d50000 - 0x00007ffcb2ded000 	C:\Windows\System32\msvcp_win.dll
0x00007ffc806e0000 - 0x00007ffc806f5000 	C:\Program Files\Microsoft\jdk-11.0.18.10-hotspot\bin\VCRUNTIME140.dll
0x00007ffc98cc0000 - 0x00007ffc98f5a000 	C:\Windows\WinSxS\amd64_microsoft.windows.common-controls_6595b64144ccf1df_6.0.19041.1110_none_60b5254171f9507e\COMCTL32.dll
0x00007ffcb3780000 - 0x00007ffcb381e000 	C:\Windows\System32\msvcrt.dll
0x00007ffcb3f10000 - 0x00007ffcb3f40000 	C:\Windows\System32\IMM32.DLL
0x00007ffc78960000 - 0x00007ffc789fb000 	C:\Program Files\Microsoft\jdk-11.0.18.10-hotspot\bin\msvcp140.dll
0x00007ffc48110000 - 0x00007ffc48ca2000 	C:\Program Files\Microsoft\jdk-11.0.18.10-hotspot\bin\server\jvm.dll
0x00007ffcb36d0000 - 0x00007ffcb377f000 	C:\Windows\System32\ADVAPI32.dll
0x00007ffcb39a0000 - 0x00007ffcb3a3c000 	C:\Windows\System32\sechost.dll
0x00007ffcb3d40000 - 0x00007ffcb3e66000 	C:\Windows\System32\RPCRT4.dll
0x00007ffcb3c70000 - 0x00007ffcb3c78000 	C:\Windows\System32\PSAPI.DLL
0x00007ffcafc80000 - 0x00007ffcafc89000 	C:\Windows\SYSTEM32\WSOCK32.dll
0x00007ffcb4700000 - 0x00007ffcb476b000 	C:\Windows\System32\WS2_32.dll
0x00007ffca8690000 - 0x00007ffca86b7000 	C:\Windows\SYSTEM32\WINMM.dll
0x00007ffca8ab0000 - 0x00007ffca8aba000 	C:\Windows\SYSTEM32\VERSION.dll
0x00007ffcb1590000 - 0x00007ffcb15a2000 	C:\Windows\SYSTEM32\kernel.appcore.dll
0x00007ffc98f90000 - 0x00007ffc98fa0000 	C:\Program Files\Microsoft\jdk-11.0.18.10-hotspot\bin\verify.dll
0x00007ffcafd90000 - 0x00007ffcaff74000 	C:\Windows\SYSTEM32\DBGHELP.DLL
0x00007ffc99b10000 - 0x00007ffc99b44000 	C:\Windows\SYSTEM32\dbgcore.DLL
0x00007ffcb2df0000 - 0x00007ffcb2e72000 	C:\Windows\System32\bcryptPrimitives.dll
0x00007ffc806b0000 - 0x00007ffc806d8000 	C:\Program Files\Microsoft\jdk-11.0.18.10-hotspot\bin\java.dll
0x00007ffc95220000 - 0x00007ffc9522a000 	C:\Program Files\Microsoft\jdk-11.0.18.10-hotspot\bin\jimage.dll
0x00007ffc80640000 - 0x00007ffc80658000 	C:\Program Files\Microsoft\jdk-11.0.18.10-hotspot\bin\zip.dll
0x00007ffcb3f40000 - 0x00007ffcb4684000 	C:\Windows\System32\SHELL32.dll
0x00007ffcb0d90000 - 0x00007ffcb1524000 	C:\Windows\SYSTEM32\windows.storage.dll
0x00007ffcb4ae0000 - 0x00007ffcb4e34000 	C:\Windows\System32\combase.dll
0x00007ffcb26c0000 - 0x00007ffcb26ee000 	C:\Windows\SYSTEM32\Wldp.dll
0x00007ffcb53e0000 - 0x00007ffcb548d000 	C:\Windows\System32\SHCORE.dll
0x00007ffcb3bb0000 - 0x00007ffcb3c05000 	C:\Windows\System32\shlwapi.dll
0x00007ffcb2c80000 - 0x00007ffcb2ca5000 	C:\Windows\SYSTEM32\profapi.dll
0x00007ffc805e0000 - 0x00007ffc805f9000 	C:\Program Files\Microsoft\jdk-11.0.18.10-hotspot\bin\net.dll
0x00007ffca1400000 - 0x00007ffca150a000 	C:\Windows\SYSTEM32\WINHTTP.dll
0x00007ffcb2420000 - 0x00007ffcb248a000 	C:\Windows\system32\mswsock.dll
0x00007ffc802f0000 - 0x00007ffc80303000 	C:\Program Files\Microsoft\jdk-11.0.18.10-hotspot\bin\nio.dll
0x00007ffcb0640000 - 0x00007ffcb0667000 	C:\Users\MS\.gradle\native\68d5fa5c4cc2d200863cafc0d521ce42e7d3e7ee720ec0a83991735586a16f82\windows-amd64\native-platform.dll
0x00007ffc8ee90000 - 0x00007ffc8efd4000 	C:\Users\MS\.gradle\native\e376f236ea51e6404a007f0833ffe2c6e607c4080706a723a18a27aeea778392\windows-amd64\native-platform-file-events.dll
0x00007ffc8c0b0000 - 0x00007ffc8c0b9000 	C:\Program Files\Microsoft\jdk-11.0.18.10-hotspot\bin\management.dll
0x00007ffc89db0000 - 0x00007ffc89dbb000 	C:\Program Files\Microsoft\jdk-11.0.18.10-hotspot\bin\management_ext.dll
0x00007ffcb2610000 - 0x00007ffcb2628000 	C:\Windows\SYSTEM32\CRYPTSP.dll
0x00007ffcb1d40000 - 0x00007ffcb1d74000 	C:\Windows\system32\rsaenh.dll
0x00007ffcb3630000 - 0x00007ffcb3657000 	C:\Windows\System32\bcrypt.dll
0x00007ffcb2c00000 - 0x00007ffcb2c2e000 	C:\Windows\SYSTEM32\USERENV.dll
0x00007ffcb2630000 - 0x00007ffcb263c000 	C:\Windows\SYSTEM32\CRYPTBASE.dll
0x00007ffcb2110000 - 0x00007ffcb214c000 	C:\Windows\SYSTEM32\IPHLPAPI.DLL
0x00007ffcb4770000 - 0x00007ffcb4778000 	C:\Windows\System32\NSI.dll
0x00007ffca1640000 - 0x00007ffca1657000 	C:\Windows\SYSTEM32\dhcpcsvc6.DLL
0x00007ffca4590000 - 0x00007ffca45ad000 	C:\Windows\SYSTEM32\dhcpcsvc.DLL
0x00007ffcb2150000 - 0x00007ffcb221a000 	C:\Windows\SYSTEM32\DNSAPI.dll

dbghelp: loaded successfully - version: 4.0.5 - missing functions: none
symbol engine: initialized successfully - sym options: 0x614 - pdb path: .;C:\Program Files\Microsoft\jdk-11.0.18.10-hotspot\bin;C:\Windows\SYSTEM32;C:\Windows\WinSxS\amd64_microsoft.windows.common-controls_6595b64144ccf1df_6.0.19041.1110_none_60b5254171f9507e;C:\Program Files\Microsoft\jdk-11.0.18.10-hotspot\bin\server;C:\Users\MS\.gradle\native\68d5fa5c4cc2d200863cafc0d521ce42e7d3e7ee720ec0a83991735586a16f82\windows-amd64;C:\Users\MS\.gradle\native\e376f236ea51e6404a007f0833ffe2c6e607c4080706a723a18a27aeea778392\windows-amd64

VM Arguments:
jvm_args: -XX:MaxMetaspaceSize=512m --add-opens=java.base/java.util=ALL-UNNAMED --add-opens=java.base/java.lang=ALL-UNNAMED --add-opens=java.base/java.lang.invoke=ALL-UNNAMED --add-opens=java.prefs/java.util.prefs=ALL-UNNAMED --add-opens=java.base/java.nio.charset=ALL-UNNAMED --add-opens=java.base/java.net=ALL-UNNAMED --add-opens=java.base/java.util.concurrent.atomic=ALL-UNNAMED -Xmx2048m -Dfile.encoding=windows-1252 -Duser.country=US -Duser.language=en -Duser.variant 
java_command: org.gradle.launcher.daemon.bootstrap.GradleDaemon 8.0.1
java_class_path (initial): C:\Users\MS\.gradle\wrapper\dists\gradle-8.0.1-all\aro4hu1c3oeioove7l0i4i14o\gradle-8.0.1\lib\gradle-launcher-8.0.1.jar
Launcher Type: SUN_STANDARD

[Global flags]
     intx CICompilerCount                          = 3                                         {product} {ergonomic}
   size_t CompressedClassSpaceSize                 = 528482304                                 {product} {ergonomic}
     uint ConcGCThreads                            = 1                                         {product} {ergonomic}
     uint G1ConcRefinementThreads                  = 4                                         {product} {ergonomic}
   size_t G1HeapRegionSize                         = 1048576                                   {product} {ergonomic}
    uintx GCDrainStackTargetSize                   = 64                                        {product} {ergonomic}
   size_t InitialHeapSize                          = 134217728                                 {product} {ergonomic}
   size_t MarkStackSize                            = 4194304                                   {product} {ergonomic}
   size_t MaxHeapSize                              = 2147483648                                {product} {command line}
   size_t MaxMetaspaceSize                         = 536870912                                 {product} {command line}
   size_t MaxNewSize                               = 1287651328                                {product} {ergonomic}
   size_t MinHeapDeltaBytes                        = 1048576                                   {product} {ergonomic}
    uintx NonNMethodCodeHeapSize                   = 5830732                                {pd product} {ergonomic}
    uintx NonProfiledCodeHeapSize                  = 122913754                              {pd product} {ergonomic}
    uintx ProfiledCodeHeapSize                     = 122913754                              {pd product} {ergonomic}
    uintx ReservedCodeCacheSize                    = 251658240                              {pd product} {ergonomic}
     bool SegmentedCodeCache                       = true                                      {product} {ergonomic}
     bool UseCompressedClassPointers               = true                                 {lp64_product} {ergonomic}
     bool UseCompressedOops                        = true                                 {lp64_product} {ergonomic}
     bool UseG1GC                                  = true                                      {product} {ergonomic}
     bool UseLargePagesIndividualAllocation        = false                                  {pd product} {ergonomic}

Logging:
Log output configuration:
 #0: stdout all=warning uptime,level,tags
 #1: stderr all=off uptime,level,tags

Environment Variables:
JAVA_HOME=C:\Program Files\Microsoft\jdk-11.0.18.10-hotspot\
CLASSPATH=D:\React Native\App\android\\gradle\wrapper\gradle-wrapper.jar
PATH=D:\React Native\App\node_modules\.bin;D:\React Native\App\node_modules\.bin;D:\React Native\node_modules\.bin;D:\node_modules\.bin;C:\Users\MS\AppData\Roaming\npm\node_modules\npm\node_modules\@npmcli\run-script\lib\node-gyp-bin;D:\React Native\App\node_modules\.bin;D:\React Native\node_modules\.bin;D:\node_modules\.bin;C:\Users\MS\AppData\Roaming\npm\node_modules\npm\node_modules\@npmcli\run-script\lib\node-gyp-bin;C:\Program Files\Microsoft\jdk-11.0.18.10-hotspot\bin;C:\Windows\system32;C:\Windows;C:\Windows\System32\Wbem;C:\Windows\System32\WindowsPowerShell\v1.0\;C:\Windows\System32\OpenSSH\;C:\ProgramData\chocolatey\bin;C:\Program Files\nodejs\;C:\platform-tools;C:\Users\MS\AppData\Local\Microsoft\WindowsApps;C:\Users\MS\AppData\Roaming\npm;C:\Users\MS\AppData\Local\Programs\Microsoft VS Code\bin
USERNAME=MS
OS=Windows_NT
PROCESSOR_IDENTIFIER=Intel64 Family 6 Model 78 Stepping 3, GenuineIntel
TMP=C:\Users\MS\AppData\Local\Temp
TEMP=C:\Users\MS\AppData\Local\Temp



---------------  S Y S T E M  ---------------

OS: Windows 10 , 64 bit Build 19041 (10.0.19041.3155)
OS uptime: 1 days 16:14 hours

CPU:total 4 (initial active 4) (2 cores per cpu, 2 threads per core) family 6 model 78 stepping 3 microcode 0xcc, cmov, cx8, fxsr, mmx, sse, sse2, sse3, ssse3, sse4.1, sse4.2, popcnt, avx, avx2, aes, clmul, erms, rtm, 3dnowpref, lzcnt, ht, tsc, tscinvbit, bmi1, bmi2, adx, fma

Memory: 4k page, system-wide physical 8072M (68M free)
TotalPageFile size 19592M (AvailPageFile size 8M)
current process WorkingSet (physical memory assigned to process): 201M, peak: 220M
current process commit charge ("private bytes"): 275M, peak: 293M

vm_info: OpenJDK 64-Bit Server VM (11.0.18+10-LTS) for windows-amd64 JRE (11.0.18+10-LTS), built on Jan 18 2023 15:56:47 by "MicrosoftCorporation" with MS VC++ 15.9 (VS2017)

END.
