#
# There is insufficient memory for the Java Runtime Environment to continue.
# Native memory allocation (malloc) failed to allocate 197936 bytes for Chunk::new
# Possible reasons:
#   The system is out of physical RAM or swap space
#   The process is running with CompressedOops enabled, and the Java Heap may be blocking the growth of the native heap
# Possible solutions:
#   Reduce memory load on the system
#   Increase physical memory or swap space
#   Check if swap backing store is full
#   Decrease Java heap size (-Xmx/-Xms)
#   Decrease number of Java threads
#   Decrease Java thread stack sizes (-Xss)
#   Set larger code cache with -XX:ReservedCodeCacheSize=
#   JVM is running with Unscaled Compressed Oops mode in which the Java heap is
#     placed in the first 4GB address space. The Java Heap base address is the
#     maximum limit for the native heap growth. Please use -XX:HeapBaseMinAddress
#     to set the Java Heap base and to place the Java Heap above 4GB virtual address.
# This output file may be truncated or incomplete.
#
#  Out of Memory Error (./src/hotspot/share/memory/arena.cpp:197), pid=19152, tid=19996
#
# JRE version: OpenJDK Runtime Environment Microsoft-7208460 (11.0.18+10) (build 11.0.18+10-LTS)
# Java VM: OpenJDK 64-Bit Server VM Microsoft-7208460 (11.0.18+10-LTS, mixed mode, tiered, compressed oops, g1 gc, windows-amd64)
# No core dump will be written. Minidumps are not enabled by default on client versions of Windows
#

---------------  S U M M A R Y ------------

Command Line: -XX:MaxMetaspaceSize=512m --add-opens=java.base/java.util=ALL-UNNAMED --add-opens=java.base/java.lang=ALL-UNNAMED --add-opens=java.base/java.lang.invoke=ALL-UNNAMED --add-opens=java.prefs/java.util.prefs=ALL-UNNAMED --add-opens=java.base/java.nio.charset=ALL-UNNAMED --add-opens=java.base/java.net=ALL-UNNAMED --add-opens=java.base/java.util.concurrent.atomic=ALL-UNNAMED -Xmx2048m -Dfile.encoding=windows-1252 -Duser.country=US -Duser.language=en -Duser.variant org.gradle.launcher.daemon.bootstrap.GradleDaemon 8.0.1

Host: Intel(R) Core(TM) i5-6300U CPU @ 2.40GHz, 4 cores, 7G,  Windows 10 , 64 bit Build 19041 (10.0.19041.3155)
Time: Tue Sep 26 03:46:08 2023 Pacific Daylight Time elapsed time: 206.642083 seconds (0d 0h 3m 26s)

---------------  T H R E A D  ---------------

Current thread (0x0000014db9284000):  JavaThread "C2 CompilerThread0" daemon [_thread_in_native, id=19996, stack(0x00000006cf900000,0x00000006cfa00000)]


Current CompileTask:
C2: 206642 3867       4       org.gradle.internal.serialize.InputStreamBackedDecoder::readInt (8 bytes)

Stack: [0x00000006cf900000,0x00000006cfa00000]
Native frames: (J=compiled Java code, j=interpreted, Vv=VM code, C=native code)
V  [jvm.dll+0x62bf8a]
V  [jvm.dll+0x7b8fb9]
V  [jvm.dll+0x7ba6a8]
V  [jvm.dll+0x7bad83]
V  [jvm.dll+0x250248]
V  [jvm.dll+0xc260c]
V  [jvm.dll+0xc2bcc]
V  [jvm.dll+0x35e1c7]
V  [jvm.dll+0x32a373]
V  [jvm.dll+0x3296aa]
V  [jvm.dll+0x2093b3]
V  [jvm.dll+0x20850d]
V  [jvm.dll+0x18a4b1]
V  [jvm.dll+0x217eec]
V  [jvm.dll+0x21612b]
V  [jvm.dll+0x77bac0]
V  [jvm.dll+0x7749f4]
V  [jvm.dll+0x62adf5]
C  [ucrtbase.dll+0x21bb2]
C  [KERNEL32.DLL+0x17614]
C  [ntdll.dll+0x526b1]


---------------  P R O C E S S  ---------------

Threads class SMR info:
_java_thread_list=0x0000014dbe1f5120, length=34, elements={
0x0000014d9999c800, 0x0000014db891f000, 0x0000014db8920800, 0x0000014db8973800,
0x0000014db9280800, 0x0000014db9281000, 0x0000014db9284000, 0x0000014db9285000,
0x0000014db897d800, 0x0000014db9376000, 0x0000014dba416800, 0x0000014db9ac7000,
0x0000014dba818800, 0x0000014dba8ab800, 0x0000014dba8ac000, 0x0000014db99c7800,
0x0000014dbad00800, 0x0000014dbacef000, 0x0000014dba124800, 0x0000014dba78e800,
0x0000014dba78f800, 0x0000014dba78b800, 0x0000014dba78c000, 0x0000014dba78d000,
0x0000014dba78a800, 0x0000014dba789800, 0x0000014dba78e000, 0x0000014dba790000,
0x0000014dbb490800, 0x0000014dbb48e000, 0x0000014dbb48f800, 0x0000014dbb491000,
0x0000014dbb48d000, 0x0000014dbb492000
}

Java Threads: ( => current thread )
  0x0000014d9999c800 JavaThread "main" [_thread_blocked, id=10800, stack(0x00000006cec00000,0x00000006ced00000)]
  0x0000014db891f000 JavaThread "Reference Handler" daemon [_thread_blocked, id=19880, stack(0x00000006cf400000,0x00000006cf500000)]
  0x0000014db8920800 JavaThread "Finalizer" daemon [_thread_blocked, id=19884, stack(0x00000006cf500000,0x00000006cf600000)]
  0x0000014db8973800 JavaThread "Signal Dispatcher" daemon [_thread_blocked, id=19984, stack(0x00000006cf600000,0x00000006cf700000)]
  0x0000014db9280800 JavaThread "Attach Listener" daemon [_thread_blocked, id=19988, stack(0x00000006cf700000,0x00000006cf800000)]
  0x0000014db9281000 JavaThread "Service Thread" daemon [_thread_blocked, id=19992, stack(0x00000006cf800000,0x00000006cf900000)]
=>0x0000014db9284000 JavaThread "C2 CompilerThread0" daemon [_thread_in_native, id=19996, stack(0x00000006cf900000,0x00000006cfa00000)]
  0x0000014db9285000 JavaThread "C1 CompilerThread0" daemon [_thread_blocked, id=20028, stack(0x00000006cfa00000,0x00000006cfb00000)]
  0x0000014db897d800 JavaThread "Sweeper thread" daemon [_thread_blocked, id=20052, stack(0x00000006cfb00000,0x00000006cfc00000)]
  0x0000014db9376000 JavaThread "Common-Cleaner" daemon [_thread_blocked, id=20192, stack(0x00000006cfc00000,0x00000006cfd00000)]
  0x0000014dba416800 JavaThread "Daemon health stats" [_thread_blocked, id=14764, stack(0x00000006ced00000,0x00000006cee00000)]
  0x0000014db9ac7000 JavaThread "Incoming local TCP Connector on port 57283" [_thread_in_native, id=9432, stack(0x00000006d0200000,0x00000006d0300000)]
  0x0000014dba818800 JavaThread "Daemon periodic checks" [_thread_blocked, id=12784, stack(0x00000006d0300000,0x00000006d0400000)]
  0x0000014dba8ab800 JavaThread "Daemon" [_thread_blocked, id=12336, stack(0x00000006d0400000,0x00000006d0500000)]
  0x0000014dba8ac000 JavaThread "Handler for socket connection from /127.0.0.1:57283 to /127.0.0.1:57285" [_thread_in_native, id=16388, stack(0x00000006d0500000,0x00000006d0600000)]
  0x0000014db99c7800 JavaThread "Cancel handler" [_thread_blocked, id=12592, stack(0x00000006d0600000,0x00000006d0700000)]
  0x0000014dbad00800 JavaThread "Daemon worker" [_thread_blocked, id=8324, stack(0x00000006d0700000,0x00000006d0800000)]
  0x0000014dbacef000 JavaThread "Asynchronous log dispatcher for DefaultDaemonConnection: socket connection from /127.0.0.1:57283 to /127.0.0.1:57285" [_thread_blocked, id=17248, stack(0x00000006d0800000,0x00000006d0900000)]
  0x0000014dba124800 JavaThread "Daemon client event forwarder" [_thread_blocked, id=2628, stack(0x00000006d0b00000,0x00000006d0c00000)]
  0x0000014dba78e800 JavaThread "Cache worker for journal cache (C:\Users\MS\.gradle\caches\journal-1)" [_thread_blocked, id=11748, stack(0x00000006d0e00000,0x00000006d0f00000)]
  0x0000014dba78f800 JavaThread "File lock request listener" [_thread_in_native, id=3932, stack(0x00000006d0f00000,0x00000006d1000000)]
  0x0000014dba78b800 JavaThread "File lock release action executor" [_thread_blocked, id=18236, stack(0x00000006d1000000,0x00000006d1100000)]
  0x0000014dba78c000 JavaThread "Cache worker for file hash cache (C:\Users\MS\.gradle\caches\8.0.1\fileHashes)" [_thread_blocked, id=18536, stack(0x00000006d1100000,0x00000006d1200000)]
  0x0000014dba78d000 JavaThread "File watcher server" daemon [_thread_in_native, id=19080, stack(0x00000006d0000000,0x00000006d0100000)]
  0x0000014dba78a800 JavaThread "File watcher consumer" daemon [_thread_blocked, id=4236, stack(0x00000006d0100000,0x00000006d0200000)]
  0x0000014dba789800 JavaThread "Cache worker for checksums cache (D:\React Native\App\android\.gradle\8.0.1\checksums)" [_thread_blocked, id=12696, stack(0x00000006d1200000,0x00000006d1300000)]
  0x0000014dba78e000 JavaThread "Cache worker for cache directory md-rule (C:\Users\MS\.gradle\caches\8.0.1\md-rule)" [_thread_blocked, id=17232, stack(0x00000006d1300000,0x00000006d1400000)]
  0x0000014dba790000 JavaThread "Cache worker for file content cache (C:\Users\MS\.gradle\caches\8.0.1\fileContent)" [_thread_blocked, id=12808, stack(0x00000006d1400000,0x00000006d1500000)]
  0x0000014dbb490800 JavaThread "Cache worker for file hash cache (D:\React Native\App\android\.gradle\8.0.1\fileHashes)" [_thread_blocked, id=16844, stack(0x00000006d1500000,0x00000006d1600000)]
  0x0000014dbb48e000 JavaThread "Cache worker for cache directory md-supplier (C:\Users\MS\.gradle\caches\8.0.1\md-supplier)" [_thread_blocked, id=10188, stack(0x00000006d1600000,0x00000006d1700000)]
  0x0000014dbb48f800 JavaThread "Cache worker for execution history cache (C:\Users\MS\.gradle\caches\8.0.1\executionHistory)" [_thread_blocked, id=13616, stack(0x00000006d1700000,0x00000006d1800000)]
  0x0000014dbb491000 JavaThread "jar transforms" [_thread_blocked, id=20836, stack(0x00000006d0900000,0x00000006d0a00000)]
  0x0000014dbb48d000 JavaThread "jar transforms Thread 2" [_thread_blocked, id=18884, stack(0x00000006d0a00000,0x00000006d0b00000)]
  0x0000014dbb492000 JavaThread "jar transforms Thread 3" [_thread_blocked, id=15336, stack(0x00000006d0c00000,0x00000006d0d00000)]

Other Threads:
  0x0000014db890b000 VMThread "VM Thread" [stack: 0x00000006cf300000,0x00000006cf400000] [id=19788]
  0x0000014db93a2800 WatcherThread [stack: 0x00000006cfd00000,0x00000006cfe00000] [id=20212]
  0x0000014d999b7000 GCTaskThread "GC Thread#0" [stack: 0x00000006cee00000,0x00000006cef00000] [id=19712]
  0x0000014db96e8800 GCTaskThread "GC Thread#1" [stack: 0x00000006cfe00000,0x00000006cff00000] [id=20516]
  0x0000014db97aa000 GCTaskThread "GC Thread#2" [stack: 0x00000006cff00000,0x00000006d0000000] [id=20572]
  0x0000014dba2be800 GCTaskThread "GC Thread#3" [stack: 0x00000006d0d00000,0x00000006d0e00000] [id=20188]
  0x0000014d999e8800 ConcurrentGCThread "G1 Main Marker" [stack: 0x00000006cef00000,0x00000006cf000000] [id=19716]
  0x0000014d999e9800 ConcurrentGCThread "G1 Conc#0" [stack: 0x00000006cf000000,0x00000006cf100000] [id=19720]
  0x0000014d99a77000 ConcurrentGCThread "G1 Refine#0" [stack: 0x00000006cf100000,0x00000006cf200000] [id=19724]
  0x0000014dba5dc000 ConcurrentGCThread "G1 Refine#1" [stack: 0x00000006ceb00000,0x00000006cec00000] [id=21160]
  0x0000014d99a78000 ConcurrentGCThread "G1 Young RemSet Sampling" [stack: 0x00000006cf200000,0x00000006cf300000] [id=19728]

Threads with active compile tasks:
C2 CompilerThread0   206690 3867       4       org.gradle.internal.serialize.InputStreamBackedDecoder::readInt (8 bytes)

VM state:not at safepoint (normal execution)

VM Mutex/Monitor currently owned by a thread: None

Heap address: 0x0000000080000000, size: 2048 MB, Compressed Oops mode: 32-bit
Narrow klass base: 0x0000000000000000, Narrow klass shift: 3
Compressed class space size: 528482304 Address: 0x0000000100000000

Heap:
 garbage-first heap   total 131072K, used 78790K [0x0000000080000000, 0x0000000100000000)
  region size 1024K, 60 young (61440K), 7 survivors (7168K)
 Metaspace       used 40940K, capacity 41964K, committed 42320K, reserved 552960K
  class space    used 5127K, capacity 5530K, committed 5632K, reserved 516096K
Heap Regions: E=young(eden), S=young(survivor), O=old, HS=humongous(starts), HC=humongous(continues), CS=collection set, F=free, A=archive, TAMS=top-at-mark-start (previous, next)
|   0|0x0000000080000000, 0x0000000080100000, 0x0000000080100000|100%| O|  |TAMS 0x0000000080100000, 0x0000000080000000| Untracked 
|   1|0x0000000080100000, 0x0000000080200000, 0x0000000080200000|100%| O|  |TAMS 0x0000000080200000, 0x0000000080100000| Untracked 
|   2|0x0000000080200000, 0x0000000080300000, 0x0000000080300000|100%| O|  |TAMS 0x0000000080300000, 0x0000000080200000| Untracked 
|   3|0x0000000080300000, 0x0000000080400000, 0x0000000080400000|100%|HS|  |TAMS 0x0000000080400000, 0x0000000080300000| Complete 
|   4|0x0000000080400000, 0x0000000080500000, 0x0000000080500000|100%|HC|  |TAMS 0x0000000080500000, 0x0000000080400000| Complete 
|   5|0x0000000080500000, 0x0000000080600000, 0x0000000080600000|100%|HC|  |TAMS 0x0000000080600000, 0x0000000080500000| Complete 
|   6|0x0000000080600000, 0x0000000080700000, 0x0000000080700000|100%|HC|  |TAMS 0x0000000080700000, 0x0000000080600000| Complete 
|   7|0x0000000080700000, 0x0000000080800000, 0x0000000080800000|100%| O|  |TAMS 0x0000000080800000, 0x0000000080700000| Untracked 
|   8|0x0000000080800000, 0x0000000080900000, 0x0000000080900000|100%| O|  |TAMS 0x0000000080900000, 0x0000000080800000| Untracked 
|   9|0x0000000080900000, 0x0000000080a00000, 0x0000000080a00000|100%| O|  |TAMS 0x0000000080a00000, 0x0000000080900000| Untracked 
|  10|0x0000000080a00000, 0x0000000080b00000, 0x0000000080b00000|100%| O|  |TAMS 0x0000000080b00000, 0x0000000080a00000| Untracked 
|  11|0x0000000080b00000, 0x0000000080c00000, 0x0000000080c00000|100%| O|  |TAMS 0x0000000080c00000, 0x0000000080b00000| Untracked 
|  12|0x0000000080c00000, 0x0000000080d00000, 0x0000000080d00000|100%| O|  |TAMS 0x0000000080d00000, 0x0000000080c00000| Untracked 
|  13|0x0000000080d00000, 0x0000000080e00000, 0x0000000080e00000|100%| O|  |TAMS 0x0000000080e00000, 0x0000000080d00000| Untracked 
|  14|0x0000000080e00000, 0x0000000080f00000, 0x0000000080f00000|100%| O|  |TAMS 0x0000000080f00000, 0x0000000080e00000| Untracked 
|  15|0x0000000080f00000, 0x0000000081000000, 0x0000000081000000|100%| O|  |TAMS 0x0000000081000000, 0x0000000080f00000| Untracked 
|  16|0x0000000081000000, 0x000000008108a000, 0x0000000081100000| 53%| O|  |TAMS 0x000000008108a000, 0x0000000081000000| Untracked 
|  17|0x0000000081100000, 0x0000000081200000, 0x0000000081200000|100%|HS|  |TAMS 0x0000000081100000, 0x0000000081100000| Complete 
|  18|0x0000000081200000, 0x0000000081300000, 0x0000000081300000|100%|HS|  |TAMS 0x0000000081200000, 0x0000000081200000| Complete 
|  19|0x0000000081300000, 0x0000000081400000, 0x0000000081400000|100%|HC|  |TAMS 0x0000000081300000, 0x0000000081300000| Complete 
|  20|0x0000000081400000, 0x0000000081400000, 0x0000000081500000|  0%| F|  |TAMS 0x0000000081400000, 0x0000000081400000| Untracked 
|  21|0x0000000081500000, 0x0000000081500000, 0x0000000081600000|  0%| F|  |TAMS 0x0000000081500000, 0x0000000081500000| Untracked 
|  22|0x0000000081600000, 0x0000000081600000, 0x0000000081700000|  0%| F|  |TAMS 0x0000000081600000, 0x0000000081600000| Untracked 
|  23|0x0000000081700000, 0x0000000081700000, 0x0000000081800000|  0%| F|  |TAMS 0x0000000081700000, 0x0000000081700000| Untracked 
|  24|0x0000000081800000, 0x0000000081800000, 0x0000000081900000|  0%| F|  |TAMS 0x0000000081800000, 0x0000000081800000| Untracked 
|  25|0x0000000081900000, 0x0000000081900000, 0x0000000081a00000|  0%| F|  |TAMS 0x0000000081900000, 0x0000000081900000| Untracked 
|  26|0x0000000081a00000, 0x0000000081a00000, 0x0000000081b00000|  0%| F|  |TAMS 0x0000000081a00000, 0x0000000081a00000| Untracked 
|  27|0x0000000081b00000, 0x0000000081b00000, 0x0000000081c00000|  0%| F|  |TAMS 0x0000000081b00000, 0x0000000081b00000| Untracked 
|  28|0x0000000081c00000, 0x0000000081c00000, 0x0000000081d00000|  0%| F|  |TAMS 0x0000000081c00000, 0x0000000081c00000| Untracked 
|  29|0x0000000081d00000, 0x0000000081d00000, 0x0000000081e00000|  0%| F|  |TAMS 0x0000000081d00000, 0x0000000081d00000| Untracked 
|  30|0x0000000081e00000, 0x0000000081e00000, 0x0000000081f00000|  0%| F|  |TAMS 0x0000000081e00000, 0x0000000081e00000| Untracked 
|  31|0x0000000081f00000, 0x0000000081f00000, 0x0000000082000000|  0%| F|  |TAMS 0x0000000081f00000, 0x0000000081f00000| Untracked 
|  32|0x0000000082000000, 0x0000000082000000, 0x0000000082100000|  0%| F|  |TAMS 0x0000000082000000, 0x0000000082000000| Untracked 
|  33|0x0000000082100000, 0x0000000082100000, 0x0000000082200000|  0%| F|  |TAMS 0x0000000082100000, 0x0000000082100000| Untracked 
|  34|0x0000000082200000, 0x0000000082200000, 0x0000000082300000|  0%| F|  |TAMS 0x0000000082200000, 0x0000000082200000| Untracked 
|  35|0x0000000082300000, 0x0000000082300000, 0x0000000082400000|  0%| F|  |TAMS 0x0000000082300000, 0x0000000082300000| Untracked 
|  36|0x0000000082400000, 0x0000000082400000, 0x0000000082500000|  0%| F|  |TAMS 0x0000000082400000, 0x0000000082400000| Untracked 
|  37|0x0000000082500000, 0x0000000082500000, 0x0000000082600000|  0%| F|  |TAMS 0x0000000082500000, 0x0000000082500000| Untracked 
|  38|0x0000000082600000, 0x0000000082600000, 0x0000000082700000|  0%| F|  |TAMS 0x0000000082600000, 0x0000000082600000| Untracked 
|  39|0x0000000082700000, 0x0000000082700000, 0x0000000082800000|  0%| F|  |TAMS 0x0000000082700000, 0x0000000082700000| Untracked 
|  40|0x0000000082800000, 0x0000000082800000, 0x0000000082900000|  0%| F|  |TAMS 0x0000000082800000, 0x0000000082800000| Untracked 
|  41|0x0000000082900000, 0x0000000082900000, 0x0000000082a00000|  0%| F|  |TAMS 0x0000000082900000, 0x0000000082900000| Untracked 
|  42|0x0000000082a00000, 0x0000000082a00000, 0x0000000082b00000|  0%| F|  |TAMS 0x0000000082a00000, 0x0000000082a00000| Untracked 
|  43|0x0000000082b00000, 0x0000000082b00000, 0x0000000082c00000|  0%| F|  |TAMS 0x0000000082b00000, 0x0000000082b00000| Untracked 
|  44|0x0000000082c00000, 0x0000000082c00000, 0x0000000082d00000|  0%| F|  |TAMS 0x0000000082c00000, 0x0000000082c00000| Untracked 
|  45|0x0000000082d00000, 0x0000000082d00000, 0x0000000082e00000|  0%| F|  |TAMS 0x0000000082d00000, 0x0000000082d00000| Untracked 
|  46|0x0000000082e00000, 0x0000000082e00000, 0x0000000082f00000|  0%| F|  |TAMS 0x0000000082e00000, 0x0000000082e00000| Untracked 
|  47|0x0000000082f00000, 0x0000000082f00000, 0x0000000083000000|  0%| F|  |TAMS 0x0000000082f00000, 0x0000000082f00000| Untracked 
|  48|0x0000000083000000, 0x0000000083000000, 0x0000000083100000|  0%| F|  |TAMS 0x0000000083000000, 0x0000000083000000| Untracked 
|  49|0x0000000083100000, 0x0000000083100000, 0x0000000083200000|  0%| F|  |TAMS 0x0000000083100000, 0x0000000083100000| Untracked 
|  50|0x0000000083200000, 0x0000000083200000, 0x0000000083300000|  0%| F|  |TAMS 0x0000000083200000, 0x0000000083200000| Untracked 
|  51|0x0000000083300000, 0x0000000083300000, 0x0000000083400000|  0%| F|  |TAMS 0x0000000083300000, 0x0000000083300000| Untracked 
|  52|0x0000000083400000, 0x0000000083400000, 0x0000000083500000|  0%| F|  |TAMS 0x0000000083400000, 0x0000000083400000| Untracked 
|  53|0x0000000083500000, 0x0000000083500000, 0x0000000083600000|  0%| F|  |TAMS 0x0000000083500000, 0x0000000083500000| Untracked 
|  54|0x0000000083600000, 0x0000000083600000, 0x0000000083700000|  0%| F|  |TAMS 0x0000000083600000, 0x0000000083600000| Untracked 
|  55|0x0000000083700000, 0x0000000083700000, 0x0000000083800000|  0%| F|  |TAMS 0x0000000083700000, 0x0000000083700000| Untracked 
|  56|0x0000000083800000, 0x0000000083800000, 0x0000000083900000|  0%| F|  |TAMS 0x0000000083800000, 0x0000000083800000| Untracked 
|  57|0x0000000083900000, 0x0000000083900000, 0x0000000083a00000|  0%| F|  |TAMS 0x0000000083900000, 0x0000000083900000| Untracked 
|  58|0x0000000083a00000, 0x0000000083a00000, 0x0000000083b00000|  0%| F|  |TAMS 0x0000000083a00000, 0x0000000083a00000| Untracked 
|  59|0x0000000083b00000, 0x0000000083b00000, 0x0000000083c00000|  0%| F|  |TAMS 0x0000000083b00000, 0x0000000083b00000| Untracked 
|  60|0x0000000083c00000, 0x0000000083c00000, 0x0000000083d00000|  0%| F|  |TAMS 0x0000000083c00000, 0x0000000083c00000| Untracked 
|  61|0x0000000083d00000, 0x0000000083d00000, 0x0000000083e00000|  0%| F|  |TAMS 0x0000000083d00000, 0x0000000083d00000| Untracked 
|  62|0x0000000083e00000, 0x0000000083e00000, 0x0000000083f00000|  0%| F|  |TAMS 0x0000000083e00000, 0x0000000083e00000| Untracked 
|  63|0x0000000083f00000, 0x0000000083f00000, 0x0000000084000000|  0%| F|  |TAMS 0x0000000083f00000, 0x0000000083f00000| Untracked 
|  64|0x0000000084000000, 0x0000000084000000, 0x0000000084100000|  0%| F|  |TAMS 0x0000000084000000, 0x0000000084000000| Untracked 
|  65|0x0000000084100000, 0x0000000084100000, 0x0000000084200000|  0%| F|  |TAMS 0x0000000084100000, 0x0000000084100000| Untracked 
|  66|0x0000000084200000, 0x0000000084200000, 0x0000000084300000|  0%| F|  |TAMS 0x0000000084200000, 0x0000000084200000| Untracked 
|  67|0x0000000084300000, 0x0000000084300000, 0x0000000084400000|  0%| F|  |TAMS 0x0000000084300000, 0x0000000084300000| Untracked 
|  68|0x0000000084400000, 0x00000000844ee8c8, 0x0000000084500000| 93%| E|  |TAMS 0x0000000084400000, 0x0000000084400000| Complete 
|  69|0x0000000084500000, 0x0000000084600000, 0x0000000084600000|100%| E|CS|TAMS 0x0000000084500000, 0x0000000084500000| Complete 
|  70|0x0000000084600000, 0x0000000084700000, 0x0000000084700000|100%| E|CS|TAMS 0x0000000084600000, 0x0000000084600000| Complete 
|  71|0x0000000084700000, 0x0000000084800000, 0x0000000084800000|100%| E|CS|TAMS 0x0000000084700000, 0x0000000084700000| Complete 
|  72|0x0000000084800000, 0x0000000084900000, 0x0000000084900000|100%| E|CS|TAMS 0x0000000084800000, 0x0000000084800000| Complete 
|  73|0x0000000084900000, 0x0000000084a00000, 0x0000000084a00000|100%| E|CS|TAMS 0x0000000084900000, 0x0000000084900000| Complete 
|  74|0x0000000084a00000, 0x0000000084b00000, 0x0000000084b00000|100%| E|CS|TAMS 0x0000000084a00000, 0x0000000084a00000| Complete 
|  75|0x0000000084b00000, 0x0000000084c00000, 0x0000000084c00000|100%| E|  |TAMS 0x0000000084b00000, 0x0000000084b00000| Complete 
|  76|0x0000000084c00000, 0x0000000084d00000, 0x0000000084d00000|100%| E|CS|TAMS 0x0000000084c00000, 0x0000000084c00000| Complete 
|  77|0x0000000084d00000, 0x0000000084e00000, 0x0000000084e00000|100%| E|CS|TAMS 0x0000000084d00000, 0x0000000084d00000| Complete 
|  78|0x0000000084e00000, 0x0000000084f00000, 0x0000000084f00000|100%| E|CS|TAMS 0x0000000084e00000, 0x0000000084e00000| Complete 
|  79|0x0000000084f00000, 0x0000000085000000, 0x0000000085000000|100%| E|CS|TAMS 0x0000000084f00000, 0x0000000084f00000| Complete 
|  80|0x0000000085000000, 0x0000000085100000, 0x0000000085100000|100%| E|CS|TAMS 0x0000000085000000, 0x0000000085000000| Complete 
|  81|0x0000000085100000, 0x0000000085200000, 0x0000000085200000|100%| E|CS|TAMS 0x0000000085100000, 0x0000000085100000| Complete 
|  82|0x0000000085200000, 0x0000000085300000, 0x0000000085300000|100%| E|CS|TAMS 0x0000000085200000, 0x0000000085200000| Complete 
|  83|0x0000000085300000, 0x0000000085400000, 0x0000000085400000|100%| E|CS|TAMS 0x0000000085300000, 0x0000000085300000| Complete 
|  84|0x0000000085400000, 0x0000000085500000, 0x0000000085500000|100%| E|CS|TAMS 0x0000000085400000, 0x0000000085400000| Complete 
|  85|0x0000000085500000, 0x0000000085600000, 0x0000000085600000|100%| E|CS|TAMS 0x0000000085500000, 0x0000000085500000| Complete 
|  86|0x0000000085600000, 0x0000000085700000, 0x0000000085700000|100%| E|CS|TAMS 0x0000000085600000, 0x0000000085600000| Complete 
|  87|0x0000000085700000, 0x0000000085800000, 0x0000000085800000|100%| E|CS|TAMS 0x0000000085700000, 0x0000000085700000| Complete 
|  88|0x0000000085800000, 0x0000000085900000, 0x0000000085900000|100%| E|CS|TAMS 0x0000000085800000, 0x0000000085800000| Complete 
|  89|0x0000000085900000, 0x0000000085a00000, 0x0000000085a00000|100%| E|CS|TAMS 0x0000000085900000, 0x0000000085900000| Complete 
|  90|0x0000000085a00000, 0x0000000085b00000, 0x0000000085b00000|100%| E|CS|TAMS 0x0000000085a00000, 0x0000000085a00000| Complete 
|  91|0x0000000085b00000, 0x0000000085c00000, 0x0000000085c00000|100%| E|CS|TAMS 0x0000000085b00000, 0x0000000085b00000| Complete 
|  92|0x0000000085c00000, 0x0000000085d00000, 0x0000000085d00000|100%| E|CS|TAMS 0x0000000085c00000, 0x0000000085c00000| Complete 
|  93|0x0000000085d00000, 0x0000000085e00000, 0x0000000085e00000|100%| E|CS|TAMS 0x0000000085d00000, 0x0000000085d00000| Complete 
|  94|0x0000000085e00000, 0x0000000085f00000, 0x0000000085f00000|100%| E|CS|TAMS 0x0000000085e00000, 0x0000000085e00000| Complete 
|  95|0x0000000085f00000, 0x0000000086000000, 0x0000000086000000|100%| E|CS|TAMS 0x0000000085f00000, 0x0000000085f00000| Complete 
|  96|0x0000000086000000, 0x0000000086100000, 0x0000000086100000|100%| E|CS|TAMS 0x0000000086000000, 0x0000000086000000| Complete 
|  97|0x0000000086100000, 0x0000000086167ba0, 0x0000000086200000| 40%| S|CS|TAMS 0x0000000086100000, 0x0000000086100000| Complete 
|  98|0x0000000086200000, 0x0000000086300000, 0x0000000086300000|100%| S|CS|TAMS 0x0000000086200000, 0x0000000086200000| Complete 
|  99|0x0000000086300000, 0x0000000086400000, 0x0000000086400000|100%| S|CS|TAMS 0x0000000086300000, 0x0000000086300000| Complete 
| 100|0x0000000086400000, 0x0000000086500000, 0x0000000086500000|100%| S|CS|TAMS 0x0000000086400000, 0x0000000086400000| Complete 
| 101|0x0000000086500000, 0x0000000086600000, 0x0000000086600000|100%| S|CS|TAMS 0x0000000086500000, 0x0000000086500000| Complete 
| 102|0x0000000086600000, 0x0000000086700000, 0x0000000086700000|100%| S|CS|TAMS 0x0000000086600000, 0x0000000086600000| Complete 
| 103|0x0000000086700000, 0x0000000086800000, 0x0000000086800000|100%| S|CS|TAMS 0x0000000086700000, 0x0000000086700000| Complete 
| 104|0x0000000086800000, 0x0000000086900000, 0x0000000086900000|100%| E|CS|TAMS 0x0000000086800000, 0x0000000086800000| Complete 
| 105|0x0000000086900000, 0x0000000086a00000, 0x0000000086a00000|100%| E|CS|TAMS 0x0000000086900000, 0x0000000086900000| Complete 
| 106|0x0000000086a00000, 0x0000000086b00000, 0x0000000086b00000|100%| E|CS|TAMS 0x0000000086a00000, 0x0000000086a00000| Complete 
| 107|0x0000000086b00000, 0x0000000086c00000, 0x0000000086c00000|100%| E|CS|TAMS 0x0000000086b00000, 0x0000000086b00000| Complete 
| 108|0x0000000086c00000, 0x0000000086d00000, 0x0000000086d00000|100%| E|CS|TAMS 0x0000000086c00000, 0x0000000086c00000| Complete 
| 109|0x0000000086d00000, 0x0000000086e00000, 0x0000000086e00000|100%| E|CS|TAMS 0x0000000086d00000, 0x0000000086d00000| Complete 
| 110|0x0000000086e00000, 0x0000000086f00000, 0x0000000086f00000|100%| E|CS|TAMS 0x0000000086e00000, 0x0000000086e00000| Complete 
| 111|0x0000000086f00000, 0x0000000087000000, 0x0000000087000000|100%| E|CS|TAMS 0x0000000086f00000, 0x0000000086f00000| Complete 
| 112|0x0000000087000000, 0x0000000087100000, 0x0000000087100000|100%| E|CS|TAMS 0x0000000087000000, 0x0000000087000000| Complete 
| 113|0x0000000087100000, 0x0000000087200000, 0x0000000087200000|100%| E|CS|TAMS 0x0000000087100000, 0x0000000087100000| Complete 
| 114|0x0000000087200000, 0x0000000087300000, 0x0000000087300000|100%| E|CS|TAMS 0x0000000087200000, 0x0000000087200000| Complete 
| 115|0x0000000087300000, 0x0000000087400000, 0x0000000087400000|100%| E|CS|TAMS 0x0000000087300000, 0x0000000087300000| Complete 
| 116|0x0000000087400000, 0x0000000087500000, 0x0000000087500000|100%| E|CS|TAMS 0x0000000087400000, 0x0000000087400000| Complete 
| 117|0x0000000087500000, 0x0000000087600000, 0x0000000087600000|100%| E|CS|TAMS 0x0000000087500000, 0x0000000087500000| Complete 
| 118|0x0000000087600000, 0x0000000087700000, 0x0000000087700000|100%| E|CS|TAMS 0x0000000087600000, 0x0000000087600000| Complete 
| 119|0x0000000087700000, 0x0000000087800000, 0x0000000087800000|100%| E|CS|TAMS 0x0000000087700000, 0x0000000087700000| Complete 
| 120|0x0000000087800000, 0x0000000087900000, 0x0000000087900000|100%| E|CS|TAMS 0x0000000087800000, 0x0000000087800000| Complete 
| 121|0x0000000087900000, 0x0000000087a00000, 0x0000000087a00000|100%| E|CS|TAMS 0x0000000087900000, 0x0000000087900000| Complete 
| 122|0x0000000087a00000, 0x0000000087b00000, 0x0000000087b00000|100%| E|CS|TAMS 0x0000000087a00000, 0x0000000087a00000| Complete 
| 123|0x0000000087b00000, 0x0000000087c00000, 0x0000000087c00000|100%| E|CS|TAMS 0x0000000087b00000, 0x0000000087b00000| Complete 
| 124|0x0000000087c00000, 0x0000000087d00000, 0x0000000087d00000|100%| E|CS|TAMS 0x0000000087c00000, 0x0000000087c00000| Complete 
| 125|0x0000000087d00000, 0x0000000087e00000, 0x0000000087e00000|100%| E|CS|TAMS 0x0000000087d00000, 0x0000000087d00000| Complete 
| 126|0x0000000087e00000, 0x0000000087f00000, 0x0000000087f00000|100%| E|CS|TAMS 0x0000000087e00000, 0x0000000087e00000| Complete 
| 127|0x0000000087f00000, 0x0000000088000000, 0x0000000088000000|100%| E|CS|TAMS 0x0000000087f00000, 0x0000000087f00000| Complete 

Card table byte_map: [0x0000014db1b40000,0x0000014db1f40000] _byte_map_base: 0x0000014db1740000

Marking Bits (Prev, Next): (CMBitMap*) 0x0000014d999df8d8, (CMBitMap*) 0x0000014d999df910
 Prev Bits: [0x0000014db2340000, 0x0000014db4340000)
 Next Bits: [0x0000014db4340000, 0x0000014db6340000)

Polling page: 0x0000014d980f0000

Metaspace:

Usage:
  Non-class:     35.58 MB capacity,    34.97 MB ( 98%) used,   515.90 KB (  1%) free+waste,   105.31 KB ( <1%) overhead. 
      Class:      5.40 MB capacity,     5.01 MB ( 93%) used,   351.85 KB (  6%) free+waste,    50.69 KB ( <1%) overhead. 
       Both:     40.98 MB capacity,    39.98 MB ( 98%) used,   867.75 KB (  2%) free+waste,   156.00 KB ( <1%) overhead. 

Virtual space:
  Non-class space:       36.00 MB reserved,      35.83 MB (>99%) committed 
      Class space:      504.00 MB reserved,       5.50 MB (  1%) committed 
             Both:      540.00 MB reserved,      41.33 MB (  8%) committed 

Chunk freelists:
   Non-Class:  0 bytes
       Class:  6.00 KB
        Both:  6.00 KB

MaxMetaspaceSize: 512.00 MB
CompressedClassSpaceSize: 504.00 MB
Initial GC threshold: 20.80 MB
Current GC threshold: 59.92 MB
CDS: off

CodeHeap 'non-profiled nmethods': size=120064Kb used=2213Kb max_used=2213Kb free=117850Kb
 bounds [0x0000014da9be0000, 0x0000014da9e50000, 0x0000014db1120000]
CodeHeap 'profiled nmethods': size=120000Kb used=8199Kb max_used=8199Kb free=111800Kb
 bounds [0x0000014da26b0000, 0x0000014da2ec0000, 0x0000014da9be0000]
CodeHeap 'non-nmethods': size=5696Kb used=2275Kb max_used=2311Kb free=3420Kb
 bounds [0x0000014da2120000, 0x0000014da2390000, 0x0000014da26b0000]
 total_blobs=4592 nmethods=3823 adapters=681
 compilation: enabled
              stopped_count=0, restarted_count=0
 full_count=0

Compilation events (20 events):
Event: 205.405 Thread 0x0000014db9285000 nmethod 3857 0x0000014da2eaa490 code [0x0000014da2eaa680, 0x0000014da2eaac08]
Event: 205.406 Thread 0x0000014db9285000 3858       3       sun.security.provider.MD5::implCompress0 (1499 bytes)
Event: 205.411 Thread 0x0000014db9285000 nmethod 3858 0x0000014da2eaae90 code [0x0000014da2eab260, 0x0000014da2ead938]
Event: 205.412 Thread 0x0000014db9285000 3859       3       sun.nio.fs.WindowsPath::isEmpty (8 bytes)
Event: 205.412 Thread 0x0000014db9285000 nmethod 3859 0x0000014da2eaea90 code [0x0000014da2eaec40, 0x0000014da2eaee18]
Event: 206.252 Thread 0x0000014db9285000 3860   !   3       java.util.concurrent.LinkedBlockingDeque::offerLast (53 bytes)
Event: 206.253 Thread 0x0000014db9285000 nmethod 3860 0x0000014da2eaef10 code [0x0000014da2eaf180, 0x0000014da2eafbf8]
Event: 206.253 Thread 0x0000014db9285000 3861       3       java.util.concurrent.LinkedBlockingDeque$Node::<init> (10 bytes)
Event: 206.253 Thread 0x0000014db9285000 nmethod 3861 0x0000014da2eb0010 code [0x0000014da2eb01c0, 0x0000014da2eb0378]
Event: 206.253 Thread 0x0000014db9285000 3862       3       java.util.concurrent.LinkedBlockingDeque::linkLast (69 bytes)
Event: 206.254 Thread 0x0000014db9285000 nmethod 3862 0x0000014da2eb0410 code [0x0000014da2eb0620, 0x0000014da2eb0c28]
Event: 206.529 Thread 0x0000014db9285000 3863   !   3       java.net.DatagramSocket::isClosed (19 bytes)
Event: 206.529 Thread 0x0000014db9285000 nmethod 3863 0x0000014da2eb0e10 code [0x0000014da2eb0fc0, 0x0000014da2eb1258]
Event: 206.607 Thread 0x0000014db9284000 3864       4       java.lang.ref.Reference::clear (6 bytes)
Event: 206.607 Thread 0x0000014db9285000 3865       3       org.gradle.launcher.daemon.registry.PersistentDaemonRegistry$1::isSatisfiedBy (9 bytes)
Event: 206.607 Thread 0x0000014db9285000 nmethod 3865 0x0000014da2eb1310 code [0x0000014da2eb14e0, 0x0000014da2eb17d8]
Event: 206.607 Thread 0x0000014db9285000 3866       3       org.gradle.launcher.daemon.registry.PersistentDaemonRegistry$1::isSatisfiedBy (16 bytes)
Event: 206.608 Thread 0x0000014db9285000 nmethod 3866 0x0000014da2eb1910 code [0x0000014da2eb1ac0, 0x0000014da2eb1c58]
Event: 206.608 Thread 0x0000014db9284000 nmethod 3864 0x0000014da9e09390 code [0x0000014da9e09520, 0x0000014da9e095d8]
Event: 206.613 Thread 0x0000014db9284000 3867       4       org.gradle.internal.serialize.InputStreamBackedDecoder::readInt (8 bytes)

GC Heap History (14 events):
Event: 35.424 GC heap before
{Heap before GC invocations=0 (full 0):
 garbage-first heap   total 131072K, used 13312K [0x0000000080000000, 0x0000000100000000)
  region size 1024K, 14 young (14336K), 0 survivors (0K)
 Metaspace       used 6761K, capacity 6997K, committed 7168K, reserved 524288K
  class space    used 573K, capacity 650K, committed 768K, reserved 516096K
}
Event: 36.248 GC heap after
{Heap after GC invocations=1 (full 0):
 garbage-first heap   total 131072K, used 4278K [0x0000000080000000, 0x0000000100000000)
  region size 1024K, 2 young (2048K), 2 survivors (2048K)
 Metaspace       used 6761K, capacity 6997K, committed 7168K, reserved 524288K
  class space    used 573K, capacity 650K, committed 768K, reserved 516096K
}
Event: 64.862 GC heap before
{Heap before GC invocations=1 (full 0):
 garbage-first heap   total 131072K, used 51382K [0x0000000080000000, 0x0000000100000000)
  region size 1024K, 44 young (45056K), 2 survivors (2048K)
 Metaspace       used 10992K, capacity 11271K, committed 11520K, reserved 526336K
  class space    used 1116K, capacity 1206K, committed 1280K, reserved 516096K
}
Event: 64.878 GC heap after
{Heap after GC invocations=2 (full 0):
 garbage-first heap   total 131072K, used 14653K [0x0000000080000000, 0x0000000100000000)
  region size 1024K, 6 young (6144K), 6 survivors (6144K)
 Metaspace       used 10992K, capacity 11271K, committed 11520K, reserved 526336K
  class space    used 1116K, capacity 1206K, committed 1280K, reserved 516096K
}
Event: 102.031 GC heap before
{Heap before GC invocations=2 (full 0):
 garbage-first heap   total 131072K, used 54589K [0x0000000080000000, 0x0000000100000000)
  region size 1024K, 45 young (46080K), 6 survivors (6144K)
 Metaspace       used 18520K, capacity 18926K, committed 19200K, reserved 534528K
  class space    used 2133K, capacity 2244K, committed 2304K, reserved 516096K
}
Event: 102.419 GC heap after
{Heap after GC invocations=3 (full 0):
 garbage-first heap   total 131072K, used 17189K [0x0000000080000000, 0x0000000100000000)
  region size 1024K, 3 young (3072K), 3 survivors (3072K)
 Metaspace       used 18520K, capacity 18926K, committed 19200K, reserved 534528K
  class space    used 2133K, capacity 2244K, committed 2304K, reserved 516096K
}
Event: 106.256 GC heap before
{Heap before GC invocations=3 (full 0):
 garbage-first heap   total 131072K, used 35621K [0x0000000080000000, 0x0000000100000000)
  region size 1024K, 22 young (22528K), 3 survivors (3072K)
 Metaspace       used 20825K, capacity 21202K, committed 21296K, reserved 536576K
  class space    used 2481K, capacity 2650K, committed 2688K, reserved 516096K
}
Event: 106.266 GC heap after
{Heap after GC invocations=4 (full 0):
 garbage-first heap   total 131072K, used 17964K [0x0000000080000000, 0x0000000100000000)
  region size 1024K, 4 young (4096K), 4 survivors (4096K)
 Metaspace       used 20825K, capacity 21202K, committed 21296K, reserved 536576K
  class space    used 2481K, capacity 2650K, committed 2688K, reserved 516096K
}
Event: 122.868 GC heap before
{Heap before GC invocations=5 (full 0):
 garbage-first heap   total 131072K, used 67116K [0x0000000080000000, 0x0000000100000000)
  region size 1024K, 52 young (53248K), 4 survivors (4096K)
 Metaspace       used 25165K, capacity 25706K, committed 25904K, reserved 538624K
  class space    used 3179K, capacity 3387K, committed 3456K, reserved 516096K
}
Event: 122.882 GC heap after
{Heap after GC invocations=6 (full 0):
 garbage-first heap   total 131072K, used 19509K [0x0000000080000000, 0x0000000100000000)
  region size 1024K, 6 young (6144K), 6 survivors (6144K)
 Metaspace       used 25165K, capacity 25706K, committed 25904K, reserved 538624K
  class space    used 3179K, capacity 3387K, committed 3456K, reserved 516096K
}
Event: 149.294 GC heap before
{Heap before GC invocations=6 (full 0):
 garbage-first heap   total 131072K, used 75829K [0x0000000080000000, 0x0000000100000000)
  region size 1024K, 61 young (62464K), 6 survivors (6144K)
 Metaspace       used 30493K, capacity 31267K, committed 31408K, reserved 544768K
  class space    used 3990K, capacity 4311K, committed 4352K, reserved 516096K
}
Event: 149.312 GC heap after
{Heap after GC invocations=7 (full 0):
 garbage-first heap   total 131072K, used 21455K [0x0000000080000000, 0x0000000100000000)
  region size 1024K, 5 young (5120K), 5 survivors (5120K)
 Metaspace       used 30493K, capacity 31267K, committed 31408K, reserved 544768K
  class space    used 3990K, capacity 4311K, committed 4352K, reserved 516096K
}
Event: 160.438 GC heap before
{Heap before GC invocations=7 (full 0):
 garbage-first heap   total 131072K, used 45007K [0x0000000080000000, 0x0000000100000000)
  region size 1024K, 29 young (29696K), 5 survivors (5120K)
 Metaspace       used 34986K, capacity 35836K, committed 35920K, reserved 548864K
  class space    used 4454K, capacity 4813K, committed 4864K, reserved 516096K
}
Event: 160.456 GC heap after
{Heap after GC invocations=8 (full 0):
 garbage-first heap   total 131072K, used 23494K [0x0000000080000000, 0x0000000100000000)
  region size 1024K, 7 young (7168K), 7 survivors (7168K)
 Metaspace       used 34986K, capacity 35836K, committed 35920K, reserved 548864K
  class space    used 4454K, capacity 4813K, committed 4864K, reserved 516096K
}

Deoptimization events (20 events):
Event: 203.595 Thread 0x0000014dbad00800 Uncommon trap: trap_request=0xffffffbe fr.pc=0x0000014da9df8834 relative=0x00000000000007d4
Event: 203.595 Thread 0x0000014dbad00800 Uncommon trap: reason=profile_predicate action=maybe_recompile pc=0x0000014da9df8834 method=java.lang.PublicMethods$MethodList.filter([Ljava/lang/reflect/Method;Ljava/lang/String;[Ljava/lang/Class;Z)Ljava/lang/PublicMethods$MethodList; @ 21 c2
Event: 203.595 Thread 0x0000014dbad00800 DEOPT PACKING pc=0x0000014da9df8834 sp=0x00000006d07f8360
Event: 203.595 Thread 0x0000014dbad00800 DEOPT UNPACKING pc=0x0000014da216a1af sp=0x00000006d07f8318 mode 2
Event: 203.615 Thread 0x0000014dbad00800 Uncommon trap: trap_request=0xffffffbe fr.pc=0x0000014da9df8834 relative=0x00000000000007d4
Event: 203.615 Thread 0x0000014dbad00800 Uncommon trap: reason=profile_predicate action=maybe_recompile pc=0x0000014da9df8834 method=java.lang.PublicMethods$MethodList.filter([Ljava/lang/reflect/Method;Ljava/lang/String;[Ljava/lang/Class;Z)Ljava/lang/PublicMethods$MethodList; @ 21 c2
Event: 203.615 Thread 0x0000014dbad00800 DEOPT PACKING pc=0x0000014da9df8834 sp=0x00000006d07f8af0
Event: 203.615 Thread 0x0000014dbad00800 DEOPT UNPACKING pc=0x0000014da216a1af sp=0x00000006d07f8aa8 mode 2
Event: 203.615 Thread 0x0000014dbad00800 Uncommon trap: trap_request=0xffffffbe fr.pc=0x0000014da9df8834 relative=0x00000000000007d4
Event: 203.615 Thread 0x0000014dbad00800 Uncommon trap: reason=profile_predicate action=maybe_recompile pc=0x0000014da9df8834 method=java.lang.PublicMethods$MethodList.filter([Ljava/lang/reflect/Method;Ljava/lang/String;[Ljava/lang/Class;Z)Ljava/lang/PublicMethods$MethodList; @ 21 c2
Event: 203.615 Thread 0x0000014dbad00800 DEOPT PACKING pc=0x0000014da9df8834 sp=0x00000006d07f8ad0
Event: 203.615 Thread 0x0000014dbad00800 DEOPT UNPACKING pc=0x0000014da216a1af sp=0x00000006d07f8a88 mode 2
Event: 204.796 Thread 0x0000014dbad00800 Uncommon trap: trap_request=0xffffffde fr.pc=0x0000014da9dc2ae0 relative=0x0000000000000440
Event: 204.796 Thread 0x0000014dbad00800 Uncommon trap: reason=class_check action=maybe_recompile pc=0x0000014da9dc2ae0 method=java.util.regex.Pattern$Start.match(Ljava/util/regex/Matcher;ILjava/lang/CharSequence;)Z @ 44 c2
Event: 204.796 Thread 0x0000014dbad00800 DEOPT PACKING pc=0x0000014da9dc2ae0 sp=0x00000006d07f7bc0
Event: 204.796 Thread 0x0000014dbad00800 DEOPT UNPACKING pc=0x0000014da216a1af sp=0x00000006d07f7a88 mode 2
Event: 204.999 Thread 0x0000014dbad00800 Uncommon trap: trap_request=0xffffff4d fr.pc=0x0000014da9c01668 relative=0x0000000000000048
Event: 204.999 Thread 0x0000014dbad00800 Uncommon trap: reason=unstable_if action=reinterpret pc=0x0000014da9c01668 method=java.net.URI.match(CJJ)Z @ 19 c2
Event: 204.999 Thread 0x0000014dbad00800 DEOPT PACKING pc=0x0000014da9c01668 sp=0x00000006d07f9a10
Event: 204.999 Thread 0x0000014dbad00800 DEOPT UNPACKING pc=0x0000014da216a1af sp=0x00000006d07f99c0 mode 2

Classes redefined (0 events):
No events

Internal exceptions (20 events):
Event: 203.336 Thread 0x0000014dbad00800 Exception <a 'java/lang/ClassNotFoundException'{0x00000000850d55a8}: org/gradle/groovy/scripts/BasicScriptBeanInfo> (0x00000000850d55a8) thrown at [./src/hotspot/share/classfile/systemDictionary.cpp, line 230]
Event: 203.336 Thread 0x0000014dbad00800 Exception <a 'java/lang/ClassNotFoundException'{0x00000000850eab28}: org/gradle/groovy/scripts/ScriptBeanInfo> (0x00000000850eab28) thrown at [./src/hotspot/share/classfile/systemDictionary.cpp, line 230]
Event: 203.337 Thread 0x0000014dbad00800 Exception <a 'java/lang/ClassNotFoundException'{0x0000000084f0c000}: groovy/lang/ScriptBeanInfo> (0x0000000084f0c000) thrown at [./src/hotspot/share/classfile/systemDictionary.cpp, line 230]
Event: 203.338 Thread 0x0000014dbad00800 Exception <a 'java/lang/ClassNotFoundException'{0x0000000084f2d898}: groovy/lang/ScriptCustomizer> (0x0000000084f2d898) thrown at [./src/hotspot/share/classfile/systemDictionary.cpp, line 230]
Event: 203.342 Thread 0x0000014dbad00800 Exception <a 'java/lang/ClassNotFoundException'{0x0000000084f4af40}: org/gradle/groovy/scripts/ScriptCustomizer> (0x0000000084f4af40) thrown at [./src/hotspot/share/classfile/systemDictionary.cpp, line 230]
Event: 203.346 Thread 0x0000014dbad00800 Exception <a 'java/lang/ClassNotFoundException'{0x0000000084f682b8}: org/gradle/groovy/scripts/BasicScriptCustomizer> (0x0000000084f682b8) thrown at [./src/hotspot/share/classfile/systemDictionary.cpp, line 230]
Event: 203.578 Thread 0x0000014dbad00800 Exception <a 'java/lang/ClassNotFoundException'{0x0000000084f8b3e8}: org/gradle/groovy/scripts/DefaultScriptCustomizer> (0x0000000084f8b3e8) thrown at [./src/hotspot/share/classfile/systemDictionary.cpp, line 230]
Event: 203.586 Thread 0x0000014dbad00800 Exception <a 'java/lang/ClassNotFoundException'{0x0000000084fbe580}: org/gradle/plugin/use/internal/PluginsAwareScriptCustomizer> (0x0000000084fbe580) thrown at [./src/hotspot/share/classfile/systemDictionary.cpp, line 230]
Event: 203.587 Thread 0x0000014dbad00800 Exception <a 'java/lang/ClassNotFoundException'{0x0000000084fdd788}: org/gradle/initialization/SettingsScriptCustomizer> (0x0000000084fdd788) thrown at [./src/hotspot/share/classfile/systemDictionary.cpp, line 230]
Event: 203.589 Thread 0x0000014dbad00800 Exception <a 'java/lang/ClassNotFoundException'{0x0000000084ff1720}: settings_ep3t8fnrva01br6jaa2eude1uCustomizer> (0x0000000084ff1720) thrown at [./src/hotspot/share/classfile/systemDictionary.cpp, line 230]
Event: 203.729 Thread 0x0000014dbad00800 Exception <a 'java/lang/ClassNotFoundException'{0x0000000084d3c760}: org/gradle/initialization/DefaultSettings_DecoratedBeanInfo> (0x0000000084d3c760) thrown at [./src/hotspot/share/classfile/systemDictionary.cpp, line 230]
Event: 203.735 Thread 0x0000014dbad00800 Exception <a 'java/lang/ClassNotFoundException'{0x0000000084d61510}: org/gradle/initialization/DefaultSettingsBeanInfo> (0x0000000084d61510) thrown at [./src/hotspot/share/classfile/systemDictionary.cpp, line 230]
Event: 203.736 Thread 0x0000014dbad00800 Exception <a 'java/lang/ClassNotFoundException'{0x0000000084d8a9c8}: org/gradle/api/internal/project/AbstractPluginAwareBeanInfo> (0x0000000084d8a9c8) thrown at [./src/hotspot/share/classfile/systemDictionary.cpp, line 230]
Event: 203.737 Thread 0x0000014dbad00800 Exception <a 'java/lang/ClassNotFoundException'{0x0000000084db3b50}: org/gradle/api/internal/project/AbstractPluginAwareCustomizer> (0x0000000084db3b50) thrown at [./src/hotspot/share/classfile/systemDictionary.cpp, line 230]
Event: 203.743 Thread 0x0000014dbad00800 Exception <a 'java/lang/ClassNotFoundException'{0x0000000084de0220}: org/gradle/initialization/DefaultSettingsCustomizer> (0x0000000084de0220) thrown at [./src/hotspot/share/classfile/systemDictionary.cpp, line 230]
Event: 203.751 Thread 0x0000014dbad00800 Exception <a 'java/lang/ClassNotFoundException'{0x0000000084c3b300}: org/gradle/initialization/DefaultSettings_DecoratedCustomizer> (0x0000000084c3b300) thrown at [./src/hotspot/share/classfile/systemDictionary.cpp, line 230]
Event: 203.867 Thread 0x0000014dbad00800 Exception <a 'java/lang/ClassNotFoundException'{0x0000000084cfab48}: org/gradle/initialization/DefaultProjectDescriptorBeanInfo> (0x0000000084cfab48) thrown at [./src/hotspot/share/classfile/systemDictionary.cpp, line 230]
Event: 203.868 Thread 0x0000014dbad00800 Exception <a 'java/lang/ClassNotFoundException'{0x0000000084b227a0}: org/gradle/initialization/DefaultProjectDescriptorCustomizer> (0x0000000084b227a0) thrown at [./src/hotspot/share/classfile/systemDictionary.cpp, line 230]
Event: 204.794 Thread 0x0000014dbad00800 Exception <a 'java/lang/ClassNotFoundException'{0x0000000084813940}: org/gradle/api/internal/plugins/DefaultObjectConfigurationActionBeanInfo> (0x0000000084813940) thrown at [./src/hotspot/share/classfile/systemDictionary.cpp, line 230]
Event: 204.796 Thread 0x0000014dbad00800 Exception <a 'java/lang/ClassNotFoundException'{0x000000008483e6d8}: org/gradle/api/internal/plugins/DefaultObjectConfigurationActionCustomizer> (0x000000008483e6d8) thrown at [./src/hotspot/share/classfile/systemDictionary.cpp, line 230]

Events (20 events):
Event: 205.248 loading class org/gradle/internal/resource/transfer/CacheAwareExternalResourceAccessor$ResourceFileStore done
Event: 205.248 loading class org/gradle/internal/resource/transfer/CachingTextUriResourceLoader
Event: 205.248 loading class org/gradle/internal/resource/transfer/CachingTextUriResourceLoader done
Event: 205.250 loading class sun/nio/cs/ThreadLocalCoders
Event: 205.250 loading class sun/nio/cs/ThreadLocalCoders done
Event: 205.250 loading class sun/nio/cs/ThreadLocalCoders$1
Event: 205.251 loading class sun/nio/cs/ThreadLocalCoders$Cache
Event: 205.251 loading class sun/nio/cs/ThreadLocalCoders$Cache done
Event: 205.251 loading class sun/nio/cs/ThreadLocalCoders$1 done
Event: 205.251 loading class sun/nio/cs/ThreadLocalCoders$2
Event: 205.251 loading class sun/nio/cs/ThreadLocalCoders$2 done
Event: 206.501 loading class org/gradle/internal/snapshot/VfsRelativePath
Event: 206.501 loading class org/gradle/internal/snapshot/VfsRelativePath done
Event: 206.501 loading class org/gradle/internal/snapshot/ChildMap$Entry
Event: 206.501 loading class org/gradle/internal/snapshot/ChildMap$Entry done
Event: 206.501 loading class org/gradle/internal/snapshot/VfsRelativePath
Event: 206.501 loading class org/gradle/internal/snapshot/VfsRelativePath done
Event: 206.502 loading class org/gradle/internal/snapshot/SearchUtil
Event: 206.502 loading class org/gradle/internal/snapshot/SearchUtil done
Event: 206.504 Thread 0x0000014dbb492000 Thread added: 0x0000014dbb492000


Dynamic libraries:
0x00007ff63ec50000 - 0x00007ff63ec5d000 	C:\Program Files\Microsoft\jdk-11.0.18.10-hotspot\bin\java.exe
0x00007ffcb5670000 - 0x00007ffcb5868000 	C:\Windows\SYSTEM32\ntdll.dll
0x00007ffcb3c80000 - 0x00007ffcb3d3f000 	C:\Windows\System32\KERNEL32.DLL
0x00007ffcb2e80000 - 0x00007ffcb3176000 	C:\Windows\System32\KERNELBASE.dll
0x00007ffcb3530000 - 0x00007ffcb3630000 	C:\Windows\System32\ucrtbase.dll
0x00007ffc8a080000 - 0x00007ffc8a097000 	C:\Program Files\Microsoft\jdk-11.0.18.10-hotspot\bin\jli.dll
0x00007ffcb5490000 - 0x00007ffcb562d000 	C:\Windows\System32\USER32.dll
0x00007ffcb3450000 - 0x00007ffcb3472000 	C:\Windows\System32\win32u.dll
0x00007ffcb4ab0000 - 0x00007ffcb4adc000 	C:\Windows\System32\GDI32.dll
0x00007ffcb3180000 - 0x00007ffcb3295000 	C:\Windows\System32\gdi32full.dll
0x00007ffcb2d50000 - 0x00007ffcb2ded000 	C:\Windows\System32\msvcp_win.dll
0x00007ffc806e0000 - 0x00007ffc806f5000 	C:\Program Files\Microsoft\jdk-11.0.18.10-hotspot\bin\VCRUNTIME140.dll
0x00007ffc98cc0000 - 0x00007ffc98f5a000 	C:\Windows\WinSxS\amd64_microsoft.windows.common-controls_6595b64144ccf1df_6.0.19041.1110_none_60b5254171f9507e\COMCTL32.dll
0x00007ffcb3780000 - 0x00007ffcb381e000 	C:\Windows\System32\msvcrt.dll
0x00007ffcb3f10000 - 0x00007ffcb3f40000 	C:\Windows\System32\IMM32.DLL
0x00007ffc78960000 - 0x00007ffc789fb000 	C:\Program Files\Microsoft\jdk-11.0.18.10-hotspot\bin\msvcp140.dll
0x00007ffc48110000 - 0x00007ffc48ca2000 	C:\Program Files\Microsoft\jdk-11.0.18.10-hotspot\bin\server\jvm.dll
0x00007ffcb36d0000 - 0x00007ffcb377f000 	C:\Windows\System32\ADVAPI32.dll
0x00007ffcb39a0000 - 0x00007ffcb3a3c000 	C:\Windows\System32\sechost.dll
0x00007ffcb3d40000 - 0x00007ffcb3e66000 	C:\Windows\System32\RPCRT4.dll
0x00007ffcb3c70000 - 0x00007ffcb3c78000 	C:\Windows\System32\PSAPI.DLL
0x00007ffcafc80000 - 0x00007ffcafc89000 	C:\Windows\SYSTEM32\WSOCK32.dll
0x00007ffcb4700000 - 0x00007ffcb476b000 	C:\Windows\System32\WS2_32.dll
0x00007ffca8690000 - 0x00007ffca86b7000 	C:\Windows\SYSTEM32\WINMM.dll
0x00007ffca8ab0000 - 0x00007ffca8aba000 	C:\Windows\SYSTEM32\VERSION.dll
0x00007ffcb1590000 - 0x00007ffcb15a2000 	C:\Windows\SYSTEM32\kernel.appcore.dll
0x00007ffc98f90000 - 0x00007ffc98fa0000 	C:\Program Files\Microsoft\jdk-11.0.18.10-hotspot\bin\verify.dll
0x00007ffcafd90000 - 0x00007ffcaff74000 	C:\Windows\SYSTEM32\DBGHELP.DLL
0x00007ffc99b10000 - 0x00007ffc99b44000 	C:\Windows\SYSTEM32\dbgcore.DLL
0x00007ffcb2df0000 - 0x00007ffcb2e72000 	C:\Windows\System32\bcryptPrimitives.dll
0x00007ffc806b0000 - 0x00007ffc806d8000 	C:\Program Files\Microsoft\jdk-11.0.18.10-hotspot\bin\java.dll
0x00007ffc95220000 - 0x00007ffc9522a000 	C:\Program Files\Microsoft\jdk-11.0.18.10-hotspot\bin\jimage.dll
0x00007ffc80640000 - 0x00007ffc80658000 	C:\Program Files\Microsoft\jdk-11.0.18.10-hotspot\bin\zip.dll
0x00007ffcb3f40000 - 0x00007ffcb4684000 	C:\Windows\System32\SHELL32.dll
0x00007ffcb0d90000 - 0x00007ffcb1524000 	C:\Windows\SYSTEM32\windows.storage.dll
0x00007ffcb4ae0000 - 0x00007ffcb4e34000 	C:\Windows\System32\combase.dll
0x00007ffcb26c0000 - 0x00007ffcb26ee000 	C:\Windows\SYSTEM32\Wldp.dll
0x00007ffcb53e0000 - 0x00007ffcb548d000 	C:\Windows\System32\SHCORE.dll
0x00007ffcb3bb0000 - 0x00007ffcb3c05000 	C:\Windows\System32\shlwapi.dll
0x00007ffcb2c80000 - 0x00007ffcb2ca5000 	C:\Windows\SYSTEM32\profapi.dll
0x00007ffc805e0000 - 0x00007ffc805f9000 	C:\Program Files\Microsoft\jdk-11.0.18.10-hotspot\bin\net.dll
0x00007ffca1400000 - 0x00007ffca150a000 	C:\Windows\SYSTEM32\WINHTTP.dll
0x00007ffcb2420000 - 0x00007ffcb248a000 	C:\Windows\system32\mswsock.dll
0x00007ffc802f0000 - 0x00007ffc80303000 	C:\Program Files\Microsoft\jdk-11.0.18.10-hotspot\bin\nio.dll
0x00007ffcb0640000 - 0x00007ffcb0667000 	C:\Users\MS\.gradle\native\68d5fa5c4cc2d200863cafc0d521ce42e7d3e7ee720ec0a83991735586a16f82\windows-amd64\native-platform.dll
0x00007ffc8ee90000 - 0x00007ffc8efd4000 	C:\Users\MS\.gradle\native\e376f236ea51e6404a007f0833ffe2c6e607c4080706a723a18a27aeea778392\windows-amd64\native-platform-file-events.dll
0x00007ffc8c0b0000 - 0x00007ffc8c0b9000 	C:\Program Files\Microsoft\jdk-11.0.18.10-hotspot\bin\management.dll
0x00007ffc89db0000 - 0x00007ffc89dbb000 	C:\Program Files\Microsoft\jdk-11.0.18.10-hotspot\bin\management_ext.dll
0x00007ffcb2610000 - 0x00007ffcb2628000 	C:\Windows\SYSTEM32\CRYPTSP.dll
0x00007ffcb1d40000 - 0x00007ffcb1d74000 	C:\Windows\system32\rsaenh.dll
0x00007ffcb3630000 - 0x00007ffcb3657000 	C:\Windows\System32\bcrypt.dll
0x00007ffcb2c00000 - 0x00007ffcb2c2e000 	C:\Windows\SYSTEM32\USERENV.dll
0x00007ffcb2630000 - 0x00007ffcb263c000 	C:\Windows\SYSTEM32\CRYPTBASE.dll
0x00007ffcb2110000 - 0x00007ffcb214c000 	C:\Windows\SYSTEM32\IPHLPAPI.DLL
0x00007ffcb4770000 - 0x00007ffcb4778000 	C:\Windows\System32\NSI.dll
0x00007ffca1640000 - 0x00007ffca1657000 	C:\Windows\SYSTEM32\dhcpcsvc6.DLL
0x00007ffca4590000 - 0x00007ffca45ad000 	C:\Windows\SYSTEM32\dhcpcsvc.DLL
0x00007ffcb2150000 - 0x00007ffcb221a000 	C:\Windows\SYSTEM32\DNSAPI.dll

dbghelp: loaded successfully - version: 4.0.5 - missing functions: none
symbol engine: initialized successfully - sym options: 0x614 - pdb path: .;C:\Program Files\Microsoft\jdk-11.0.18.10-hotspot\bin;C:\Windows\SYSTEM32;C:\Windows\WinSxS\amd64_microsoft.windows.common-controls_6595b64144ccf1df_6.0.19041.1110_none_60b5254171f9507e;C:\Program Files\Microsoft\jdk-11.0.18.10-hotspot\bin\server;C:\Users\MS\.gradle\native\68d5fa5c4cc2d200863cafc0d521ce42e7d3e7ee720ec0a83991735586a16f82\windows-amd64;C:\Users\MS\.gradle\native\e376f236ea51e6404a007f0833ffe2c6e607c4080706a723a18a27aeea778392\windows-amd64

VM Arguments:
jvm_args: -XX:MaxMetaspaceSize=512m --add-opens=java.base/java.util=ALL-UNNAMED --add-opens=java.base/java.lang=ALL-UNNAMED --add-opens=java.base/java.lang.invoke=ALL-UNNAMED --add-opens=java.prefs/java.util.prefs=ALL-UNNAMED --add-opens=java.base/java.nio.charset=ALL-UNNAMED --add-opens=java.base/java.net=ALL-UNNAMED --add-opens=java.base/java.util.concurrent.atomic=ALL-UNNAMED -Xmx2048m -Dfile.encoding=windows-1252 -Duser.country=US -Duser.language=en -Duser.variant 
java_command: org.gradle.launcher.daemon.bootstrap.GradleDaemon 8.0.1
java_class_path (initial): C:\Users\MS\.gradle\wrapper\dists\gradle-8.0.1-all\aro4hu1c3oeioove7l0i4i14o\gradle-8.0.1\lib\gradle-launcher-8.0.1.jar
Launcher Type: SUN_STANDARD

[Global flags]
     intx CICompilerCount                          = 3                                         {product} {ergonomic}
   size_t CompressedClassSpaceSize                 = 528482304                                 {product} {ergonomic}
     uint ConcGCThreads                            = 1                                         {product} {ergonomic}
     uint G1ConcRefinementThreads                  = 4                                         {product} {ergonomic}
   size_t G1HeapRegionSize                         = 1048576                                   {product} {ergonomic}
    uintx GCDrainStackTargetSize                   = 64                                        {product} {ergonomic}
   size_t InitialHeapSize                          = 134217728                                 {product} {ergonomic}
   size_t MarkStackSize                            = 4194304                                   {product} {ergonomic}
   size_t MaxHeapSize                              = 2147483648                                {product} {command line}
   size_t MaxMetaspaceSize                         = 536870912                                 {product} {command line}
   size_t MaxNewSize                               = 1287651328                                {product} {ergonomic}
   size_t MinHeapDeltaBytes                        = 1048576                                   {product} {ergonomic}
    uintx NonNMethodCodeHeapSize                   = 5830732                                {pd product} {ergonomic}
    uintx NonProfiledCodeHeapSize                  = 122913754                              {pd product} {ergonomic}
    uintx ProfiledCodeHeapSize                     = 122913754                              {pd product} {ergonomic}
    uintx ReservedCodeCacheSize                    = 251658240                              {pd product} {ergonomic}
     bool SegmentedCodeCache                       = true                                      {product} {ergonomic}
     bool UseCompressedClassPointers               = true                                 {lp64_product} {ergonomic}
     bool UseCompressedOops                        = true                                 {lp64_product} {ergonomic}
     bool UseG1GC                                  = true                                      {product} {ergonomic}
     bool UseLargePagesIndividualAllocation        = false                                  {pd product} {ergonomic}

Logging:
Log output configuration:
 #0: stdout all=warning uptime,level,tags
 #1: stderr all=off uptime,level,tags

Environment Variables:
JAVA_HOME=C:\Program Files\Microsoft\jdk-11.0.18.10-hotspot\
CLASSPATH=D:\React Native\App\android\\gradle\wrapper\gradle-wrapper.jar
PATH=D:\React Native\App\node_modules\.bin;D:\React Native\App\node_modules\.bin;D:\React Native\node_modules\.bin;D:\node_modules\.bin;C:\Users\MS\AppData\Roaming\npm\node_modules\npm\node_modules\@npmcli\run-script\lib\node-gyp-bin;D:\React Native\App\node_modules\.bin;D:\React Native\node_modules\.bin;D:\node_modules\.bin;C:\Users\MS\AppData\Roaming\npm\node_modules\npm\node_modules\@npmcli\run-script\lib\node-gyp-bin;C:\Program Files\Microsoft\jdk-11.0.18.10-hotspot\bin;C:\Windows\system32;C:\Windows;C:\Windows\System32\Wbem;C:\Windows\System32\WindowsPowerShell\v1.0\;C:\Windows\System32\OpenSSH\;C:\ProgramData\chocolatey\bin;C:\Program Files\nodejs\;C:\platform-tools;C:\Users\MS\AppData\Local\Microsoft\WindowsApps;C:\Users\MS\AppData\Roaming\npm;C:\Users\MS\AppData\Local\Programs\Microsoft VS Code\bin
USERNAME=MS
OS=Windows_NT
PROCESSOR_IDENTIFIER=Intel64 Family 6 Model 78 Stepping 3, GenuineIntel
TMP=C:\Users\MS\AppData\Local\Temp
TEMP=C:\Users\MS\AppData\Local\Temp



---------------  S Y S T E M  ---------------

OS: Windows 10 , 64 bit Build 19041 (10.0.19041.3155)
OS uptime: 1 days 16:14 hours

CPU:total 4 (initial active 4) (2 cores per cpu, 2 threads per core) family 6 model 78 stepping 3 microcode 0xcc, cmov, cx8, fxsr, mmx, sse, sse2, sse3, ssse3, sse4.1, sse4.2, popcnt, avx, avx2, aes, clmul, erms, rtm, 3dnowpref, lzcnt, ht, tsc, tscinvbit, bmi1, bmi2, adx, fma

Memory: 4k page, system-wide physical 8072M (122M free)
TotalPageFile size 19592M (AvailPageFile size 6M)
current process WorkingSet (physical memory assigned to process): 186M, peak: 199M
current process commit charge ("private bytes"): 287M, peak: 292M

vm_info: OpenJDK 64-Bit Server VM (11.0.18+10-LTS) for windows-amd64 JRE (11.0.18+10-LTS), built on Jan 18 2023 15:56:47 by "MicrosoftCorporation" with MS VC++ 15.9 (VS2017)

END.
